[DEBUG] 2022-03-31 13:05:43.490 [main] IntegratorServiceImpl - Adding Integrator [org.hibernate.cfg.beanvalidation.BeanValidationIntegrator].
[DEBUG] 2022-03-31 13:05:43.492 [main] IntegratorServiceImpl - Adding Integrator [org.hibernate.secure.spi.JaccIntegrator].
[DEBUG] 2022-03-31 13:05:43.495 [main] IntegratorServiceImpl - Adding Integrator [org.hibernate.cache.internal.CollectionCacheInvalidator].
[INFO ] 2022-03-31 13:05:43.552 [main] Version - HHH000412: Hibernate Core {5.4.4.Final}
[DEBUG] 2022-03-31 13:05:43.555 [main] Environment - HHH000206: hibernate.properties not found
[DEBUG] 2022-03-31 13:05:43.707 [main] LocalXmlResourceResolver - Interpreting public/system identifier : [-//Hibernate/Hibernate Configuration DTD//EN] - [http://www.hibernate.org/dtd/hibernate-configuration-3.0.dtd]
[DEBUG] 2022-03-31 13:05:43.707 [main] LocalXmlResourceResolver - Recognized hibernate-configuration identifier; attempting to resolve on classpath under org/hibernate/
[DEBUG] 2022-03-31 13:05:43.712 [main] JaxbCfgProcessor - cfg.xml document did not define namespaces; wrapping in custom event reader to introduce namespace information
[DEBUG] 2022-03-31 13:05:43.920 [main] ServiceBinding - Overriding existing service binding [org.hibernate.secure.spi.JaccService]
[DEBUG] 2022-03-31 13:05:43.950 [main] RegionFactoryInitiator - Cannot default RegionFactory based on registered strategies as `[]` RegionFactory strategies were registered
[DEBUG] 2022-03-31 13:05:43.951 [main] RegionFactoryInitiator - Cache region factory : org.hibernate.cache.internal.NoCachingRegionFactory
[INFO ] 2022-03-31 13:05:43.968 [main] Version - HCANN000001: Hibernate Commons Annotations {5.1.0.Final}
[DEBUG] 2022-03-31 13:05:43.988 [main] BasicTypeRegistry - Adding type registration boolean -> org.hibernate.type.BooleanType@1deceb67
[DEBUG] 2022-03-31 13:05:43.988 [main] BasicTypeRegistry - Adding type registration boolean -> org.hibernate.type.BooleanType@1deceb67
[DEBUG] 2022-03-31 13:05:43.988 [main] BasicTypeRegistry - Adding type registration java.lang.Boolean -> org.hibernate.type.BooleanType@1deceb67
[DEBUG] 2022-03-31 13:05:43.989 [main] BasicTypeRegistry - Adding type registration numeric_boolean -> org.hibernate.type.NumericBooleanType@53ec2968
[DEBUG] 2022-03-31 13:05:43.989 [main] BasicTypeRegistry - Adding type registration true_false -> org.hibernate.type.TrueFalseType@6f49d153
[DEBUG] 2022-03-31 13:05:43.989 [main] BasicTypeRegistry - Adding type registration yes_no -> org.hibernate.type.YesNoType@62db3891
[DEBUG] 2022-03-31 13:05:43.990 [main] BasicTypeRegistry - Adding type registration byte -> org.hibernate.type.ByteType@4674d90
[DEBUG] 2022-03-31 13:05:43.990 [main] BasicTypeRegistry - Adding type registration byte -> org.hibernate.type.ByteType@4674d90
[DEBUG] 2022-03-31 13:05:43.990 [main] BasicTypeRegistry - Adding type registration java.lang.Byte -> org.hibernate.type.ByteType@4674d90
[DEBUG] 2022-03-31 13:05:43.990 [main] BasicTypeRegistry - Adding type registration character -> org.hibernate.type.CharacterType@30364216
[DEBUG] 2022-03-31 13:05:43.991 [main] BasicTypeRegistry - Adding type registration char -> org.hibernate.type.CharacterType@30364216
[DEBUG] 2022-03-31 13:05:43.991 [main] BasicTypeRegistry - Adding type registration java.lang.Character -> org.hibernate.type.CharacterType@30364216
[DEBUG] 2022-03-31 13:05:43.991 [main] BasicTypeRegistry - Adding type registration short -> org.hibernate.type.ShortType@1f7076bc
[DEBUG] 2022-03-31 13:05:43.991 [main] BasicTypeRegistry - Adding type registration short -> org.hibernate.type.ShortType@1f7076bc
[DEBUG] 2022-03-31 13:05:43.992 [main] BasicTypeRegistry - Adding type registration java.lang.Short -> org.hibernate.type.ShortType@1f7076bc
[DEBUG] 2022-03-31 13:05:43.992 [main] BasicTypeRegistry - Adding type registration integer -> org.hibernate.type.IntegerType@5b3a7ef5
[DEBUG] 2022-03-31 13:05:43.992 [main] BasicTypeRegistry - Adding type registration int -> org.hibernate.type.IntegerType@5b3a7ef5
[DEBUG] 2022-03-31 13:05:43.992 [main] BasicTypeRegistry - Adding type registration java.lang.Integer -> org.hibernate.type.IntegerType@5b3a7ef5
[DEBUG] 2022-03-31 13:05:43.993 [main] BasicTypeRegistry - Adding type registration long -> org.hibernate.type.LongType@5d21202d
[DEBUG] 2022-03-31 13:05:43.993 [main] BasicTypeRegistry - Adding type registration long -> org.hibernate.type.LongType@5d21202d
[DEBUG] 2022-03-31 13:05:43.993 [main] BasicTypeRegistry - Adding type registration java.lang.Long -> org.hibernate.type.LongType@5d21202d
[DEBUG] 2022-03-31 13:05:43.994 [main] BasicTypeRegistry - Adding type registration float -> org.hibernate.type.FloatType@65bdd558
[DEBUG] 2022-03-31 13:05:43.994 [main] BasicTypeRegistry - Adding type registration float -> org.hibernate.type.FloatType@65bdd558
[DEBUG] 2022-03-31 13:05:43.994 [main] BasicTypeRegistry - Adding type registration java.lang.Float -> org.hibernate.type.FloatType@65bdd558
[DEBUG] 2022-03-31 13:05:43.994 [main] BasicTypeRegistry - Adding type registration double -> org.hibernate.type.DoubleType@2af69643
[DEBUG] 2022-03-31 13:05:43.994 [main] BasicTypeRegistry - Adding type registration double -> org.hibernate.type.DoubleType@2af69643
[DEBUG] 2022-03-31 13:05:43.994 [main] BasicTypeRegistry - Adding type registration java.lang.Double -> org.hibernate.type.DoubleType@2af69643
[DEBUG] 2022-03-31 13:05:44.031 [main] BasicTypeRegistry - Adding type registration big_decimal -> org.hibernate.type.BigDecimalType@22587507
[DEBUG] 2022-03-31 13:05:44.033 [main] BasicTypeRegistry - Adding type registration java.math.BigDecimal -> org.hibernate.type.BigDecimalType@22587507
[DEBUG] 2022-03-31 13:05:44.038 [main] BasicTypeRegistry - Adding type registration big_integer -> org.hibernate.type.BigIntegerType@4760f169
[DEBUG] 2022-03-31 13:05:44.039 [main] BasicTypeRegistry - Adding type registration java.math.BigInteger -> org.hibernate.type.BigIntegerType@4760f169
[DEBUG] 2022-03-31 13:05:44.040 [main] BasicTypeRegistry - Adding type registration string -> org.hibernate.type.StringType@3d904e9c
[DEBUG] 2022-03-31 13:05:44.040 [main] BasicTypeRegistry - Adding type registration java.lang.String -> org.hibernate.type.StringType@3d904e9c
[DEBUG] 2022-03-31 13:05:44.040 [main] BasicTypeRegistry - Adding type registration nstring -> org.hibernate.type.StringNVarcharType@210308d5
[DEBUG] 2022-03-31 13:05:44.041 [main] BasicTypeRegistry - Adding type registration ncharacter -> org.hibernate.type.CharacterNCharType@4649d70a
[DEBUG] 2022-03-31 13:05:44.042 [main] BasicTypeRegistry - Adding type registration url -> org.hibernate.type.UrlType@e5cbff2
[DEBUG] 2022-03-31 13:05:44.042 [main] BasicTypeRegistry - Adding type registration java.net.URL -> org.hibernate.type.UrlType@e5cbff2
[DEBUG] 2022-03-31 13:05:44.042 [main] BasicTypeRegistry - Adding type registration Duration -> org.hibernate.type.DurationType@262816a8
[DEBUG] 2022-03-31 13:05:44.042 [main] BasicTypeRegistry - Adding type registration java.time.Duration -> org.hibernate.type.DurationType@262816a8
[DEBUG] 2022-03-31 13:05:44.055 [main] BasicTypeRegistry - Adding type registration Instant -> org.hibernate.type.InstantType@623dcf2a
[DEBUG] 2022-03-31 13:05:44.056 [main] BasicTypeRegistry - Adding type registration java.time.Instant -> org.hibernate.type.InstantType@623dcf2a
[DEBUG] 2022-03-31 13:05:44.057 [main] BasicTypeRegistry - Adding type registration LocalDateTime -> org.hibernate.type.LocalDateTimeType@5f7989fa
[DEBUG] 2022-03-31 13:05:44.057 [main] BasicTypeRegistry - Adding type registration java.time.LocalDateTime -> org.hibernate.type.LocalDateTimeType@5f7989fa
[DEBUG] 2022-03-31 13:05:44.058 [main] BasicTypeRegistry - Adding type registration LocalDate -> org.hibernate.type.LocalDateType@e57e5d6
[DEBUG] 2022-03-31 13:05:44.058 [main] BasicTypeRegistry - Adding type registration java.time.LocalDate -> org.hibernate.type.LocalDateType@e57e5d6
[DEBUG] 2022-03-31 13:05:44.058 [main] BasicTypeRegistry - Adding type registration LocalTime -> org.hibernate.type.LocalTimeType@654c7d2d
[DEBUG] 2022-03-31 13:05:44.058 [main] BasicTypeRegistry - Adding type registration java.time.LocalTime -> org.hibernate.type.LocalTimeType@654c7d2d
[DEBUG] 2022-03-31 13:05:44.059 [main] BasicTypeRegistry - Adding type registration OffsetDateTime -> org.hibernate.type.OffsetDateTimeType@277b8fa4
[DEBUG] 2022-03-31 13:05:44.059 [main] BasicTypeRegistry - Adding type registration java.time.OffsetDateTime -> org.hibernate.type.OffsetDateTimeType@277b8fa4
[DEBUG] 2022-03-31 13:05:44.060 [main] BasicTypeRegistry - Adding type registration OffsetTime -> org.hibernate.type.OffsetTimeType@4b200971
[DEBUG] 2022-03-31 13:05:44.060 [main] BasicTypeRegistry - Adding type registration java.time.OffsetTime -> org.hibernate.type.OffsetTimeType@4b200971
[DEBUG] 2022-03-31 13:05:44.062 [main] BasicTypeRegistry - Adding type registration ZonedDateTime -> org.hibernate.type.ZonedDateTimeType@3c3a0032
[DEBUG] 2022-03-31 13:05:44.062 [main] BasicTypeRegistry - Adding type registration java.time.ZonedDateTime -> org.hibernate.type.ZonedDateTimeType@3c3a0032
[DEBUG] 2022-03-31 13:05:44.062 [main] BasicTypeRegistry - Adding type registration date -> org.hibernate.type.DateType@59072e9d
[DEBUG] 2022-03-31 13:05:44.062 [main] BasicTypeRegistry - Adding type registration java.sql.Date -> org.hibernate.type.DateType@59072e9d
[DEBUG] 2022-03-31 13:05:44.063 [main] BasicTypeRegistry - Adding type registration time -> org.hibernate.type.TimeType@30b131b2
[DEBUG] 2022-03-31 13:05:44.063 [main] BasicTypeRegistry - Adding type registration java.sql.Time -> org.hibernate.type.TimeType@30b131b2
[DEBUG] 2022-03-31 13:05:44.065 [main] BasicTypeRegistry - Adding type registration timestamp -> org.hibernate.type.TimestampType@7baf1f5a
[DEBUG] 2022-03-31 13:05:44.065 [main] BasicTypeRegistry - Adding type registration java.sql.Timestamp -> org.hibernate.type.TimestampType@7baf1f5a
[DEBUG] 2022-03-31 13:05:44.065 [main] BasicTypeRegistry - Adding type registration java.util.Date -> org.hibernate.type.TimestampType@7baf1f5a
[DEBUG] 2022-03-31 13:05:44.068 [main] BasicTypeRegistry - Adding type registration dbtimestamp -> org.hibernate.type.DbTimestampType@7fe82967
[DEBUG] 2022-03-31 13:05:44.068 [main] BasicTypeRegistry - Adding type registration calendar -> org.hibernate.type.CalendarType@c3edf4c
[DEBUG] 2022-03-31 13:05:44.068 [main] BasicTypeRegistry - Adding type registration java.util.Calendar -> org.hibernate.type.CalendarType@c3edf4c
[DEBUG] 2022-03-31 13:05:44.069 [main] BasicTypeRegistry - Adding type registration java.util.GregorianCalendar -> org.hibernate.type.CalendarType@c3edf4c
[DEBUG] 2022-03-31 13:05:44.069 [main] BasicTypeRegistry - Adding type registration calendar_date -> org.hibernate.type.CalendarDateType@4b65d9f4
[DEBUG] 2022-03-31 13:05:44.070 [main] BasicTypeRegistry - Adding type registration locale -> org.hibernate.type.LocaleType@36681447
[DEBUG] 2022-03-31 13:05:44.070 [main] BasicTypeRegistry - Adding type registration java.util.Locale -> org.hibernate.type.LocaleType@36681447
[DEBUG] 2022-03-31 13:05:44.070 [main] BasicTypeRegistry - Adding type registration currency -> org.hibernate.type.CurrencyType@121bb45b
[DEBUG] 2022-03-31 13:05:44.071 [main] BasicTypeRegistry - Adding type registration java.util.Currency -> org.hibernate.type.CurrencyType@121bb45b
[DEBUG] 2022-03-31 13:05:44.071 [main] BasicTypeRegistry - Adding type registration timezone -> org.hibernate.type.TimeZoneType@40e37b06
[DEBUG] 2022-03-31 13:05:44.071 [main] BasicTypeRegistry - Adding type registration java.util.TimeZone -> org.hibernate.type.TimeZoneType@40e37b06
[DEBUG] 2022-03-31 13:05:44.072 [main] BasicTypeRegistry - Adding type registration class -> org.hibernate.type.ClassType@328d044f
[DEBUG] 2022-03-31 13:05:44.072 [main] BasicTypeRegistry - Adding type registration java.lang.Class -> org.hibernate.type.ClassType@328d044f
[DEBUG] 2022-03-31 13:05:44.073 [main] BasicTypeRegistry - Adding type registration uuid-binary -> org.hibernate.type.UUIDBinaryType@59cda16e
[DEBUG] 2022-03-31 13:05:44.073 [main] BasicTypeRegistry - Adding type registration java.util.UUID -> org.hibernate.type.UUIDBinaryType@59cda16e
[DEBUG] 2022-03-31 13:05:44.073 [main] BasicTypeRegistry - Adding type registration uuid-char -> org.hibernate.type.UUIDCharType@7e642b88
[DEBUG] 2022-03-31 13:05:44.074 [main] BasicTypeRegistry - Adding type registration binary -> org.hibernate.type.BinaryType@74174a23
[DEBUG] 2022-03-31 13:05:44.074 [main] BasicTypeRegistry - Adding type registration byte[] -> org.hibernate.type.BinaryType@74174a23
[DEBUG] 2022-03-31 13:05:44.074 [main] BasicTypeRegistry - Adding type registration [B -> org.hibernate.type.BinaryType@74174a23
[DEBUG] 2022-03-31 13:05:44.075 [main] BasicTypeRegistry - Adding type registration wrapper-binary -> org.hibernate.type.WrapperBinaryType@4613311f
[DEBUG] 2022-03-31 13:05:44.075 [main] BasicTypeRegistry - Adding type registration Byte[] -> org.hibernate.type.WrapperBinaryType@4613311f
[DEBUG] 2022-03-31 13:05:44.075 [main] BasicTypeRegistry - Adding type registration [Ljava.lang.Byte; -> org.hibernate.type.WrapperBinaryType@4613311f
[DEBUG] 2022-03-31 13:05:44.076 [main] BasicTypeRegistry - Adding type registration row_version -> org.hibernate.type.RowVersionType@7724704f
[DEBUG] 2022-03-31 13:05:44.076 [main] BasicTypeRegistry - Adding type registration image -> org.hibernate.type.ImageType@3cd9aa64
[DEBUG] 2022-03-31 13:05:44.076 [main] BasicTypeRegistry - Adding type registration characters -> org.hibernate.type.CharArrayType@27d33393
[DEBUG] 2022-03-31 13:05:44.076 [main] BasicTypeRegistry - Adding type registration char[] -> org.hibernate.type.CharArrayType@27d33393
[DEBUG] 2022-03-31 13:05:44.076 [main] BasicTypeRegistry - Adding type registration [C -> org.hibernate.type.CharArrayType@27d33393
[DEBUG] 2022-03-31 13:05:44.077 [main] BasicTypeRegistry - Adding type registration wrapper-characters -> org.hibernate.type.CharacterArrayType@1305c126
[DEBUG] 2022-03-31 13:05:44.077 [main] BasicTypeRegistry - Adding type registration [Ljava.lang.Character; -> org.hibernate.type.CharacterArrayType@1305c126
[DEBUG] 2022-03-31 13:05:44.077 [main] BasicTypeRegistry - Adding type registration Character[] -> org.hibernate.type.CharacterArrayType@1305c126
[DEBUG] 2022-03-31 13:05:44.078 [main] BasicTypeRegistry - Adding type registration text -> org.hibernate.type.TextType@4b97c4ad
[DEBUG] 2022-03-31 13:05:44.078 [main] BasicTypeRegistry - Adding type registration ntext -> org.hibernate.type.NTextType@5634d0f4
[DEBUG] 2022-03-31 13:05:44.079 [main] BasicTypeRegistry - Adding type registration blob -> org.hibernate.type.BlobType@709ed6f3
[DEBUG] 2022-03-31 13:05:44.079 [main] BasicTypeRegistry - Adding type registration java.sql.Blob -> org.hibernate.type.BlobType@709ed6f3
[DEBUG] 2022-03-31 13:05:44.080 [main] BasicTypeRegistry - Adding type registration materialized_blob -> org.hibernate.type.MaterializedBlobType@1fb2d5e
[DEBUG] 2022-03-31 13:05:44.080 [main] BasicTypeRegistry - Adding type registration clob -> org.hibernate.type.ClobType@56dfab87
[DEBUG] 2022-03-31 13:05:44.080 [main] BasicTypeRegistry - Adding type registration java.sql.Clob -> org.hibernate.type.ClobType@56dfab87
[DEBUG] 2022-03-31 13:05:44.081 [main] BasicTypeRegistry - Adding type registration nclob -> org.hibernate.type.NClobType@176996c3
[DEBUG] 2022-03-31 13:05:44.083 [main] BasicTypeRegistry - Adding type registration java.sql.NClob -> org.hibernate.type.NClobType@176996c3
[DEBUG] 2022-03-31 13:05:44.084 [main] BasicTypeRegistry - Adding type registration materialized_clob -> org.hibernate.type.MaterializedClobType@2f897dab
[DEBUG] 2022-03-31 13:05:44.084 [main] BasicTypeRegistry - Adding type registration materialized_nclob -> org.hibernate.type.MaterializedNClobType@5d2828c9
[DEBUG] 2022-03-31 13:05:44.086 [main] BasicTypeRegistry - Adding type registration serializable -> org.hibernate.type.SerializableType@6c0e13b7
[DEBUG] 2022-03-31 13:05:44.087 [main] BasicTypeRegistry - Adding type registration object -> org.hibernate.type.ObjectType@c755b2
[DEBUG] 2022-03-31 13:05:44.087 [main] BasicTypeRegistry - Adding type registration java.lang.Object -> org.hibernate.type.ObjectType@c755b2
[DEBUG] 2022-03-31 13:05:44.088 [main] BasicTypeRegistry - Adding type registration imm_date -> org.hibernate.type.AdaptedImmutableType@4f89331f
[DEBUG] 2022-03-31 13:05:44.088 [main] BasicTypeRegistry - Adding type registration imm_time -> org.hibernate.type.AdaptedImmutableType@618ff5c2
[DEBUG] 2022-03-31 13:05:44.088 [main] BasicTypeRegistry - Adding type registration imm_timestamp -> org.hibernate.type.AdaptedImmutableType@16727bf0
[DEBUG] 2022-03-31 13:05:44.088 [main] BasicTypeRegistry - Adding type registration imm_dbtimestamp -> org.hibernate.type.AdaptedImmutableType@2f84acf7
[DEBUG] 2022-03-31 13:05:44.088 [main] BasicTypeRegistry - Adding type registration imm_calendar -> org.hibernate.type.AdaptedImmutableType@291373d3
[DEBUG] 2022-03-31 13:05:44.088 [main] BasicTypeRegistry - Adding type registration imm_calendar_date -> org.hibernate.type.AdaptedImmutableType@372ca2d6
[DEBUG] 2022-03-31 13:05:44.088 [main] BasicTypeRegistry - Adding type registration imm_binary -> org.hibernate.type.AdaptedImmutableType@3204e238
[DEBUG] 2022-03-31 13:05:44.088 [main] BasicTypeRegistry - Adding type registration imm_serializable -> org.hibernate.type.AdaptedImmutableType@38ed139b
[DEBUG] 2022-03-31 13:05:44.151 [main] DefaultIdentifierGeneratorFactory - Registering IdentifierGenerator strategy [uuid2] -> [org.hibernate.id.UUIDGenerator]
[DEBUG] 2022-03-31 13:05:44.154 [main] DefaultIdentifierGeneratorFactory - Registering IdentifierGenerator strategy [guid] -> [org.hibernate.id.GUIDGenerator]
[DEBUG] 2022-03-31 13:05:44.154 [main] DefaultIdentifierGeneratorFactory - Registering IdentifierGenerator strategy [uuid] -> [org.hibernate.id.UUIDHexGenerator]
[DEBUG] 2022-03-31 13:05:44.154 [main] DefaultIdentifierGeneratorFactory - Registering IdentifierGenerator strategy [uuid.hex] -> [org.hibernate.id.UUIDHexGenerator]
[DEBUG] 2022-03-31 13:05:44.155 [main] DefaultIdentifierGeneratorFactory - Registering IdentifierGenerator strategy [assigned] -> [org.hibernate.id.Assigned]
[DEBUG] 2022-03-31 13:05:44.155 [main] DefaultIdentifierGeneratorFactory - Registering IdentifierGenerator strategy [identity] -> [org.hibernate.id.IdentityGenerator]
[DEBUG] 2022-03-31 13:05:44.155 [main] DefaultIdentifierGeneratorFactory - Registering IdentifierGenerator strategy [select] -> [org.hibernate.id.SelectGenerator]
[DEBUG] 2022-03-31 13:05:44.157 [main] DefaultIdentifierGeneratorFactory - Registering IdentifierGenerator strategy [sequence] -> [org.hibernate.id.enhanced.SequenceStyleGenerator]
[DEBUG] 2022-03-31 13:05:44.157 [main] DefaultIdentifierGeneratorFactory - Registering IdentifierGenerator strategy [seqhilo] -> [org.hibernate.id.SequenceHiLoGenerator]
[DEBUG] 2022-03-31 13:05:44.158 [main] DefaultIdentifierGeneratorFactory - Registering IdentifierGenerator strategy [increment] -> [org.hibernate.id.IncrementGenerator]
[DEBUG] 2022-03-31 13:05:44.158 [main] DefaultIdentifierGeneratorFactory - Registering IdentifierGenerator strategy [foreign] -> [org.hibernate.id.ForeignGenerator]
[DEBUG] 2022-03-31 13:05:44.158 [main] DefaultIdentifierGeneratorFactory - Registering IdentifierGenerator strategy [sequence-identity] -> [org.hibernate.id.SequenceIdentityGenerator]
[DEBUG] 2022-03-31 13:05:44.159 [main] DefaultIdentifierGeneratorFactory - Registering IdentifierGenerator strategy [enhanced-sequence] -> [org.hibernate.id.enhanced.SequenceStyleGenerator]
[DEBUG] 2022-03-31 13:05:44.159 [main] DefaultIdentifierGeneratorFactory - Registering IdentifierGenerator strategy [enhanced-table] -> [org.hibernate.id.enhanced.TableGenerator]
[INFO ] 2022-03-31 13:05:44.168 [main] C3P0ConnectionProvider - HHH010002: C3P0 using driver: com.mysql.cj.jdbc.Driver at URL: jdbc:mysql://localhost:3306/wdev?serverTimezone=UTC
[INFO ] 2022-03-31 13:05:44.169 [main] C3P0ConnectionProvider - HHH10001001: Connection properties: {password=****, user=root}
[INFO ] 2022-03-31 13:05:44.169 [main] C3P0ConnectionProvider - HHH10001003: Autocommit mode: false
[INFO ] 2022-03-31 13:05:44.343 [main] C3P0ConnectionProvider - HHH10001007: JDBC isolation level: <unknown>
[DEBUG] 2022-03-31 13:05:44.600 [main] JdbcEnvironmentInitiator - Database ->
       name : MySQL
    version : 8.0.28
      major : 8
      minor : 0
[DEBUG] 2022-03-31 13:05:44.601 [main] JdbcEnvironmentInitiator - Driver ->
       name : MySQL Connector/J
    version : mysql-connector-java-8.0.28 (Revision: 7ff2161da3899f379fb3171b6538b191b1c5c7e2)
      major : 8
      minor : 0
[DEBUG] 2022-03-31 13:05:44.601 [main] JdbcEnvironmentInitiator - JDBC version : 4.2
[INFO ] 2022-03-31 13:05:44.616 [main] Dialect - HHH000400: Using dialect: org.hibernate.dialect.MySQL8Dialect
[DEBUG] 2022-03-31 13:05:44.629 [main] IdentifierHelperBuilder - JDBC driver metadata reported database stores quoted identifiers in more than one case
[DEBUG] 2022-03-31 13:05:44.655 [main] IdentifierHelperBuilder - IdentifierCaseStrategy for both quoted and unquoted identifiers was set to the same strategy [MIXED]; that will likely lead to problems in schema update and validation if using quoted identifiers
[DEBUG] 2022-03-31 13:05:44.697 [main] Namespace - Created database namespace [logicalName=Name{catalog=null, schema=null}, physicalName=Name{catalog=null, schema=null}]
[DEBUG] 2022-03-31 13:05:44.704 [main] TypeConfiguration$Scope - Scoping TypeConfiguration [org.hibernate.type.spi.TypeConfiguration@2c9a6717] to MetadataBuildingContext [org.hibernate.boot.internal.MetadataBuildingContextRootImpl@7b3cde6f]
[DEBUG] 2022-03-31 13:05:44.751 [main] AnnotationBinder - Binding entity from annotated class: com.palmerlarson.entity.User
[DEBUG] 2022-03-31 13:05:44.765 [main] Ejb3Column - Binding column: Ejb3DiscriminatorColumn{logicalColumnName'DTYPE', discriminatorTypeName='string'}
[DEBUG] 2022-03-31 13:05:44.769 [main] EntityBinder - Import with entity name User
[DEBUG] 2022-03-31 13:05:44.772 [main] EntityBinder - Bind entity com.palmerlarson.entity.User on table user
[DEBUG] 2022-03-31 13:05:44.802 [main] Ejb3Column - Binding column: Ejb3Column{table=org.hibernate.mapping.Table(user), mappingColumn=id, insertable=true, updatable=true, unique=false}
[DEBUG] 2022-03-31 13:05:44.803 [main] PropertyBinder - MetadataSourceProcessor property id with lazy=false
[DEBUG] 2022-03-31 13:05:44.805 [main] AbstractPropertyHolder - Attempting to locate auto-apply AttributeConverter for property [com.palmerlarson.entity.User:id]
[DEBUG] 2022-03-31 13:05:44.807 [main] SimpleValueBinder - building SimpleValue for id
[DEBUG] 2022-03-31 13:05:44.809 [main] PropertyBinder - Building property id
[DEBUG] 2022-03-31 13:05:44.812 [main] BinderHelper - #makeIdGenerator(org.hibernate.mapping.SimpleValue([org.hibernate.mapping.Column(id)]), id, org.hibernate.id.enhanced.SequenceStyleGenerator, native, ...)
[DEBUG] 2022-03-31 13:05:44.816 [main] Ejb3Column - Binding column: Ejb3Column{table=org.hibernate.mapping.Table(user), mappingColumn=first_name, insertable=true, updatable=true, unique=false}
[DEBUG] 2022-03-31 13:05:44.816 [main] PropertyBinder - MetadataSourceProcessor property first_name with lazy=false
[DEBUG] 2022-03-31 13:05:44.816 [main] AbstractPropertyHolder - Attempting to locate auto-apply AttributeConverter for property [com.palmerlarson.entity.User:first_name]
[DEBUG] 2022-03-31 13:05:44.817 [main] SimpleValueBinder - building SimpleValue for first_name
[DEBUG] 2022-03-31 13:05:44.817 [main] PropertyBinder - Building property first_name
[DEBUG] 2022-03-31 13:05:44.817 [main] Ejb3Column - Binding column: Ejb3Column{table=org.hibernate.mapping.Table(user), mappingColumn=gross_income, insertable=true, updatable=true, unique=false}
[DEBUG] 2022-03-31 13:05:44.817 [main] PropertyBinder - MetadataSourceProcessor property gross_income with lazy=false
[DEBUG] 2022-03-31 13:05:44.817 [main] AbstractPropertyHolder - Attempting to locate auto-apply AttributeConverter for property [com.palmerlarson.entity.User:gross_income]
[DEBUG] 2022-03-31 13:05:44.817 [main] SimpleValueBinder - building SimpleValue for gross_income
[DEBUG] 2022-03-31 13:05:44.817 [main] PropertyBinder - Building property gross_income
[DEBUG] 2022-03-31 13:05:44.817 [main] Ejb3Column - Binding column: Ejb3Column{table=org.hibernate.mapping.Table(user), mappingColumn=last_name, insertable=true, updatable=true, unique=false}
[DEBUG] 2022-03-31 13:05:44.818 [main] PropertyBinder - MetadataSourceProcessor property last_name with lazy=false
[DEBUG] 2022-03-31 13:05:44.818 [main] AbstractPropertyHolder - Attempting to locate auto-apply AttributeConverter for property [com.palmerlarson.entity.User:last_name]
[DEBUG] 2022-03-31 13:05:44.818 [main] SimpleValueBinder - building SimpleValue for last_name
[DEBUG] 2022-03-31 13:05:44.818 [main] PropertyBinder - Building property last_name
[DEBUG] 2022-03-31 13:05:44.818 [main] Ejb3Column - Binding column: Ejb3Column{table=org.hibernate.mapping.Table(user), mappingColumn=user_email, insertable=true, updatable=true, unique=false}
[DEBUG] 2022-03-31 13:05:44.818 [main] PropertyBinder - MetadataSourceProcessor property user_email with lazy=false
[DEBUG] 2022-03-31 13:05:44.818 [main] AbstractPropertyHolder - Attempting to locate auto-apply AttributeConverter for property [com.palmerlarson.entity.User:user_email]
[DEBUG] 2022-03-31 13:05:44.818 [main] SimpleValueBinder - building SimpleValue for user_email
[DEBUG] 2022-03-31 13:05:44.819 [main] PropertyBinder - Building property user_email
[DEBUG] 2022-03-31 13:05:44.824 [main] SimpleValueBinder - Starting fillSimpleValue for id
[DEBUG] 2022-03-31 13:05:44.824 [main] SimpleValueBinder - Starting fillSimpleValue for first_name
[DEBUG] 2022-03-31 13:05:44.824 [main] SimpleValueBinder - Starting fillSimpleValue for gross_income
[DEBUG] 2022-03-31 13:05:44.824 [main] SimpleValueBinder - Starting fillSimpleValue for last_name
[DEBUG] 2022-03-31 13:05:44.824 [main] SimpleValueBinder - Starting fillSimpleValue for user_email
[DEBUG] 2022-03-31 13:05:44.825 [main] PrimaryKey - Forcing column [id] to be non-null as it is part of the primary key for table [user]
[DEBUG] 2022-03-31 13:05:44.847 [main] SessionFactoryImpl - Building session factory
[DEBUG] 2022-03-31 13:05:44.847 [main] Settings - SessionFactory name : null
[DEBUG] 2022-03-31 13:05:44.848 [main] Settings - Automatic flush during beforeCompletion(): enabled
[DEBUG] 2022-03-31 13:05:44.848 [main] Settings - Automatic session close at end of transaction: disabled
[DEBUG] 2022-03-31 13:05:44.848 [main] Settings - Statistics: disabled
[DEBUG] 2022-03-31 13:05:44.848 [main] Settings - Deleted entity synthetic identifier rollback: disabled
[DEBUG] 2022-03-31 13:05:44.848 [main] Settings - Default entity-mode: pojo
[DEBUG] 2022-03-31 13:05:44.848 [main] Settings - Check Nullability in Core (should be disabled when Bean Validation is on): enabled
[DEBUG] 2022-03-31 13:05:44.848 [main] Settings - Allow initialization of lazy state outside session : disabled
[DEBUG] 2022-03-31 13:05:44.848 [main] Settings - Using BatchFetchStyle : LEGACY
[DEBUG] 2022-03-31 13:05:44.848 [main] Settings - Default batch fetch size: -1
[DEBUG] 2022-03-31 13:05:44.849 [main] Settings - Maximum outer join fetch depth: 2
[DEBUG] 2022-03-31 13:05:44.849 [main] Settings - Default null ordering: NONE
[DEBUG] 2022-03-31 13:05:44.849 [main] Settings - Order SQL updates by primary key: disabled
[DEBUG] 2022-03-31 13:05:44.849 [main] Settings - Order SQL inserts for batching: disabled
[DEBUG] 2022-03-31 13:05:44.849 [main] Settings - multi-tenancy strategy : NONE
[DEBUG] 2022-03-31 13:05:44.849 [main] Settings - JTA Track by Thread: enabled
[DEBUG] 2022-03-31 13:05:44.849 [main] Settings - Query language substitutions: {}
[DEBUG] 2022-03-31 13:05:44.849 [main] Settings - Named query checking : enabled
[DEBUG] 2022-03-31 13:05:44.849 [main] Settings - Second-level cache: disabled
[DEBUG] 2022-03-31 13:05:44.849 [main] Settings - Second-level query cache: disabled
[DEBUG] 2022-03-31 13:05:44.850 [main] Settings - Second-level query cache factory: null
[DEBUG] 2022-03-31 13:05:44.852 [main] Settings - Second-level cache region prefix: null
[DEBUG] 2022-03-31 13:05:44.853 [main] Settings - Optimize second-level cache for minimal puts: disabled
[DEBUG] 2022-03-31 13:05:44.853 [main] Settings - Structured second-level cache entries: disabled
[DEBUG] 2022-03-31 13:05:44.853 [main] Settings - Second-level cache direct-reference entries: disabled
[DEBUG] 2022-03-31 13:05:44.853 [main] Settings - Automatic eviction of collection cache: disabled
[DEBUG] 2022-03-31 13:05:44.853 [main] Settings - JDBC batch size: 15
[DEBUG] 2022-03-31 13:05:44.853 [main] Settings - JDBC batch updates for versioned data: enabled
[DEBUG] 2022-03-31 13:05:44.853 [main] Settings - Scrollable result sets: enabled
[DEBUG] 2022-03-31 13:05:44.853 [main] Settings - Wrap result sets: disabled
[DEBUG] 2022-03-31 13:05:44.853 [main] Settings - JDBC3 getGeneratedKeys(): enabled
[DEBUG] 2022-03-31 13:05:44.853 [main] Settings - JDBC result set fetch size: null
[DEBUG] 2022-03-31 13:05:44.853 [main] Settings - Connection release mode: AFTER_TRANSACTION
[DEBUG] 2022-03-31 13:05:44.853 [main] Settings - Generate SQL with comments: disabled
[DEBUG] 2022-03-31 13:05:44.853 [main] Settings - JPA compliance - query : 
[DEBUG] 2022-03-31 13:05:44.853 [main] Settings - JPA compliance - closed-handling : 
[DEBUG] 2022-03-31 13:05:44.853 [main] Settings - JPA compliance - lists : 
[DEBUG] 2022-03-31 13:05:44.853 [main] Settings - JPA compliance - transactions : 
[INFO ] 2022-03-31 13:05:44.884 [main] beans - HHH10005002: No explicit CDI BeanManager reference was passed to Hibernate, but CDI is available on the Hibernate ClassLoader.
[DEBUG] 2022-03-31 13:05:44.898 [main] SessionFactoryImpl - Session factory constructed with filter configurations : {}
[DEBUG] 2022-03-31 13:05:44.898 [main] SessionFactoryImpl - Instantiating session factory with properties: {gopherProxySet=false, awt.toolkit=sun.lwawt.macosx.LWCToolkit, java.specification.version=11, sun.cpu.isalist=, hibernate.c3p0.idle_test_period=3000, sun.jnu.encoding=UTF-8, hibernate.c3p0.min_size=5, java.class.path=/Applications/IntelliJ IDEA.app/Contents/lib/idea_rt.jar:/Applications/IntelliJ IDEA.app/Contents/plugins/junit/lib/junit5-rt.jar:/Applications/IntelliJ IDEA.app/Contents/plugins/junit/lib/junit-rt.jar:/Users/palmerlarson/IdeaProjects/IndieProject/target/test-classes:/Users/palmerlarson/IdeaProjects/IndieProject/target/classes:/Users/palmerlarson/.m2/repository/org/hibernate/hibernate-core/5.4.4.Final/hibernate-core-5.4.4.Final.jar:/Users/palmerlarson/.m2/repository/org/jboss/logging/jboss-logging/3.3.2.Final/jboss-logging-3.3.2.Final.jar:/Users/palmerlarson/.m2/repository/javax/persistence/javax.persistence-api/2.2/javax.persistence-api-2.2.jar:/Users/palmerlarson/.m2/repository/org/javassist/javassist/3.24.0-GA/javassist-3.24.0-GA.jar:/Users/palmerlarson/.m2/repository/net/bytebuddy/byte-buddy/1.9.11/byte-buddy-1.9.11.jar:/Users/palmerlarson/.m2/repository/antlr/antlr/2.7.7/antlr-2.7.7.jar:/Users/palmerlarson/.m2/repository/org/jboss/spec/javax/transaction/jboss-transaction-api_1.2_spec/1.1.1.Final/jboss-transaction-api_1.2_spec-1.1.1.Final.jar:/Users/palmerlarson/.m2/repository/org/jboss/jandex/2.0.5.Final/jandex-2.0.5.Final.jar:/Users/palmerlarson/.m2/repository/com/fasterxml/classmate/1.3.4/classmate-1.3.4.jar:/Users/palmerlarson/.m2/repository/javax/activation/javax.activation-api/1.2.0/javax.activation-api-1.2.0.jar:/Users/palmerlarson/.m2/repository/org/dom4j/dom4j/2.1.1/dom4j-2.1.1.jar:/Users/palmerlarson/.m2/repository/org/hibernate/common/hibernate-commons-annotations/5.1.0.Final/hibernate-commons-annotations-5.1.0.Final.jar:/Users/palmerlarson/.m2/repository/javax/xml/bind/jaxb-api/2.3.1/jaxb-api-2.3.1.jar:/Users/palmerlarson/.m2/repository/org/glassfish/jaxb/jaxb-runtime/2.3.1/jaxb-runtime-2.3.1.jar:/Users/palmerlarson/.m2/repository/org/glassfish/jaxb/txw2/2.3.1/txw2-2.3.1.jar:/Users/palmerlarson/.m2/repository/com/sun/istack/istack-commons-runtime/3.0.7/istack-commons-runtime-3.0.7.jar:/Users/palmerlarson/.m2/repository/org/jvnet/staxex/stax-ex/1.8/stax-ex-1.8.jar:/Users/palmerlarson/.m2/repository/com/sun/xml/fastinfoset/FastInfoset/1.2.15/FastInfoset-1.2.15.jar:/Users/palmerlarson/.m2/repository/org/hibernate/hibernate-c3p0/5.4.4.Final/hibernate-c3p0-5.4.4.Final.jar:/Users/palmerlarson/.m2/repository/com/mchange/c3p0/0.9.5.3/c3p0-0.9.5.3.jar:/Users/palmerlarson/.m2/repository/com/mchange/mchange-commons-java/0.2.15/mchange-commons-java-0.2.15.jar:/Users/palmerlarson/.m2/repository/org/apache/logging/log4j/log4j-api/2.10.0/log4j-api-2.10.0.jar:/Users/palmerlarson/.m2/repository/org/apache/logging/log4j/log4j-core/2.10.0/log4j-core-2.10.0.jar:/Users/palmerlarson/.m2/repository/javax/javaee-web-api/7.0/javaee-web-api-7.0.jar:/Users/palmerlarson/.m2/repository/org/junit/platform/junit-platform-runner/1.0.0/junit-platform-runner-1.0.0.jar:/Users/palmerlarson/.m2/repository/org/apiguardian/apiguardian-api/1.0.0/apiguardian-api-1.0.0.jar:/Users/palmerlarson/.m2/repository/org/junit/platform/junit-platform-launcher/1.0.0/junit-platform-launcher-1.0.0.jar:/Users/palmerlarson/.m2/repository/org/junit/platform/junit-platform-suite-api/1.0.0/junit-platform-suite-api-1.0.0.jar:/Users/palmerlarson/.m2/repository/org/junit/platform/junit-platform-commons/1.0.0/junit-platform-commons-1.0.0.jar:/Users/palmerlarson/.m2/repository/org/junit/vintage/junit-vintage-engine/4.12.0/junit-vintage-engine-4.12.0.jar:/Users/palmerlarson/.m2/repository/org/junit/platform/junit-platform-engine/1.0.0/junit-platform-engine-1.0.0.jar:/Users/palmerlarson/.m2/repository/org/opentest4j/opentest4j/1.0.0/opentest4j-1.0.0.jar:/Users/palmerlarson/.m2/repository/org/junit/jupiter/junit-jupiter-engine/5.0.0/junit-jupiter-engine-5.0.0.jar:/Users/palmerlarson/.m2/repository/org/junit/jupiter/junit-jupiter-api/5.0.0/junit-jupiter-api-5.0.0.jar:/Users/palmerlarson/.m2/repository/junit/junit/4.12/junit-4.12.jar:/Users/palmerlarson/.m2/repository/org/hamcrest/hamcrest-core/1.3/hamcrest-core-1.3.jar:/Users/palmerlarson/.m2/repository/jstl/jstl/1.2/jstl-1.2.jar:/Users/palmerlarson/.m2/repository/mysql/mysql-connector-java/8.0.28/mysql-connector-java-8.0.28.jar:/Users/palmerlarson/.m2/repository/com/google/protobuf/protobuf-java/3.11.4/protobuf-java-3.11.4.jar:/Users/palmerlarson/.m2/repository/com/auth0/java-jwt/3.18.3/java-jwt-3.18.3.jar:/Users/palmerlarson/.m2/repository/org/json/json/20170516/json-20170516.jar:/Users/palmerlarson/.m2/repository/commons-io/commons-io/2.11.0/commons-io-2.11.0.jar:/Users/palmerlarson/.m2/repository/com/fasterxml/jackson/core/jackson-databind/2.10.0/jackson-databind-2.10.0.jar:/Users/palmerlarson/.m2/repository/com/fasterxml/jackson/core/jackson-annotations/2.10.0/jackson-annotations-2.10.0.jar:/Users/palmerlarson/.m2/repository/com/fasterxml/jackson/core/jackson-core/2.10.0/jackson-core-2.10.0.jar:/Users/palmerlarson/.m2/repository/commons-codec/commons-codec/1.7/commons-codec-1.7.jar, java.vm.vendor=Oracle Corporation, sun.arch.data.model=64, idea.test.cyclic.buffer.size=1048576, java.vendor.url=https://openjdk.java.net/, user.timezone=America/Chicago, os.name=Mac OS X, java.vm.specification.version=11, sun.java.launcher=SUN_STANDARD, user.country=US, sun.boot.library.path=/Library/Java/JavaVirtualMachines/jdk-11.0.14.jdk/Contents/Home/lib, sun.java.command=com.intellij.rt.junit.JUnitStarter -ideVersion5 -junit5 com.palmerlarson.persistence.UserDaoTest, http.nonProxyHosts=local|*.local|169.254/16|*.169.254/16, jdk.debug=release, sun.cpu.endian=little, user.home=/Users/palmerlarson, hibernate.c3p0.max_statements=50, user.language=en, java.specification.vendor=Oracle Corporation, java.version.date=2022-01-18, java.home=/Library/Java/JavaVirtualMachines/jdk-11.0.14.jdk/Contents/Home, file.separator=/, java.vm.compressedOopsMode=Zero based, line.separator=
, hibernate.c3p0.timeout=300, java.specification.name=Java Platform API Specification, java.vm.specification.vendor=Oracle Corporation, java.awt.graphicsenv=sun.awt.CGraphicsEnvironment, connection.password=palmer1995, sun.management.compiler=HotSpot 64-Bit Tiered Compilers, ftp.nonProxyHosts=local|*.local|169.254/16|*.169.254/16, hibernate.c3p0.max_size=20, java.runtime.version=11.0.14+8-LTS-263, user.name=palmerlarson, path.separator=:, hibernate.connection.username=****, os.version=12.3, java.runtime.name=Java(TM) SE Runtime Environment, hibernate.connection.url=jdbc:mysql://localhost:3306/wdev?serverTimezone=UTC, file.encoding=UTF-8, java.vm.name=Java HotSpot(TM) 64-Bit Server VM, java.vendor.version=18.9, hibernate.connection.driver_class=com.mysql.cj.jdbc.Driver, java.vendor.url.bug=https://bugreport.java.com/bugreport/, java.io.tmpdir=/var/folders/7_/hjc2wkns2zj3yl0np9mvr3cm0000gn/T/, java.version=11.0.14, user.dir=/Users/palmerlarson/IdeaProjects/IndieProject, os.arch=x86_64, connection.username=root, java.vm.specification.name=Java Virtual Machine Specification, java.awt.printerjob=sun.lwawt.macosx.CPrinterJob, hibernate.connection.password=****, sun.os.patch.level=unknown, connection.driver_class=com.mysql.cj.jdbc.Driver, hibernate.boot.CfgXmlAccessService.key=org.hibernate.boot.cfgxml.spi.LoadedConfig@dd3f8aa, java.library.path=/Users/palmerlarson/Library/Java/Extensions:/Library/Java/Extensions:/Network/Library/Java/Extensions:/System/Library/Java/Extensions:/usr/lib/java:., java.vendor=Oracle Corporation, java.vm.info=mixed mode, java.vm.version=11.0.14+8-LTS-263, hibernate.bytecode.use_reflection_optimizer=false, sun.io.unicode.encoding=UnicodeBig, connection.url=jdbc:mysql://localhost:3306/wdev?serverTimezone=UTC, socksNonProxyHosts=local|*.local|169.254/16|*.169.254/16, java.class.version=55.0}
[DEBUG] 2022-03-31 13:05:44.910 [main] TypeSafeActivator - Unable to acquire Bean Validation ValidatorFactory, skipping activation
[DEBUG] 2022-03-31 13:05:44.910 [main] JaccIntegrator - Skipping JACC integration as it was not enabled
[DEBUG] 2022-03-31 13:05:44.911 [main] SessionFactoryImpl - Instantiated session factory
[DEBUG] 2022-03-31 13:05:44.911 [main] TypeConfiguration$Scope - Scoping TypeConfiguration [org.hibernate.type.spi.TypeConfiguration@2c9a6717] to SessionFactoryImpl [org.hibernate.internal.SessionFactoryImpl@196624bf]
[DEBUG] 2022-03-31 13:05:44.944 [main] ClassLoaderAccessImpl - Not known whether passed class name [com.palmerlarson.entity.User] is safe
[DEBUG] 2022-03-31 13:05:44.945 [main] ClassLoaderAccessImpl - No temp ClassLoader provided; using live ClassLoader for loading potentially unsafe class : com.palmerlarson.entity.User
[DEBUG] 2022-03-31 13:05:44.954 [main] ClassLoaderAccessImpl - Not known whether passed class name [com.palmerlarson.entity.User] is safe
[DEBUG] 2022-03-31 13:05:44.955 [main] ClassLoaderAccessImpl - No temp ClassLoader provided; using live ClassLoader for loading potentially unsafe class : com.palmerlarson.entity.User
[DEBUG] 2022-03-31 13:05:45.122 [main] AbstractEntityPersister - Static SQL for entity: com.palmerlarson.entity.User
[DEBUG] 2022-03-31 13:05:45.122 [main] AbstractEntityPersister -  Version select: select id from user where id =?
[DEBUG] 2022-03-31 13:05:45.122 [main] AbstractEntityPersister -  Snapshot select: select user_.id, user_.first_name as first_na2_0_, user_.gross_income as gross_in3_0_, user_.last_name as last_nam4_0_, user_.user_email as user_ema5_0_ from user user_ where user_.id=?
[DEBUG] 2022-03-31 13:05:45.122 [main] AbstractEntityPersister -  Insert 0: insert into user (first_name, gross_income, last_name, user_email, id) values (?, ?, ?, ?, ?)
[DEBUG] 2022-03-31 13:05:45.122 [main] AbstractEntityPersister -  Update 0: update user set first_name=?, gross_income=?, last_name=?, user_email=? where id=?
[DEBUG] 2022-03-31 13:05:45.123 [main] AbstractEntityPersister -  Delete 0: delete from user where id=?
[DEBUG] 2022-03-31 13:05:45.123 [main] AbstractEntityPersister -  Identity insert: insert into user (first_name, gross_income, last_name, user_email) values (?, ?, ?, ?)
[DEBUG] 2022-03-31 13:05:45.135 [main] QuerySpacesImpl - Adding QuerySpace : uid = <gen:0> -> org.hibernate.loader.plan.build.internal.spaces.EntityQuerySpaceImpl@582a3b19]
[DEBUG] 2022-03-31 13:05:45.136 [main] MetamodelGraphWalker - Visiting attribute path : first_name
[DEBUG] 2022-03-31 13:05:45.136 [main] MetamodelGraphWalker - Visiting attribute path : gross_income
[DEBUG] 2022-03-31 13:05:45.136 [main] MetamodelGraphWalker - Visiting attribute path : last_name
[DEBUG] 2022-03-31 13:05:45.136 [main] MetamodelGraphWalker - Visiting attribute path : user_email
[DEBUG] 2022-03-31 13:05:45.136 [main] FetchStyleLoadPlanBuildingAssociationVisitationStrategy - Building LoadPlan...
[DEBUG] 2022-03-31 13:05:45.143 [main] LoadQueryJoinAndFetchProcessor - processing queryspace <gen:0>
[DEBUG] 2022-03-31 13:05:45.145 [main] LoadPlanTreePrinter - LoadPlan(entity=com.palmerlarson.entity.User)
    - Returns
       - EntityReturnImpl(entity=com.palmerlarson.entity.User, querySpaceUid=<gen:0>, path=com.palmerlarson.entity.User)
    - QuerySpaces
       - EntityQuerySpaceImpl(uid=<gen:0>, entity=com.palmerlarson.entity.User)
          - SQL table alias mapping - user0_
          - alias suffix - 0_
          - suffixed key columns - {id1_0_0_}

[DEBUG] 2022-03-31 13:05:45.146 [main] EntityLoader - Static select for entity com.palmerlarson.entity.User [NONE]: select user0_.id as id1_0_0_, user0_.first_name as first_na2_0_0_, user0_.gross_income as gross_in3_0_0_, user0_.last_name as last_nam4_0_0_, user0_.user_email as user_ema5_0_0_ from user user0_ where user0_.id=?
[DEBUG] 2022-03-31 13:05:45.147 [main] QuerySpacesImpl - Adding QuerySpace : uid = <gen:0> -> org.hibernate.loader.plan.build.internal.spaces.EntityQuerySpaceImpl@3dfd7eaa]
[DEBUG] 2022-03-31 13:05:45.148 [main] MetamodelGraphWalker - Visiting attribute path : first_name
[DEBUG] 2022-03-31 13:05:45.150 [main] MetamodelGraphWalker - Visiting attribute path : gross_income
[DEBUG] 2022-03-31 13:05:45.150 [main] MetamodelGraphWalker - Visiting attribute path : last_name
[DEBUG] 2022-03-31 13:05:45.153 [main] MetamodelGraphWalker - Visiting attribute path : user_email
[DEBUG] 2022-03-31 13:05:45.154 [main] FetchStyleLoadPlanBuildingAssociationVisitationStrategy - Building LoadPlan...
[DEBUG] 2022-03-31 13:05:45.155 [main] LoadQueryJoinAndFetchProcessor - processing queryspace <gen:0>
[DEBUG] 2022-03-31 13:05:45.155 [main] LoadPlanTreePrinter - LoadPlan(entity=com.palmerlarson.entity.User)
    - Returns
       - EntityReturnImpl(entity=com.palmerlarson.entity.User, querySpaceUid=<gen:0>, path=com.palmerlarson.entity.User)
    - QuerySpaces
       - EntityQuerySpaceImpl(uid=<gen:0>, entity=com.palmerlarson.entity.User)
          - SQL table alias mapping - user0_
          - alias suffix - 0_
          - suffixed key columns - {id1_0_0_}

[DEBUG] 2022-03-31 13:05:45.155 [main] EntityLoader - Static select for entity com.palmerlarson.entity.User [READ]: select user0_.id as id1_0_0_, user0_.first_name as first_na2_0_0_, user0_.gross_income as gross_in3_0_0_, user0_.last_name as last_nam4_0_0_, user0_.user_email as user_ema5_0_0_ from user user0_ where user0_.id=?
[DEBUG] 2022-03-31 13:05:45.163 [main] Loader - Static select for action ACTION_MERGE on entity com.palmerlarson.entity.User: select user0_.id as id1_0_0_, user0_.first_name as first_na2_0_0_, user0_.gross_income as gross_in3_0_0_, user0_.last_name as last_nam4_0_0_, user0_.user_email as user_ema5_0_0_ from user user0_ where user0_.id=?
[DEBUG] 2022-03-31 13:05:45.163 [main] Loader - Static select for action ACTION_REFRESH on entity com.palmerlarson.entity.User: select user0_.id as id1_0_0_, user0_.first_name as first_na2_0_0_, user0_.gross_income as gross_in3_0_0_, user0_.last_name as last_nam4_0_0_, user0_.user_email as user_ema5_0_0_ from user user0_ where user0_.id=?
[DEBUG] 2022-03-31 13:05:45.179 [main] SchemaManagementToolCoordinator - No actions specified; doing nothing
[DEBUG] 2022-03-31 13:05:45.179 [main] JtaPlatformInitiator - No JtaPlatform was specified, checking resolver
[DEBUG] 2022-03-31 13:05:45.179 [main] JtaPlatformResolverInitiator - No JtaPlatformResolver was specified, using default [org.hibernate.engine.transaction.jta.platform.internal.StandardJtaPlatformResolver]
[DEBUG] 2022-03-31 13:05:45.184 [main] StandardJtaPlatformResolver - Could not resolve JtaPlatform, using default [org.hibernate.engine.transaction.jta.platform.internal.NoJtaPlatform]
[INFO ] 2022-03-31 13:05:45.185 [main] JtaPlatformInitiator - HHH000490: Using JtaPlatform implementation: [org.hibernate.engine.transaction.jta.platform.internal.NoJtaPlatform]
[DEBUG] 2022-03-31 13:05:45.185 [main] NamedQueryRepository - Checking 0 named HQL queries
[DEBUG] 2022-03-31 13:05:45.185 [main] NamedQueryRepository - Checking 0 named SQL queries
[DEBUG] 2022-03-31 13:05:45.188 [main] SessionFactoryRegistry - Initializing SessionFactoryRegistry : org.hibernate.internal.SessionFactoryRegistry@4af7dd6a
[DEBUG] 2022-03-31 13:05:45.190 [main] SessionFactoryRegistry - Registering SessionFactory: 6726be3a-9cb4-4180-81e3-b9d36aec5874 (<unnamed>)
[DEBUG] 2022-03-31 13:05:45.191 [main] SessionFactoryRegistry - Not binding SessionFactory to JNDI, no JNDI name configured
[DEBUG] 2022-03-31 13:05:45.242 [main] StatisticsInitiator - Statistics initialized [enabled=false]
[DEBUG] 2022-03-31 13:05:45.264 [main] SQL - select user0_.id as id1_0_0_, user0_.first_name as first_na2_0_0_, user0_.gross_income as gross_in3_0_0_, user0_.last_name as last_nam4_0_0_, user0_.user_email as user_ema5_0_0_ from user user0_ where user0_.id=?
[DEBUG] 2022-03-31 13:05:45.286 [main] ResultSetProcessorImpl - Starting ResultSet row #0
[DEBUG] 2022-03-31 13:05:45.287 [main] EntityReferenceInitializerImpl - On call to EntityIdentifierReaderImpl#resolve, EntityKey was already known; should only happen on root returns with an optional identifier specified
[DEBUG] 2022-03-31 13:05:45.298 [main] TwoPhaseLoad - Resolving attributes for [com.palmerlarson.entity.User#1]
[DEBUG] 2022-03-31 13:05:45.299 [main] TwoPhaseLoad - Processing attribute `first_name` : value = Kathy
[DEBUG] 2022-03-31 13:05:45.299 [main] TwoPhaseLoad - Attribute (`first_name`)  - enhanced for lazy-loading? - false
[DEBUG] 2022-03-31 13:05:45.299 [main] TwoPhaseLoad - Processing attribute `gross_income` : value = 100000
[DEBUG] 2022-03-31 13:05:45.299 [main] TwoPhaseLoad - Attribute (`gross_income`)  - enhanced for lazy-loading? - false
[DEBUG] 2022-03-31 13:05:45.299 [main] TwoPhaseLoad - Processing attribute `last_name` : value = Sierra
[DEBUG] 2022-03-31 13:05:45.299 [main] TwoPhaseLoad - Attribute (`last_name`)  - enhanced for lazy-loading? - false
[DEBUG] 2022-03-31 13:05:45.299 [main] TwoPhaseLoad - Processing attribute `user_email` : value = kathy@gmail.com
[DEBUG] 2022-03-31 13:05:45.299 [main] TwoPhaseLoad - Attribute (`user_email`)  - enhanced for lazy-loading? - false
[DEBUG] 2022-03-31 13:05:45.300 [main] TwoPhaseLoad - Done materializing entity [com.palmerlarson.entity.User#1]
[DEBUG] 2022-03-31 13:05:45.301 [main] ResourceRegistryStandardImpl - HHH000387: ResultSet's statement was not registered
[DEBUG] 2022-03-31 13:05:45.301 [main] AbstractLoadPlanBasedEntityLoader - Done entity load : com.palmerlarson.entity.User#1
[DEBUG] 2022-03-31 13:05:45.301 [main] LogicalConnectionManagedImpl - Initiating JDBC connection release from afterTransaction
[DEBUG] 2022-03-31 13:05:45.306 [main] TransactionImpl - On TransactionImpl creation, JpaCompliance#isJpaTransactionComplianceEnabled == false
[DEBUG] 2022-03-31 13:05:45.306 [main] TransactionImpl - begin
[DEBUG] 2022-03-31 13:05:45.311 [main] TransactionImpl - committing
[DEBUG] 2022-03-31 13:05:45.312 [main] AbstractFlushingEventListener - Processing flush-time cascades
[DEBUG] 2022-03-31 13:05:45.313 [main] AbstractFlushingEventListener - Dirty checking collections
[DEBUG] 2022-03-31 13:05:45.313 [main] AbstractFlushingEventListener - Flushed: 0 insertions, 0 updates, 1 deletions to 1 objects
[DEBUG] 2022-03-31 13:05:45.313 [main] AbstractFlushingEventListener - Flushed: 0 (re)creations, 0 updates, 0 removals to 0 collections
[DEBUG] 2022-03-31 13:05:45.314 [main] EntityPrinter - Listing entities:
[DEBUG] 2022-03-31 13:05:45.314 [main] EntityPrinter - com.palmerlarson.entity.User{user_email=kathy@gmail.com, gross_income=100000, last_name=Sierra, id=1, first_name=Kathy}
[DEBUG] 2022-03-31 13:05:45.317 [main] SQL - delete from user where id=?
[DEBUG] 2022-03-31 13:05:45.323 [main] LogicalConnectionManagedImpl - Initiating JDBC connection release from afterTransaction
[DEBUG] 2022-03-31 13:05:45.325 [main] LogicalConnectionManagedImpl - Initiating JDBC connection release from afterTransaction
[DEBUG] 2022-03-31 13:05:45.326 [main] JdbcCoordinatorImpl - HHH000420: Closing un-released batch
[DEBUG] 2022-03-31 13:05:45.326 [main] SQL - select user0_.id as id1_0_0_, user0_.first_name as first_na2_0_0_, user0_.gross_income as gross_in3_0_0_, user0_.last_name as last_nam4_0_0_, user0_.user_email as user_ema5_0_0_ from user user0_ where user0_.id=?
[DEBUG] 2022-03-31 13:05:45.327 [main] ResourceRegistryStandardImpl - HHH000387: ResultSet's statement was not registered
[DEBUG] 2022-03-31 13:05:45.328 [main] AbstractLoadPlanBasedEntityLoader - Done entity load : com.palmerlarson.entity.User#1
[DEBUG] 2022-03-31 13:05:45.328 [main] LogicalConnectionManagedImpl - Initiating JDBC connection release from afterTransaction
[DEBUG] 2022-03-31 13:05:45.412 [main] CriteriaQueryImpl - Rendered criteria query -> select generatedAlias0 from User as generatedAlias0
[DEBUG] 2022-03-31 13:05:45.423 [main] QueryTranslatorFactoryInitiator - QueryTranslatorFactory: org.hibernate.hql.internal.ast.ASTQueryTranslatorFactory@2b3f7704
[DEBUG] 2022-03-31 13:05:45.439 [main] QueryTranslatorImpl - parse() - HQL: select generatedAlias0 from com.palmerlarson.entity.User as generatedAlias0
[DEBUG] 2022-03-31 13:05:45.449 [main] ErrorTracker - throwQueryException() : no errors
[DEBUG] 2022-03-31 13:05:45.461 [main] QueryTranslatorImpl - --- HQL AST ---
 \-[QUERY] Node: 'query'
    \-[SELECT_FROM] Node: 'SELECT_FROM'
       +-[FROM] Node: 'from'
       |  \-[RANGE] Node: 'RANGE'
       |     +-[DOT] Node: '.'
       |     |  +-[DOT] Node: '.'
       |     |  |  +-[DOT] Node: '.'
       |     |  |  |  +-[IDENT] Node: 'com'
       |     |  |  |  \-[IDENT] Node: 'palmerlarson'
       |     |  |  \-[IDENT] Node: 'entity'
       |     |  \-[IDENT] Node: 'User'
       |     \-[ALIAS] Node: 'generatedAlias0'
       \-[SELECT] Node: 'select'
          \-[IDENT] Node: 'generatedAlias0'

[DEBUG] 2022-03-31 13:05:45.476 [main] HqlSqlBaseWalker - select << begin [level=1, statement=select]
[DEBUG] 2022-03-31 13:05:45.485 [main] FromElement - FromClause{level=1} : com.palmerlarson.entity.User (generatedAlias0) -> user0_
[DEBUG] 2022-03-31 13:05:45.486 [main] FromReferenceNode - Resolved : generatedAlias0 -> user0_.id
[DEBUG] 2022-03-31 13:05:45.486 [main] HqlSqlBaseWalker - select : finishing up [level=1, statement=select]
[DEBUG] 2022-03-31 13:05:45.486 [main] HqlSqlWalker - processQuery() :  ( SELECT ( {select clause} user0_.id ) ( FromClause{level=1} user user0_ ) )
[DEBUG] 2022-03-31 13:05:45.491 [main] JoinProcessor - Using FROM fragment [user user0_]
[DEBUG] 2022-03-31 13:05:45.491 [main] HqlSqlBaseWalker - select >> end [level=1, statement=select]
[DEBUG] 2022-03-31 13:05:45.492 [main] QueryTranslatorImpl - --- SQL AST ---
 \-[SELECT] QueryNode: 'SELECT'  querySpaces (user)
    +-[SELECT_CLAUSE] SelectClause: '{select clause}'
    |  +-[ALIAS_REF] IdentNode: 'user0_.id as id1_0_' {alias=generatedAlias0, className=com.palmerlarson.entity.User, tableAlias=user0_}
    |  \-[SQL_TOKEN] SqlFragment: 'user0_.first_name as first_na2_0_, user0_.gross_income as gross_in3_0_, user0_.last_name as last_nam4_0_, user0_.user_email as user_ema5_0_'
    \-[FROM] FromClause: 'from' FromClause{level=1, fromElementCounter=1, fromElements=1, fromElementByClassAlias=[generatedAlias0], fromElementByTableAlias=[user0_], fromElementsByPath=[], collectionJoinFromElementsByPath=[], impliedElements=[]}
       \-[FROM_FRAGMENT] FromElement: 'user user0_' FromElement{explicit,not a collection join,not a fetch join,fetch non-lazy properties,classAlias=generatedAlias0,role=null,tableName=user,tableAlias=user0_,origin=null,columns={,className=com.palmerlarson.entity.User}}

[DEBUG] 2022-03-31 13:05:45.492 [main] ErrorTracker - throwQueryException() : no errors
[DEBUG] 2022-03-31 13:05:45.495 [main] QueryTranslatorImpl - HQL: select generatedAlias0 from com.palmerlarson.entity.User as generatedAlias0
[DEBUG] 2022-03-31 13:05:45.495 [main] QueryTranslatorImpl - SQL: select user0_.id as id1_0_, user0_.first_name as first_na2_0_, user0_.gross_income as gross_in3_0_, user0_.last_name as last_nam4_0_, user0_.user_email as user_ema5_0_ from user user0_
[DEBUG] 2022-03-31 13:05:45.495 [main] ErrorTracker - throwQueryException() : no errors
[DEBUG] 2022-03-31 13:05:45.501 [main] SQL - select user0_.id as id1_0_, user0_.first_name as first_na2_0_, user0_.gross_income as gross_in3_0_, user0_.last_name as last_nam4_0_, user0_.user_email as user_ema5_0_ from user user0_
[DEBUG] 2022-03-31 13:05:45.507 [main] Loader - Result set row: 0
[DEBUG] 2022-03-31 13:05:45.508 [main] Loader - Result row: EntityKey[com.palmerlarson.entity.User#1]
[DEBUG] 2022-03-31 13:05:45.509 [main] Loader - Result set row: 1
[DEBUG] 2022-03-31 13:05:45.510 [main] Loader - Result row: EntityKey[com.palmerlarson.entity.User#2]
[DEBUG] 2022-03-31 13:05:45.510 [main] Loader - Result set row: 2
[DEBUG] 2022-03-31 13:05:45.510 [main] Loader - Result row: EntityKey[com.palmerlarson.entity.User#3]
[DEBUG] 2022-03-31 13:05:45.510 [main] TwoPhaseLoad - Resolving attributes for [com.palmerlarson.entity.User#1]
[DEBUG] 2022-03-31 13:05:45.510 [main] TwoPhaseLoad - Processing attribute `first_name` : value = Kathy
[DEBUG] 2022-03-31 13:05:45.510 [main] TwoPhaseLoad - Attribute (`first_name`)  - enhanced for lazy-loading? - false
[DEBUG] 2022-03-31 13:05:45.510 [main] TwoPhaseLoad - Processing attribute `gross_income` : value = 100000
[DEBUG] 2022-03-31 13:05:45.510 [main] TwoPhaseLoad - Attribute (`gross_income`)  - enhanced for lazy-loading? - false
[DEBUG] 2022-03-31 13:05:45.510 [main] TwoPhaseLoad - Processing attribute `last_name` : value = Sierra
[DEBUG] 2022-03-31 13:05:45.510 [main] TwoPhaseLoad - Attribute (`last_name`)  - enhanced for lazy-loading? - false
[DEBUG] 2022-03-31 13:05:45.510 [main] TwoPhaseLoad - Processing attribute `user_email` : value = kathy@gmail.com
[DEBUG] 2022-03-31 13:05:45.510 [main] TwoPhaseLoad - Attribute (`user_email`)  - enhanced for lazy-loading? - false
[DEBUG] 2022-03-31 13:05:45.510 [main] TwoPhaseLoad - Done materializing entity [com.palmerlarson.entity.User#1]
[DEBUG] 2022-03-31 13:05:45.510 [main] TwoPhaseLoad - Resolving attributes for [com.palmerlarson.entity.User#2]
[DEBUG] 2022-03-31 13:05:45.510 [main] TwoPhaseLoad - Processing attribute `first_name` : value = Herbert
[DEBUG] 2022-03-31 13:05:45.510 [main] TwoPhaseLoad - Attribute (`first_name`)  - enhanced for lazy-loading? - false
[DEBUG] 2022-03-31 13:05:45.510 [main] TwoPhaseLoad - Processing attribute `gross_income` : value = 65000
[DEBUG] 2022-03-31 13:05:45.510 [main] TwoPhaseLoad - Attribute (`gross_income`)  - enhanced for lazy-loading? - false
[DEBUG] 2022-03-31 13:05:45.510 [main] TwoPhaseLoad - Processing attribute `last_name` : value = Schilt
[DEBUG] 2022-03-31 13:05:45.510 [main] TwoPhaseLoad - Attribute (`last_name`)  - enhanced for lazy-loading? - false
[DEBUG] 2022-03-31 13:05:45.510 [main] TwoPhaseLoad - Processing attribute `user_email` : value = herbert@gmail.com
[DEBUG] 2022-03-31 13:05:45.510 [main] TwoPhaseLoad - Attribute (`user_email`)  - enhanced for lazy-loading? - false
[DEBUG] 2022-03-31 13:05:45.510 [main] TwoPhaseLoad - Done materializing entity [com.palmerlarson.entity.User#2]
[DEBUG] 2022-03-31 13:05:45.511 [main] TwoPhaseLoad - Resolving attributes for [com.palmerlarson.entity.User#3]
[DEBUG] 2022-03-31 13:05:45.511 [main] TwoPhaseLoad - Processing attribute `first_name` : value = Joseph
[DEBUG] 2022-03-31 13:05:45.511 [main] TwoPhaseLoad - Attribute (`first_name`)  - enhanced for lazy-loading? - false
[DEBUG] 2022-03-31 13:05:45.511 [main] TwoPhaseLoad - Processing attribute `gross_income` : value = 33000
[DEBUG] 2022-03-31 13:05:45.511 [main] TwoPhaseLoad - Attribute (`gross_income`)  - enhanced for lazy-loading? - false
[DEBUG] 2022-03-31 13:05:45.511 [main] TwoPhaseLoad - Processing attribute `last_name` : value = Ottinger
[DEBUG] 2022-03-31 13:05:45.511 [main] TwoPhaseLoad - Attribute (`last_name`)  - enhanced for lazy-loading? - false
[DEBUG] 2022-03-31 13:05:45.511 [main] TwoPhaseLoad - Processing attribute `user_email` : value = test@gmail.com
[DEBUG] 2022-03-31 13:05:45.511 [main] TwoPhaseLoad - Attribute (`user_email`)  - enhanced for lazy-loading? - false
[DEBUG] 2022-03-31 13:05:45.511 [main] TwoPhaseLoad - Done materializing entity [com.palmerlarson.entity.User#3]
[DEBUG] 2022-03-31 13:05:45.513 [main] LogicalConnectionManagedImpl - Initiating JDBC connection release from afterTransaction
[DEBUG] 2022-03-31 13:05:45.587 [main] SQL - select user0_.id as id1_0_0_, user0_.first_name as first_na2_0_0_, user0_.gross_income as gross_in3_0_0_, user0_.last_name as last_nam4_0_0_, user0_.user_email as user_ema5_0_0_ from user user0_ where user0_.id=?
[DEBUG] 2022-03-31 13:05:45.588 [main] ResultSetProcessorImpl - Starting ResultSet row #0
[DEBUG] 2022-03-31 13:05:45.589 [main] EntityReferenceInitializerImpl - On call to EntityIdentifierReaderImpl#resolve, EntityKey was already known; should only happen on root returns with an optional identifier specified
[DEBUG] 2022-03-31 13:05:45.589 [main] TwoPhaseLoad - Resolving attributes for [com.palmerlarson.entity.User#1]
[DEBUG] 2022-03-31 13:05:45.589 [main] TwoPhaseLoad - Processing attribute `first_name` : value = Kathy
[DEBUG] 2022-03-31 13:05:45.589 [main] TwoPhaseLoad - Attribute (`first_name`)  - enhanced for lazy-loading? - false
[DEBUG] 2022-03-31 13:05:45.589 [main] TwoPhaseLoad - Processing attribute `gross_income` : value = 100000
[DEBUG] 2022-03-31 13:05:45.589 [main] TwoPhaseLoad - Attribute (`gross_income`)  - enhanced for lazy-loading? - false
[DEBUG] 2022-03-31 13:05:45.589 [main] TwoPhaseLoad - Processing attribute `last_name` : value = Sierra
[DEBUG] 2022-03-31 13:05:45.589 [main] TwoPhaseLoad - Attribute (`last_name`)  - enhanced for lazy-loading? - false
[DEBUG] 2022-03-31 13:05:45.589 [main] TwoPhaseLoad - Processing attribute `user_email` : value = kathy@gmail.com
[DEBUG] 2022-03-31 13:05:45.589 [main] TwoPhaseLoad - Attribute (`user_email`)  - enhanced for lazy-loading? - false
[DEBUG] 2022-03-31 13:05:45.590 [main] TwoPhaseLoad - Done materializing entity [com.palmerlarson.entity.User#1]
[DEBUG] 2022-03-31 13:05:45.590 [main] ResourceRegistryStandardImpl - HHH000387: ResultSet's statement was not registered
[DEBUG] 2022-03-31 13:05:45.590 [main] AbstractLoadPlanBasedEntityLoader - Done entity load : com.palmerlarson.entity.User#1
[DEBUG] 2022-03-31 13:05:45.590 [main] LogicalConnectionManagedImpl - Initiating JDBC connection release from afterTransaction
[DEBUG] 2022-03-31 13:05:45.592 [main] SQL - select user0_.id as id1_0_0_, user0_.first_name as first_na2_0_0_, user0_.gross_income as gross_in3_0_0_, user0_.last_name as last_nam4_0_0_, user0_.user_email as user_ema5_0_0_ from user user0_ where user0_.id=?
[DEBUG] 2022-03-31 13:05:45.593 [main] ResultSetProcessorImpl - Starting ResultSet row #0
[DEBUG] 2022-03-31 13:05:45.593 [main] EntityReferenceInitializerImpl - On call to EntityIdentifierReaderImpl#resolve, EntityKey was already known; should only happen on root returns with an optional identifier specified
[DEBUG] 2022-03-31 13:05:45.596 [main] TwoPhaseLoad - Resolving attributes for [com.palmerlarson.entity.User#1]
[DEBUG] 2022-03-31 13:05:45.598 [main] TwoPhaseLoad - Processing attribute `first_name` : value = Kathy
[DEBUG] 2022-03-31 13:05:45.599 [main] TwoPhaseLoad - Attribute (`first_name`)  - enhanced for lazy-loading? - false
[DEBUG] 2022-03-31 13:05:45.599 [main] TwoPhaseLoad - Processing attribute `gross_income` : value = 100000
[DEBUG] 2022-03-31 13:05:45.599 [main] TwoPhaseLoad - Attribute (`gross_income`)  - enhanced for lazy-loading? - false
[DEBUG] 2022-03-31 13:05:45.599 [main] TwoPhaseLoad - Processing attribute `last_name` : value = Sierra
[DEBUG] 2022-03-31 13:05:45.599 [main] TwoPhaseLoad - Attribute (`last_name`)  - enhanced for lazy-loading? - false
[DEBUG] 2022-03-31 13:05:45.599 [main] TwoPhaseLoad - Processing attribute `user_email` : value = kathy@gmail.com
[DEBUG] 2022-03-31 13:05:45.599 [main] TwoPhaseLoad - Attribute (`user_email`)  - enhanced for lazy-loading? - false
[DEBUG] 2022-03-31 13:05:45.599 [main] TwoPhaseLoad - Done materializing entity [com.palmerlarson.entity.User#1]
[DEBUG] 2022-03-31 13:05:45.600 [main] ResourceRegistryStandardImpl - HHH000387: ResultSet's statement was not registered
[DEBUG] 2022-03-31 13:05:45.600 [main] AbstractLoadPlanBasedEntityLoader - Done entity load : com.palmerlarson.entity.User#1
[DEBUG] 2022-03-31 13:05:45.601 [main] LogicalConnectionManagedImpl - Initiating JDBC connection release from afterTransaction
[DEBUG] 2022-03-31 13:05:45.653 [main] SQL - select user0_.id as id1_0_0_, user0_.first_name as first_na2_0_0_, user0_.gross_income as gross_in3_0_0_, user0_.last_name as last_nam4_0_0_, user0_.user_email as user_ema5_0_0_ from user user0_ where user0_.id=?
[DEBUG] 2022-03-31 13:05:45.655 [main] ResultSetProcessorImpl - Starting ResultSet row #0
[DEBUG] 2022-03-31 13:05:45.655 [main] EntityReferenceInitializerImpl - On call to EntityIdentifierReaderImpl#resolve, EntityKey was already known; should only happen on root returns with an optional identifier specified
[DEBUG] 2022-03-31 13:05:45.655 [main] TwoPhaseLoad - Resolving attributes for [com.palmerlarson.entity.User#1]
[DEBUG] 2022-03-31 13:05:45.655 [main] TwoPhaseLoad - Processing attribute `first_name` : value = Kathy
[DEBUG] 2022-03-31 13:05:45.655 [main] TwoPhaseLoad - Attribute (`first_name`)  - enhanced for lazy-loading? - false
[DEBUG] 2022-03-31 13:05:45.655 [main] TwoPhaseLoad - Processing attribute `gross_income` : value = 100000
[DEBUG] 2022-03-31 13:05:45.655 [main] TwoPhaseLoad - Attribute (`gross_income`)  - enhanced for lazy-loading? - false
[DEBUG] 2022-03-31 13:05:45.655 [main] TwoPhaseLoad - Processing attribute `last_name` : value = Sierra
[DEBUG] 2022-03-31 13:05:45.655 [main] TwoPhaseLoad - Attribute (`last_name`)  - enhanced for lazy-loading? - false
[DEBUG] 2022-03-31 13:05:45.655 [main] TwoPhaseLoad - Processing attribute `user_email` : value = kathy@gmail.com
[DEBUG] 2022-03-31 13:05:45.655 [main] TwoPhaseLoad - Attribute (`user_email`)  - enhanced for lazy-loading? - false
[DEBUG] 2022-03-31 13:05:45.655 [main] TwoPhaseLoad - Done materializing entity [com.palmerlarson.entity.User#1]
[DEBUG] 2022-03-31 13:05:45.656 [main] ResourceRegistryStandardImpl - HHH000387: ResultSet's statement was not registered
[DEBUG] 2022-03-31 13:05:45.656 [main] AbstractLoadPlanBasedEntityLoader - Done entity load : com.palmerlarson.entity.User#1
[DEBUG] 2022-03-31 13:05:45.656 [main] LogicalConnectionManagedImpl - Initiating JDBC connection release from afterTransaction
[DEBUG] 2022-03-31 13:05:45.657 [main] TransactionImpl - On TransactionImpl creation, JpaCompliance#isJpaTransactionComplianceEnabled == false
[DEBUG] 2022-03-31 13:05:45.657 [main] TransactionImpl - begin
[DEBUG] 2022-03-31 13:05:45.658 [main] TransactionImpl - committing
[DEBUG] 2022-03-31 13:05:45.658 [main] AbstractFlushingEventListener - Processing flush-time cascades
[DEBUG] 2022-03-31 13:05:45.658 [main] AbstractFlushingEventListener - Dirty checking collections
[DEBUG] 2022-03-31 13:05:45.659 [main] AbstractFlushingEventListener - Flushed: 0 insertions, 1 updates, 0 deletions to 1 objects
[DEBUG] 2022-03-31 13:05:45.659 [main] AbstractFlushingEventListener - Flushed: 0 (re)creations, 0 updates, 0 removals to 0 collections
[DEBUG] 2022-03-31 13:05:45.659 [main] EntityPrinter - Listing entities:
[DEBUG] 2022-03-31 13:05:45.659 [main] EntityPrinter - com.palmerlarson.entity.User{user_email=kathy@gmail.com, gross_income=100000, last_name=Bob, id=1, first_name=Billy}
[DEBUG] 2022-03-31 13:05:45.659 [main] SQL - update user set first_name=?, gross_income=?, last_name=?, user_email=? where id=?
[DEBUG] 2022-03-31 13:05:45.664 [main] LogicalConnectionManagedImpl - Initiating JDBC connection release from afterTransaction
[DEBUG] 2022-03-31 13:05:45.665 [main] LogicalConnectionManagedImpl - Initiating JDBC connection release from afterTransaction
[DEBUG] 2022-03-31 13:05:45.665 [main] SQL - select user0_.id as id1_0_0_, user0_.first_name as first_na2_0_0_, user0_.gross_income as gross_in3_0_0_, user0_.last_name as last_nam4_0_0_, user0_.user_email as user_ema5_0_0_ from user user0_ where user0_.id=?
[DEBUG] 2022-03-31 13:05:45.666 [main] ResultSetProcessorImpl - Starting ResultSet row #0
[DEBUG] 2022-03-31 13:05:45.666 [main] EntityReferenceInitializerImpl - On call to EntityIdentifierReaderImpl#resolve, EntityKey was already known; should only happen on root returns with an optional identifier specified
[DEBUG] 2022-03-31 13:05:45.667 [main] TwoPhaseLoad - Resolving attributes for [com.palmerlarson.entity.User#1]
[DEBUG] 2022-03-31 13:05:45.667 [main] TwoPhaseLoad - Processing attribute `first_name` : value = Billy
[DEBUG] 2022-03-31 13:05:45.667 [main] TwoPhaseLoad - Attribute (`first_name`)  - enhanced for lazy-loading? - false
[DEBUG] 2022-03-31 13:05:45.667 [main] TwoPhaseLoad - Processing attribute `gross_income` : value = 100000
[DEBUG] 2022-03-31 13:05:45.667 [main] TwoPhaseLoad - Attribute (`gross_income`)  - enhanced for lazy-loading? - false
[DEBUG] 2022-03-31 13:05:45.667 [main] TwoPhaseLoad - Processing attribute `last_name` : value = Bob
[DEBUG] 2022-03-31 13:05:45.667 [main] TwoPhaseLoad - Attribute (`last_name`)  - enhanced for lazy-loading? - false
[DEBUG] 2022-03-31 13:05:45.667 [main] TwoPhaseLoad - Processing attribute `user_email` : value = kathy@gmail.com
[DEBUG] 2022-03-31 13:05:45.667 [main] TwoPhaseLoad - Attribute (`user_email`)  - enhanced for lazy-loading? - false
[DEBUG] 2022-03-31 13:05:45.667 [main] TwoPhaseLoad - Done materializing entity [com.palmerlarson.entity.User#1]
[DEBUG] 2022-03-31 13:05:45.667 [main] ResourceRegistryStandardImpl - HHH000387: ResultSet's statement was not registered
[DEBUG] 2022-03-31 13:05:45.667 [main] AbstractLoadPlanBasedEntityLoader - Done entity load : com.palmerlarson.entity.User#1
[DEBUG] 2022-03-31 13:05:45.667 [main] LogicalConnectionManagedImpl - Initiating JDBC connection release from afterTransaction
[DEBUG] 2022-03-31 13:05:45.725 [main] TransactionImpl - On TransactionImpl creation, JpaCompliance#isJpaTransactionComplianceEnabled == false
[DEBUG] 2022-03-31 13:05:45.725 [main] TransactionImpl - begin
[DEBUG] 2022-03-31 13:05:45.728 [main] ActionQueue - Executing identity-insert immediately
[DEBUG] 2022-03-31 13:05:45.728 [main] SQL - insert into user (first_name, gross_income, last_name, user_email) values (?, ?, ?, ?)
[DEBUG] 2022-03-31 13:05:45.732 [main] IdentifierGeneratorHelper - Natively generated identity: 38
[DEBUG] 2022-03-31 13:05:45.732 [main] ResourceRegistryStandardImpl - HHH000387: ResultSet's statement was not registered
[DEBUG] 2022-03-31 13:05:45.732 [main] TransactionImpl - committing
[DEBUG] 2022-03-31 13:05:45.732 [main] AbstractFlushingEventListener - Processing flush-time cascades
[DEBUG] 2022-03-31 13:05:45.732 [main] AbstractFlushingEventListener - Dirty checking collections
[DEBUG] 2022-03-31 13:05:45.733 [main] AbstractFlushingEventListener - Flushed: 0 insertions, 0 updates, 0 deletions to 1 objects
[DEBUG] 2022-03-31 13:05:45.733 [main] AbstractFlushingEventListener - Flushed: 0 (re)creations, 0 updates, 0 removals to 0 collections
[DEBUG] 2022-03-31 13:05:45.733 [main] EntityPrinter - Listing entities:
[DEBUG] 2022-03-31 13:05:45.733 [main] EntityPrinter - com.palmerlarson.entity.User{user_email=tim@gmail.com, gross_income=10000, last_name=Timmy, id=38, first_name=TEST}
[DEBUG] 2022-03-31 13:05:45.735 [main] LogicalConnectionManagedImpl - Initiating JDBC connection release from afterTransaction
[DEBUG] 2022-03-31 13:05:45.735 [main] LogicalConnectionManagedImpl - Initiating JDBC connection release from afterTransaction
[DEBUG] 2022-03-31 13:05:45.736 [main] SQL - select user0_.id as id1_0_0_, user0_.first_name as first_na2_0_0_, user0_.gross_income as gross_in3_0_0_, user0_.last_name as last_nam4_0_0_, user0_.user_email as user_ema5_0_0_ from user user0_ where user0_.id=?
[DEBUG] 2022-03-31 13:05:45.737 [main] ResultSetProcessorImpl - Starting ResultSet row #0
[DEBUG] 2022-03-31 13:05:45.737 [main] EntityReferenceInitializerImpl - On call to EntityIdentifierReaderImpl#resolve, EntityKey was already known; should only happen on root returns with an optional identifier specified
[DEBUG] 2022-03-31 13:05:45.737 [main] TwoPhaseLoad - Resolving attributes for [com.palmerlarson.entity.User#38]
[DEBUG] 2022-03-31 13:05:45.737 [main] TwoPhaseLoad - Processing attribute `first_name` : value = TEST
[DEBUG] 2022-03-31 13:05:45.737 [main] TwoPhaseLoad - Attribute (`first_name`)  - enhanced for lazy-loading? - false
[DEBUG] 2022-03-31 13:05:45.737 [main] TwoPhaseLoad - Processing attribute `gross_income` : value = 10000
[DEBUG] 2022-03-31 13:05:45.737 [main] TwoPhaseLoad - Attribute (`gross_income`)  - enhanced for lazy-loading? - false
[DEBUG] 2022-03-31 13:05:45.737 [main] TwoPhaseLoad - Processing attribute `last_name` : value = Timmy
[DEBUG] 2022-03-31 13:05:45.738 [main] TwoPhaseLoad - Attribute (`last_name`)  - enhanced for lazy-loading? - false
[DEBUG] 2022-03-31 13:05:45.738 [main] TwoPhaseLoad - Processing attribute `user_email` : value = tim@gmail.com
[DEBUG] 2022-03-31 13:05:45.738 [main] TwoPhaseLoad - Attribute (`user_email`)  - enhanced for lazy-loading? - false
[DEBUG] 2022-03-31 13:05:45.738 [main] TwoPhaseLoad - Done materializing entity [com.palmerlarson.entity.User#38]
[DEBUG] 2022-03-31 13:05:45.738 [main] ResourceRegistryStandardImpl - HHH000387: ResultSet's statement was not registered
[DEBUG] 2022-03-31 13:05:45.739 [main] AbstractLoadPlanBasedEntityLoader - Done entity load : com.palmerlarson.entity.User#38
[DEBUG] 2022-03-31 13:05:45.739 [main] LogicalConnectionManagedImpl - Initiating JDBC connection release from afterTransaction
