[DEBUG] 2022-03-31 13:08:53.394 [main] IntegratorServiceImpl - Adding Integrator [org.hibernate.cfg.beanvalidation.BeanValidationIntegrator].
[DEBUG] 2022-03-31 13:08:53.396 [main] IntegratorServiceImpl - Adding Integrator [org.hibernate.secure.spi.JaccIntegrator].
[DEBUG] 2022-03-31 13:08:53.399 [main] IntegratorServiceImpl - Adding Integrator [org.hibernate.cache.internal.CollectionCacheInvalidator].
[INFO ] 2022-03-31 13:08:53.449 [main] Version - HHH000412: Hibernate Core {5.4.4.Final}
[DEBUG] 2022-03-31 13:08:53.452 [main] Environment - HHH000206: hibernate.properties not found
[DEBUG] 2022-03-31 13:08:53.583 [main] LocalXmlResourceResolver - Interpreting public/system identifier : [-//Hibernate/Hibernate Configuration DTD//EN] - [http://www.hibernate.org/dtd/hibernate-configuration-3.0.dtd]
[DEBUG] 2022-03-31 13:08:53.583 [main] LocalXmlResourceResolver - Recognized hibernate-configuration identifier; attempting to resolve on classpath under org/hibernate/
[DEBUG] 2022-03-31 13:08:53.589 [main] JaxbCfgProcessor - cfg.xml document did not define namespaces; wrapping in custom event reader to introduce namespace information
[DEBUG] 2022-03-31 13:08:53.784 [main] ServiceBinding - Overriding existing service binding [org.hibernate.secure.spi.JaccService]
[DEBUG] 2022-03-31 13:08:53.820 [main] RegionFactoryInitiator - Cannot default RegionFactory based on registered strategies as `[]` RegionFactory strategies were registered
[DEBUG] 2022-03-31 13:08:53.823 [main] RegionFactoryInitiator - Cache region factory : org.hibernate.cache.internal.NoCachingRegionFactory
[INFO ] 2022-03-31 13:08:53.839 [main] Version - HCANN000001: Hibernate Commons Annotations {5.1.0.Final}
[DEBUG] 2022-03-31 13:08:53.903 [main] BasicTypeRegistry - Adding type registration boolean -> org.hibernate.type.BooleanType@2e8a1ab4
[DEBUG] 2022-03-31 13:08:53.905 [main] BasicTypeRegistry - Adding type registration boolean -> org.hibernate.type.BooleanType@2e8a1ab4
[DEBUG] 2022-03-31 13:08:53.905 [main] BasicTypeRegistry - Adding type registration java.lang.Boolean -> org.hibernate.type.BooleanType@2e8a1ab4
[DEBUG] 2022-03-31 13:08:53.905 [main] BasicTypeRegistry - Adding type registration numeric_boolean -> org.hibernate.type.NumericBooleanType@de8039f
[DEBUG] 2022-03-31 13:08:53.905 [main] BasicTypeRegistry - Adding type registration true_false -> org.hibernate.type.TrueFalseType@292158f8
[DEBUG] 2022-03-31 13:08:53.906 [main] BasicTypeRegistry - Adding type registration yes_no -> org.hibernate.type.YesNoType@5d5c04f9
[DEBUG] 2022-03-31 13:08:53.906 [main] BasicTypeRegistry - Adding type registration byte -> org.hibernate.type.ByteType@6944e53e
[DEBUG] 2022-03-31 13:08:53.906 [main] BasicTypeRegistry - Adding type registration byte -> org.hibernate.type.ByteType@6944e53e
[DEBUG] 2022-03-31 13:08:53.906 [main] BasicTypeRegistry - Adding type registration java.lang.Byte -> org.hibernate.type.ByteType@6944e53e
[DEBUG] 2022-03-31 13:08:53.907 [main] BasicTypeRegistry - Adding type registration character -> org.hibernate.type.CharacterType@1292071f
[DEBUG] 2022-03-31 13:08:53.908 [main] BasicTypeRegistry - Adding type registration char -> org.hibernate.type.CharacterType@1292071f
[DEBUG] 2022-03-31 13:08:53.908 [main] BasicTypeRegistry - Adding type registration java.lang.Character -> org.hibernate.type.CharacterType@1292071f
[DEBUG] 2022-03-31 13:08:53.908 [main] BasicTypeRegistry - Adding type registration short -> org.hibernate.type.ShortType@1e8ab90f
[DEBUG] 2022-03-31 13:08:53.908 [main] BasicTypeRegistry - Adding type registration short -> org.hibernate.type.ShortType@1e8ab90f
[DEBUG] 2022-03-31 13:08:53.908 [main] BasicTypeRegistry - Adding type registration java.lang.Short -> org.hibernate.type.ShortType@1e8ab90f
[DEBUG] 2022-03-31 13:08:53.909 [main] BasicTypeRegistry - Adding type registration integer -> org.hibernate.type.IntegerType@5b9396d3
[DEBUG] 2022-03-31 13:08:53.909 [main] BasicTypeRegistry - Adding type registration int -> org.hibernate.type.IntegerType@5b9396d3
[DEBUG] 2022-03-31 13:08:53.909 [main] BasicTypeRegistry - Adding type registration java.lang.Integer -> org.hibernate.type.IntegerType@5b9396d3
[DEBUG] 2022-03-31 13:08:53.909 [main] BasicTypeRegistry - Adding type registration long -> org.hibernate.type.LongType@2d9dff65
[DEBUG] 2022-03-31 13:08:53.909 [main] BasicTypeRegistry - Adding type registration long -> org.hibernate.type.LongType@2d9dff65
[DEBUG] 2022-03-31 13:08:53.910 [main] BasicTypeRegistry - Adding type registration java.lang.Long -> org.hibernate.type.LongType@2d9dff65
[DEBUG] 2022-03-31 13:08:53.910 [main] BasicTypeRegistry - Adding type registration float -> org.hibernate.type.FloatType@6eb17ec8
[DEBUG] 2022-03-31 13:08:53.910 [main] BasicTypeRegistry - Adding type registration float -> org.hibernate.type.FloatType@6eb17ec8
[DEBUG] 2022-03-31 13:08:53.910 [main] BasicTypeRegistry - Adding type registration java.lang.Float -> org.hibernate.type.FloatType@6eb17ec8
[DEBUG] 2022-03-31 13:08:53.911 [main] BasicTypeRegistry - Adding type registration double -> org.hibernate.type.DoubleType@4beaf6bd
[DEBUG] 2022-03-31 13:08:53.911 [main] BasicTypeRegistry - Adding type registration double -> org.hibernate.type.DoubleType@4beaf6bd
[DEBUG] 2022-03-31 13:08:53.911 [main] BasicTypeRegistry - Adding type registration java.lang.Double -> org.hibernate.type.DoubleType@4beaf6bd
[DEBUG] 2022-03-31 13:08:53.911 [main] BasicTypeRegistry - Adding type registration big_decimal -> org.hibernate.type.BigDecimalType@48528634
[DEBUG] 2022-03-31 13:08:53.912 [main] BasicTypeRegistry - Adding type registration java.math.BigDecimal -> org.hibernate.type.BigDecimalType@48528634
[DEBUG] 2022-03-31 13:08:53.912 [main] BasicTypeRegistry - Adding type registration big_integer -> org.hibernate.type.BigIntegerType@660f0c
[DEBUG] 2022-03-31 13:08:53.913 [main] BasicTypeRegistry - Adding type registration java.math.BigInteger -> org.hibernate.type.BigIntegerType@660f0c
[DEBUG] 2022-03-31 13:08:53.913 [main] BasicTypeRegistry - Adding type registration string -> org.hibernate.type.StringType@35c12c7a
[DEBUG] 2022-03-31 13:08:53.913 [main] BasicTypeRegistry - Adding type registration java.lang.String -> org.hibernate.type.StringType@35c12c7a
[DEBUG] 2022-03-31 13:08:53.913 [main] BasicTypeRegistry - Adding type registration nstring -> org.hibernate.type.StringNVarcharType@4ac86d6a
[DEBUG] 2022-03-31 13:08:53.914 [main] BasicTypeRegistry - Adding type registration ncharacter -> org.hibernate.type.CharacterNCharType@1e58512c
[DEBUG] 2022-03-31 13:08:53.914 [main] BasicTypeRegistry - Adding type registration url -> org.hibernate.type.UrlType@38d17d80
[DEBUG] 2022-03-31 13:08:53.914 [main] BasicTypeRegistry - Adding type registration java.net.URL -> org.hibernate.type.UrlType@38d17d80
[DEBUG] 2022-03-31 13:08:53.916 [main] BasicTypeRegistry - Adding type registration Duration -> org.hibernate.type.DurationType@4fc3c165
[DEBUG] 2022-03-31 13:08:53.916 [main] BasicTypeRegistry - Adding type registration java.time.Duration -> org.hibernate.type.DurationType@4fc3c165
[DEBUG] 2022-03-31 13:08:53.929 [main] BasicTypeRegistry - Adding type registration Instant -> org.hibernate.type.InstantType@80bfdc6
[DEBUG] 2022-03-31 13:08:53.930 [main] BasicTypeRegistry - Adding type registration java.time.Instant -> org.hibernate.type.InstantType@80bfdc6
[DEBUG] 2022-03-31 13:08:53.931 [main] BasicTypeRegistry - Adding type registration LocalDateTime -> org.hibernate.type.LocalDateTimeType@e84fb85
[DEBUG] 2022-03-31 13:08:53.931 [main] BasicTypeRegistry - Adding type registration java.time.LocalDateTime -> org.hibernate.type.LocalDateTimeType@e84fb85
[DEBUG] 2022-03-31 13:08:53.932 [main] BasicTypeRegistry - Adding type registration LocalDate -> org.hibernate.type.LocalDateType@46963479
[DEBUG] 2022-03-31 13:08:53.932 [main] BasicTypeRegistry - Adding type registration java.time.LocalDate -> org.hibernate.type.LocalDateType@46963479
[DEBUG] 2022-03-31 13:08:53.933 [main] BasicTypeRegistry - Adding type registration LocalTime -> org.hibernate.type.LocalTimeType@78054f54
[DEBUG] 2022-03-31 13:08:53.933 [main] BasicTypeRegistry - Adding type registration java.time.LocalTime -> org.hibernate.type.LocalTimeType@78054f54
[DEBUG] 2022-03-31 13:08:53.934 [main] BasicTypeRegistry - Adding type registration OffsetDateTime -> org.hibernate.type.OffsetDateTimeType@15400fff
[DEBUG] 2022-03-31 13:08:53.934 [main] BasicTypeRegistry - Adding type registration java.time.OffsetDateTime -> org.hibernate.type.OffsetDateTimeType@15400fff
[DEBUG] 2022-03-31 13:08:53.935 [main] BasicTypeRegistry - Adding type registration OffsetTime -> org.hibernate.type.OffsetTimeType@620c8641
[DEBUG] 2022-03-31 13:08:53.935 [main] BasicTypeRegistry - Adding type registration java.time.OffsetTime -> org.hibernate.type.OffsetTimeType@620c8641
[DEBUG] 2022-03-31 13:08:53.936 [main] BasicTypeRegistry - Adding type registration ZonedDateTime -> org.hibernate.type.ZonedDateTimeType@3ee0b4f7
[DEBUG] 2022-03-31 13:08:53.936 [main] BasicTypeRegistry - Adding type registration java.time.ZonedDateTime -> org.hibernate.type.ZonedDateTimeType@3ee0b4f7
[DEBUG] 2022-03-31 13:08:53.936 [main] BasicTypeRegistry - Adding type registration date -> org.hibernate.type.DateType@455c1d8c
[DEBUG] 2022-03-31 13:08:53.937 [main] BasicTypeRegistry - Adding type registration java.sql.Date -> org.hibernate.type.DateType@455c1d8c
[DEBUG] 2022-03-31 13:08:53.937 [main] BasicTypeRegistry - Adding type registration time -> org.hibernate.type.TimeType@53e800f9
[DEBUG] 2022-03-31 13:08:53.937 [main] BasicTypeRegistry - Adding type registration java.sql.Time -> org.hibernate.type.TimeType@53e800f9
[DEBUG] 2022-03-31 13:08:53.938 [main] BasicTypeRegistry - Adding type registration timestamp -> org.hibernate.type.TimestampType@5b5e7036
[DEBUG] 2022-03-31 13:08:53.939 [main] BasicTypeRegistry - Adding type registration java.sql.Timestamp -> org.hibernate.type.TimestampType@5b5e7036
[DEBUG] 2022-03-31 13:08:53.939 [main] BasicTypeRegistry - Adding type registration java.util.Date -> org.hibernate.type.TimestampType@5b5e7036
[DEBUG] 2022-03-31 13:08:53.939 [main] BasicTypeRegistry - Adding type registration dbtimestamp -> org.hibernate.type.DbTimestampType@467b684d
[DEBUG] 2022-03-31 13:08:53.940 [main] BasicTypeRegistry - Adding type registration calendar -> org.hibernate.type.CalendarType@6c3659be
[DEBUG] 2022-03-31 13:08:53.940 [main] BasicTypeRegistry - Adding type registration java.util.Calendar -> org.hibernate.type.CalendarType@6c3659be
[DEBUG] 2022-03-31 13:08:53.940 [main] BasicTypeRegistry - Adding type registration java.util.GregorianCalendar -> org.hibernate.type.CalendarType@6c3659be
[DEBUG] 2022-03-31 13:08:53.941 [main] BasicTypeRegistry - Adding type registration calendar_date -> org.hibernate.type.CalendarDateType@c3edf4c
[DEBUG] 2022-03-31 13:08:53.941 [main] BasicTypeRegistry - Adding type registration locale -> org.hibernate.type.LocaleType@5fcfde70
[DEBUG] 2022-03-31 13:08:53.941 [main] BasicTypeRegistry - Adding type registration java.util.Locale -> org.hibernate.type.LocaleType@5fcfde70
[DEBUG] 2022-03-31 13:08:53.942 [main] BasicTypeRegistry - Adding type registration currency -> org.hibernate.type.CurrencyType@726aa968
[DEBUG] 2022-03-31 13:08:53.942 [main] BasicTypeRegistry - Adding type registration java.util.Currency -> org.hibernate.type.CurrencyType@726aa968
[DEBUG] 2022-03-31 13:08:53.942 [main] BasicTypeRegistry - Adding type registration timezone -> org.hibernate.type.TimeZoneType@1cd3b138
[DEBUG] 2022-03-31 13:08:53.943 [main] BasicTypeRegistry - Adding type registration java.util.TimeZone -> org.hibernate.type.TimeZoneType@1cd3b138
[DEBUG] 2022-03-31 13:08:53.943 [main] BasicTypeRegistry - Adding type registration class -> org.hibernate.type.ClassType@6dcc40f5
[DEBUG] 2022-03-31 13:08:53.944 [main] BasicTypeRegistry - Adding type registration java.lang.Class -> org.hibernate.type.ClassType@6dcc40f5
[DEBUG] 2022-03-31 13:08:53.944 [main] BasicTypeRegistry - Adding type registration uuid-binary -> org.hibernate.type.UUIDBinaryType@4745e9c
[DEBUG] 2022-03-31 13:08:53.944 [main] BasicTypeRegistry - Adding type registration java.util.UUID -> org.hibernate.type.UUIDBinaryType@4745e9c
[DEBUG] 2022-03-31 13:08:53.944 [main] BasicTypeRegistry - Adding type registration uuid-char -> org.hibernate.type.UUIDCharType@296e281a
[DEBUG] 2022-03-31 13:08:53.945 [main] BasicTypeRegistry - Adding type registration binary -> org.hibernate.type.BinaryType@588f63c
[DEBUG] 2022-03-31 13:08:53.945 [main] BasicTypeRegistry - Adding type registration byte[] -> org.hibernate.type.BinaryType@588f63c
[DEBUG] 2022-03-31 13:08:53.945 [main] BasicTypeRegistry - Adding type registration [B -> org.hibernate.type.BinaryType@588f63c
[DEBUG] 2022-03-31 13:08:53.946 [main] BasicTypeRegistry - Adding type registration wrapper-binary -> org.hibernate.type.WrapperBinaryType@dc4a691
[DEBUG] 2022-03-31 13:08:53.946 [main] BasicTypeRegistry - Adding type registration Byte[] -> org.hibernate.type.WrapperBinaryType@dc4a691
[DEBUG] 2022-03-31 13:08:53.946 [main] BasicTypeRegistry - Adding type registration [Ljava.lang.Byte; -> org.hibernate.type.WrapperBinaryType@dc4a691
[DEBUG] 2022-03-31 13:08:53.947 [main] BasicTypeRegistry - Adding type registration row_version -> org.hibernate.type.RowVersionType@ec8f4b9
[DEBUG] 2022-03-31 13:08:53.947 [main] BasicTypeRegistry - Adding type registration image -> org.hibernate.type.ImageType@7efb53af
[DEBUG] 2022-03-31 13:08:53.947 [main] BasicTypeRegistry - Adding type registration characters -> org.hibernate.type.CharArrayType@443effcb
[DEBUG] 2022-03-31 13:08:53.947 [main] BasicTypeRegistry - Adding type registration char[] -> org.hibernate.type.CharArrayType@443effcb
[DEBUG] 2022-03-31 13:08:53.947 [main] BasicTypeRegistry - Adding type registration [C -> org.hibernate.type.CharArrayType@443effcb
[DEBUG] 2022-03-31 13:08:53.948 [main] BasicTypeRegistry - Adding type registration wrapper-characters -> org.hibernate.type.CharacterArrayType@41eb94bc
[DEBUG] 2022-03-31 13:08:53.948 [main] BasicTypeRegistry - Adding type registration [Ljava.lang.Character; -> org.hibernate.type.CharacterArrayType@41eb94bc
[DEBUG] 2022-03-31 13:08:53.948 [main] BasicTypeRegistry - Adding type registration Character[] -> org.hibernate.type.CharacterArrayType@41eb94bc
[DEBUG] 2022-03-31 13:08:53.948 [main] BasicTypeRegistry - Adding type registration text -> org.hibernate.type.TextType@43af351a
[DEBUG] 2022-03-31 13:08:53.949 [main] BasicTypeRegistry - Adding type registration ntext -> org.hibernate.type.NTextType@762637be
[DEBUG] 2022-03-31 13:08:53.950 [main] BasicTypeRegistry - Adding type registration blob -> org.hibernate.type.BlobType@119aa36
[DEBUG] 2022-03-31 13:08:53.950 [main] BasicTypeRegistry - Adding type registration java.sql.Blob -> org.hibernate.type.BlobType@119aa36
[DEBUG] 2022-03-31 13:08:53.950 [main] BasicTypeRegistry - Adding type registration materialized_blob -> org.hibernate.type.MaterializedBlobType@6caf7803
[DEBUG] 2022-03-31 13:08:53.951 [main] BasicTypeRegistry - Adding type registration clob -> org.hibernate.type.ClobType@38eb0f4d
[DEBUG] 2022-03-31 13:08:53.951 [main] BasicTypeRegistry - Adding type registration java.sql.Clob -> org.hibernate.type.ClobType@38eb0f4d
[DEBUG] 2022-03-31 13:08:53.951 [main] BasicTypeRegistry - Adding type registration nclob -> org.hibernate.type.NClobType@18b8d173
[DEBUG] 2022-03-31 13:08:53.954 [main] BasicTypeRegistry - Adding type registration java.sql.NClob -> org.hibernate.type.NClobType@18b8d173
[DEBUG] 2022-03-31 13:08:53.954 [main] BasicTypeRegistry - Adding type registration materialized_clob -> org.hibernate.type.MaterializedClobType@46349b95
[DEBUG] 2022-03-31 13:08:53.954 [main] BasicTypeRegistry - Adding type registration materialized_nclob -> org.hibernate.type.MaterializedNClobType@748d2277
[DEBUG] 2022-03-31 13:08:53.955 [main] BasicTypeRegistry - Adding type registration serializable -> org.hibernate.type.SerializableType@58f39564
[DEBUG] 2022-03-31 13:08:53.961 [main] BasicTypeRegistry - Adding type registration object -> org.hibernate.type.ObjectType@671d1157
[DEBUG] 2022-03-31 13:08:53.961 [main] BasicTypeRegistry - Adding type registration java.lang.Object -> org.hibernate.type.ObjectType@671d1157
[DEBUG] 2022-03-31 13:08:53.961 [main] BasicTypeRegistry - Adding type registration imm_date -> org.hibernate.type.AdaptedImmutableType@25aeb5ac
[DEBUG] 2022-03-31 13:08:53.961 [main] BasicTypeRegistry - Adding type registration imm_time -> org.hibernate.type.AdaptedImmutableType@c755b2
[DEBUG] 2022-03-31 13:08:53.961 [main] BasicTypeRegistry - Adding type registration imm_timestamp -> org.hibernate.type.AdaptedImmutableType@3bd2af5b
[DEBUG] 2022-03-31 13:08:53.962 [main] BasicTypeRegistry - Adding type registration imm_dbtimestamp -> org.hibernate.type.AdaptedImmutableType@250a500b
[DEBUG] 2022-03-31 13:08:53.962 [main] BasicTypeRegistry - Adding type registration imm_calendar -> org.hibernate.type.AdaptedImmutableType@75d982d3
[DEBUG] 2022-03-31 13:08:53.962 [main] BasicTypeRegistry - Adding type registration imm_calendar_date -> org.hibernate.type.AdaptedImmutableType@4f89331f
[DEBUG] 2022-03-31 13:08:53.962 [main] BasicTypeRegistry - Adding type registration imm_binary -> org.hibernate.type.AdaptedImmutableType@618ff5c2
[DEBUG] 2022-03-31 13:08:53.962 [main] BasicTypeRegistry - Adding type registration imm_serializable -> org.hibernate.type.AdaptedImmutableType@16727bf0
[DEBUG] 2022-03-31 13:08:54.018 [main] DefaultIdentifierGeneratorFactory - Registering IdentifierGenerator strategy [uuid2] -> [org.hibernate.id.UUIDGenerator]
[DEBUG] 2022-03-31 13:08:54.020 [main] DefaultIdentifierGeneratorFactory - Registering IdentifierGenerator strategy [guid] -> [org.hibernate.id.GUIDGenerator]
[DEBUG] 2022-03-31 13:08:54.021 [main] DefaultIdentifierGeneratorFactory - Registering IdentifierGenerator strategy [uuid] -> [org.hibernate.id.UUIDHexGenerator]
[DEBUG] 2022-03-31 13:08:54.021 [main] DefaultIdentifierGeneratorFactory - Registering IdentifierGenerator strategy [uuid.hex] -> [org.hibernate.id.UUIDHexGenerator]
[DEBUG] 2022-03-31 13:08:54.021 [main] DefaultIdentifierGeneratorFactory - Registering IdentifierGenerator strategy [assigned] -> [org.hibernate.id.Assigned]
[DEBUG] 2022-03-31 13:08:54.022 [main] DefaultIdentifierGeneratorFactory - Registering IdentifierGenerator strategy [identity] -> [org.hibernate.id.IdentityGenerator]
[DEBUG] 2022-03-31 13:08:54.022 [main] DefaultIdentifierGeneratorFactory - Registering IdentifierGenerator strategy [select] -> [org.hibernate.id.SelectGenerator]
[DEBUG] 2022-03-31 13:08:54.023 [main] DefaultIdentifierGeneratorFactory - Registering IdentifierGenerator strategy [sequence] -> [org.hibernate.id.enhanced.SequenceStyleGenerator]
[DEBUG] 2022-03-31 13:08:54.023 [main] DefaultIdentifierGeneratorFactory - Registering IdentifierGenerator strategy [seqhilo] -> [org.hibernate.id.SequenceHiLoGenerator]
[DEBUG] 2022-03-31 13:08:54.024 [main] DefaultIdentifierGeneratorFactory - Registering IdentifierGenerator strategy [increment] -> [org.hibernate.id.IncrementGenerator]
[DEBUG] 2022-03-31 13:08:54.024 [main] DefaultIdentifierGeneratorFactory - Registering IdentifierGenerator strategy [foreign] -> [org.hibernate.id.ForeignGenerator]
[DEBUG] 2022-03-31 13:08:54.024 [main] DefaultIdentifierGeneratorFactory - Registering IdentifierGenerator strategy [sequence-identity] -> [org.hibernate.id.SequenceIdentityGenerator]
[DEBUG] 2022-03-31 13:08:54.025 [main] DefaultIdentifierGeneratorFactory - Registering IdentifierGenerator strategy [enhanced-sequence] -> [org.hibernate.id.enhanced.SequenceStyleGenerator]
[DEBUG] 2022-03-31 13:08:54.025 [main] DefaultIdentifierGeneratorFactory - Registering IdentifierGenerator strategy [enhanced-table] -> [org.hibernate.id.enhanced.TableGenerator]
[INFO ] 2022-03-31 13:08:54.034 [main] C3P0ConnectionProvider - HHH010002: C3P0 using driver: com.mysql.cj.jdbc.Driver at URL: jdbc:mysql://localhost:3306/wdev?serverTimezone=UTC
[INFO ] 2022-03-31 13:08:54.035 [main] C3P0ConnectionProvider - HHH10001001: Connection properties: {password=****, user=root}
[INFO ] 2022-03-31 13:08:54.035 [main] C3P0ConnectionProvider - HHH10001003: Autocommit mode: false
[INFO ] 2022-03-31 13:08:54.197 [main] C3P0ConnectionProvider - HHH10001007: JDBC isolation level: <unknown>
[DEBUG] 2022-03-31 13:08:54.436 [main] JdbcEnvironmentInitiator - Database ->
       name : MySQL
    version : 8.0.28
      major : 8
      minor : 0
[DEBUG] 2022-03-31 13:08:54.437 [main] JdbcEnvironmentInitiator - Driver ->
       name : MySQL Connector/J
    version : mysql-connector-java-8.0.28 (Revision: 7ff2161da3899f379fb3171b6538b191b1c5c7e2)
      major : 8
      minor : 0
[DEBUG] 2022-03-31 13:08:54.437 [main] JdbcEnvironmentInitiator - JDBC version : 4.2
[INFO ] 2022-03-31 13:08:54.449 [main] Dialect - HHH000400: Using dialect: org.hibernate.dialect.MySQL8Dialect
[DEBUG] 2022-03-31 13:08:54.462 [main] IdentifierHelperBuilder - JDBC driver metadata reported database stores quoted identifiers in more than one case
[DEBUG] 2022-03-31 13:08:54.482 [main] IdentifierHelperBuilder - IdentifierCaseStrategy for both quoted and unquoted identifiers was set to the same strategy [MIXED]; that will likely lead to problems in schema update and validation if using quoted identifiers
[DEBUG] 2022-03-31 13:08:54.522 [main] Namespace - Created database namespace [logicalName=Name{catalog=null, schema=null}, physicalName=Name{catalog=null, schema=null}]
[DEBUG] 2022-03-31 13:08:54.530 [main] TypeConfiguration$Scope - Scoping TypeConfiguration [org.hibernate.type.spi.TypeConfiguration@12a2585b] to MetadataBuildingContext [org.hibernate.boot.internal.MetadataBuildingContextRootImpl@21b6c9c2]
[DEBUG] 2022-03-31 13:08:54.569 [main] AnnotationBinder - Binding entity from annotated class: com.palmerlarson.entity.User
[DEBUG] 2022-03-31 13:08:54.582 [main] Ejb3Column - Binding column: Ejb3DiscriminatorColumn{logicalColumnName'DTYPE', discriminatorTypeName='string'}
[DEBUG] 2022-03-31 13:08:54.584 [main] EntityBinder - Import with entity name User
[DEBUG] 2022-03-31 13:08:54.587 [main] EntityBinder - Bind entity com.palmerlarson.entity.User on table user
[DEBUG] 2022-03-31 13:08:54.615 [main] Ejb3Column - Binding column: Ejb3Column{table=org.hibernate.mapping.Table(user), mappingColumn=id, insertable=true, updatable=true, unique=false}
[DEBUG] 2022-03-31 13:08:54.616 [main] PropertyBinder - MetadataSourceProcessor property id with lazy=false
[DEBUG] 2022-03-31 13:08:54.617 [main] AbstractPropertyHolder - Attempting to locate auto-apply AttributeConverter for property [com.palmerlarson.entity.User:id]
[DEBUG] 2022-03-31 13:08:54.619 [main] SimpleValueBinder - building SimpleValue for id
[DEBUG] 2022-03-31 13:08:54.621 [main] PropertyBinder - Building property id
[DEBUG] 2022-03-31 13:08:54.624 [main] BinderHelper - #makeIdGenerator(org.hibernate.mapping.SimpleValue([org.hibernate.mapping.Column(id)]), id, org.hibernate.id.enhanced.SequenceStyleGenerator, native, ...)
[DEBUG] 2022-03-31 13:08:54.627 [main] Ejb3Column - Binding column: Ejb3Column{table=org.hibernate.mapping.Table(user), mappingColumn=first_name, insertable=true, updatable=true, unique=false}
[DEBUG] 2022-03-31 13:08:54.628 [main] PropertyBinder - MetadataSourceProcessor property first_name with lazy=false
[DEBUG] 2022-03-31 13:08:54.628 [main] AbstractPropertyHolder - Attempting to locate auto-apply AttributeConverter for property [com.palmerlarson.entity.User:first_name]
[DEBUG] 2022-03-31 13:08:54.628 [main] SimpleValueBinder - building SimpleValue for first_name
[DEBUG] 2022-03-31 13:08:54.628 [main] PropertyBinder - Building property first_name
[DEBUG] 2022-03-31 13:08:54.628 [main] Ejb3Column - Binding column: Ejb3Column{table=org.hibernate.mapping.Table(user), mappingColumn=gross_income, insertable=true, updatable=true, unique=false}
[DEBUG] 2022-03-31 13:08:54.628 [main] PropertyBinder - MetadataSourceProcessor property gross_income with lazy=false
[DEBUG] 2022-03-31 13:08:54.629 [main] AbstractPropertyHolder - Attempting to locate auto-apply AttributeConverter for property [com.palmerlarson.entity.User:gross_income]
[DEBUG] 2022-03-31 13:08:54.629 [main] SimpleValueBinder - building SimpleValue for gross_income
[DEBUG] 2022-03-31 13:08:54.629 [main] PropertyBinder - Building property gross_income
[DEBUG] 2022-03-31 13:08:54.629 [main] Ejb3Column - Binding column: Ejb3Column{table=org.hibernate.mapping.Table(user), mappingColumn=last_name, insertable=true, updatable=true, unique=false}
[DEBUG] 2022-03-31 13:08:54.629 [main] PropertyBinder - MetadataSourceProcessor property last_name with lazy=false
[DEBUG] 2022-03-31 13:08:54.629 [main] AbstractPropertyHolder - Attempting to locate auto-apply AttributeConverter for property [com.palmerlarson.entity.User:last_name]
[DEBUG] 2022-03-31 13:08:54.629 [main] SimpleValueBinder - building SimpleValue for last_name
[DEBUG] 2022-03-31 13:08:54.629 [main] PropertyBinder - Building property last_name
[DEBUG] 2022-03-31 13:08:54.629 [main] Ejb3Column - Binding column: Ejb3Column{table=org.hibernate.mapping.Table(user), mappingColumn=user_email, insertable=true, updatable=true, unique=false}
[DEBUG] 2022-03-31 13:08:54.629 [main] PropertyBinder - MetadataSourceProcessor property user_email with lazy=false
[DEBUG] 2022-03-31 13:08:54.629 [main] AbstractPropertyHolder - Attempting to locate auto-apply AttributeConverter for property [com.palmerlarson.entity.User:user_email]
[DEBUG] 2022-03-31 13:08:54.629 [main] SimpleValueBinder - building SimpleValue for user_email
[DEBUG] 2022-03-31 13:08:54.629 [main] PropertyBinder - Building property user_email
[DEBUG] 2022-03-31 13:08:54.635 [main] SimpleValueBinder - Starting fillSimpleValue for id
[DEBUG] 2022-03-31 13:08:54.636 [main] SimpleValueBinder - Starting fillSimpleValue for first_name
[DEBUG] 2022-03-31 13:08:54.636 [main] SimpleValueBinder - Starting fillSimpleValue for gross_income
[DEBUG] 2022-03-31 13:08:54.636 [main] SimpleValueBinder - Starting fillSimpleValue for last_name
[DEBUG] 2022-03-31 13:08:54.636 [main] SimpleValueBinder - Starting fillSimpleValue for user_email
[DEBUG] 2022-03-31 13:08:54.637 [main] PrimaryKey - Forcing column [id] to be non-null as it is part of the primary key for table [user]
[DEBUG] 2022-03-31 13:08:54.658 [main] SessionFactoryImpl - Building session factory
[DEBUG] 2022-03-31 13:08:54.659 [main] Settings - SessionFactory name : null
[DEBUG] 2022-03-31 13:08:54.659 [main] Settings - Automatic flush during beforeCompletion(): enabled
[DEBUG] 2022-03-31 13:08:54.659 [main] Settings - Automatic session close at end of transaction: disabled
[DEBUG] 2022-03-31 13:08:54.659 [main] Settings - Statistics: disabled
[DEBUG] 2022-03-31 13:08:54.659 [main] Settings - Deleted entity synthetic identifier rollback: disabled
[DEBUG] 2022-03-31 13:08:54.659 [main] Settings - Default entity-mode: pojo
[DEBUG] 2022-03-31 13:08:54.659 [main] Settings - Check Nullability in Core (should be disabled when Bean Validation is on): enabled
[DEBUG] 2022-03-31 13:08:54.659 [main] Settings - Allow initialization of lazy state outside session : disabled
[DEBUG] 2022-03-31 13:08:54.660 [main] Settings - Using BatchFetchStyle : LEGACY
[DEBUG] 2022-03-31 13:08:54.660 [main] Settings - Default batch fetch size: -1
[DEBUG] 2022-03-31 13:08:54.660 [main] Settings - Maximum outer join fetch depth: 2
[DEBUG] 2022-03-31 13:08:54.660 [main] Settings - Default null ordering: NONE
[DEBUG] 2022-03-31 13:08:54.660 [main] Settings - Order SQL updates by primary key: disabled
[DEBUG] 2022-03-31 13:08:54.660 [main] Settings - Order SQL inserts for batching: disabled
[DEBUG] 2022-03-31 13:08:54.660 [main] Settings - multi-tenancy strategy : NONE
[DEBUG] 2022-03-31 13:08:54.660 [main] Settings - JTA Track by Thread: enabled
[DEBUG] 2022-03-31 13:08:54.660 [main] Settings - Query language substitutions: {}
[DEBUG] 2022-03-31 13:08:54.660 [main] Settings - Named query checking : enabled
[DEBUG] 2022-03-31 13:08:54.660 [main] Settings - Second-level cache: disabled
[DEBUG] 2022-03-31 13:08:54.660 [main] Settings - Second-level query cache: disabled
[DEBUG] 2022-03-31 13:08:54.660 [main] Settings - Second-level query cache factory: null
[DEBUG] 2022-03-31 13:08:54.660 [main] Settings - Second-level cache region prefix: null
[DEBUG] 2022-03-31 13:08:54.660 [main] Settings - Optimize second-level cache for minimal puts: disabled
[DEBUG] 2022-03-31 13:08:54.660 [main] Settings - Structured second-level cache entries: disabled
[DEBUG] 2022-03-31 13:08:54.660 [main] Settings - Second-level cache direct-reference entries: disabled
[DEBUG] 2022-03-31 13:08:54.660 [main] Settings - Automatic eviction of collection cache: disabled
[DEBUG] 2022-03-31 13:08:54.660 [main] Settings - JDBC batch size: 15
[DEBUG] 2022-03-31 13:08:54.660 [main] Settings - JDBC batch updates for versioned data: enabled
[DEBUG] 2022-03-31 13:08:54.660 [main] Settings - Scrollable result sets: enabled
[DEBUG] 2022-03-31 13:08:54.660 [main] Settings - Wrap result sets: disabled
[DEBUG] 2022-03-31 13:08:54.660 [main] Settings - JDBC3 getGeneratedKeys(): enabled
[DEBUG] 2022-03-31 13:08:54.660 [main] Settings - JDBC result set fetch size: null
[DEBUG] 2022-03-31 13:08:54.661 [main] Settings - Connection release mode: AFTER_TRANSACTION
[DEBUG] 2022-03-31 13:08:54.661 [main] Settings - Generate SQL with comments: disabled
[DEBUG] 2022-03-31 13:08:54.661 [main] Settings - JPA compliance - query : 
[DEBUG] 2022-03-31 13:08:54.661 [main] Settings - JPA compliance - closed-handling : 
[DEBUG] 2022-03-31 13:08:54.661 [main] Settings - JPA compliance - lists : 
[DEBUG] 2022-03-31 13:08:54.661 [main] Settings - JPA compliance - transactions : 
[INFO ] 2022-03-31 13:08:54.689 [main] beans - HHH10005002: No explicit CDI BeanManager reference was passed to Hibernate, but CDI is available on the Hibernate ClassLoader.
[DEBUG] 2022-03-31 13:08:54.702 [main] SessionFactoryImpl - Session factory constructed with filter configurations : {}
[DEBUG] 2022-03-31 13:08:54.702 [main] SessionFactoryImpl - Instantiating session factory with properties: {gopherProxySet=false, awt.toolkit=sun.lwawt.macosx.LWCToolkit, java.specification.version=11, sun.cpu.isalist=, hibernate.c3p0.idle_test_period=3000, sun.jnu.encoding=UTF-8, hibernate.c3p0.min_size=5, java.class.path=/Applications/IntelliJ IDEA.app/Contents/lib/idea_rt.jar:/Applications/IntelliJ IDEA.app/Contents/plugins/junit/lib/junit5-rt.jar:/Applications/IntelliJ IDEA.app/Contents/plugins/junit/lib/junit-rt.jar:/Users/palmerlarson/IdeaProjects/IndieProject/target/test-classes:/Users/palmerlarson/IdeaProjects/IndieProject/target/classes:/Users/palmerlarson/.m2/repository/org/hibernate/hibernate-core/5.4.4.Final/hibernate-core-5.4.4.Final.jar:/Users/palmerlarson/.m2/repository/org/jboss/logging/jboss-logging/3.3.2.Final/jboss-logging-3.3.2.Final.jar:/Users/palmerlarson/.m2/repository/javax/persistence/javax.persistence-api/2.2/javax.persistence-api-2.2.jar:/Users/palmerlarson/.m2/repository/org/javassist/javassist/3.24.0-GA/javassist-3.24.0-GA.jar:/Users/palmerlarson/.m2/repository/net/bytebuddy/byte-buddy/1.9.11/byte-buddy-1.9.11.jar:/Users/palmerlarson/.m2/repository/antlr/antlr/2.7.7/antlr-2.7.7.jar:/Users/palmerlarson/.m2/repository/org/jboss/spec/javax/transaction/jboss-transaction-api_1.2_spec/1.1.1.Final/jboss-transaction-api_1.2_spec-1.1.1.Final.jar:/Users/palmerlarson/.m2/repository/org/jboss/jandex/2.0.5.Final/jandex-2.0.5.Final.jar:/Users/palmerlarson/.m2/repository/com/fasterxml/classmate/1.3.4/classmate-1.3.4.jar:/Users/palmerlarson/.m2/repository/javax/activation/javax.activation-api/1.2.0/javax.activation-api-1.2.0.jar:/Users/palmerlarson/.m2/repository/org/dom4j/dom4j/2.1.1/dom4j-2.1.1.jar:/Users/palmerlarson/.m2/repository/org/hibernate/common/hibernate-commons-annotations/5.1.0.Final/hibernate-commons-annotations-5.1.0.Final.jar:/Users/palmerlarson/.m2/repository/javax/xml/bind/jaxb-api/2.3.1/jaxb-api-2.3.1.jar:/Users/palmerlarson/.m2/repository/org/glassfish/jaxb/jaxb-runtime/2.3.1/jaxb-runtime-2.3.1.jar:/Users/palmerlarson/.m2/repository/org/glassfish/jaxb/txw2/2.3.1/txw2-2.3.1.jar:/Users/palmerlarson/.m2/repository/com/sun/istack/istack-commons-runtime/3.0.7/istack-commons-runtime-3.0.7.jar:/Users/palmerlarson/.m2/repository/org/jvnet/staxex/stax-ex/1.8/stax-ex-1.8.jar:/Users/palmerlarson/.m2/repository/com/sun/xml/fastinfoset/FastInfoset/1.2.15/FastInfoset-1.2.15.jar:/Users/palmerlarson/.m2/repository/org/hibernate/hibernate-c3p0/5.4.4.Final/hibernate-c3p0-5.4.4.Final.jar:/Users/palmerlarson/.m2/repository/com/mchange/c3p0/0.9.5.3/c3p0-0.9.5.3.jar:/Users/palmerlarson/.m2/repository/com/mchange/mchange-commons-java/0.2.15/mchange-commons-java-0.2.15.jar:/Users/palmerlarson/.m2/repository/org/apache/logging/log4j/log4j-api/2.10.0/log4j-api-2.10.0.jar:/Users/palmerlarson/.m2/repository/org/apache/logging/log4j/log4j-core/2.10.0/log4j-core-2.10.0.jar:/Users/palmerlarson/.m2/repository/javax/javaee-web-api/7.0/javaee-web-api-7.0.jar:/Users/palmerlarson/.m2/repository/org/junit/platform/junit-platform-runner/1.0.0/junit-platform-runner-1.0.0.jar:/Users/palmerlarson/.m2/repository/org/apiguardian/apiguardian-api/1.0.0/apiguardian-api-1.0.0.jar:/Users/palmerlarson/.m2/repository/org/junit/platform/junit-platform-launcher/1.0.0/junit-platform-launcher-1.0.0.jar:/Users/palmerlarson/.m2/repository/org/junit/platform/junit-platform-suite-api/1.0.0/junit-platform-suite-api-1.0.0.jar:/Users/palmerlarson/.m2/repository/org/junit/platform/junit-platform-commons/1.0.0/junit-platform-commons-1.0.0.jar:/Users/palmerlarson/.m2/repository/org/junit/vintage/junit-vintage-engine/4.12.0/junit-vintage-engine-4.12.0.jar:/Users/palmerlarson/.m2/repository/org/junit/platform/junit-platform-engine/1.0.0/junit-platform-engine-1.0.0.jar:/Users/palmerlarson/.m2/repository/org/opentest4j/opentest4j/1.0.0/opentest4j-1.0.0.jar:/Users/palmerlarson/.m2/repository/org/junit/jupiter/junit-jupiter-engine/5.0.0/junit-jupiter-engine-5.0.0.jar:/Users/palmerlarson/.m2/repository/org/junit/jupiter/junit-jupiter-api/5.0.0/junit-jupiter-api-5.0.0.jar:/Users/palmerlarson/.m2/repository/junit/junit/4.12/junit-4.12.jar:/Users/palmerlarson/.m2/repository/org/hamcrest/hamcrest-core/1.3/hamcrest-core-1.3.jar:/Users/palmerlarson/.m2/repository/jstl/jstl/1.2/jstl-1.2.jar:/Users/palmerlarson/.m2/repository/mysql/mysql-connector-java/8.0.28/mysql-connector-java-8.0.28.jar:/Users/palmerlarson/.m2/repository/com/google/protobuf/protobuf-java/3.11.4/protobuf-java-3.11.4.jar:/Users/palmerlarson/.m2/repository/com/auth0/java-jwt/3.18.3/java-jwt-3.18.3.jar:/Users/palmerlarson/.m2/repository/org/json/json/20170516/json-20170516.jar:/Users/palmerlarson/.m2/repository/commons-io/commons-io/2.11.0/commons-io-2.11.0.jar:/Users/palmerlarson/.m2/repository/com/fasterxml/jackson/core/jackson-databind/2.10.0/jackson-databind-2.10.0.jar:/Users/palmerlarson/.m2/repository/com/fasterxml/jackson/core/jackson-annotations/2.10.0/jackson-annotations-2.10.0.jar:/Users/palmerlarson/.m2/repository/com/fasterxml/jackson/core/jackson-core/2.10.0/jackson-core-2.10.0.jar:/Users/palmerlarson/.m2/repository/commons-codec/commons-codec/1.7/commons-codec-1.7.jar, java.vm.vendor=Oracle Corporation, sun.arch.data.model=64, idea.test.cyclic.buffer.size=1048576, java.vendor.url=https://openjdk.java.net/, user.timezone=America/Chicago, os.name=Mac OS X, java.vm.specification.version=11, sun.java.launcher=SUN_STANDARD, user.country=US, sun.boot.library.path=/Library/Java/JavaVirtualMachines/jdk-11.0.14.jdk/Contents/Home/lib, sun.java.command=com.intellij.rt.junit.JUnitStarter -ideVersion5 -junit5 com.palmerlarson.persistence.UserDaoTest, http.nonProxyHosts=local|*.local|169.254/16|*.169.254/16, jdk.debug=release, sun.cpu.endian=little, user.home=/Users/palmerlarson, hibernate.c3p0.max_statements=50, user.language=en, java.specification.vendor=Oracle Corporation, java.version.date=2022-01-18, java.home=/Library/Java/JavaVirtualMachines/jdk-11.0.14.jdk/Contents/Home, file.separator=/, java.vm.compressedOopsMode=Zero based, line.separator=
, hibernate.c3p0.timeout=300, java.specification.name=Java Platform API Specification, java.vm.specification.vendor=Oracle Corporation, java.awt.graphicsenv=sun.awt.CGraphicsEnvironment, connection.password=palmer1995, sun.management.compiler=HotSpot 64-Bit Tiered Compilers, ftp.nonProxyHosts=local|*.local|169.254/16|*.169.254/16, hibernate.c3p0.max_size=20, java.runtime.version=11.0.14+8-LTS-263, user.name=palmerlarson, path.separator=:, hibernate.connection.username=****, os.version=12.3, java.runtime.name=Java(TM) SE Runtime Environment, hibernate.connection.url=jdbc:mysql://localhost:3306/wdev?serverTimezone=UTC, file.encoding=UTF-8, java.vm.name=Java HotSpot(TM) 64-Bit Server VM, java.vendor.version=18.9, hibernate.connection.driver_class=com.mysql.cj.jdbc.Driver, java.vendor.url.bug=https://bugreport.java.com/bugreport/, java.io.tmpdir=/var/folders/7_/hjc2wkns2zj3yl0np9mvr3cm0000gn/T/, java.version=11.0.14, user.dir=/Users/palmerlarson/IdeaProjects/IndieProject, os.arch=x86_64, connection.username=root, java.vm.specification.name=Java Virtual Machine Specification, java.awt.printerjob=sun.lwawt.macosx.CPrinterJob, hibernate.connection.password=****, sun.os.patch.level=unknown, connection.driver_class=com.mysql.cj.jdbc.Driver, hibernate.boot.CfgXmlAccessService.key=org.hibernate.boot.cfgxml.spi.LoadedConfig@7f73ce28, java.library.path=/Users/palmerlarson/Library/Java/Extensions:/Library/Java/Extensions:/Network/Library/Java/Extensions:/System/Library/Java/Extensions:/usr/lib/java:., java.vendor=Oracle Corporation, java.vm.info=mixed mode, java.vm.version=11.0.14+8-LTS-263, hibernate.bytecode.use_reflection_optimizer=false, sun.io.unicode.encoding=UnicodeBig, connection.url=jdbc:mysql://localhost:3306/wdev?serverTimezone=UTC, socksNonProxyHosts=local|*.local|169.254/16|*.169.254/16, java.class.version=55.0}
[DEBUG] 2022-03-31 13:08:54.715 [main] TypeSafeActivator - Unable to acquire Bean Validation ValidatorFactory, skipping activation
[DEBUG] 2022-03-31 13:08:54.715 [main] JaccIntegrator - Skipping JACC integration as it was not enabled
[DEBUG] 2022-03-31 13:08:54.716 [main] SessionFactoryImpl - Instantiated session factory
[DEBUG] 2022-03-31 13:08:54.716 [main] TypeConfiguration$Scope - Scoping TypeConfiguration [org.hibernate.type.spi.TypeConfiguration@12a2585b] to SessionFactoryImpl [org.hibernate.internal.SessionFactoryImpl@32a4ecbe]
[DEBUG] 2022-03-31 13:08:54.746 [main] ClassLoaderAccessImpl - Not known whether passed class name [com.palmerlarson.entity.User] is safe
[DEBUG] 2022-03-31 13:08:54.746 [main] ClassLoaderAccessImpl - No temp ClassLoader provided; using live ClassLoader for loading potentially unsafe class : com.palmerlarson.entity.User
[DEBUG] 2022-03-31 13:08:54.755 [main] ClassLoaderAccessImpl - Not known whether passed class name [com.palmerlarson.entity.User] is safe
[DEBUG] 2022-03-31 13:08:54.756 [main] ClassLoaderAccessImpl - No temp ClassLoader provided; using live ClassLoader for loading potentially unsafe class : com.palmerlarson.entity.User
[DEBUG] 2022-03-31 13:08:54.928 [main] AbstractEntityPersister - Static SQL for entity: com.palmerlarson.entity.User
[DEBUG] 2022-03-31 13:08:54.928 [main] AbstractEntityPersister -  Version select: select id from user where id =?
[DEBUG] 2022-03-31 13:08:54.928 [main] AbstractEntityPersister -  Snapshot select: select user_.id, user_.first_name as first_na2_0_, user_.gross_income as gross_in3_0_, user_.last_name as last_nam4_0_, user_.user_email as user_ema5_0_ from user user_ where user_.id=?
[DEBUG] 2022-03-31 13:08:54.928 [main] AbstractEntityPersister -  Insert 0: insert into user (first_name, gross_income, last_name, user_email, id) values (?, ?, ?, ?, ?)
[DEBUG] 2022-03-31 13:08:54.928 [main] AbstractEntityPersister -  Update 0: update user set first_name=?, gross_income=?, last_name=?, user_email=? where id=?
[DEBUG] 2022-03-31 13:08:54.928 [main] AbstractEntityPersister -  Delete 0: delete from user where id=?
[DEBUG] 2022-03-31 13:08:54.928 [main] AbstractEntityPersister -  Identity insert: insert into user (first_name, gross_income, last_name, user_email) values (?, ?, ?, ?)
[DEBUG] 2022-03-31 13:08:54.945 [main] QuerySpacesImpl - Adding QuerySpace : uid = <gen:0> -> org.hibernate.loader.plan.build.internal.spaces.EntityQuerySpaceImpl@35f7969d]
[DEBUG] 2022-03-31 13:08:54.946 [main] MetamodelGraphWalker - Visiting attribute path : first_name
[DEBUG] 2022-03-31 13:08:54.946 [main] MetamodelGraphWalker - Visiting attribute path : gross_income
[DEBUG] 2022-03-31 13:08:54.946 [main] MetamodelGraphWalker - Visiting attribute path : last_name
[DEBUG] 2022-03-31 13:08:54.946 [main] MetamodelGraphWalker - Visiting attribute path : user_email
[DEBUG] 2022-03-31 13:08:54.946 [main] FetchStyleLoadPlanBuildingAssociationVisitationStrategy - Building LoadPlan...
[DEBUG] 2022-03-31 13:08:54.952 [main] LoadQueryJoinAndFetchProcessor - processing queryspace <gen:0>
[DEBUG] 2022-03-31 13:08:54.954 [main] LoadPlanTreePrinter - LoadPlan(entity=com.palmerlarson.entity.User)
    - Returns
       - EntityReturnImpl(entity=com.palmerlarson.entity.User, querySpaceUid=<gen:0>, path=com.palmerlarson.entity.User)
    - QuerySpaces
       - EntityQuerySpaceImpl(uid=<gen:0>, entity=com.palmerlarson.entity.User)
          - SQL table alias mapping - user0_
          - alias suffix - 0_
          - suffixed key columns - {id1_0_0_}

[DEBUG] 2022-03-31 13:08:54.955 [main] EntityLoader - Static select for entity com.palmerlarson.entity.User [NONE]: select user0_.id as id1_0_0_, user0_.first_name as first_na2_0_0_, user0_.gross_income as gross_in3_0_0_, user0_.last_name as last_nam4_0_0_, user0_.user_email as user_ema5_0_0_ from user user0_ where user0_.id=?
[DEBUG] 2022-03-31 13:08:54.956 [main] QuerySpacesImpl - Adding QuerySpace : uid = <gen:0> -> org.hibernate.loader.plan.build.internal.spaces.EntityQuerySpaceImpl@3a9b41a0]
[DEBUG] 2022-03-31 13:08:54.957 [main] MetamodelGraphWalker - Visiting attribute path : first_name
[DEBUG] 2022-03-31 13:08:54.958 [main] MetamodelGraphWalker - Visiting attribute path : gross_income
[DEBUG] 2022-03-31 13:08:54.958 [main] MetamodelGraphWalker - Visiting attribute path : last_name
[DEBUG] 2022-03-31 13:08:54.959 [main] MetamodelGraphWalker - Visiting attribute path : user_email
[DEBUG] 2022-03-31 13:08:54.960 [main] FetchStyleLoadPlanBuildingAssociationVisitationStrategy - Building LoadPlan...
[DEBUG] 2022-03-31 13:08:54.961 [main] LoadQueryJoinAndFetchProcessor - processing queryspace <gen:0>
[DEBUG] 2022-03-31 13:08:54.961 [main] LoadPlanTreePrinter - LoadPlan(entity=com.palmerlarson.entity.User)
    - Returns
       - EntityReturnImpl(entity=com.palmerlarson.entity.User, querySpaceUid=<gen:0>, path=com.palmerlarson.entity.User)
    - QuerySpaces
       - EntityQuerySpaceImpl(uid=<gen:0>, entity=com.palmerlarson.entity.User)
          - SQL table alias mapping - user0_
          - alias suffix - 0_
          - suffixed key columns - {id1_0_0_}

[DEBUG] 2022-03-31 13:08:54.961 [main] EntityLoader - Static select for entity com.palmerlarson.entity.User [READ]: select user0_.id as id1_0_0_, user0_.first_name as first_na2_0_0_, user0_.gross_income as gross_in3_0_0_, user0_.last_name as last_nam4_0_0_, user0_.user_email as user_ema5_0_0_ from user user0_ where user0_.id=?
[DEBUG] 2022-03-31 13:08:54.968 [main] Loader - Static select for action ACTION_MERGE on entity com.palmerlarson.entity.User: select user0_.id as id1_0_0_, user0_.first_name as first_na2_0_0_, user0_.gross_income as gross_in3_0_0_, user0_.last_name as last_nam4_0_0_, user0_.user_email as user_ema5_0_0_ from user user0_ where user0_.id=?
[DEBUG] 2022-03-31 13:08:54.968 [main] Loader - Static select for action ACTION_REFRESH on entity com.palmerlarson.entity.User: select user0_.id as id1_0_0_, user0_.first_name as first_na2_0_0_, user0_.gross_income as gross_in3_0_0_, user0_.last_name as last_nam4_0_0_, user0_.user_email as user_ema5_0_0_ from user user0_ where user0_.id=?
[DEBUG] 2022-03-31 13:08:54.983 [main] SchemaManagementToolCoordinator - No actions specified; doing nothing
[DEBUG] 2022-03-31 13:08:54.984 [main] JtaPlatformInitiator - No JtaPlatform was specified, checking resolver
[DEBUG] 2022-03-31 13:08:54.984 [main] JtaPlatformResolverInitiator - No JtaPlatformResolver was specified, using default [org.hibernate.engine.transaction.jta.platform.internal.StandardJtaPlatformResolver]
[DEBUG] 2022-03-31 13:08:54.990 [main] StandardJtaPlatformResolver - Could not resolve JtaPlatform, using default [org.hibernate.engine.transaction.jta.platform.internal.NoJtaPlatform]
[INFO ] 2022-03-31 13:08:54.990 [main] JtaPlatformInitiator - HHH000490: Using JtaPlatform implementation: [org.hibernate.engine.transaction.jta.platform.internal.NoJtaPlatform]
[DEBUG] 2022-03-31 13:08:54.991 [main] NamedQueryRepository - Checking 0 named HQL queries
[DEBUG] 2022-03-31 13:08:54.991 [main] NamedQueryRepository - Checking 0 named SQL queries
[DEBUG] 2022-03-31 13:08:54.994 [main] SessionFactoryRegistry - Initializing SessionFactoryRegistry : org.hibernate.internal.SessionFactoryRegistry@350ff014
[DEBUG] 2022-03-31 13:08:54.995 [main] SessionFactoryRegistry - Registering SessionFactory: 2b769e70-75c5-4698-a66c-72b9d1b1f21e (<unnamed>)
[DEBUG] 2022-03-31 13:08:54.995 [main] SessionFactoryRegistry - Not binding SessionFactory to JNDI, no JNDI name configured
[DEBUG] 2022-03-31 13:08:55.057 [main] StatisticsInitiator - Statistics initialized [enabled=false]
[DEBUG] 2022-03-31 13:08:55.070 [main] SQL - select user0_.id as id1_0_0_, user0_.first_name as first_na2_0_0_, user0_.gross_income as gross_in3_0_0_, user0_.last_name as last_nam4_0_0_, user0_.user_email as user_ema5_0_0_ from user user0_ where user0_.id=?
[DEBUG] 2022-03-31 13:08:55.089 [main] ResultSetProcessorImpl - Starting ResultSet row #0
[DEBUG] 2022-03-31 13:08:55.090 [main] EntityReferenceInitializerImpl - On call to EntityIdentifierReaderImpl#resolve, EntityKey was already known; should only happen on root returns with an optional identifier specified
[DEBUG] 2022-03-31 13:08:55.102 [main] TwoPhaseLoad - Resolving attributes for [com.palmerlarson.entity.User#1]
[DEBUG] 2022-03-31 13:08:55.102 [main] TwoPhaseLoad - Processing attribute `first_name` : value = Kathy
[DEBUG] 2022-03-31 13:08:55.103 [main] TwoPhaseLoad - Attribute (`first_name`)  - enhanced for lazy-loading? - false
[DEBUG] 2022-03-31 13:08:55.103 [main] TwoPhaseLoad - Processing attribute `gross_income` : value = 100000
[DEBUG] 2022-03-31 13:08:55.103 [main] TwoPhaseLoad - Attribute (`gross_income`)  - enhanced for lazy-loading? - false
[DEBUG] 2022-03-31 13:08:55.103 [main] TwoPhaseLoad - Processing attribute `last_name` : value = SierraAAA
[DEBUG] 2022-03-31 13:08:55.103 [main] TwoPhaseLoad - Attribute (`last_name`)  - enhanced for lazy-loading? - false
[DEBUG] 2022-03-31 13:08:55.103 [main] TwoPhaseLoad - Processing attribute `user_email` : value = kathy@gmail.com
[DEBUG] 2022-03-31 13:08:55.103 [main] TwoPhaseLoad - Attribute (`user_email`)  - enhanced for lazy-loading? - false
[DEBUG] 2022-03-31 13:08:55.104 [main] TwoPhaseLoad - Done materializing entity [com.palmerlarson.entity.User#1]
[DEBUG] 2022-03-31 13:08:55.104 [main] ResourceRegistryStandardImpl - HHH000387: ResultSet's statement was not registered
[DEBUG] 2022-03-31 13:08:55.106 [main] AbstractLoadPlanBasedEntityLoader - Done entity load : com.palmerlarson.entity.User#1
[DEBUG] 2022-03-31 13:08:55.107 [main] LogicalConnectionManagedImpl - Initiating JDBC connection release from afterTransaction
[DEBUG] 2022-03-31 13:08:55.111 [main] TransactionImpl - On TransactionImpl creation, JpaCompliance#isJpaTransactionComplianceEnabled == false
[DEBUG] 2022-03-31 13:08:55.111 [main] TransactionImpl - begin
[DEBUG] 2022-03-31 13:08:55.116 [main] TransactionImpl - committing
[DEBUG] 2022-03-31 13:08:55.117 [main] AbstractFlushingEventListener - Processing flush-time cascades
[DEBUG] 2022-03-31 13:08:55.117 [main] AbstractFlushingEventListener - Dirty checking collections
[DEBUG] 2022-03-31 13:08:55.117 [main] AbstractFlushingEventListener - Flushed: 0 insertions, 0 updates, 1 deletions to 1 objects
[DEBUG] 2022-03-31 13:08:55.117 [main] AbstractFlushingEventListener - Flushed: 0 (re)creations, 0 updates, 0 removals to 0 collections
[DEBUG] 2022-03-31 13:08:55.118 [main] EntityPrinter - Listing entities:
[DEBUG] 2022-03-31 13:08:55.118 [main] EntityPrinter - com.palmerlarson.entity.User{user_email=kathy@gmail.com, gross_income=100000, last_name=SierraAAA, id=1, first_name=Kathy}
[DEBUG] 2022-03-31 13:08:55.121 [main] SQL - delete from user where id=?
[DEBUG] 2022-03-31 13:08:55.126 [main] LogicalConnectionManagedImpl - Initiating JDBC connection release from afterTransaction
[DEBUG] 2022-03-31 13:08:55.126 [main] LogicalConnectionManagedImpl - Initiating JDBC connection release from afterTransaction
[DEBUG] 2022-03-31 13:08:55.126 [main] JdbcCoordinatorImpl - HHH000420: Closing un-released batch
[DEBUG] 2022-03-31 13:08:55.126 [main] SQL - select user0_.id as id1_0_0_, user0_.first_name as first_na2_0_0_, user0_.gross_income as gross_in3_0_0_, user0_.last_name as last_nam4_0_0_, user0_.user_email as user_ema5_0_0_ from user user0_ where user0_.id=?
[DEBUG] 2022-03-31 13:08:55.128 [main] ResourceRegistryStandardImpl - HHH000387: ResultSet's statement was not registered
[DEBUG] 2022-03-31 13:08:55.128 [main] AbstractLoadPlanBasedEntityLoader - Done entity load : com.palmerlarson.entity.User#1
[DEBUG] 2022-03-31 13:08:55.128 [main] LogicalConnectionManagedImpl - Initiating JDBC connection release from afterTransaction
[DEBUG] 2022-03-31 13:08:55.210 [main] CriteriaQueryImpl - Rendered criteria query -> select generatedAlias0 from User as generatedAlias0
[DEBUG] 2022-03-31 13:08:55.222 [main] QueryTranslatorFactoryInitiator - QueryTranslatorFactory: org.hibernate.hql.internal.ast.ASTQueryTranslatorFactory@5ab63a04
[DEBUG] 2022-03-31 13:08:55.240 [main] QueryTranslatorImpl - parse() - HQL: select generatedAlias0 from com.palmerlarson.entity.User as generatedAlias0
[DEBUG] 2022-03-31 13:08:55.249 [main] ErrorTracker - throwQueryException() : no errors
[DEBUG] 2022-03-31 13:08:55.262 [main] QueryTranslatorImpl - --- HQL AST ---
 \-[QUERY] Node: 'query'
    \-[SELECT_FROM] Node: 'SELECT_FROM'
       +-[FROM] Node: 'from'
       |  \-[RANGE] Node: 'RANGE'
       |     +-[DOT] Node: '.'
       |     |  +-[DOT] Node: '.'
       |     |  |  +-[DOT] Node: '.'
       |     |  |  |  +-[IDENT] Node: 'com'
       |     |  |  |  \-[IDENT] Node: 'palmerlarson'
       |     |  |  \-[IDENT] Node: 'entity'
       |     |  \-[IDENT] Node: 'User'
       |     \-[ALIAS] Node: 'generatedAlias0'
       \-[SELECT] Node: 'select'
          \-[IDENT] Node: 'generatedAlias0'

[DEBUG] 2022-03-31 13:08:55.278 [main] HqlSqlBaseWalker - select << begin [level=1, statement=select]
[DEBUG] 2022-03-31 13:08:55.288 [main] FromElement - FromClause{level=1} : com.palmerlarson.entity.User (generatedAlias0) -> user0_
[DEBUG] 2022-03-31 13:08:55.289 [main] FromReferenceNode - Resolved : generatedAlias0 -> user0_.id
[DEBUG] 2022-03-31 13:08:55.290 [main] HqlSqlBaseWalker - select : finishing up [level=1, statement=select]
[DEBUG] 2022-03-31 13:08:55.290 [main] HqlSqlWalker - processQuery() :  ( SELECT ( {select clause} user0_.id ) ( FromClause{level=1} user user0_ ) )
[DEBUG] 2022-03-31 13:08:55.295 [main] JoinProcessor - Using FROM fragment [user user0_]
[DEBUG] 2022-03-31 13:08:55.296 [main] HqlSqlBaseWalker - select >> end [level=1, statement=select]
[DEBUG] 2022-03-31 13:08:55.297 [main] QueryTranslatorImpl - --- SQL AST ---
 \-[SELECT] QueryNode: 'SELECT'  querySpaces (user)
    +-[SELECT_CLAUSE] SelectClause: '{select clause}'
    |  +-[ALIAS_REF] IdentNode: 'user0_.id as id1_0_' {alias=generatedAlias0, className=com.palmerlarson.entity.User, tableAlias=user0_}
    |  \-[SQL_TOKEN] SqlFragment: 'user0_.first_name as first_na2_0_, user0_.gross_income as gross_in3_0_, user0_.last_name as last_nam4_0_, user0_.user_email as user_ema5_0_'
    \-[FROM] FromClause: 'from' FromClause{level=1, fromElementCounter=1, fromElements=1, fromElementByClassAlias=[generatedAlias0], fromElementByTableAlias=[user0_], fromElementsByPath=[], collectionJoinFromElementsByPath=[], impliedElements=[]}
       \-[FROM_FRAGMENT] FromElement: 'user user0_' FromElement{explicit,not a collection join,not a fetch join,fetch non-lazy properties,classAlias=generatedAlias0,role=null,tableName=user,tableAlias=user0_,origin=null,columns={,className=com.palmerlarson.entity.User}}

[DEBUG] 2022-03-31 13:08:55.297 [main] ErrorTracker - throwQueryException() : no errors
[DEBUG] 2022-03-31 13:08:55.300 [main] QueryTranslatorImpl - HQL: select generatedAlias0 from com.palmerlarson.entity.User as generatedAlias0
[DEBUG] 2022-03-31 13:08:55.301 [main] QueryTranslatorImpl - SQL: select user0_.id as id1_0_, user0_.first_name as first_na2_0_, user0_.gross_income as gross_in3_0_, user0_.last_name as last_nam4_0_, user0_.user_email as user_ema5_0_ from user user0_
[DEBUG] 2022-03-31 13:08:55.301 [main] ErrorTracker - throwQueryException() : no errors
[DEBUG] 2022-03-31 13:08:55.307 [main] SQL - select user0_.id as id1_0_, user0_.first_name as first_na2_0_, user0_.gross_income as gross_in3_0_, user0_.last_name as last_nam4_0_, user0_.user_email as user_ema5_0_ from user user0_
[DEBUG] 2022-03-31 13:08:55.312 [main] Loader - Result set row: 0
[DEBUG] 2022-03-31 13:08:55.313 [main] Loader - Result row: EntityKey[com.palmerlarson.entity.User#1]
[DEBUG] 2022-03-31 13:08:55.314 [main] Loader - Result set row: 1
[DEBUG] 2022-03-31 13:08:55.314 [main] Loader - Result row: EntityKey[com.palmerlarson.entity.User#2]
[DEBUG] 2022-03-31 13:08:55.314 [main] Loader - Result set row: 2
[DEBUG] 2022-03-31 13:08:55.314 [main] Loader - Result row: EntityKey[com.palmerlarson.entity.User#3]
[DEBUG] 2022-03-31 13:08:55.315 [main] TwoPhaseLoad - Resolving attributes for [com.palmerlarson.entity.User#1]
[DEBUG] 2022-03-31 13:08:55.315 [main] TwoPhaseLoad - Processing attribute `first_name` : value = Kathy
[DEBUG] 2022-03-31 13:08:55.315 [main] TwoPhaseLoad - Attribute (`first_name`)  - enhanced for lazy-loading? - false
[DEBUG] 2022-03-31 13:08:55.315 [main] TwoPhaseLoad - Processing attribute `gross_income` : value = 100000
[DEBUG] 2022-03-31 13:08:55.315 [main] TwoPhaseLoad - Attribute (`gross_income`)  - enhanced for lazy-loading? - false
[DEBUG] 2022-03-31 13:08:55.315 [main] TwoPhaseLoad - Processing attribute `last_name` : value = SierraAAA
[DEBUG] 2022-03-31 13:08:55.315 [main] TwoPhaseLoad - Attribute (`last_name`)  - enhanced for lazy-loading? - false
[DEBUG] 2022-03-31 13:08:55.315 [main] TwoPhaseLoad - Processing attribute `user_email` : value = kathy@gmail.com
[DEBUG] 2022-03-31 13:08:55.315 [main] TwoPhaseLoad - Attribute (`user_email`)  - enhanced for lazy-loading? - false
[DEBUG] 2022-03-31 13:08:55.315 [main] TwoPhaseLoad - Done materializing entity [com.palmerlarson.entity.User#1]
[DEBUG] 2022-03-31 13:08:55.315 [main] TwoPhaseLoad - Resolving attributes for [com.palmerlarson.entity.User#2]
[DEBUG] 2022-03-31 13:08:55.315 [main] TwoPhaseLoad - Processing attribute `first_name` : value = Herbert
[DEBUG] 2022-03-31 13:08:55.315 [main] TwoPhaseLoad - Attribute (`first_name`)  - enhanced for lazy-loading? - false
[DEBUG] 2022-03-31 13:08:55.315 [main] TwoPhaseLoad - Processing attribute `gross_income` : value = 65000
[DEBUG] 2022-03-31 13:08:55.315 [main] TwoPhaseLoad - Attribute (`gross_income`)  - enhanced for lazy-loading? - false
[DEBUG] 2022-03-31 13:08:55.315 [main] TwoPhaseLoad - Processing attribute `last_name` : value = Schilt
[DEBUG] 2022-03-31 13:08:55.315 [main] TwoPhaseLoad - Attribute (`last_name`)  - enhanced for lazy-loading? - false
[DEBUG] 2022-03-31 13:08:55.315 [main] TwoPhaseLoad - Processing attribute `user_email` : value = herbert@gmail.com
[DEBUG] 2022-03-31 13:08:55.315 [main] TwoPhaseLoad - Attribute (`user_email`)  - enhanced for lazy-loading? - false
[DEBUG] 2022-03-31 13:08:55.315 [main] TwoPhaseLoad - Done materializing entity [com.palmerlarson.entity.User#2]
[DEBUG] 2022-03-31 13:08:55.315 [main] TwoPhaseLoad - Resolving attributes for [com.palmerlarson.entity.User#3]
[DEBUG] 2022-03-31 13:08:55.315 [main] TwoPhaseLoad - Processing attribute `first_name` : value = Joseph
[DEBUG] 2022-03-31 13:08:55.315 [main] TwoPhaseLoad - Attribute (`first_name`)  - enhanced for lazy-loading? - false
[DEBUG] 2022-03-31 13:08:55.315 [main] TwoPhaseLoad - Processing attribute `gross_income` : value = 33000
[DEBUG] 2022-03-31 13:08:55.315 [main] TwoPhaseLoad - Attribute (`gross_income`)  - enhanced for lazy-loading? - false
[DEBUG] 2022-03-31 13:08:55.315 [main] TwoPhaseLoad - Processing attribute `last_name` : value = Ottinger
[DEBUG] 2022-03-31 13:08:55.315 [main] TwoPhaseLoad - Attribute (`last_name`)  - enhanced for lazy-loading? - false
[DEBUG] 2022-03-31 13:08:55.315 [main] TwoPhaseLoad - Processing attribute `user_email` : value = test@gmail.com
[DEBUG] 2022-03-31 13:08:55.315 [main] TwoPhaseLoad - Attribute (`user_email`)  - enhanced for lazy-loading? - false
[DEBUG] 2022-03-31 13:08:55.315 [main] TwoPhaseLoad - Done materializing entity [com.palmerlarson.entity.User#3]
[DEBUG] 2022-03-31 13:08:55.316 [main] LogicalConnectionManagedImpl - Initiating JDBC connection release from afterTransaction
[DEBUG] 2022-03-31 13:08:55.393 [main] SQL - select user0_.id as id1_0_0_, user0_.first_name as first_na2_0_0_, user0_.gross_income as gross_in3_0_0_, user0_.last_name as last_nam4_0_0_, user0_.user_email as user_ema5_0_0_ from user user0_ where user0_.id=?
[DEBUG] 2022-03-31 13:08:55.395 [main] ResultSetProcessorImpl - Starting ResultSet row #0
[DEBUG] 2022-03-31 13:08:55.395 [main] EntityReferenceInitializerImpl - On call to EntityIdentifierReaderImpl#resolve, EntityKey was already known; should only happen on root returns with an optional identifier specified
[DEBUG] 2022-03-31 13:08:55.396 [main] TwoPhaseLoad - Resolving attributes for [com.palmerlarson.entity.User#1]
[DEBUG] 2022-03-31 13:08:55.396 [main] TwoPhaseLoad - Processing attribute `first_name` : value = Kathy
[DEBUG] 2022-03-31 13:08:55.396 [main] TwoPhaseLoad - Attribute (`first_name`)  - enhanced for lazy-loading? - false
[DEBUG] 2022-03-31 13:08:55.396 [main] TwoPhaseLoad - Processing attribute `gross_income` : value = 100000
[DEBUG] 2022-03-31 13:08:55.396 [main] TwoPhaseLoad - Attribute (`gross_income`)  - enhanced for lazy-loading? - false
[DEBUG] 2022-03-31 13:08:55.396 [main] TwoPhaseLoad - Processing attribute `last_name` : value = SierraAAA
[DEBUG] 2022-03-31 13:08:55.397 [main] TwoPhaseLoad - Attribute (`last_name`)  - enhanced for lazy-loading? - false
[DEBUG] 2022-03-31 13:08:55.397 [main] TwoPhaseLoad - Processing attribute `user_email` : value = kathy@gmail.com
[DEBUG] 2022-03-31 13:08:55.397 [main] TwoPhaseLoad - Attribute (`user_email`)  - enhanced for lazy-loading? - false
[DEBUG] 2022-03-31 13:08:55.397 [main] TwoPhaseLoad - Done materializing entity [com.palmerlarson.entity.User#1]
[DEBUG] 2022-03-31 13:08:55.397 [main] ResourceRegistryStandardImpl - HHH000387: ResultSet's statement was not registered
[DEBUG] 2022-03-31 13:08:55.397 [main] AbstractLoadPlanBasedEntityLoader - Done entity load : com.palmerlarson.entity.User#1
[DEBUG] 2022-03-31 13:08:55.397 [main] LogicalConnectionManagedImpl - Initiating JDBC connection release from afterTransaction
[DEBUG] 2022-03-31 13:08:55.398 [main] SQL - select user0_.id as id1_0_0_, user0_.first_name as first_na2_0_0_, user0_.gross_income as gross_in3_0_0_, user0_.last_name as last_nam4_0_0_, user0_.user_email as user_ema5_0_0_ from user user0_ where user0_.id=?
[DEBUG] 2022-03-31 13:08:55.399 [main] ResultSetProcessorImpl - Starting ResultSet row #0
[DEBUG] 2022-03-31 13:08:55.400 [main] EntityReferenceInitializerImpl - On call to EntityIdentifierReaderImpl#resolve, EntityKey was already known; should only happen on root returns with an optional identifier specified
[DEBUG] 2022-03-31 13:08:55.400 [main] TwoPhaseLoad - Resolving attributes for [com.palmerlarson.entity.User#1]
[DEBUG] 2022-03-31 13:08:55.400 [main] TwoPhaseLoad - Processing attribute `first_name` : value = Kathy
[DEBUG] 2022-03-31 13:08:55.401 [main] TwoPhaseLoad - Attribute (`first_name`)  - enhanced for lazy-loading? - false
[DEBUG] 2022-03-31 13:08:55.402 [main] TwoPhaseLoad - Processing attribute `gross_income` : value = 100000
[DEBUG] 2022-03-31 13:08:55.403 [main] TwoPhaseLoad - Attribute (`gross_income`)  - enhanced for lazy-loading? - false
[DEBUG] 2022-03-31 13:08:55.403 [main] TwoPhaseLoad - Processing attribute `last_name` : value = SierraAAA
[DEBUG] 2022-03-31 13:08:55.403 [main] TwoPhaseLoad - Attribute (`last_name`)  - enhanced for lazy-loading? - false
[DEBUG] 2022-03-31 13:08:55.403 [main] TwoPhaseLoad - Processing attribute `user_email` : value = kathy@gmail.com
[DEBUG] 2022-03-31 13:08:55.403 [main] TwoPhaseLoad - Attribute (`user_email`)  - enhanced for lazy-loading? - false
[DEBUG] 2022-03-31 13:08:55.403 [main] TwoPhaseLoad - Done materializing entity [com.palmerlarson.entity.User#1]
[DEBUG] 2022-03-31 13:08:55.403 [main] ResourceRegistryStandardImpl - HHH000387: ResultSet's statement was not registered
[DEBUG] 2022-03-31 13:08:55.403 [main] AbstractLoadPlanBasedEntityLoader - Done entity load : com.palmerlarson.entity.User#1
[DEBUG] 2022-03-31 13:08:55.403 [main] LogicalConnectionManagedImpl - Initiating JDBC connection release from afterTransaction
[DEBUG] 2022-03-31 13:08:55.459 [main] SQL - select user0_.id as id1_0_0_, user0_.first_name as first_na2_0_0_, user0_.gross_income as gross_in3_0_0_, user0_.last_name as last_nam4_0_0_, user0_.user_email as user_ema5_0_0_ from user user0_ where user0_.id=?
[DEBUG] 2022-03-31 13:08:55.461 [main] ResultSetProcessorImpl - Starting ResultSet row #0
[DEBUG] 2022-03-31 13:08:55.461 [main] EntityReferenceInitializerImpl - On call to EntityIdentifierReaderImpl#resolve, EntityKey was already known; should only happen on root returns with an optional identifier specified
[DEBUG] 2022-03-31 13:08:55.461 [main] TwoPhaseLoad - Resolving attributes for [com.palmerlarson.entity.User#1]
[DEBUG] 2022-03-31 13:08:55.461 [main] TwoPhaseLoad - Processing attribute `first_name` : value = Kathy
[DEBUG] 2022-03-31 13:08:55.461 [main] TwoPhaseLoad - Attribute (`first_name`)  - enhanced for lazy-loading? - false
[DEBUG] 2022-03-31 13:08:55.461 [main] TwoPhaseLoad - Processing attribute `gross_income` : value = 100000
[DEBUG] 2022-03-31 13:08:55.461 [main] TwoPhaseLoad - Attribute (`gross_income`)  - enhanced for lazy-loading? - false
[DEBUG] 2022-03-31 13:08:55.461 [main] TwoPhaseLoad - Processing attribute `last_name` : value = SierraAAA
[DEBUG] 2022-03-31 13:08:55.461 [main] TwoPhaseLoad - Attribute (`last_name`)  - enhanced for lazy-loading? - false
[DEBUG] 2022-03-31 13:08:55.461 [main] TwoPhaseLoad - Processing attribute `user_email` : value = kathy@gmail.com
[DEBUG] 2022-03-31 13:08:55.461 [main] TwoPhaseLoad - Attribute (`user_email`)  - enhanced for lazy-loading? - false
[DEBUG] 2022-03-31 13:08:55.461 [main] TwoPhaseLoad - Done materializing entity [com.palmerlarson.entity.User#1]
[DEBUG] 2022-03-31 13:08:55.462 [main] ResourceRegistryStandardImpl - HHH000387: ResultSet's statement was not registered
[DEBUG] 2022-03-31 13:08:55.462 [main] AbstractLoadPlanBasedEntityLoader - Done entity load : com.palmerlarson.entity.User#1
[DEBUG] 2022-03-31 13:08:55.462 [main] LogicalConnectionManagedImpl - Initiating JDBC connection release from afterTransaction
[DEBUG] 2022-03-31 13:08:55.463 [main] TransactionImpl - On TransactionImpl creation, JpaCompliance#isJpaTransactionComplianceEnabled == false
[DEBUG] 2022-03-31 13:08:55.463 [main] TransactionImpl - begin
[DEBUG] 2022-03-31 13:08:55.465 [main] TransactionImpl - committing
[DEBUG] 2022-03-31 13:08:55.465 [main] AbstractFlushingEventListener - Processing flush-time cascades
[DEBUG] 2022-03-31 13:08:55.465 [main] AbstractFlushingEventListener - Dirty checking collections
[DEBUG] 2022-03-31 13:08:55.465 [main] AbstractFlushingEventListener - Flushed: 0 insertions, 1 updates, 0 deletions to 1 objects
[DEBUG] 2022-03-31 13:08:55.465 [main] AbstractFlushingEventListener - Flushed: 0 (re)creations, 0 updates, 0 removals to 0 collections
[DEBUG] 2022-03-31 13:08:55.465 [main] EntityPrinter - Listing entities:
[DEBUG] 2022-03-31 13:08:55.465 [main] EntityPrinter - com.palmerlarson.entity.User{user_email=kathy@gmail.com, gross_income=100000, last_name=Bob, id=1, first_name=Billy}
[DEBUG] 2022-03-31 13:08:55.466 [main] SQL - update user set first_name=?, gross_income=?, last_name=?, user_email=? where id=?
[DEBUG] 2022-03-31 13:08:55.469 [main] LogicalConnectionManagedImpl - Initiating JDBC connection release from afterTransaction
[DEBUG] 2022-03-31 13:08:55.470 [main] LogicalConnectionManagedImpl - Initiating JDBC connection release from afterTransaction
[DEBUG] 2022-03-31 13:08:55.470 [main] SQL - select user0_.id as id1_0_0_, user0_.first_name as first_na2_0_0_, user0_.gross_income as gross_in3_0_0_, user0_.last_name as last_nam4_0_0_, user0_.user_email as user_ema5_0_0_ from user user0_ where user0_.id=?
[DEBUG] 2022-03-31 13:08:55.472 [main] ResultSetProcessorImpl - Starting ResultSet row #0
[DEBUG] 2022-03-31 13:08:55.472 [main] EntityReferenceInitializerImpl - On call to EntityIdentifierReaderImpl#resolve, EntityKey was already known; should only happen on root returns with an optional identifier specified
[DEBUG] 2022-03-31 13:08:55.472 [main] TwoPhaseLoad - Resolving attributes for [com.palmerlarson.entity.User#1]
[DEBUG] 2022-03-31 13:08:55.472 [main] TwoPhaseLoad - Processing attribute `first_name` : value = Billy
[DEBUG] 2022-03-31 13:08:55.472 [main] TwoPhaseLoad - Attribute (`first_name`)  - enhanced for lazy-loading? - false
[DEBUG] 2022-03-31 13:08:55.472 [main] TwoPhaseLoad - Processing attribute `gross_income` : value = 100000
[DEBUG] 2022-03-31 13:08:55.472 [main] TwoPhaseLoad - Attribute (`gross_income`)  - enhanced for lazy-loading? - false
[DEBUG] 2022-03-31 13:08:55.472 [main] TwoPhaseLoad - Processing attribute `last_name` : value = Bob
[DEBUG] 2022-03-31 13:08:55.472 [main] TwoPhaseLoad - Attribute (`last_name`)  - enhanced for lazy-loading? - false
[DEBUG] 2022-03-31 13:08:55.472 [main] TwoPhaseLoad - Processing attribute `user_email` : value = kathy@gmail.com
[DEBUG] 2022-03-31 13:08:55.472 [main] TwoPhaseLoad - Attribute (`user_email`)  - enhanced for lazy-loading? - false
[DEBUG] 2022-03-31 13:08:55.472 [main] TwoPhaseLoad - Done materializing entity [com.palmerlarson.entity.User#1]
[DEBUG] 2022-03-31 13:08:55.472 [main] ResourceRegistryStandardImpl - HHH000387: ResultSet's statement was not registered
[DEBUG] 2022-03-31 13:08:55.472 [main] AbstractLoadPlanBasedEntityLoader - Done entity load : com.palmerlarson.entity.User#1
[DEBUG] 2022-03-31 13:08:55.472 [main] LogicalConnectionManagedImpl - Initiating JDBC connection release from afterTransaction
[DEBUG] 2022-03-31 13:08:55.525 [main] TransactionImpl - On TransactionImpl creation, JpaCompliance#isJpaTransactionComplianceEnabled == false
[DEBUG] 2022-03-31 13:08:55.525 [main] TransactionImpl - begin
[DEBUG] 2022-03-31 13:08:55.528 [main] ActionQueue - Executing identity-insert immediately
[DEBUG] 2022-03-31 13:08:55.528 [main] SQL - insert into user (first_name, gross_income, last_name, user_email) values (?, ?, ?, ?)
[DEBUG] 2022-03-31 13:08:55.532 [main] IdentifierGeneratorHelper - Natively generated identity: 39
[DEBUG] 2022-03-31 13:08:55.532 [main] ResourceRegistryStandardImpl - HHH000387: ResultSet's statement was not registered
[DEBUG] 2022-03-31 13:08:55.533 [main] TransactionImpl - committing
[DEBUG] 2022-03-31 13:08:55.533 [main] AbstractFlushingEventListener - Processing flush-time cascades
[DEBUG] 2022-03-31 13:08:55.533 [main] AbstractFlushingEventListener - Dirty checking collections
[DEBUG] 2022-03-31 13:08:55.533 [main] AbstractFlushingEventListener - Flushed: 0 insertions, 0 updates, 0 deletions to 1 objects
[DEBUG] 2022-03-31 13:08:55.533 [main] AbstractFlushingEventListener - Flushed: 0 (re)creations, 0 updates, 0 removals to 0 collections
[DEBUG] 2022-03-31 13:08:55.533 [main] EntityPrinter - Listing entities:
[DEBUG] 2022-03-31 13:08:55.533 [main] EntityPrinter - com.palmerlarson.entity.User{user_email=tim@gmail.com, gross_income=10000, last_name=Timmy, id=39, first_name=TEST}
[DEBUG] 2022-03-31 13:08:55.534 [main] LogicalConnectionManagedImpl - Initiating JDBC connection release from afterTransaction
[DEBUG] 2022-03-31 13:08:55.535 [main] LogicalConnectionManagedImpl - Initiating JDBC connection release from afterTransaction
[DEBUG] 2022-03-31 13:08:55.536 [main] SQL - select user0_.id as id1_0_0_, user0_.first_name as first_na2_0_0_, user0_.gross_income as gross_in3_0_0_, user0_.last_name as last_nam4_0_0_, user0_.user_email as user_ema5_0_0_ from user user0_ where user0_.id=?
[DEBUG] 2022-03-31 13:08:55.537 [main] ResultSetProcessorImpl - Starting ResultSet row #0
[DEBUG] 2022-03-31 13:08:55.537 [main] EntityReferenceInitializerImpl - On call to EntityIdentifierReaderImpl#resolve, EntityKey was already known; should only happen on root returns with an optional identifier specified
[DEBUG] 2022-03-31 13:08:55.537 [main] TwoPhaseLoad - Resolving attributes for [com.palmerlarson.entity.User#39]
[DEBUG] 2022-03-31 13:08:55.537 [main] TwoPhaseLoad - Processing attribute `first_name` : value = TEST
[DEBUG] 2022-03-31 13:08:55.537 [main] TwoPhaseLoad - Attribute (`first_name`)  - enhanced for lazy-loading? - false
[DEBUG] 2022-03-31 13:08:55.538 [main] TwoPhaseLoad - Processing attribute `gross_income` : value = 10000
[DEBUG] 2022-03-31 13:08:55.538 [main] TwoPhaseLoad - Attribute (`gross_income`)  - enhanced for lazy-loading? - false
[DEBUG] 2022-03-31 13:08:55.538 [main] TwoPhaseLoad - Processing attribute `last_name` : value = Timmy
[DEBUG] 2022-03-31 13:08:55.538 [main] TwoPhaseLoad - Attribute (`last_name`)  - enhanced for lazy-loading? - false
[DEBUG] 2022-03-31 13:08:55.538 [main] TwoPhaseLoad - Processing attribute `user_email` : value = tim@gmail.com
[DEBUG] 2022-03-31 13:08:55.538 [main] TwoPhaseLoad - Attribute (`user_email`)  - enhanced for lazy-loading? - false
[DEBUG] 2022-03-31 13:08:55.538 [main] TwoPhaseLoad - Done materializing entity [com.palmerlarson.entity.User#39]
[DEBUG] 2022-03-31 13:08:55.538 [main] ResourceRegistryStandardImpl - HHH000387: ResultSet's statement was not registered
[DEBUG] 2022-03-31 13:08:55.538 [main] AbstractLoadPlanBasedEntityLoader - Done entity load : com.palmerlarson.entity.User#39
[DEBUG] 2022-03-31 13:08:55.538 [main] LogicalConnectionManagedImpl - Initiating JDBC connection release from afterTransaction
