[DEBUG] 2022-03-31 13:12:22.438 [main] IntegratorServiceImpl - Adding Integrator [org.hibernate.cfg.beanvalidation.BeanValidationIntegrator].
[DEBUG] 2022-03-31 13:12:22.440 [main] IntegratorServiceImpl - Adding Integrator [org.hibernate.secure.spi.JaccIntegrator].
[DEBUG] 2022-03-31 13:12:22.442 [main] IntegratorServiceImpl - Adding Integrator [org.hibernate.cache.internal.CollectionCacheInvalidator].
[INFO ] 2022-03-31 13:12:22.492 [main] Version - HHH000412: Hibernate Core {5.4.4.Final}
[DEBUG] 2022-03-31 13:12:22.494 [main] Environment - HHH000206: hibernate.properties not found
[DEBUG] 2022-03-31 13:12:22.622 [main] LocalXmlResourceResolver - Interpreting public/system identifier : [-//Hibernate/Hibernate Configuration DTD//EN] - [http://www.hibernate.org/dtd/hibernate-configuration-3.0.dtd]
[DEBUG] 2022-03-31 13:12:22.623 [main] LocalXmlResourceResolver - Recognized hibernate-configuration identifier; attempting to resolve on classpath under org/hibernate/
[DEBUG] 2022-03-31 13:12:22.627 [main] JaxbCfgProcessor - cfg.xml document did not define namespaces; wrapping in custom event reader to introduce namespace information
[DEBUG] 2022-03-31 13:12:22.840 [main] ServiceBinding - Overriding existing service binding [org.hibernate.secure.spi.JaccService]
[DEBUG] 2022-03-31 13:12:22.865 [main] RegionFactoryInitiator - Cannot default RegionFactory based on registered strategies as `[]` RegionFactory strategies were registered
[DEBUG] 2022-03-31 13:12:22.866 [main] RegionFactoryInitiator - Cache region factory : org.hibernate.cache.internal.NoCachingRegionFactory
[INFO ] 2022-03-31 13:12:22.879 [main] Version - HCANN000001: Hibernate Commons Annotations {5.1.0.Final}
[DEBUG] 2022-03-31 13:12:22.900 [main] BasicTypeRegistry - Adding type registration boolean -> org.hibernate.type.BooleanType@59f93db8
[DEBUG] 2022-03-31 13:12:22.900 [main] BasicTypeRegistry - Adding type registration boolean -> org.hibernate.type.BooleanType@59f93db8
[DEBUG] 2022-03-31 13:12:22.900 [main] BasicTypeRegistry - Adding type registration java.lang.Boolean -> org.hibernate.type.BooleanType@59f93db8
[DEBUG] 2022-03-31 13:12:22.900 [main] BasicTypeRegistry - Adding type registration numeric_boolean -> org.hibernate.type.NumericBooleanType@1deceb67
[DEBUG] 2022-03-31 13:12:22.900 [main] BasicTypeRegistry - Adding type registration true_false -> org.hibernate.type.TrueFalseType@53ec2968
[DEBUG] 2022-03-31 13:12:22.901 [main] BasicTypeRegistry - Adding type registration yes_no -> org.hibernate.type.YesNoType@6f49d153
[DEBUG] 2022-03-31 13:12:22.901 [main] BasicTypeRegistry - Adding type registration byte -> org.hibernate.type.ByteType@52e04737
[DEBUG] 2022-03-31 13:12:22.902 [main] BasicTypeRegistry - Adding type registration byte -> org.hibernate.type.ByteType@52e04737
[DEBUG] 2022-03-31 13:12:22.902 [main] BasicTypeRegistry - Adding type registration java.lang.Byte -> org.hibernate.type.ByteType@52e04737
[DEBUG] 2022-03-31 13:12:22.903 [main] BasicTypeRegistry - Adding type registration character -> org.hibernate.type.CharacterType@35d5ac51
[DEBUG] 2022-03-31 13:12:22.903 [main] BasicTypeRegistry - Adding type registration char -> org.hibernate.type.CharacterType@35d5ac51
[DEBUG] 2022-03-31 13:12:22.904 [main] BasicTypeRegistry - Adding type registration java.lang.Character -> org.hibernate.type.CharacterType@35d5ac51
[DEBUG] 2022-03-31 13:12:22.904 [main] BasicTypeRegistry - Adding type registration short -> org.hibernate.type.ShortType@78d6447a
[DEBUG] 2022-03-31 13:12:22.904 [main] BasicTypeRegistry - Adding type registration short -> org.hibernate.type.ShortType@78d6447a
[DEBUG] 2022-03-31 13:12:22.904 [main] BasicTypeRegistry - Adding type registration java.lang.Short -> org.hibernate.type.ShortType@78d6447a
[DEBUG] 2022-03-31 13:12:22.905 [main] BasicTypeRegistry - Adding type registration integer -> org.hibernate.type.IntegerType@761e788f
[DEBUG] 2022-03-31 13:12:22.905 [main] BasicTypeRegistry - Adding type registration int -> org.hibernate.type.IntegerType@761e788f
[DEBUG] 2022-03-31 13:12:22.905 [main] BasicTypeRegistry - Adding type registration java.lang.Integer -> org.hibernate.type.IntegerType@761e788f
[DEBUG] 2022-03-31 13:12:22.906 [main] BasicTypeRegistry - Adding type registration long -> org.hibernate.type.LongType@5ef6fd7f
[DEBUG] 2022-03-31 13:12:22.906 [main] BasicTypeRegistry - Adding type registration long -> org.hibernate.type.LongType@5ef6fd7f
[DEBUG] 2022-03-31 13:12:22.906 [main] BasicTypeRegistry - Adding type registration java.lang.Long -> org.hibernate.type.LongType@5ef6fd7f
[DEBUG] 2022-03-31 13:12:22.906 [main] BasicTypeRegistry - Adding type registration float -> org.hibernate.type.FloatType@730f9695
[DEBUG] 2022-03-31 13:12:22.906 [main] BasicTypeRegistry - Adding type registration float -> org.hibernate.type.FloatType@730f9695
[DEBUG] 2022-03-31 13:12:22.906 [main] BasicTypeRegistry - Adding type registration java.lang.Float -> org.hibernate.type.FloatType@730f9695
[DEBUG] 2022-03-31 13:12:22.907 [main] BasicTypeRegistry - Adding type registration double -> org.hibernate.type.DoubleType@6b2e46af
[DEBUG] 2022-03-31 13:12:22.907 [main] BasicTypeRegistry - Adding type registration double -> org.hibernate.type.DoubleType@6b2e46af
[DEBUG] 2022-03-31 13:12:22.907 [main] BasicTypeRegistry - Adding type registration java.lang.Double -> org.hibernate.type.DoubleType@6b2e46af
[DEBUG] 2022-03-31 13:12:22.907 [main] BasicTypeRegistry - Adding type registration big_decimal -> org.hibernate.type.BigDecimalType@5e1d03d7
[DEBUG] 2022-03-31 13:12:22.907 [main] BasicTypeRegistry - Adding type registration java.math.BigDecimal -> org.hibernate.type.BigDecimalType@5e1d03d7
[DEBUG] 2022-03-31 13:12:22.908 [main] BasicTypeRegistry - Adding type registration big_integer -> org.hibernate.type.BigIntegerType@7a0ef219
[DEBUG] 2022-03-31 13:12:22.908 [main] BasicTypeRegistry - Adding type registration java.math.BigInteger -> org.hibernate.type.BigIntegerType@7a0ef219
[DEBUG] 2022-03-31 13:12:22.908 [main] BasicTypeRegistry - Adding type registration string -> org.hibernate.type.StringType@658255aa
[DEBUG] 2022-03-31 13:12:22.909 [main] BasicTypeRegistry - Adding type registration java.lang.String -> org.hibernate.type.StringType@658255aa
[DEBUG] 2022-03-31 13:12:22.909 [main] BasicTypeRegistry - Adding type registration nstring -> org.hibernate.type.StringNVarcharType@3d904e9c
[DEBUG] 2022-03-31 13:12:22.909 [main] BasicTypeRegistry - Adding type registration ncharacter -> org.hibernate.type.CharacterNCharType@210308d5
[DEBUG] 2022-03-31 13:12:22.909 [main] BasicTypeRegistry - Adding type registration url -> org.hibernate.type.UrlType@6ede46f6
[DEBUG] 2022-03-31 13:12:22.909 [main] BasicTypeRegistry - Adding type registration java.net.URL -> org.hibernate.type.UrlType@6ede46f6
[DEBUG] 2022-03-31 13:12:22.910 [main] BasicTypeRegistry - Adding type registration Duration -> org.hibernate.type.DurationType@10a0fe30
[DEBUG] 2022-03-31 13:12:22.910 [main] BasicTypeRegistry - Adding type registration java.time.Duration -> org.hibernate.type.DurationType@10a0fe30
[DEBUG] 2022-03-31 13:12:22.915 [main] BasicTypeRegistry - Adding type registration Instant -> org.hibernate.type.InstantType@6edcad64
[DEBUG] 2022-03-31 13:12:22.916 [main] BasicTypeRegistry - Adding type registration java.time.Instant -> org.hibernate.type.InstantType@6edcad64
[DEBUG] 2022-03-31 13:12:22.917 [main] BasicTypeRegistry - Adding type registration LocalDateTime -> org.hibernate.type.LocalDateTimeType@68a4dcc6
[DEBUG] 2022-03-31 13:12:22.917 [main] BasicTypeRegistry - Adding type registration java.time.LocalDateTime -> org.hibernate.type.LocalDateTimeType@68a4dcc6
[DEBUG] 2022-03-31 13:12:22.918 [main] BasicTypeRegistry - Adding type registration LocalDate -> org.hibernate.type.LocalDateType@7e74a380
[DEBUG] 2022-03-31 13:12:22.918 [main] BasicTypeRegistry - Adding type registration java.time.LocalDate -> org.hibernate.type.LocalDateType@7e74a380
[DEBUG] 2022-03-31 13:12:22.918 [main] BasicTypeRegistry - Adding type registration LocalTime -> org.hibernate.type.LocalTimeType@cb7fa71
[DEBUG] 2022-03-31 13:12:22.918 [main] BasicTypeRegistry - Adding type registration java.time.LocalTime -> org.hibernate.type.LocalTimeType@cb7fa71
[DEBUG] 2022-03-31 13:12:22.919 [main] BasicTypeRegistry - Adding type registration OffsetDateTime -> org.hibernate.type.OffsetDateTimeType@18d910b3
[DEBUG] 2022-03-31 13:12:22.919 [main] BasicTypeRegistry - Adding type registration java.time.OffsetDateTime -> org.hibernate.type.OffsetDateTimeType@18d910b3
[DEBUG] 2022-03-31 13:12:22.920 [main] BasicTypeRegistry - Adding type registration OffsetTime -> org.hibernate.type.OffsetTimeType@2f1d0bbc
[DEBUG] 2022-03-31 13:12:22.920 [main] BasicTypeRegistry - Adding type registration java.time.OffsetTime -> org.hibernate.type.OffsetTimeType@2f1d0bbc
[DEBUG] 2022-03-31 13:12:22.921 [main] BasicTypeRegistry - Adding type registration ZonedDateTime -> org.hibernate.type.ZonedDateTimeType@79b84841
[DEBUG] 2022-03-31 13:12:22.921 [main] BasicTypeRegistry - Adding type registration java.time.ZonedDateTime -> org.hibernate.type.ZonedDateTimeType@79b84841
[DEBUG] 2022-03-31 13:12:22.922 [main] BasicTypeRegistry - Adding type registration date -> org.hibernate.type.DateType@a451491
[DEBUG] 2022-03-31 13:12:22.922 [main] BasicTypeRegistry - Adding type registration java.sql.Date -> org.hibernate.type.DateType@a451491
[DEBUG] 2022-03-31 13:12:22.922 [main] BasicTypeRegistry - Adding type registration time -> org.hibernate.type.TimeType@337bbfdf
[DEBUG] 2022-03-31 13:12:22.922 [main] BasicTypeRegistry - Adding type registration java.sql.Time -> org.hibernate.type.TimeType@337bbfdf
[DEBUG] 2022-03-31 13:12:22.923 [main] BasicTypeRegistry - Adding type registration timestamp -> org.hibernate.type.TimestampType@62dbe64e
[DEBUG] 2022-03-31 13:12:22.923 [main] BasicTypeRegistry - Adding type registration java.sql.Timestamp -> org.hibernate.type.TimestampType@62dbe64e
[DEBUG] 2022-03-31 13:12:22.923 [main] BasicTypeRegistry - Adding type registration java.util.Date -> org.hibernate.type.TimestampType@62dbe64e
[DEBUG] 2022-03-31 13:12:22.924 [main] BasicTypeRegistry - Adding type registration dbtimestamp -> org.hibernate.type.DbTimestampType@7baf1f5a
[DEBUG] 2022-03-31 13:12:22.925 [main] BasicTypeRegistry - Adding type registration calendar -> org.hibernate.type.CalendarType@522bf64e
[DEBUG] 2022-03-31 13:12:22.925 [main] BasicTypeRegistry - Adding type registration java.util.Calendar -> org.hibernate.type.CalendarType@522bf64e
[DEBUG] 2022-03-31 13:12:22.925 [main] BasicTypeRegistry - Adding type registration java.util.GregorianCalendar -> org.hibernate.type.CalendarType@522bf64e
[DEBUG] 2022-03-31 13:12:22.926 [main] BasicTypeRegistry - Adding type registration calendar_date -> org.hibernate.type.CalendarDateType@5af8bb51
[DEBUG] 2022-03-31 13:12:22.926 [main] BasicTypeRegistry - Adding type registration locale -> org.hibernate.type.LocaleType@4d95a72e
[DEBUG] 2022-03-31 13:12:22.927 [main] BasicTypeRegistry - Adding type registration java.util.Locale -> org.hibernate.type.LocaleType@4d95a72e
[DEBUG] 2022-03-31 13:12:22.928 [main] BasicTypeRegistry - Adding type registration currency -> org.hibernate.type.CurrencyType@7100dea
[DEBUG] 2022-03-31 13:12:22.928 [main] BasicTypeRegistry - Adding type registration java.util.Currency -> org.hibernate.type.CurrencyType@7100dea
[DEBUG] 2022-03-31 13:12:22.928 [main] BasicTypeRegistry - Adding type registration timezone -> org.hibernate.type.TimeZoneType@151bf776
[DEBUG] 2022-03-31 13:12:22.928 [main] BasicTypeRegistry - Adding type registration java.util.TimeZone -> org.hibernate.type.TimeZoneType@151bf776
[DEBUG] 2022-03-31 13:12:22.929 [main] BasicTypeRegistry - Adding type registration class -> org.hibernate.type.ClassType@2b680207
[DEBUG] 2022-03-31 13:12:22.929 [main] BasicTypeRegistry - Adding type registration java.lang.Class -> org.hibernate.type.ClassType@2b680207
[DEBUG] 2022-03-31 13:12:22.929 [main] BasicTypeRegistry - Adding type registration uuid-binary -> org.hibernate.type.UUIDBinaryType@2f2bff16
[DEBUG] 2022-03-31 13:12:22.930 [main] BasicTypeRegistry - Adding type registration java.util.UUID -> org.hibernate.type.UUIDBinaryType@2f2bff16
[DEBUG] 2022-03-31 13:12:22.930 [main] BasicTypeRegistry - Adding type registration uuid-char -> org.hibernate.type.UUIDCharType@59cda16e
[DEBUG] 2022-03-31 13:12:22.965 [main] BasicTypeRegistry - Adding type registration binary -> org.hibernate.type.BinaryType@5a6fa56e
[DEBUG] 2022-03-31 13:12:22.969 [main] BasicTypeRegistry - Adding type registration byte[] -> org.hibernate.type.BinaryType@5a6fa56e
[DEBUG] 2022-03-31 13:12:22.969 [main] BasicTypeRegistry - Adding type registration [B -> org.hibernate.type.BinaryType@5a6fa56e
[DEBUG] 2022-03-31 13:12:22.974 [main] BasicTypeRegistry - Adding type registration wrapper-binary -> org.hibernate.type.WrapperBinaryType@784abd3e
[DEBUG] 2022-03-31 13:12:22.975 [main] BasicTypeRegistry - Adding type registration Byte[] -> org.hibernate.type.WrapperBinaryType@784abd3e
[DEBUG] 2022-03-31 13:12:22.975 [main] BasicTypeRegistry - Adding type registration [Ljava.lang.Byte; -> org.hibernate.type.WrapperBinaryType@784abd3e
[DEBUG] 2022-03-31 13:12:22.976 [main] BasicTypeRegistry - Adding type registration row_version -> org.hibernate.type.RowVersionType@bc042d5
[DEBUG] 2022-03-31 13:12:22.976 [main] BasicTypeRegistry - Adding type registration image -> org.hibernate.type.ImageType@7724704f
[DEBUG] 2022-03-31 13:12:22.976 [main] BasicTypeRegistry - Adding type registration characters -> org.hibernate.type.CharArrayType@74ecacc3
[DEBUG] 2022-03-31 13:12:22.976 [main] BasicTypeRegistry - Adding type registration char[] -> org.hibernate.type.CharArrayType@74ecacc3
[DEBUG] 2022-03-31 13:12:22.976 [main] BasicTypeRegistry - Adding type registration [C -> org.hibernate.type.CharArrayType@74ecacc3
[DEBUG] 2022-03-31 13:12:22.977 [main] BasicTypeRegistry - Adding type registration wrapper-characters -> org.hibernate.type.CharacterArrayType@378cfecf
[DEBUG] 2022-03-31 13:12:22.978 [main] BasicTypeRegistry - Adding type registration [Ljava.lang.Character; -> org.hibernate.type.CharacterArrayType@378cfecf
[DEBUG] 2022-03-31 13:12:22.978 [main] BasicTypeRegistry - Adding type registration Character[] -> org.hibernate.type.CharacterArrayType@378cfecf
[DEBUG] 2022-03-31 13:12:22.978 [main] BasicTypeRegistry - Adding type registration text -> org.hibernate.type.TextType@1305c126
[DEBUG] 2022-03-31 13:12:22.979 [main] BasicTypeRegistry - Adding type registration ntext -> org.hibernate.type.NTextType@4b97c4ad
[DEBUG] 2022-03-31 13:12:22.980 [main] BasicTypeRegistry - Adding type registration blob -> org.hibernate.type.BlobType@4e1a46fb
[DEBUG] 2022-03-31 13:12:22.980 [main] BasicTypeRegistry - Adding type registration java.sql.Blob -> org.hibernate.type.BlobType@4e1a46fb
[DEBUG] 2022-03-31 13:12:22.980 [main] BasicTypeRegistry - Adding type registration materialized_blob -> org.hibernate.type.MaterializedBlobType@709ed6f3
[DEBUG] 2022-03-31 13:12:22.981 [main] BasicTypeRegistry - Adding type registration clob -> org.hibernate.type.ClobType@437486cd
[DEBUG] 2022-03-31 13:12:22.981 [main] BasicTypeRegistry - Adding type registration java.sql.Clob -> org.hibernate.type.ClobType@437486cd
[DEBUG] 2022-03-31 13:12:22.981 [main] BasicTypeRegistry - Adding type registration nclob -> org.hibernate.type.NClobType@73844119
[DEBUG] 2022-03-31 13:12:22.983 [main] BasicTypeRegistry - Adding type registration java.sql.NClob -> org.hibernate.type.NClobType@73844119
[DEBUG] 2022-03-31 13:12:22.984 [main] BasicTypeRegistry - Adding type registration materialized_clob -> org.hibernate.type.MaterializedClobType@176996c3
[DEBUG] 2022-03-31 13:12:22.984 [main] BasicTypeRegistry - Adding type registration materialized_nclob -> org.hibernate.type.MaterializedNClobType@2f897dab
[DEBUG] 2022-03-31 13:12:22.985 [main] BasicTypeRegistry - Adding type registration serializable -> org.hibernate.type.SerializableType@7b948f3e
[DEBUG] 2022-03-31 13:12:22.987 [main] BasicTypeRegistry - Adding type registration object -> org.hibernate.type.ObjectType@60c8a093
[DEBUG] 2022-03-31 13:12:22.987 [main] BasicTypeRegistry - Adding type registration java.lang.Object -> org.hibernate.type.ObjectType@60c8a093
[DEBUG] 2022-03-31 13:12:22.988 [main] BasicTypeRegistry - Adding type registration imm_date -> org.hibernate.type.AdaptedImmutableType@c755b2
[DEBUG] 2022-03-31 13:12:22.988 [main] BasicTypeRegistry - Adding type registration imm_time -> org.hibernate.type.AdaptedImmutableType@3bd2af5b
[DEBUG] 2022-03-31 13:12:22.988 [main] BasicTypeRegistry - Adding type registration imm_timestamp -> org.hibernate.type.AdaptedImmutableType@250a500b
[DEBUG] 2022-03-31 13:12:22.988 [main] BasicTypeRegistry - Adding type registration imm_dbtimestamp -> org.hibernate.type.AdaptedImmutableType@75d982d3
[DEBUG] 2022-03-31 13:12:22.988 [main] BasicTypeRegistry - Adding type registration imm_calendar -> org.hibernate.type.AdaptedImmutableType@4f89331f
[DEBUG] 2022-03-31 13:12:22.988 [main] BasicTypeRegistry - Adding type registration imm_calendar_date -> org.hibernate.type.AdaptedImmutableType@618ff5c2
[DEBUG] 2022-03-31 13:12:22.988 [main] BasicTypeRegistry - Adding type registration imm_binary -> org.hibernate.type.AdaptedImmutableType@16727bf0
[DEBUG] 2022-03-31 13:12:22.988 [main] BasicTypeRegistry - Adding type registration imm_serializable -> org.hibernate.type.AdaptedImmutableType@2f84acf7
[DEBUG] 2022-03-31 13:12:23.048 [main] DefaultIdentifierGeneratorFactory - Registering IdentifierGenerator strategy [uuid2] -> [org.hibernate.id.UUIDGenerator]
[DEBUG] 2022-03-31 13:12:23.051 [main] DefaultIdentifierGeneratorFactory - Registering IdentifierGenerator strategy [guid] -> [org.hibernate.id.GUIDGenerator]
[DEBUG] 2022-03-31 13:12:23.051 [main] DefaultIdentifierGeneratorFactory - Registering IdentifierGenerator strategy [uuid] -> [org.hibernate.id.UUIDHexGenerator]
[DEBUG] 2022-03-31 13:12:23.052 [main] DefaultIdentifierGeneratorFactory - Registering IdentifierGenerator strategy [uuid.hex] -> [org.hibernate.id.UUIDHexGenerator]
[DEBUG] 2022-03-31 13:12:23.052 [main] DefaultIdentifierGeneratorFactory - Registering IdentifierGenerator strategy [assigned] -> [org.hibernate.id.Assigned]
[DEBUG] 2022-03-31 13:12:23.052 [main] DefaultIdentifierGeneratorFactory - Registering IdentifierGenerator strategy [identity] -> [org.hibernate.id.IdentityGenerator]
[DEBUG] 2022-03-31 13:12:23.052 [main] DefaultIdentifierGeneratorFactory - Registering IdentifierGenerator strategy [select] -> [org.hibernate.id.SelectGenerator]
[DEBUG] 2022-03-31 13:12:23.053 [main] DefaultIdentifierGeneratorFactory - Registering IdentifierGenerator strategy [sequence] -> [org.hibernate.id.enhanced.SequenceStyleGenerator]
[DEBUG] 2022-03-31 13:12:23.054 [main] DefaultIdentifierGeneratorFactory - Registering IdentifierGenerator strategy [seqhilo] -> [org.hibernate.id.SequenceHiLoGenerator]
[DEBUG] 2022-03-31 13:12:23.054 [main] DefaultIdentifierGeneratorFactory - Registering IdentifierGenerator strategy [increment] -> [org.hibernate.id.IncrementGenerator]
[DEBUG] 2022-03-31 13:12:23.054 [main] DefaultIdentifierGeneratorFactory - Registering IdentifierGenerator strategy [foreign] -> [org.hibernate.id.ForeignGenerator]
[DEBUG] 2022-03-31 13:12:23.055 [main] DefaultIdentifierGeneratorFactory - Registering IdentifierGenerator strategy [sequence-identity] -> [org.hibernate.id.SequenceIdentityGenerator]
[DEBUG] 2022-03-31 13:12:23.055 [main] DefaultIdentifierGeneratorFactory - Registering IdentifierGenerator strategy [enhanced-sequence] -> [org.hibernate.id.enhanced.SequenceStyleGenerator]
[DEBUG] 2022-03-31 13:12:23.056 [main] DefaultIdentifierGeneratorFactory - Registering IdentifierGenerator strategy [enhanced-table] -> [org.hibernate.id.enhanced.TableGenerator]
[INFO ] 2022-03-31 13:12:23.062 [main] C3P0ConnectionProvider - HHH010002: C3P0 using driver: com.mysql.cj.jdbc.Driver at URL: jdbc:mysql://localhost:3306/wdev?serverTimezone=UTC
[INFO ] 2022-03-31 13:12:23.063 [main] C3P0ConnectionProvider - HHH10001001: Connection properties: {password=****, user=root}
[INFO ] 2022-03-31 13:12:23.063 [main] C3P0ConnectionProvider - HHH10001003: Autocommit mode: false
[INFO ] 2022-03-31 13:12:23.228 [main] C3P0ConnectionProvider - HHH10001007: JDBC isolation level: <unknown>
[DEBUG] 2022-03-31 13:12:23.480 [main] JdbcEnvironmentInitiator - Database ->
       name : MySQL
    version : 8.0.28
      major : 8
      minor : 0
[DEBUG] 2022-03-31 13:12:23.482 [main] JdbcEnvironmentInitiator - Driver ->
       name : MySQL Connector/J
    version : mysql-connector-java-8.0.28 (Revision: 7ff2161da3899f379fb3171b6538b191b1c5c7e2)
      major : 8
      minor : 0
[DEBUG] 2022-03-31 13:12:23.483 [main] JdbcEnvironmentInitiator - JDBC version : 4.2
[INFO ] 2022-03-31 13:12:23.508 [main] Dialect - HHH000400: Using dialect: org.hibernate.dialect.MySQL8Dialect
[DEBUG] 2022-03-31 13:12:23.521 [main] IdentifierHelperBuilder - JDBC driver metadata reported database stores quoted identifiers in more than one case
[DEBUG] 2022-03-31 13:12:23.550 [main] IdentifierHelperBuilder - IdentifierCaseStrategy for both quoted and unquoted identifiers was set to the same strategy [MIXED]; that will likely lead to problems in schema update and validation if using quoted identifiers
[DEBUG] 2022-03-31 13:12:23.594 [main] Namespace - Created database namespace [logicalName=Name{catalog=null, schema=null}, physicalName=Name{catalog=null, schema=null}]
[DEBUG] 2022-03-31 13:12:23.601 [main] TypeConfiguration$Scope - Scoping TypeConfiguration [org.hibernate.type.spi.TypeConfiguration@21b6c9c2] to MetadataBuildingContext [org.hibernate.boot.internal.MetadataBuildingContextRootImpl@309cedb6]
[DEBUG] 2022-03-31 13:12:23.643 [main] AnnotationBinder - Binding entity from annotated class: com.palmerlarson.entity.User
[DEBUG] 2022-03-31 13:12:23.657 [main] Ejb3Column - Binding column: Ejb3DiscriminatorColumn{logicalColumnName'DTYPE', discriminatorTypeName='string'}
[DEBUG] 2022-03-31 13:12:23.660 [main] EntityBinder - Import with entity name User
[DEBUG] 2022-03-31 13:12:23.661 [main] EntityBinder - Bind entity com.palmerlarson.entity.User on table user
[DEBUG] 2022-03-31 13:12:23.684 [main] Ejb3Column - Binding column: Ejb3Column{table=org.hibernate.mapping.Table(user), mappingColumn=id, insertable=true, updatable=true, unique=false}
[DEBUG] 2022-03-31 13:12:23.686 [main] PropertyBinder - MetadataSourceProcessor property id with lazy=false
[DEBUG] 2022-03-31 13:12:23.687 [main] AbstractPropertyHolder - Attempting to locate auto-apply AttributeConverter for property [com.palmerlarson.entity.User:id]
[DEBUG] 2022-03-31 13:12:23.688 [main] SimpleValueBinder - building SimpleValue for id
[DEBUG] 2022-03-31 13:12:23.690 [main] PropertyBinder - Building property id
[DEBUG] 2022-03-31 13:12:23.693 [main] BinderHelper - #makeIdGenerator(org.hibernate.mapping.SimpleValue([org.hibernate.mapping.Column(id)]), id, org.hibernate.id.enhanced.SequenceStyleGenerator, native, ...)
[DEBUG] 2022-03-31 13:12:23.696 [main] Ejb3Column - Binding column: Ejb3Column{table=org.hibernate.mapping.Table(user), mappingColumn=first_name, insertable=true, updatable=true, unique=false}
[DEBUG] 2022-03-31 13:12:23.696 [main] PropertyBinder - MetadataSourceProcessor property first_name with lazy=false
[DEBUG] 2022-03-31 13:12:23.696 [main] AbstractPropertyHolder - Attempting to locate auto-apply AttributeConverter for property [com.palmerlarson.entity.User:first_name]
[DEBUG] 2022-03-31 13:12:23.696 [main] SimpleValueBinder - building SimpleValue for first_name
[DEBUG] 2022-03-31 13:12:23.696 [main] PropertyBinder - Building property first_name
[DEBUG] 2022-03-31 13:12:23.697 [main] Ejb3Column - Binding column: Ejb3Column{table=org.hibernate.mapping.Table(user), mappingColumn=gross_income, insertable=true, updatable=true, unique=false}
[DEBUG] 2022-03-31 13:12:23.697 [main] PropertyBinder - MetadataSourceProcessor property gross_income with lazy=false
[DEBUG] 2022-03-31 13:12:23.697 [main] AbstractPropertyHolder - Attempting to locate auto-apply AttributeConverter for property [com.palmerlarson.entity.User:gross_income]
[DEBUG] 2022-03-31 13:12:23.697 [main] SimpleValueBinder - building SimpleValue for gross_income
[DEBUG] 2022-03-31 13:12:23.697 [main] PropertyBinder - Building property gross_income
[DEBUG] 2022-03-31 13:12:23.697 [main] Ejb3Column - Binding column: Ejb3Column{table=org.hibernate.mapping.Table(user), mappingColumn=last_name, insertable=true, updatable=true, unique=false}
[DEBUG] 2022-03-31 13:12:23.697 [main] PropertyBinder - MetadataSourceProcessor property last_name with lazy=false
[DEBUG] 2022-03-31 13:12:23.697 [main] AbstractPropertyHolder - Attempting to locate auto-apply AttributeConverter for property [com.palmerlarson.entity.User:last_name]
[DEBUG] 2022-03-31 13:12:23.697 [main] SimpleValueBinder - building SimpleValue for last_name
[DEBUG] 2022-03-31 13:12:23.698 [main] PropertyBinder - Building property last_name
[DEBUG] 2022-03-31 13:12:23.698 [main] Ejb3Column - Binding column: Ejb3Column{table=org.hibernate.mapping.Table(user), mappingColumn=user_email, insertable=true, updatable=true, unique=false}
[DEBUG] 2022-03-31 13:12:23.698 [main] PropertyBinder - MetadataSourceProcessor property user_email with lazy=false
[DEBUG] 2022-03-31 13:12:23.698 [main] AbstractPropertyHolder - Attempting to locate auto-apply AttributeConverter for property [com.palmerlarson.entity.User:user_email]
[DEBUG] 2022-03-31 13:12:23.698 [main] SimpleValueBinder - building SimpleValue for user_email
[DEBUG] 2022-03-31 13:12:23.698 [main] PropertyBinder - Building property user_email
[DEBUG] 2022-03-31 13:12:23.703 [main] SimpleValueBinder - Starting fillSimpleValue for id
[DEBUG] 2022-03-31 13:12:23.703 [main] SimpleValueBinder - Starting fillSimpleValue for first_name
[DEBUG] 2022-03-31 13:12:23.703 [main] SimpleValueBinder - Starting fillSimpleValue for gross_income
[DEBUG] 2022-03-31 13:12:23.703 [main] SimpleValueBinder - Starting fillSimpleValue for last_name
[DEBUG] 2022-03-31 13:12:23.703 [main] SimpleValueBinder - Starting fillSimpleValue for user_email
[DEBUG] 2022-03-31 13:12:23.705 [main] PrimaryKey - Forcing column [id] to be non-null as it is part of the primary key for table [user]
[DEBUG] 2022-03-31 13:12:23.732 [main] SessionFactoryImpl - Building session factory
[DEBUG] 2022-03-31 13:12:23.732 [main] Settings - SessionFactory name : null
[DEBUG] 2022-03-31 13:12:23.732 [main] Settings - Automatic flush during beforeCompletion(): enabled
[DEBUG] 2022-03-31 13:12:23.733 [main] Settings - Automatic session close at end of transaction: disabled
[DEBUG] 2022-03-31 13:12:23.733 [main] Settings - Statistics: disabled
[DEBUG] 2022-03-31 13:12:23.733 [main] Settings - Deleted entity synthetic identifier rollback: disabled
[DEBUG] 2022-03-31 13:12:23.733 [main] Settings - Default entity-mode: pojo
[DEBUG] 2022-03-31 13:12:23.733 [main] Settings - Check Nullability in Core (should be disabled when Bean Validation is on): enabled
[DEBUG] 2022-03-31 13:12:23.733 [main] Settings - Allow initialization of lazy state outside session : disabled
[DEBUG] 2022-03-31 13:12:23.733 [main] Settings - Using BatchFetchStyle : LEGACY
[DEBUG] 2022-03-31 13:12:23.733 [main] Settings - Default batch fetch size: -1
[DEBUG] 2022-03-31 13:12:23.733 [main] Settings - Maximum outer join fetch depth: 2
[DEBUG] 2022-03-31 13:12:23.733 [main] Settings - Default null ordering: NONE
[DEBUG] 2022-03-31 13:12:23.734 [main] Settings - Order SQL updates by primary key: disabled
[DEBUG] 2022-03-31 13:12:23.734 [main] Settings - Order SQL inserts for batching: disabled
[DEBUG] 2022-03-31 13:12:23.734 [main] Settings - multi-tenancy strategy : NONE
[DEBUG] 2022-03-31 13:12:23.734 [main] Settings - JTA Track by Thread: enabled
[DEBUG] 2022-03-31 13:12:23.734 [main] Settings - Query language substitutions: {}
[DEBUG] 2022-03-31 13:12:23.734 [main] Settings - Named query checking : enabled
[DEBUG] 2022-03-31 13:12:23.734 [main] Settings - Second-level cache: disabled
[DEBUG] 2022-03-31 13:12:23.734 [main] Settings - Second-level query cache: disabled
[DEBUG] 2022-03-31 13:12:23.734 [main] Settings - Second-level query cache factory: null
[DEBUG] 2022-03-31 13:12:23.734 [main] Settings - Second-level cache region prefix: null
[DEBUG] 2022-03-31 13:12:23.734 [main] Settings - Optimize second-level cache for minimal puts: disabled
[DEBUG] 2022-03-31 13:12:23.734 [main] Settings - Structured second-level cache entries: disabled
[DEBUG] 2022-03-31 13:12:23.734 [main] Settings - Second-level cache direct-reference entries: disabled
[DEBUG] 2022-03-31 13:12:23.734 [main] Settings - Automatic eviction of collection cache: disabled
[DEBUG] 2022-03-31 13:12:23.734 [main] Settings - JDBC batch size: 15
[DEBUG] 2022-03-31 13:12:23.734 [main] Settings - JDBC batch updates for versioned data: enabled
[DEBUG] 2022-03-31 13:12:23.734 [main] Settings - Scrollable result sets: enabled
[DEBUG] 2022-03-31 13:12:23.734 [main] Settings - Wrap result sets: disabled
[DEBUG] 2022-03-31 13:12:23.734 [main] Settings - JDBC3 getGeneratedKeys(): enabled
[DEBUG] 2022-03-31 13:12:23.734 [main] Settings - JDBC result set fetch size: null
[DEBUG] 2022-03-31 13:12:23.734 [main] Settings - Connection release mode: AFTER_TRANSACTION
[DEBUG] 2022-03-31 13:12:23.734 [main] Settings - Generate SQL with comments: disabled
[DEBUG] 2022-03-31 13:12:23.734 [main] Settings - JPA compliance - query : 
[DEBUG] 2022-03-31 13:12:23.734 [main] Settings - JPA compliance - closed-handling : 
[DEBUG] 2022-03-31 13:12:23.734 [main] Settings - JPA compliance - lists : 
[DEBUG] 2022-03-31 13:12:23.734 [main] Settings - JPA compliance - transactions : 
[INFO ] 2022-03-31 13:12:23.769 [main] beans - HHH10005002: No explicit CDI BeanManager reference was passed to Hibernate, but CDI is available on the Hibernate ClassLoader.
[DEBUG] 2022-03-31 13:12:23.781 [main] SessionFactoryImpl - Session factory constructed with filter configurations : {}
[DEBUG] 2022-03-31 13:12:23.783 [main] SessionFactoryImpl - Instantiating session factory with properties: {gopherProxySet=false, awt.toolkit=sun.lwawt.macosx.LWCToolkit, java.specification.version=11, sun.cpu.isalist=, hibernate.c3p0.idle_test_period=3000, sun.jnu.encoding=UTF-8, hibernate.c3p0.min_size=5, java.class.path=/Applications/IntelliJ IDEA.app/Contents/lib/idea_rt.jar:/Applications/IntelliJ IDEA.app/Contents/plugins/junit/lib/junit5-rt.jar:/Applications/IntelliJ IDEA.app/Contents/plugins/junit/lib/junit-rt.jar:/Users/palmerlarson/IdeaProjects/IndieProject/target/test-classes:/Users/palmerlarson/IdeaProjects/IndieProject/target/classes:/Users/palmerlarson/.m2/repository/org/hibernate/hibernate-core/5.4.4.Final/hibernate-core-5.4.4.Final.jar:/Users/palmerlarson/.m2/repository/org/jboss/logging/jboss-logging/3.3.2.Final/jboss-logging-3.3.2.Final.jar:/Users/palmerlarson/.m2/repository/javax/persistence/javax.persistence-api/2.2/javax.persistence-api-2.2.jar:/Users/palmerlarson/.m2/repository/org/javassist/javassist/3.24.0-GA/javassist-3.24.0-GA.jar:/Users/palmerlarson/.m2/repository/net/bytebuddy/byte-buddy/1.9.11/byte-buddy-1.9.11.jar:/Users/palmerlarson/.m2/repository/antlr/antlr/2.7.7/antlr-2.7.7.jar:/Users/palmerlarson/.m2/repository/org/jboss/spec/javax/transaction/jboss-transaction-api_1.2_spec/1.1.1.Final/jboss-transaction-api_1.2_spec-1.1.1.Final.jar:/Users/palmerlarson/.m2/repository/org/jboss/jandex/2.0.5.Final/jandex-2.0.5.Final.jar:/Users/palmerlarson/.m2/repository/com/fasterxml/classmate/1.3.4/classmate-1.3.4.jar:/Users/palmerlarson/.m2/repository/javax/activation/javax.activation-api/1.2.0/javax.activation-api-1.2.0.jar:/Users/palmerlarson/.m2/repository/org/dom4j/dom4j/2.1.1/dom4j-2.1.1.jar:/Users/palmerlarson/.m2/repository/org/hibernate/common/hibernate-commons-annotations/5.1.0.Final/hibernate-commons-annotations-5.1.0.Final.jar:/Users/palmerlarson/.m2/repository/javax/xml/bind/jaxb-api/2.3.1/jaxb-api-2.3.1.jar:/Users/palmerlarson/.m2/repository/org/glassfish/jaxb/jaxb-runtime/2.3.1/jaxb-runtime-2.3.1.jar:/Users/palmerlarson/.m2/repository/org/glassfish/jaxb/txw2/2.3.1/txw2-2.3.1.jar:/Users/palmerlarson/.m2/repository/com/sun/istack/istack-commons-runtime/3.0.7/istack-commons-runtime-3.0.7.jar:/Users/palmerlarson/.m2/repository/org/jvnet/staxex/stax-ex/1.8/stax-ex-1.8.jar:/Users/palmerlarson/.m2/repository/com/sun/xml/fastinfoset/FastInfoset/1.2.15/FastInfoset-1.2.15.jar:/Users/palmerlarson/.m2/repository/org/hibernate/hibernate-c3p0/5.4.4.Final/hibernate-c3p0-5.4.4.Final.jar:/Users/palmerlarson/.m2/repository/com/mchange/c3p0/0.9.5.3/c3p0-0.9.5.3.jar:/Users/palmerlarson/.m2/repository/com/mchange/mchange-commons-java/0.2.15/mchange-commons-java-0.2.15.jar:/Users/palmerlarson/.m2/repository/org/apache/logging/log4j/log4j-api/2.10.0/log4j-api-2.10.0.jar:/Users/palmerlarson/.m2/repository/org/apache/logging/log4j/log4j-core/2.10.0/log4j-core-2.10.0.jar:/Users/palmerlarson/.m2/repository/javax/javaee-web-api/7.0/javaee-web-api-7.0.jar:/Users/palmerlarson/.m2/repository/org/junit/platform/junit-platform-runner/1.0.0/junit-platform-runner-1.0.0.jar:/Users/palmerlarson/.m2/repository/org/apiguardian/apiguardian-api/1.0.0/apiguardian-api-1.0.0.jar:/Users/palmerlarson/.m2/repository/org/junit/platform/junit-platform-launcher/1.0.0/junit-platform-launcher-1.0.0.jar:/Users/palmerlarson/.m2/repository/org/junit/platform/junit-platform-suite-api/1.0.0/junit-platform-suite-api-1.0.0.jar:/Users/palmerlarson/.m2/repository/org/junit/platform/junit-platform-commons/1.0.0/junit-platform-commons-1.0.0.jar:/Users/palmerlarson/.m2/repository/org/junit/vintage/junit-vintage-engine/4.12.0/junit-vintage-engine-4.12.0.jar:/Users/palmerlarson/.m2/repository/org/junit/platform/junit-platform-engine/1.0.0/junit-platform-engine-1.0.0.jar:/Users/palmerlarson/.m2/repository/org/opentest4j/opentest4j/1.0.0/opentest4j-1.0.0.jar:/Users/palmerlarson/.m2/repository/org/junit/jupiter/junit-jupiter-engine/5.0.0/junit-jupiter-engine-5.0.0.jar:/Users/palmerlarson/.m2/repository/org/junit/jupiter/junit-jupiter-api/5.0.0/junit-jupiter-api-5.0.0.jar:/Users/palmerlarson/.m2/repository/junit/junit/4.12/junit-4.12.jar:/Users/palmerlarson/.m2/repository/org/hamcrest/hamcrest-core/1.3/hamcrest-core-1.3.jar:/Users/palmerlarson/.m2/repository/jstl/jstl/1.2/jstl-1.2.jar:/Users/palmerlarson/.m2/repository/mysql/mysql-connector-java/8.0.28/mysql-connector-java-8.0.28.jar:/Users/palmerlarson/.m2/repository/com/google/protobuf/protobuf-java/3.11.4/protobuf-java-3.11.4.jar:/Users/palmerlarson/.m2/repository/com/auth0/java-jwt/3.18.3/java-jwt-3.18.3.jar:/Users/palmerlarson/.m2/repository/org/json/json/20170516/json-20170516.jar:/Users/palmerlarson/.m2/repository/commons-io/commons-io/2.11.0/commons-io-2.11.0.jar:/Users/palmerlarson/.m2/repository/com/fasterxml/jackson/core/jackson-databind/2.10.0/jackson-databind-2.10.0.jar:/Users/palmerlarson/.m2/repository/com/fasterxml/jackson/core/jackson-annotations/2.10.0/jackson-annotations-2.10.0.jar:/Users/palmerlarson/.m2/repository/com/fasterxml/jackson/core/jackson-core/2.10.0/jackson-core-2.10.0.jar:/Users/palmerlarson/.m2/repository/commons-codec/commons-codec/1.7/commons-codec-1.7.jar, java.vm.vendor=Oracle Corporation, sun.arch.data.model=64, idea.test.cyclic.buffer.size=1048576, java.vendor.url=https://openjdk.java.net/, user.timezone=America/Chicago, os.name=Mac OS X, java.vm.specification.version=11, sun.java.launcher=SUN_STANDARD, user.country=US, sun.boot.library.path=/Library/Java/JavaVirtualMachines/jdk-11.0.14.jdk/Contents/Home/lib, sun.java.command=com.intellij.rt.junit.JUnitStarter -ideVersion5 -junit5 com.palmerlarson.persistence.UserDaoTest, http.nonProxyHosts=local|*.local|169.254/16|*.169.254/16, jdk.debug=release, sun.cpu.endian=little, user.home=/Users/palmerlarson, hibernate.c3p0.max_statements=50, user.language=en, java.specification.vendor=Oracle Corporation, java.version.date=2022-01-18, java.home=/Library/Java/JavaVirtualMachines/jdk-11.0.14.jdk/Contents/Home, file.separator=/, java.vm.compressedOopsMode=Zero based, line.separator=
, hibernate.c3p0.timeout=300, java.specification.name=Java Platform API Specification, java.vm.specification.vendor=Oracle Corporation, java.awt.graphicsenv=sun.awt.CGraphicsEnvironment, connection.password=palmer1995, sun.management.compiler=HotSpot 64-Bit Tiered Compilers, ftp.nonProxyHosts=local|*.local|169.254/16|*.169.254/16, hibernate.c3p0.max_size=20, java.runtime.version=11.0.14+8-LTS-263, user.name=palmerlarson, path.separator=:, hibernate.connection.username=****, os.version=12.3, java.runtime.name=Java(TM) SE Runtime Environment, hibernate.connection.url=jdbc:mysql://localhost:3306/wdev?serverTimezone=UTC, file.encoding=UTF-8, java.vm.name=Java HotSpot(TM) 64-Bit Server VM, java.vendor.version=18.9, hibernate.connection.driver_class=com.mysql.cj.jdbc.Driver, java.vendor.url.bug=https://bugreport.java.com/bugreport/, java.io.tmpdir=/var/folders/7_/hjc2wkns2zj3yl0np9mvr3cm0000gn/T/, java.version=11.0.14, user.dir=/Users/palmerlarson/IdeaProjects/IndieProject, os.arch=x86_64, connection.username=root, java.vm.specification.name=Java Virtual Machine Specification, java.awt.printerjob=sun.lwawt.macosx.CPrinterJob, hibernate.connection.password=****, sun.os.patch.level=unknown, connection.driver_class=com.mysql.cj.jdbc.Driver, hibernate.boot.CfgXmlAccessService.key=org.hibernate.boot.cfgxml.spi.LoadedConfig@611b35d6, java.library.path=/Users/palmerlarson/Library/Java/Extensions:/Library/Java/Extensions:/Network/Library/Java/Extensions:/System/Library/Java/Extensions:/usr/lib/java:., java.vendor=Oracle Corporation, java.vm.info=mixed mode, java.vm.version=11.0.14+8-LTS-263, hibernate.bytecode.use_reflection_optimizer=false, sun.io.unicode.encoding=UnicodeBig, connection.url=jdbc:mysql://localhost:3306/wdev?serverTimezone=UTC, socksNonProxyHosts=local|*.local|169.254/16|*.169.254/16, java.class.version=55.0}
[DEBUG] 2022-03-31 13:12:23.796 [main] TypeSafeActivator - Unable to acquire Bean Validation ValidatorFactory, skipping activation
[DEBUG] 2022-03-31 13:12:23.796 [main] JaccIntegrator - Skipping JACC integration as it was not enabled
[DEBUG] 2022-03-31 13:12:23.797 [main] SessionFactoryImpl - Instantiated session factory
[DEBUG] 2022-03-31 13:12:23.797 [main] TypeConfiguration$Scope - Scoping TypeConfiguration [org.hibernate.type.spi.TypeConfiguration@21b6c9c2] to SessionFactoryImpl [org.hibernate.internal.SessionFactoryImpl@2e71240b]
[DEBUG] 2022-03-31 13:12:23.830 [main] ClassLoaderAccessImpl - Not known whether passed class name [com.palmerlarson.entity.User] is safe
[DEBUG] 2022-03-31 13:12:23.831 [main] ClassLoaderAccessImpl - No temp ClassLoader provided; using live ClassLoader for loading potentially unsafe class : com.palmerlarson.entity.User
[DEBUG] 2022-03-31 13:12:23.841 [main] ClassLoaderAccessImpl - Not known whether passed class name [com.palmerlarson.entity.User] is safe
[DEBUG] 2022-03-31 13:12:23.841 [main] ClassLoaderAccessImpl - No temp ClassLoader provided; using live ClassLoader for loading potentially unsafe class : com.palmerlarson.entity.User
[DEBUG] 2022-03-31 13:12:24.002 [main] AbstractEntityPersister - Static SQL for entity: com.palmerlarson.entity.User
[DEBUG] 2022-03-31 13:12:24.002 [main] AbstractEntityPersister -  Version select: select id from user where id =?
[DEBUG] 2022-03-31 13:12:24.003 [main] AbstractEntityPersister -  Snapshot select: select user_.id, user_.first_name as first_na2_0_, user_.gross_income as gross_in3_0_, user_.last_name as last_nam4_0_, user_.user_email as user_ema5_0_ from user user_ where user_.id=?
[DEBUG] 2022-03-31 13:12:24.003 [main] AbstractEntityPersister -  Insert 0: insert into user (first_name, gross_income, last_name, user_email, id) values (?, ?, ?, ?, ?)
[DEBUG] 2022-03-31 13:12:24.003 [main] AbstractEntityPersister -  Update 0: update user set first_name=?, gross_income=?, last_name=?, user_email=? where id=?
[DEBUG] 2022-03-31 13:12:24.003 [main] AbstractEntityPersister -  Delete 0: delete from user where id=?
[DEBUG] 2022-03-31 13:12:24.003 [main] AbstractEntityPersister -  Identity insert: insert into user (first_name, gross_income, last_name, user_email) values (?, ?, ?, ?)
[DEBUG] 2022-03-31 13:12:24.020 [main] QuerySpacesImpl - Adding QuerySpace : uid = <gen:0> -> org.hibernate.loader.plan.build.internal.spaces.EntityQuerySpaceImpl@3404e5c4]
[DEBUG] 2022-03-31 13:12:24.023 [main] MetamodelGraphWalker - Visiting attribute path : first_name
[DEBUG] 2022-03-31 13:12:24.023 [main] MetamodelGraphWalker - Visiting attribute path : gross_income
[DEBUG] 2022-03-31 13:12:24.023 [main] MetamodelGraphWalker - Visiting attribute path : last_name
[DEBUG] 2022-03-31 13:12:24.023 [main] MetamodelGraphWalker - Visiting attribute path : user_email
[DEBUG] 2022-03-31 13:12:24.023 [main] FetchStyleLoadPlanBuildingAssociationVisitationStrategy - Building LoadPlan...
[DEBUG] 2022-03-31 13:12:24.031 [main] LoadQueryJoinAndFetchProcessor - processing queryspace <gen:0>
[DEBUG] 2022-03-31 13:12:24.034 [main] LoadPlanTreePrinter - LoadPlan(entity=com.palmerlarson.entity.User)
    - Returns
       - EntityReturnImpl(entity=com.palmerlarson.entity.User, querySpaceUid=<gen:0>, path=com.palmerlarson.entity.User)
    - QuerySpaces
       - EntityQuerySpaceImpl(uid=<gen:0>, entity=com.palmerlarson.entity.User)
          - SQL table alias mapping - user0_
          - alias suffix - 0_
          - suffixed key columns - {id1_0_0_}

[DEBUG] 2022-03-31 13:12:24.036 [main] EntityLoader - Static select for entity com.palmerlarson.entity.User [NONE]: select user0_.id as id1_0_0_, user0_.first_name as first_na2_0_0_, user0_.gross_income as gross_in3_0_0_, user0_.last_name as last_nam4_0_0_, user0_.user_email as user_ema5_0_0_ from user user0_ where user0_.id=?
[DEBUG] 2022-03-31 13:12:24.037 [main] QuerySpacesImpl - Adding QuerySpace : uid = <gen:0> -> org.hibernate.loader.plan.build.internal.spaces.EntityQuerySpaceImpl@5fe46d52]
[DEBUG] 2022-03-31 13:12:24.038 [main] MetamodelGraphWalker - Visiting attribute path : first_name
[DEBUG] 2022-03-31 13:12:24.038 [main] MetamodelGraphWalker - Visiting attribute path : gross_income
[DEBUG] 2022-03-31 13:12:24.039 [main] MetamodelGraphWalker - Visiting attribute path : last_name
[DEBUG] 2022-03-31 13:12:24.039 [main] MetamodelGraphWalker - Visiting attribute path : user_email
[DEBUG] 2022-03-31 13:12:24.039 [main] FetchStyleLoadPlanBuildingAssociationVisitationStrategy - Building LoadPlan...
[DEBUG] 2022-03-31 13:12:24.039 [main] LoadQueryJoinAndFetchProcessor - processing queryspace <gen:0>
[DEBUG] 2022-03-31 13:12:24.040 [main] LoadPlanTreePrinter - LoadPlan(entity=com.palmerlarson.entity.User)
    - Returns
       - EntityReturnImpl(entity=com.palmerlarson.entity.User, querySpaceUid=<gen:0>, path=com.palmerlarson.entity.User)
    - QuerySpaces
       - EntityQuerySpaceImpl(uid=<gen:0>, entity=com.palmerlarson.entity.User)
          - SQL table alias mapping - user0_
          - alias suffix - 0_
          - suffixed key columns - {id1_0_0_}

[DEBUG] 2022-03-31 13:12:24.040 [main] EntityLoader - Static select for entity com.palmerlarson.entity.User [READ]: select user0_.id as id1_0_0_, user0_.first_name as first_na2_0_0_, user0_.gross_income as gross_in3_0_0_, user0_.last_name as last_nam4_0_0_, user0_.user_email as user_ema5_0_0_ from user user0_ where user0_.id=?
[DEBUG] 2022-03-31 13:12:24.048 [main] Loader - Static select for action ACTION_MERGE on entity com.palmerlarson.entity.User: select user0_.id as id1_0_0_, user0_.first_name as first_na2_0_0_, user0_.gross_income as gross_in3_0_0_, user0_.last_name as last_nam4_0_0_, user0_.user_email as user_ema5_0_0_ from user user0_ where user0_.id=?
[DEBUG] 2022-03-31 13:12:24.049 [main] Loader - Static select for action ACTION_REFRESH on entity com.palmerlarson.entity.User: select user0_.id as id1_0_0_, user0_.first_name as first_na2_0_0_, user0_.gross_income as gross_in3_0_0_, user0_.last_name as last_nam4_0_0_, user0_.user_email as user_ema5_0_0_ from user user0_ where user0_.id=?
[DEBUG] 2022-03-31 13:12:24.065 [main] SchemaManagementToolCoordinator - No actions specified; doing nothing
[DEBUG] 2022-03-31 13:12:24.065 [main] JtaPlatformInitiator - No JtaPlatform was specified, checking resolver
[DEBUG] 2022-03-31 13:12:24.065 [main] JtaPlatformResolverInitiator - No JtaPlatformResolver was specified, using default [org.hibernate.engine.transaction.jta.platform.internal.StandardJtaPlatformResolver]
[DEBUG] 2022-03-31 13:12:24.071 [main] StandardJtaPlatformResolver - Could not resolve JtaPlatform, using default [org.hibernate.engine.transaction.jta.platform.internal.NoJtaPlatform]
[INFO ] 2022-03-31 13:12:24.071 [main] JtaPlatformInitiator - HHH000490: Using JtaPlatform implementation: [org.hibernate.engine.transaction.jta.platform.internal.NoJtaPlatform]
[DEBUG] 2022-03-31 13:12:24.072 [main] NamedQueryRepository - Checking 0 named HQL queries
[DEBUG] 2022-03-31 13:12:24.072 [main] NamedQueryRepository - Checking 0 named SQL queries
[DEBUG] 2022-03-31 13:12:24.074 [main] SessionFactoryRegistry - Initializing SessionFactoryRegistry : org.hibernate.internal.SessionFactoryRegistry@401317a0
[DEBUG] 2022-03-31 13:12:24.076 [main] SessionFactoryRegistry - Registering SessionFactory: 5086de76-18b1-415e-ad5c-b12380941bca (<unnamed>)
[DEBUG] 2022-03-31 13:12:24.077 [main] SessionFactoryRegistry - Not binding SessionFactory to JNDI, no JNDI name configured
[DEBUG] 2022-03-31 13:12:24.127 [main] StatisticsInitiator - Statistics initialized [enabled=false]
[DEBUG] 2022-03-31 13:12:24.138 [main] SQL - select user0_.id as id1_0_0_, user0_.first_name as first_na2_0_0_, user0_.gross_income as gross_in3_0_0_, user0_.last_name as last_nam4_0_0_, user0_.user_email as user_ema5_0_0_ from user user0_ where user0_.id=?
[DEBUG] 2022-03-31 13:12:24.160 [main] ResultSetProcessorImpl - Starting ResultSet row #0
[DEBUG] 2022-03-31 13:12:24.161 [main] EntityReferenceInitializerImpl - On call to EntityIdentifierReaderImpl#resolve, EntityKey was already known; should only happen on root returns with an optional identifier specified
[DEBUG] 2022-03-31 13:12:24.173 [main] TwoPhaseLoad - Resolving attributes for [com.palmerlarson.entity.User#1]
[DEBUG] 2022-03-31 13:12:24.173 [main] TwoPhaseLoad - Processing attribute `first_name` : value = Kathy
[DEBUG] 2022-03-31 13:12:24.173 [main] TwoPhaseLoad - Attribute (`first_name`)  - enhanced for lazy-loading? - false
[DEBUG] 2022-03-31 13:12:24.173 [main] TwoPhaseLoad - Processing attribute `gross_income` : value = 100000
[DEBUG] 2022-03-31 13:12:24.173 [main] TwoPhaseLoad - Attribute (`gross_income`)  - enhanced for lazy-loading? - false
[DEBUG] 2022-03-31 13:12:24.173 [main] TwoPhaseLoad - Processing attribute `last_name` : value = Sierra
[DEBUG] 2022-03-31 13:12:24.173 [main] TwoPhaseLoad - Attribute (`last_name`)  - enhanced for lazy-loading? - false
[DEBUG] 2022-03-31 13:12:24.174 [main] TwoPhaseLoad - Processing attribute `user_email` : value = kathy@gmail.com
[DEBUG] 2022-03-31 13:12:24.174 [main] TwoPhaseLoad - Attribute (`user_email`)  - enhanced for lazy-loading? - false
[DEBUG] 2022-03-31 13:12:24.175 [main] TwoPhaseLoad - Done materializing entity [com.palmerlarson.entity.User#1]
[DEBUG] 2022-03-31 13:12:24.175 [main] ResourceRegistryStandardImpl - HHH000387: ResultSet's statement was not registered
[DEBUG] 2022-03-31 13:12:24.176 [main] AbstractLoadPlanBasedEntityLoader - Done entity load : com.palmerlarson.entity.User#1
[DEBUG] 2022-03-31 13:12:24.176 [main] LogicalConnectionManagedImpl - Initiating JDBC connection release from afterTransaction
[DEBUG] 2022-03-31 13:12:24.182 [main] TransactionImpl - On TransactionImpl creation, JpaCompliance#isJpaTransactionComplianceEnabled == false
[DEBUG] 2022-03-31 13:12:24.182 [main] TransactionImpl - begin
[DEBUG] 2022-03-31 13:12:24.188 [main] TransactionImpl - committing
[DEBUG] 2022-03-31 13:12:24.188 [main] AbstractFlushingEventListener - Processing flush-time cascades
[DEBUG] 2022-03-31 13:12:24.189 [main] AbstractFlushingEventListener - Dirty checking collections
[DEBUG] 2022-03-31 13:12:24.189 [main] AbstractFlushingEventListener - Flushed: 0 insertions, 0 updates, 1 deletions to 1 objects
[DEBUG] 2022-03-31 13:12:24.190 [main] AbstractFlushingEventListener - Flushed: 0 (re)creations, 0 updates, 0 removals to 0 collections
[DEBUG] 2022-03-31 13:12:24.190 [main] EntityPrinter - Listing entities:
[DEBUG] 2022-03-31 13:12:24.190 [main] EntityPrinter - com.palmerlarson.entity.User{user_email=kathy@gmail.com, gross_income=100000, last_name=Sierra, id=1, first_name=Kathy}
[DEBUG] 2022-03-31 13:12:24.193 [main] SQL - delete from user where id=?
[DEBUG] 2022-03-31 13:12:24.197 [main] LogicalConnectionManagedImpl - Initiating JDBC connection release from afterTransaction
[DEBUG] 2022-03-31 13:12:24.197 [main] LogicalConnectionManagedImpl - Initiating JDBC connection release from afterTransaction
[DEBUG] 2022-03-31 13:12:24.197 [main] JdbcCoordinatorImpl - HHH000420: Closing un-released batch
[DEBUG] 2022-03-31 13:12:24.198 [main] SQL - select user0_.id as id1_0_0_, user0_.first_name as first_na2_0_0_, user0_.gross_income as gross_in3_0_0_, user0_.last_name as last_nam4_0_0_, user0_.user_email as user_ema5_0_0_ from user user0_ where user0_.id=?
[DEBUG] 2022-03-31 13:12:24.199 [main] ResourceRegistryStandardImpl - HHH000387: ResultSet's statement was not registered
[DEBUG] 2022-03-31 13:12:24.199 [main] AbstractLoadPlanBasedEntityLoader - Done entity load : com.palmerlarson.entity.User#1
[DEBUG] 2022-03-31 13:12:24.199 [main] LogicalConnectionManagedImpl - Initiating JDBC connection release from afterTransaction
[DEBUG] 2022-03-31 13:12:24.276 [main] CriteriaQueryImpl - Rendered criteria query -> select generatedAlias0 from User as generatedAlias0
[DEBUG] 2022-03-31 13:12:24.292 [main] QueryTranslatorFactoryInitiator - QueryTranslatorFactory: org.hibernate.hql.internal.ast.ASTQueryTranslatorFactory@677cc4e8
[DEBUG] 2022-03-31 13:12:24.311 [main] QueryTranslatorImpl - parse() - HQL: select generatedAlias0 from com.palmerlarson.entity.User as generatedAlias0
[DEBUG] 2022-03-31 13:12:24.319 [main] ErrorTracker - throwQueryException() : no errors
[DEBUG] 2022-03-31 13:12:24.332 [main] QueryTranslatorImpl - --- HQL AST ---
 \-[QUERY] Node: 'query'
    \-[SELECT_FROM] Node: 'SELECT_FROM'
       +-[FROM] Node: 'from'
       |  \-[RANGE] Node: 'RANGE'
       |     +-[DOT] Node: '.'
       |     |  +-[DOT] Node: '.'
       |     |  |  +-[DOT] Node: '.'
       |     |  |  |  +-[IDENT] Node: 'com'
       |     |  |  |  \-[IDENT] Node: 'palmerlarson'
       |     |  |  \-[IDENT] Node: 'entity'
       |     |  \-[IDENT] Node: 'User'
       |     \-[ALIAS] Node: 'generatedAlias0'
       \-[SELECT] Node: 'select'
          \-[IDENT] Node: 'generatedAlias0'

[DEBUG] 2022-03-31 13:12:24.350 [main] HqlSqlBaseWalker - select << begin [level=1, statement=select]
[DEBUG] 2022-03-31 13:12:24.358 [main] FromElement - FromClause{level=1} : com.palmerlarson.entity.User (generatedAlias0) -> user0_
[DEBUG] 2022-03-31 13:12:24.358 [main] FromReferenceNode - Resolved : generatedAlias0 -> user0_.id
[DEBUG] 2022-03-31 13:12:24.359 [main] HqlSqlBaseWalker - select : finishing up [level=1, statement=select]
[DEBUG] 2022-03-31 13:12:24.359 [main] HqlSqlWalker - processQuery() :  ( SELECT ( {select clause} user0_.id ) ( FromClause{level=1} user user0_ ) )
[DEBUG] 2022-03-31 13:12:24.363 [main] JoinProcessor - Using FROM fragment [user user0_]
[DEBUG] 2022-03-31 13:12:24.363 [main] HqlSqlBaseWalker - select >> end [level=1, statement=select]
[DEBUG] 2022-03-31 13:12:24.364 [main] QueryTranslatorImpl - --- SQL AST ---
 \-[SELECT] QueryNode: 'SELECT'  querySpaces (user)
    +-[SELECT_CLAUSE] SelectClause: '{select clause}'
    |  +-[ALIAS_REF] IdentNode: 'user0_.id as id1_0_' {alias=generatedAlias0, className=com.palmerlarson.entity.User, tableAlias=user0_}
    |  \-[SQL_TOKEN] SqlFragment: 'user0_.first_name as first_na2_0_, user0_.gross_income as gross_in3_0_, user0_.last_name as last_nam4_0_, user0_.user_email as user_ema5_0_'
    \-[FROM] FromClause: 'from' FromClause{level=1, fromElementCounter=1, fromElements=1, fromElementByClassAlias=[generatedAlias0], fromElementByTableAlias=[user0_], fromElementsByPath=[], collectionJoinFromElementsByPath=[], impliedElements=[]}
       \-[FROM_FRAGMENT] FromElement: 'user user0_' FromElement{explicit,not a collection join,not a fetch join,fetch non-lazy properties,classAlias=generatedAlias0,role=null,tableName=user,tableAlias=user0_,origin=null,columns={,className=com.palmerlarson.entity.User}}

[DEBUG] 2022-03-31 13:12:24.364 [main] ErrorTracker - throwQueryException() : no errors
[DEBUG] 2022-03-31 13:12:24.368 [main] QueryTranslatorImpl - HQL: select generatedAlias0 from com.palmerlarson.entity.User as generatedAlias0
[DEBUG] 2022-03-31 13:12:24.368 [main] QueryTranslatorImpl - SQL: select user0_.id as id1_0_, user0_.first_name as first_na2_0_, user0_.gross_income as gross_in3_0_, user0_.last_name as last_nam4_0_, user0_.user_email as user_ema5_0_ from user user0_
[DEBUG] 2022-03-31 13:12:24.369 [main] ErrorTracker - throwQueryException() : no errors
[DEBUG] 2022-03-31 13:12:24.375 [main] SQL - select user0_.id as id1_0_, user0_.first_name as first_na2_0_, user0_.gross_income as gross_in3_0_, user0_.last_name as last_nam4_0_, user0_.user_email as user_ema5_0_ from user user0_
[DEBUG] 2022-03-31 13:12:24.385 [main] Loader - Result set row: 0
[DEBUG] 2022-03-31 13:12:24.386 [main] Loader - Result row: EntityKey[com.palmerlarson.entity.User#1]
[DEBUG] 2022-03-31 13:12:24.386 [main] Loader - Result set row: 1
[DEBUG] 2022-03-31 13:12:24.386 [main] Loader - Result row: EntityKey[com.palmerlarson.entity.User#2]
[DEBUG] 2022-03-31 13:12:24.387 [main] Loader - Result set row: 2
[DEBUG] 2022-03-31 13:12:24.387 [main] Loader - Result row: EntityKey[com.palmerlarson.entity.User#3]
[DEBUG] 2022-03-31 13:12:24.387 [main] TwoPhaseLoad - Resolving attributes for [com.palmerlarson.entity.User#1]
[DEBUG] 2022-03-31 13:12:24.387 [main] TwoPhaseLoad - Processing attribute `first_name` : value = Kathy
[DEBUG] 2022-03-31 13:12:24.387 [main] TwoPhaseLoad - Attribute (`first_name`)  - enhanced for lazy-loading? - false
[DEBUG] 2022-03-31 13:12:24.387 [main] TwoPhaseLoad - Processing attribute `gross_income` : value = 100000
[DEBUG] 2022-03-31 13:12:24.387 [main] TwoPhaseLoad - Attribute (`gross_income`)  - enhanced for lazy-loading? - false
[DEBUG] 2022-03-31 13:12:24.387 [main] TwoPhaseLoad - Processing attribute `last_name` : value = Sierra
[DEBUG] 2022-03-31 13:12:24.387 [main] TwoPhaseLoad - Attribute (`last_name`)  - enhanced for lazy-loading? - false
[DEBUG] 2022-03-31 13:12:24.387 [main] TwoPhaseLoad - Processing attribute `user_email` : value = kathy@gmail.com
[DEBUG] 2022-03-31 13:12:24.388 [main] TwoPhaseLoad - Attribute (`user_email`)  - enhanced for lazy-loading? - false
[DEBUG] 2022-03-31 13:12:24.388 [main] TwoPhaseLoad - Done materializing entity [com.palmerlarson.entity.User#1]
[DEBUG] 2022-03-31 13:12:24.388 [main] TwoPhaseLoad - Resolving attributes for [com.palmerlarson.entity.User#2]
[DEBUG] 2022-03-31 13:12:24.388 [main] TwoPhaseLoad - Processing attribute `first_name` : value = Herbert
[DEBUG] 2022-03-31 13:12:24.388 [main] TwoPhaseLoad - Attribute (`first_name`)  - enhanced for lazy-loading? - false
[DEBUG] 2022-03-31 13:12:24.388 [main] TwoPhaseLoad - Processing attribute `gross_income` : value = 65000
[DEBUG] 2022-03-31 13:12:24.388 [main] TwoPhaseLoad - Attribute (`gross_income`)  - enhanced for lazy-loading? - false
[DEBUG] 2022-03-31 13:12:24.388 [main] TwoPhaseLoad - Processing attribute `last_name` : value = Schilt
[DEBUG] 2022-03-31 13:12:24.388 [main] TwoPhaseLoad - Attribute (`last_name`)  - enhanced for lazy-loading? - false
[DEBUG] 2022-03-31 13:12:24.388 [main] TwoPhaseLoad - Processing attribute `user_email` : value = herbert@gmail.com
[DEBUG] 2022-03-31 13:12:24.388 [main] TwoPhaseLoad - Attribute (`user_email`)  - enhanced for lazy-loading? - false
[DEBUG] 2022-03-31 13:12:24.388 [main] TwoPhaseLoad - Done materializing entity [com.palmerlarson.entity.User#2]
[DEBUG] 2022-03-31 13:12:24.388 [main] TwoPhaseLoad - Resolving attributes for [com.palmerlarson.entity.User#3]
[DEBUG] 2022-03-31 13:12:24.388 [main] TwoPhaseLoad - Processing attribute `first_name` : value = Joseph
[DEBUG] 2022-03-31 13:12:24.388 [main] TwoPhaseLoad - Attribute (`first_name`)  - enhanced for lazy-loading? - false
[DEBUG] 2022-03-31 13:12:24.388 [main] TwoPhaseLoad - Processing attribute `gross_income` : value = 33000
[DEBUG] 2022-03-31 13:12:24.388 [main] TwoPhaseLoad - Attribute (`gross_income`)  - enhanced for lazy-loading? - false
[DEBUG] 2022-03-31 13:12:24.388 [main] TwoPhaseLoad - Processing attribute `last_name` : value = Ottinger
[DEBUG] 2022-03-31 13:12:24.388 [main] TwoPhaseLoad - Attribute (`last_name`)  - enhanced for lazy-loading? - false
[DEBUG] 2022-03-31 13:12:24.388 [main] TwoPhaseLoad - Processing attribute `user_email` : value = test@gmail.com
[DEBUG] 2022-03-31 13:12:24.388 [main] TwoPhaseLoad - Attribute (`user_email`)  - enhanced for lazy-loading? - false
[DEBUG] 2022-03-31 13:12:24.388 [main] TwoPhaseLoad - Done materializing entity [com.palmerlarson.entity.User#3]
[DEBUG] 2022-03-31 13:12:24.390 [main] LogicalConnectionManagedImpl - Initiating JDBC connection release from afterTransaction
[DEBUG] 2022-03-31 13:12:24.467 [main] SQL - select user0_.id as id1_0_0_, user0_.first_name as first_na2_0_0_, user0_.gross_income as gross_in3_0_0_, user0_.last_name as last_nam4_0_0_, user0_.user_email as user_ema5_0_0_ from user user0_ where user0_.id=?
[DEBUG] 2022-03-31 13:12:24.468 [main] ResultSetProcessorImpl - Starting ResultSet row #0
[DEBUG] 2022-03-31 13:12:24.469 [main] EntityReferenceInitializerImpl - On call to EntityIdentifierReaderImpl#resolve, EntityKey was already known; should only happen on root returns with an optional identifier specified
[DEBUG] 2022-03-31 13:12:24.469 [main] TwoPhaseLoad - Resolving attributes for [com.palmerlarson.entity.User#1]
[DEBUG] 2022-03-31 13:12:24.470 [main] TwoPhaseLoad - Processing attribute `first_name` : value = Kathy
[DEBUG] 2022-03-31 13:12:24.470 [main] TwoPhaseLoad - Attribute (`first_name`)  - enhanced for lazy-loading? - false
[DEBUG] 2022-03-31 13:12:24.470 [main] TwoPhaseLoad - Processing attribute `gross_income` : value = 100000
[DEBUG] 2022-03-31 13:12:24.470 [main] TwoPhaseLoad - Attribute (`gross_income`)  - enhanced for lazy-loading? - false
[DEBUG] 2022-03-31 13:12:24.470 [main] TwoPhaseLoad - Processing attribute `last_name` : value = Sierra
[DEBUG] 2022-03-31 13:12:24.470 [main] TwoPhaseLoad - Attribute (`last_name`)  - enhanced for lazy-loading? - false
[DEBUG] 2022-03-31 13:12:24.470 [main] TwoPhaseLoad - Processing attribute `user_email` : value = kathy@gmail.com
[DEBUG] 2022-03-31 13:12:24.470 [main] TwoPhaseLoad - Attribute (`user_email`)  - enhanced for lazy-loading? - false
[DEBUG] 2022-03-31 13:12:24.470 [main] TwoPhaseLoad - Done materializing entity [com.palmerlarson.entity.User#1]
[DEBUG] 2022-03-31 13:12:24.470 [main] ResourceRegistryStandardImpl - HHH000387: ResultSet's statement was not registered
[DEBUG] 2022-03-31 13:12:24.470 [main] AbstractLoadPlanBasedEntityLoader - Done entity load : com.palmerlarson.entity.User#1
[DEBUG] 2022-03-31 13:12:24.470 [main] LogicalConnectionManagedImpl - Initiating JDBC connection release from afterTransaction
[DEBUG] 2022-03-31 13:12:24.471 [main] SQL - select user0_.id as id1_0_0_, user0_.first_name as first_na2_0_0_, user0_.gross_income as gross_in3_0_0_, user0_.last_name as last_nam4_0_0_, user0_.user_email as user_ema5_0_0_ from user user0_ where user0_.id=?
[DEBUG] 2022-03-31 13:12:24.472 [main] ResultSetProcessorImpl - Starting ResultSet row #0
[DEBUG] 2022-03-31 13:12:24.473 [main] EntityReferenceInitializerImpl - On call to EntityIdentifierReaderImpl#resolve, EntityKey was already known; should only happen on root returns with an optional identifier specified
[DEBUG] 2022-03-31 13:12:24.474 [main] TwoPhaseLoad - Resolving attributes for [com.palmerlarson.entity.User#1]
[DEBUG] 2022-03-31 13:12:24.474 [main] TwoPhaseLoad - Processing attribute `first_name` : value = Kathy
[DEBUG] 2022-03-31 13:12:24.474 [main] TwoPhaseLoad - Attribute (`first_name`)  - enhanced for lazy-loading? - false
[DEBUG] 2022-03-31 13:12:24.474 [main] TwoPhaseLoad - Processing attribute `gross_income` : value = 100000
[DEBUG] 2022-03-31 13:12:24.474 [main] TwoPhaseLoad - Attribute (`gross_income`)  - enhanced for lazy-loading? - false
[DEBUG] 2022-03-31 13:12:24.474 [main] TwoPhaseLoad - Processing attribute `last_name` : value = Sierra
[DEBUG] 2022-03-31 13:12:24.474 [main] TwoPhaseLoad - Attribute (`last_name`)  - enhanced for lazy-loading? - false
[DEBUG] 2022-03-31 13:12:24.474 [main] TwoPhaseLoad - Processing attribute `user_email` : value = kathy@gmail.com
[DEBUG] 2022-03-31 13:12:24.474 [main] TwoPhaseLoad - Attribute (`user_email`)  - enhanced for lazy-loading? - false
[DEBUG] 2022-03-31 13:12:24.474 [main] TwoPhaseLoad - Done materializing entity [com.palmerlarson.entity.User#1]
[DEBUG] 2022-03-31 13:12:24.474 [main] ResourceRegistryStandardImpl - HHH000387: ResultSet's statement was not registered
[DEBUG] 2022-03-31 13:12:24.474 [main] AbstractLoadPlanBasedEntityLoader - Done entity load : com.palmerlarson.entity.User#1
[DEBUG] 2022-03-31 13:12:24.475 [main] LogicalConnectionManagedImpl - Initiating JDBC connection release from afterTransaction
[DEBUG] 2022-03-31 13:12:24.531 [main] SQL - select user0_.id as id1_0_0_, user0_.first_name as first_na2_0_0_, user0_.gross_income as gross_in3_0_0_, user0_.last_name as last_nam4_0_0_, user0_.user_email as user_ema5_0_0_ from user user0_ where user0_.id=?
[DEBUG] 2022-03-31 13:12:24.534 [main] ResultSetProcessorImpl - Starting ResultSet row #0
[DEBUG] 2022-03-31 13:12:24.534 [main] EntityReferenceInitializerImpl - On call to EntityIdentifierReaderImpl#resolve, EntityKey was already known; should only happen on root returns with an optional identifier specified
[DEBUG] 2022-03-31 13:12:24.535 [main] TwoPhaseLoad - Resolving attributes for [com.palmerlarson.entity.User#1]
[DEBUG] 2022-03-31 13:12:24.535 [main] TwoPhaseLoad - Processing attribute `first_name` : value = Kathy
[DEBUG] 2022-03-31 13:12:24.535 [main] TwoPhaseLoad - Attribute (`first_name`)  - enhanced for lazy-loading? - false
[DEBUG] 2022-03-31 13:12:24.535 [main] TwoPhaseLoad - Processing attribute `gross_income` : value = 100000
[DEBUG] 2022-03-31 13:12:24.535 [main] TwoPhaseLoad - Attribute (`gross_income`)  - enhanced for lazy-loading? - false
[DEBUG] 2022-03-31 13:12:24.535 [main] TwoPhaseLoad - Processing attribute `last_name` : value = Sierra
[DEBUG] 2022-03-31 13:12:24.535 [main] TwoPhaseLoad - Attribute (`last_name`)  - enhanced for lazy-loading? - false
[DEBUG] 2022-03-31 13:12:24.535 [main] TwoPhaseLoad - Processing attribute `user_email` : value = kathy@gmail.com
[DEBUG] 2022-03-31 13:12:24.535 [main] TwoPhaseLoad - Attribute (`user_email`)  - enhanced for lazy-loading? - false
[DEBUG] 2022-03-31 13:12:24.535 [main] TwoPhaseLoad - Done materializing entity [com.palmerlarson.entity.User#1]
[DEBUG] 2022-03-31 13:12:24.535 [main] ResourceRegistryStandardImpl - HHH000387: ResultSet's statement was not registered
[DEBUG] 2022-03-31 13:12:24.535 [main] AbstractLoadPlanBasedEntityLoader - Done entity load : com.palmerlarson.entity.User#1
[DEBUG] 2022-03-31 13:12:24.535 [main] LogicalConnectionManagedImpl - Initiating JDBC connection release from afterTransaction
[DEBUG] 2022-03-31 13:12:24.536 [main] TransactionImpl - On TransactionImpl creation, JpaCompliance#isJpaTransactionComplianceEnabled == false
[DEBUG] 2022-03-31 13:12:24.536 [main] TransactionImpl - begin
[DEBUG] 2022-03-31 13:12:24.538 [main] TransactionImpl - committing
[DEBUG] 2022-03-31 13:12:24.538 [main] AbstractFlushingEventListener - Processing flush-time cascades
[DEBUG] 2022-03-31 13:12:24.538 [main] AbstractFlushingEventListener - Dirty checking collections
[DEBUG] 2022-03-31 13:12:24.539 [main] AbstractFlushingEventListener - Flushed: 0 insertions, 1 updates, 0 deletions to 1 objects
[DEBUG] 2022-03-31 13:12:24.539 [main] AbstractFlushingEventListener - Flushed: 0 (re)creations, 0 updates, 0 removals to 0 collections
[DEBUG] 2022-03-31 13:12:24.541 [main] EntityPrinter - Listing entities:
[DEBUG] 2022-03-31 13:12:24.541 [main] EntityPrinter - com.palmerlarson.entity.User{user_email=kathy@gmail.com, gross_income=100000, last_name=Bob, id=1, first_name=Billy}
[DEBUG] 2022-03-31 13:12:24.541 [main] SQL - update user set first_name=?, gross_income=?, last_name=?, user_email=? where id=?
[DEBUG] 2022-03-31 13:12:24.545 [main] LogicalConnectionManagedImpl - Initiating JDBC connection release from afterTransaction
[DEBUG] 2022-03-31 13:12:24.546 [main] LogicalConnectionManagedImpl - Initiating JDBC connection release from afterTransaction
[DEBUG] 2022-03-31 13:12:24.546 [main] SQL - select user0_.id as id1_0_0_, user0_.first_name as first_na2_0_0_, user0_.gross_income as gross_in3_0_0_, user0_.last_name as last_nam4_0_0_, user0_.user_email as user_ema5_0_0_ from user user0_ where user0_.id=?
[DEBUG] 2022-03-31 13:12:24.547 [main] ResultSetProcessorImpl - Starting ResultSet row #0
[DEBUG] 2022-03-31 13:12:24.547 [main] EntityReferenceInitializerImpl - On call to EntityIdentifierReaderImpl#resolve, EntityKey was already known; should only happen on root returns with an optional identifier specified
[DEBUG] 2022-03-31 13:12:24.548 [main] TwoPhaseLoad - Resolving attributes for [com.palmerlarson.entity.User#1]
[DEBUG] 2022-03-31 13:12:24.548 [main] TwoPhaseLoad - Processing attribute `first_name` : value = Billy
[DEBUG] 2022-03-31 13:12:24.548 [main] TwoPhaseLoad - Attribute (`first_name`)  - enhanced for lazy-loading? - false
[DEBUG] 2022-03-31 13:12:24.548 [main] TwoPhaseLoad - Processing attribute `gross_income` : value = 100000
[DEBUG] 2022-03-31 13:12:24.548 [main] TwoPhaseLoad - Attribute (`gross_income`)  - enhanced for lazy-loading? - false
[DEBUG] 2022-03-31 13:12:24.548 [main] TwoPhaseLoad - Processing attribute `last_name` : value = Bob
[DEBUG] 2022-03-31 13:12:24.548 [main] TwoPhaseLoad - Attribute (`last_name`)  - enhanced for lazy-loading? - false
[DEBUG] 2022-03-31 13:12:24.548 [main] TwoPhaseLoad - Processing attribute `user_email` : value = kathy@gmail.com
[DEBUG] 2022-03-31 13:12:24.548 [main] TwoPhaseLoad - Attribute (`user_email`)  - enhanced for lazy-loading? - false
[DEBUG] 2022-03-31 13:12:24.548 [main] TwoPhaseLoad - Done materializing entity [com.palmerlarson.entity.User#1]
[DEBUG] 2022-03-31 13:12:24.548 [main] ResourceRegistryStandardImpl - HHH000387: ResultSet's statement was not registered
[DEBUG] 2022-03-31 13:12:24.549 [main] AbstractLoadPlanBasedEntityLoader - Done entity load : com.palmerlarson.entity.User#1
[DEBUG] 2022-03-31 13:12:24.549 [main] LogicalConnectionManagedImpl - Initiating JDBC connection release from afterTransaction
[DEBUG] 2022-03-31 13:12:24.609 [main] TransactionImpl - On TransactionImpl creation, JpaCompliance#isJpaTransactionComplianceEnabled == false
[DEBUG] 2022-03-31 13:12:24.609 [main] TransactionImpl - begin
[DEBUG] 2022-03-31 13:12:24.612 [main] ActionQueue - Executing identity-insert immediately
[DEBUG] 2022-03-31 13:12:24.613 [main] SQL - insert into user (first_name, gross_income, last_name, user_email) values (?, ?, ?, ?)
[DEBUG] 2022-03-31 13:12:24.616 [main] IdentifierGeneratorHelper - Natively generated identity: 41
[DEBUG] 2022-03-31 13:12:24.616 [main] ResourceRegistryStandardImpl - HHH000387: ResultSet's statement was not registered
[DEBUG] 2022-03-31 13:12:24.616 [main] TransactionImpl - committing
[DEBUG] 2022-03-31 13:12:24.616 [main] AbstractFlushingEventListener - Processing flush-time cascades
[DEBUG] 2022-03-31 13:12:24.616 [main] AbstractFlushingEventListener - Dirty checking collections
[DEBUG] 2022-03-31 13:12:24.617 [main] AbstractFlushingEventListener - Flushed: 0 insertions, 0 updates, 0 deletions to 1 objects
[DEBUG] 2022-03-31 13:12:24.617 [main] AbstractFlushingEventListener - Flushed: 0 (re)creations, 0 updates, 0 removals to 0 collections
[DEBUG] 2022-03-31 13:12:24.617 [main] EntityPrinter - Listing entities:
[DEBUG] 2022-03-31 13:12:24.617 [main] EntityPrinter - com.palmerlarson.entity.User{user_email=tim@gmail.com, gross_income=10000, last_name=Timmy, id=41, first_name=TEST}
[DEBUG] 2022-03-31 13:12:24.619 [main] LogicalConnectionManagedImpl - Initiating JDBC connection release from afterTransaction
[DEBUG] 2022-03-31 13:12:24.620 [main] LogicalConnectionManagedImpl - Initiating JDBC connection release from afterTransaction
[DEBUG] 2022-03-31 13:12:24.620 [main] SQL - select user0_.id as id1_0_0_, user0_.first_name as first_na2_0_0_, user0_.gross_income as gross_in3_0_0_, user0_.last_name as last_nam4_0_0_, user0_.user_email as user_ema5_0_0_ from user user0_ where user0_.id=?
[DEBUG] 2022-03-31 13:12:24.622 [main] ResultSetProcessorImpl - Starting ResultSet row #0
[DEBUG] 2022-03-31 13:12:24.622 [main] EntityReferenceInitializerImpl - On call to EntityIdentifierReaderImpl#resolve, EntityKey was already known; should only happen on root returns with an optional identifier specified
[DEBUG] 2022-03-31 13:12:24.622 [main] TwoPhaseLoad - Resolving attributes for [com.palmerlarson.entity.User#41]
[DEBUG] 2022-03-31 13:12:24.622 [main] TwoPhaseLoad - Processing attribute `first_name` : value = TEST
[DEBUG] 2022-03-31 13:12:24.622 [main] TwoPhaseLoad - Attribute (`first_name`)  - enhanced for lazy-loading? - false
[DEBUG] 2022-03-31 13:12:24.622 [main] TwoPhaseLoad - Processing attribute `gross_income` : value = 10000
[DEBUG] 2022-03-31 13:12:24.622 [main] TwoPhaseLoad - Attribute (`gross_income`)  - enhanced for lazy-loading? - false
[DEBUG] 2022-03-31 13:12:24.622 [main] TwoPhaseLoad - Processing attribute `last_name` : value = Timmy
[DEBUG] 2022-03-31 13:12:24.622 [main] TwoPhaseLoad - Attribute (`last_name`)  - enhanced for lazy-loading? - false
[DEBUG] 2022-03-31 13:12:24.623 [main] TwoPhaseLoad - Processing attribute `user_email` : value = tim@gmail.com
[DEBUG] 2022-03-31 13:12:24.623 [main] TwoPhaseLoad - Attribute (`user_email`)  - enhanced for lazy-loading? - false
[DEBUG] 2022-03-31 13:12:24.623 [main] TwoPhaseLoad - Done materializing entity [com.palmerlarson.entity.User#41]
[DEBUG] 2022-03-31 13:12:24.623 [main] ResourceRegistryStandardImpl - HHH000387: ResultSet's statement was not registered
[DEBUG] 2022-03-31 13:12:24.623 [main] AbstractLoadPlanBasedEntityLoader - Done entity load : com.palmerlarson.entity.User#41
[DEBUG] 2022-03-31 13:12:24.623 [main] LogicalConnectionManagedImpl - Initiating JDBC connection release from afterTransaction
