[DEBUG] 2022-03-23 20:52:17.456 [main] IntegratorServiceImpl - Adding Integrator [org.hibernate.cfg.beanvalidation.BeanValidationIntegrator].
[DEBUG] 2022-03-23 20:52:17.458 [main] IntegratorServiceImpl - Adding Integrator [org.hibernate.secure.spi.JaccIntegrator].
[DEBUG] 2022-03-23 20:52:17.460 [main] IntegratorServiceImpl - Adding Integrator [org.hibernate.cache.internal.CollectionCacheInvalidator].
[INFO ] 2022-03-23 20:52:17.516 [main] Version - HHH000412: Hibernate Core {5.4.4.Final}
[DEBUG] 2022-03-23 20:52:17.518 [main] Environment - HHH000206: hibernate.properties not found
[DEBUG] 2022-03-23 20:52:17.650 [main] LocalXmlResourceResolver - Interpreting public/system identifier : [-//Hibernate/Hibernate Configuration DTD//EN] - [http://www.hibernate.org/dtd/hibernate-configuration-3.0.dtd]
[DEBUG] 2022-03-23 20:52:17.651 [main] LocalXmlResourceResolver - Recognized hibernate-configuration identifier; attempting to resolve on classpath under org/hibernate/
[DEBUG] 2022-03-23 20:52:17.657 [main] JaxbCfgProcessor - cfg.xml document did not define namespaces; wrapping in custom event reader to introduce namespace information
[DEBUG] 2022-03-23 20:52:17.953 [main] ServiceBinding - Overriding existing service binding [org.hibernate.secure.spi.JaccService]
[DEBUG] 2022-03-23 20:52:17.986 [main] RegionFactoryInitiator - Cannot default RegionFactory based on registered strategies as `[]` RegionFactory strategies were registered
[DEBUG] 2022-03-23 20:52:17.987 [main] RegionFactoryInitiator - Cache region factory : org.hibernate.cache.internal.NoCachingRegionFactory
[INFO ] 2022-03-23 20:52:18.001 [main] Version - HCANN000001: Hibernate Commons Annotations {5.1.0.Final}
[DEBUG] 2022-03-23 20:52:18.018 [main] BasicTypeRegistry - Adding type registration boolean -> org.hibernate.type.BooleanType@44bd4b0a
[DEBUG] 2022-03-23 20:52:18.018 [main] BasicTypeRegistry - Adding type registration boolean -> org.hibernate.type.BooleanType@44bd4b0a
[DEBUG] 2022-03-23 20:52:18.019 [main] BasicTypeRegistry - Adding type registration java.lang.Boolean -> org.hibernate.type.BooleanType@44bd4b0a
[DEBUG] 2022-03-23 20:52:18.019 [main] BasicTypeRegistry - Adding type registration numeric_boolean -> org.hibernate.type.NumericBooleanType@fcc6023
[DEBUG] 2022-03-23 20:52:18.019 [main] BasicTypeRegistry - Adding type registration true_false -> org.hibernate.type.TrueFalseType@472a11ae
[DEBUG] 2022-03-23 20:52:18.019 [main] BasicTypeRegistry - Adding type registration yes_no -> org.hibernate.type.YesNoType@51288417
[DEBUG] 2022-03-23 20:52:18.020 [main] BasicTypeRegistry - Adding type registration byte -> org.hibernate.type.ByteType@323f3c96
[DEBUG] 2022-03-23 20:52:18.020 [main] BasicTypeRegistry - Adding type registration byte -> org.hibernate.type.ByteType@323f3c96
[DEBUG] 2022-03-23 20:52:18.020 [main] BasicTypeRegistry - Adding type registration java.lang.Byte -> org.hibernate.type.ByteType@323f3c96
[DEBUG] 2022-03-23 20:52:18.020 [main] BasicTypeRegistry - Adding type registration character -> org.hibernate.type.CharacterType@644ded04
[DEBUG] 2022-03-23 20:52:18.021 [main] BasicTypeRegistry - Adding type registration char -> org.hibernate.type.CharacterType@644ded04
[DEBUG] 2022-03-23 20:52:18.021 [main] BasicTypeRegistry - Adding type registration java.lang.Character -> org.hibernate.type.CharacterType@644ded04
[DEBUG] 2022-03-23 20:52:18.021 [main] BasicTypeRegistry - Adding type registration short -> org.hibernate.type.ShortType@62e93c3a
[DEBUG] 2022-03-23 20:52:18.022 [main] BasicTypeRegistry - Adding type registration short -> org.hibernate.type.ShortType@62e93c3a
[DEBUG] 2022-03-23 20:52:18.022 [main] BasicTypeRegistry - Adding type registration java.lang.Short -> org.hibernate.type.ShortType@62e93c3a
[DEBUG] 2022-03-23 20:52:18.022 [main] BasicTypeRegistry - Adding type registration integer -> org.hibernate.type.IntegerType@5f038248
[DEBUG] 2022-03-23 20:52:18.022 [main] BasicTypeRegistry - Adding type registration int -> org.hibernate.type.IntegerType@5f038248
[DEBUG] 2022-03-23 20:52:18.022 [main] BasicTypeRegistry - Adding type registration java.lang.Integer -> org.hibernate.type.IntegerType@5f038248
[DEBUG] 2022-03-23 20:52:18.023 [main] BasicTypeRegistry - Adding type registration long -> org.hibernate.type.LongType@1deceb67
[DEBUG] 2022-03-23 20:52:18.023 [main] BasicTypeRegistry - Adding type registration long -> org.hibernate.type.LongType@1deceb67
[DEBUG] 2022-03-23 20:52:18.023 [main] BasicTypeRegistry - Adding type registration java.lang.Long -> org.hibernate.type.LongType@1deceb67
[DEBUG] 2022-03-23 20:52:18.023 [main] BasicTypeRegistry - Adding type registration float -> org.hibernate.type.FloatType@5d5c04f9
[DEBUG] 2022-03-23 20:52:18.023 [main] BasicTypeRegistry - Adding type registration float -> org.hibernate.type.FloatType@5d5c04f9
[DEBUG] 2022-03-23 20:52:18.024 [main] BasicTypeRegistry - Adding type registration java.lang.Float -> org.hibernate.type.FloatType@5d5c04f9
[DEBUG] 2022-03-23 20:52:18.024 [main] BasicTypeRegistry - Adding type registration double -> org.hibernate.type.DoubleType@6724cdec
[DEBUG] 2022-03-23 20:52:18.024 [main] BasicTypeRegistry - Adding type registration double -> org.hibernate.type.DoubleType@6724cdec
[DEBUG] 2022-03-23 20:52:18.024 [main] BasicTypeRegistry - Adding type registration java.lang.Double -> org.hibernate.type.DoubleType@6724cdec
[DEBUG] 2022-03-23 20:52:18.025 [main] BasicTypeRegistry - Adding type registration big_decimal -> org.hibernate.type.BigDecimalType@60783105
[DEBUG] 2022-03-23 20:52:18.025 [main] BasicTypeRegistry - Adding type registration java.math.BigDecimal -> org.hibernate.type.BigDecimalType@60783105
[DEBUG] 2022-03-23 20:52:18.025 [main] BasicTypeRegistry - Adding type registration big_integer -> org.hibernate.type.BigIntegerType@38bb9d7a
[DEBUG] 2022-03-23 20:52:18.026 [main] BasicTypeRegistry - Adding type registration java.math.BigInteger -> org.hibernate.type.BigIntegerType@38bb9d7a
[DEBUG] 2022-03-23 20:52:18.026 [main] BasicTypeRegistry - Adding type registration string -> org.hibernate.type.StringType@71904469
[DEBUG] 2022-03-23 20:52:18.027 [main] BasicTypeRegistry - Adding type registration java.lang.String -> org.hibernate.type.StringType@71904469
[DEBUG] 2022-03-23 20:52:18.027 [main] BasicTypeRegistry - Adding type registration nstring -> org.hibernate.type.StringNVarcharType@1907874b
[DEBUG] 2022-03-23 20:52:18.027 [main] BasicTypeRegistry - Adding type registration ncharacter -> org.hibernate.type.CharacterNCharType@2d9dff65
[DEBUG] 2022-03-23 20:52:18.028 [main] BasicTypeRegistry - Adding type registration url -> org.hibernate.type.UrlType@6eb17ec8
[DEBUG] 2022-03-23 20:52:18.028 [main] BasicTypeRegistry - Adding type registration java.net.URL -> org.hibernate.type.UrlType@6eb17ec8
[DEBUG] 2022-03-23 20:52:18.028 [main] BasicTypeRegistry - Adding type registration Duration -> org.hibernate.type.DurationType@4beaf6bd
[DEBUG] 2022-03-23 20:52:18.028 [main] BasicTypeRegistry - Adding type registration java.time.Duration -> org.hibernate.type.DurationType@4beaf6bd
[DEBUG] 2022-03-23 20:52:18.035 [main] BasicTypeRegistry - Adding type registration Instant -> org.hibernate.type.InstantType@6d1dcdff
[DEBUG] 2022-03-23 20:52:18.035 [main] BasicTypeRegistry - Adding type registration java.time.Instant -> org.hibernate.type.InstantType@6d1dcdff
[DEBUG] 2022-03-23 20:52:18.036 [main] BasicTypeRegistry - Adding type registration LocalDateTime -> org.hibernate.type.LocalDateTimeType@6403e24c
[DEBUG] 2022-03-23 20:52:18.036 [main] BasicTypeRegistry - Adding type registration java.time.LocalDateTime -> org.hibernate.type.LocalDateTimeType@6403e24c
[DEBUG] 2022-03-23 20:52:18.037 [main] BasicTypeRegistry - Adding type registration LocalDate -> org.hibernate.type.LocalDateType@227a47
[DEBUG] 2022-03-23 20:52:18.037 [main] BasicTypeRegistry - Adding type registration java.time.LocalDate -> org.hibernate.type.LocalDateType@227a47
[DEBUG] 2022-03-23 20:52:18.038 [main] BasicTypeRegistry - Adding type registration LocalTime -> org.hibernate.type.LocalTimeType@421056e5
[DEBUG] 2022-03-23 20:52:18.038 [main] BasicTypeRegistry - Adding type registration java.time.LocalTime -> org.hibernate.type.LocalTimeType@421056e5
[DEBUG] 2022-03-23 20:52:18.039 [main] BasicTypeRegistry - Adding type registration OffsetDateTime -> org.hibernate.type.OffsetDateTimeType@54e3658c
[DEBUG] 2022-03-23 20:52:18.039 [main] BasicTypeRegistry - Adding type registration java.time.OffsetDateTime -> org.hibernate.type.OffsetDateTimeType@54e3658c
[DEBUG] 2022-03-23 20:52:18.040 [main] BasicTypeRegistry - Adding type registration OffsetTime -> org.hibernate.type.OffsetTimeType@cdb2d95
[DEBUG] 2022-03-23 20:52:18.040 [main] BasicTypeRegistry - Adding type registration java.time.OffsetTime -> org.hibernate.type.OffsetTimeType@cdb2d95
[DEBUG] 2022-03-23 20:52:18.041 [main] BasicTypeRegistry - Adding type registration ZonedDateTime -> org.hibernate.type.ZonedDateTimeType@646c0a67
[DEBUG] 2022-03-23 20:52:18.041 [main] BasicTypeRegistry - Adding type registration java.time.ZonedDateTime -> org.hibernate.type.ZonedDateTimeType@646c0a67
[DEBUG] 2022-03-23 20:52:18.042 [main] BasicTypeRegistry - Adding type registration date -> org.hibernate.type.DateType@6dfa915a
[DEBUG] 2022-03-23 20:52:18.042 [main] BasicTypeRegistry - Adding type registration java.sql.Date -> org.hibernate.type.DateType@6dfa915a
[DEBUG] 2022-03-23 20:52:18.043 [main] BasicTypeRegistry - Adding type registration time -> org.hibernate.type.TimeType@15400fff
[DEBUG] 2022-03-23 20:52:18.043 [main] BasicTypeRegistry - Adding type registration java.sql.Time -> org.hibernate.type.TimeType@15400fff
[DEBUG] 2022-03-23 20:52:18.043 [main] BasicTypeRegistry - Adding type registration timestamp -> org.hibernate.type.TimestampType@2f1d0bbc
[DEBUG] 2022-03-23 20:52:18.044 [main] BasicTypeRegistry - Adding type registration java.sql.Timestamp -> org.hibernate.type.TimestampType@2f1d0bbc
[DEBUG] 2022-03-23 20:52:18.044 [main] BasicTypeRegistry - Adding type registration java.util.Date -> org.hibernate.type.TimestampType@2f1d0bbc
[DEBUG] 2022-03-23 20:52:18.045 [main] BasicTypeRegistry - Adding type registration dbtimestamp -> org.hibernate.type.DbTimestampType@4b200971
[DEBUG] 2022-03-23 20:52:18.045 [main] BasicTypeRegistry - Adding type registration calendar -> org.hibernate.type.CalendarType@4f0f7849
[DEBUG] 2022-03-23 20:52:18.045 [main] BasicTypeRegistry - Adding type registration java.util.Calendar -> org.hibernate.type.CalendarType@4f0f7849
[DEBUG] 2022-03-23 20:52:18.046 [main] BasicTypeRegistry - Adding type registration java.util.GregorianCalendar -> org.hibernate.type.CalendarType@4f0f7849
[DEBUG] 2022-03-23 20:52:18.046 [main] BasicTypeRegistry - Adding type registration calendar_date -> org.hibernate.type.CalendarDateType@3c87e6b7
[DEBUG] 2022-03-23 20:52:18.047 [main] BasicTypeRegistry - Adding type registration locale -> org.hibernate.type.LocaleType@6f94a5a5
[DEBUG] 2022-03-23 20:52:18.047 [main] BasicTypeRegistry - Adding type registration java.util.Locale -> org.hibernate.type.LocaleType@6f94a5a5
[DEBUG] 2022-03-23 20:52:18.048 [main] BasicTypeRegistry - Adding type registration currency -> org.hibernate.type.CurrencyType@58472096
[DEBUG] 2022-03-23 20:52:18.048 [main] BasicTypeRegistry - Adding type registration java.util.Currency -> org.hibernate.type.CurrencyType@58472096
[DEBUG] 2022-03-23 20:52:18.049 [main] BasicTypeRegistry - Adding type registration timezone -> org.hibernate.type.TimeZoneType@30b131b2
[DEBUG] 2022-03-23 20:52:18.049 [main] BasicTypeRegistry - Adding type registration java.util.TimeZone -> org.hibernate.type.TimeZoneType@30b131b2
[DEBUG] 2022-03-23 20:52:18.050 [main] BasicTypeRegistry - Adding type registration class -> org.hibernate.type.ClassType@467b684d
[DEBUG] 2022-03-23 20:52:18.050 [main] BasicTypeRegistry - Adding type registration java.lang.Class -> org.hibernate.type.ClassType@467b684d
[DEBUG] 2022-03-23 20:52:18.050 [main] BasicTypeRegistry - Adding type registration uuid-binary -> org.hibernate.type.UUIDBinaryType@65e21ce3
[DEBUG] 2022-03-23 20:52:18.050 [main] BasicTypeRegistry - Adding type registration java.util.UUID -> org.hibernate.type.UUIDBinaryType@65e21ce3
[DEBUG] 2022-03-23 20:52:18.051 [main] BasicTypeRegistry - Adding type registration uuid-char -> org.hibernate.type.UUIDCharType@5f0f9947
[DEBUG] 2022-03-23 20:52:18.051 [main] BasicTypeRegistry - Adding type registration binary -> org.hibernate.type.BinaryType@44536de4
[DEBUG] 2022-03-23 20:52:18.051 [main] BasicTypeRegistry - Adding type registration byte[] -> org.hibernate.type.BinaryType@44536de4
[DEBUG] 2022-03-23 20:52:18.051 [main] BasicTypeRegistry - Adding type registration [B -> org.hibernate.type.BinaryType@44536de4
[DEBUG] 2022-03-23 20:52:18.058 [main] BasicTypeRegistry - Adding type registration wrapper-binary -> org.hibernate.type.WrapperBinaryType@4d21c56e
[DEBUG] 2022-03-23 20:52:18.060 [main] BasicTypeRegistry - Adding type registration Byte[] -> org.hibernate.type.WrapperBinaryType@4d21c56e
[DEBUG] 2022-03-23 20:52:18.060 [main] BasicTypeRegistry - Adding type registration [Ljava.lang.Byte; -> org.hibernate.type.WrapperBinaryType@4d21c56e
[DEBUG] 2022-03-23 20:52:18.079 [main] BasicTypeRegistry - Adding type registration row_version -> org.hibernate.type.RowVersionType@4faa298
[DEBUG] 2022-03-23 20:52:18.082 [main] BasicTypeRegistry - Adding type registration image -> org.hibernate.type.ImageType@b52b755
[DEBUG] 2022-03-23 20:52:18.083 [main] BasicTypeRegistry - Adding type registration characters -> org.hibernate.type.CharArrayType@56da7487
[DEBUG] 2022-03-23 20:52:18.083 [main] BasicTypeRegistry - Adding type registration char[] -> org.hibernate.type.CharArrayType@56da7487
[DEBUG] 2022-03-23 20:52:18.083 [main] BasicTypeRegistry - Adding type registration [C -> org.hibernate.type.CharArrayType@56da7487
[DEBUG] 2022-03-23 20:52:18.084 [main] BasicTypeRegistry - Adding type registration wrapper-characters -> org.hibernate.type.CharacterArrayType@fc807c1
[DEBUG] 2022-03-23 20:52:18.084 [main] BasicTypeRegistry - Adding type registration [Ljava.lang.Character; -> org.hibernate.type.CharacterArrayType@fc807c1
[DEBUG] 2022-03-23 20:52:18.084 [main] BasicTypeRegistry - Adding type registration Character[] -> org.hibernate.type.CharacterArrayType@fc807c1
[DEBUG] 2022-03-23 20:52:18.084 [main] BasicTypeRegistry - Adding type registration text -> org.hibernate.type.TextType@12e0f1cb
[DEBUG] 2022-03-23 20:52:18.085 [main] BasicTypeRegistry - Adding type registration ntext -> org.hibernate.type.NTextType@7ecec90d
[DEBUG] 2022-03-23 20:52:18.086 [main] BasicTypeRegistry - Adding type registration blob -> org.hibernate.type.BlobType@36c2b646
[DEBUG] 2022-03-23 20:52:18.086 [main] BasicTypeRegistry - Adding type registration java.sql.Blob -> org.hibernate.type.BlobType@36c2b646
[DEBUG] 2022-03-23 20:52:18.086 [main] BasicTypeRegistry - Adding type registration materialized_blob -> org.hibernate.type.MaterializedBlobType@6540cf1d
[DEBUG] 2022-03-23 20:52:18.087 [main] BasicTypeRegistry - Adding type registration clob -> org.hibernate.type.ClobType@3cd9aa64
[DEBUG] 2022-03-23 20:52:18.087 [main] BasicTypeRegistry - Adding type registration java.sql.Clob -> org.hibernate.type.ClobType@3cd9aa64
[DEBUG] 2022-03-23 20:52:18.088 [main] BasicTypeRegistry - Adding type registration nclob -> org.hibernate.type.NClobType@378cfecf
[DEBUG] 2022-03-23 20:52:18.090 [main] BasicTypeRegistry - Adding type registration java.sql.NClob -> org.hibernate.type.NClobType@378cfecf
[DEBUG] 2022-03-23 20:52:18.090 [main] BasicTypeRegistry - Adding type registration materialized_clob -> org.hibernate.type.MaterializedClobType@1305c126
[DEBUG] 2022-03-23 20:52:18.090 [main] BasicTypeRegistry - Adding type registration materialized_nclob -> org.hibernate.type.MaterializedNClobType@4b97c4ad
[DEBUG] 2022-03-23 20:52:18.091 [main] BasicTypeRegistry - Adding type registration serializable -> org.hibernate.type.SerializableType@4e1a46fb
[DEBUG] 2022-03-23 20:52:18.093 [main] BasicTypeRegistry - Adding type registration object -> org.hibernate.type.ObjectType@7fb29ca9
[DEBUG] 2022-03-23 20:52:18.093 [main] BasicTypeRegistry - Adding type registration java.lang.Object -> org.hibernate.type.ObjectType@7fb29ca9
[DEBUG] 2022-03-23 20:52:18.093 [main] BasicTypeRegistry - Adding type registration imm_date -> org.hibernate.type.AdaptedImmutableType@73844119
[DEBUG] 2022-03-23 20:52:18.094 [main] BasicTypeRegistry - Adding type registration imm_time -> org.hibernate.type.AdaptedImmutableType@44f24a20
[DEBUG] 2022-03-23 20:52:18.094 [main] BasicTypeRegistry - Adding type registration imm_timestamp -> org.hibernate.type.AdaptedImmutableType@1859e2a4
[DEBUG] 2022-03-23 20:52:18.094 [main] BasicTypeRegistry - Adding type registration imm_dbtimestamp -> org.hibernate.type.AdaptedImmutableType@46349b95
[DEBUG] 2022-03-23 20:52:18.094 [main] BasicTypeRegistry - Adding type registration imm_calendar -> org.hibernate.type.AdaptedImmutableType@176996c3
[DEBUG] 2022-03-23 20:52:18.094 [main] BasicTypeRegistry - Adding type registration imm_calendar_date -> org.hibernate.type.AdaptedImmutableType@411c6d44
[DEBUG] 2022-03-23 20:52:18.094 [main] BasicTypeRegistry - Adding type registration imm_binary -> org.hibernate.type.AdaptedImmutableType@1687eb01
[DEBUG] 2022-03-23 20:52:18.094 [main] BasicTypeRegistry - Adding type registration imm_serializable -> org.hibernate.type.AdaptedImmutableType@748d2277
[DEBUG] 2022-03-23 20:52:18.134 [main] DefaultIdentifierGeneratorFactory - Registering IdentifierGenerator strategy [uuid2] -> [org.hibernate.id.UUIDGenerator]
[DEBUG] 2022-03-23 20:52:18.135 [main] DefaultIdentifierGeneratorFactory - Registering IdentifierGenerator strategy [guid] -> [org.hibernate.id.GUIDGenerator]
[DEBUG] 2022-03-23 20:52:18.135 [main] DefaultIdentifierGeneratorFactory - Registering IdentifierGenerator strategy [uuid] -> [org.hibernate.id.UUIDHexGenerator]
[DEBUG] 2022-03-23 20:52:18.135 [main] DefaultIdentifierGeneratorFactory - Registering IdentifierGenerator strategy [uuid.hex] -> [org.hibernate.id.UUIDHexGenerator]
[DEBUG] 2022-03-23 20:52:18.135 [main] DefaultIdentifierGeneratorFactory - Registering IdentifierGenerator strategy [assigned] -> [org.hibernate.id.Assigned]
[DEBUG] 2022-03-23 20:52:18.136 [main] DefaultIdentifierGeneratorFactory - Registering IdentifierGenerator strategy [identity] -> [org.hibernate.id.IdentityGenerator]
[DEBUG] 2022-03-23 20:52:18.136 [main] DefaultIdentifierGeneratorFactory - Registering IdentifierGenerator strategy [select] -> [org.hibernate.id.SelectGenerator]
[DEBUG] 2022-03-23 20:52:18.137 [main] DefaultIdentifierGeneratorFactory - Registering IdentifierGenerator strategy [sequence] -> [org.hibernate.id.enhanced.SequenceStyleGenerator]
[DEBUG] 2022-03-23 20:52:18.137 [main] DefaultIdentifierGeneratorFactory - Registering IdentifierGenerator strategy [seqhilo] -> [org.hibernate.id.SequenceHiLoGenerator]
[DEBUG] 2022-03-23 20:52:18.138 [main] DefaultIdentifierGeneratorFactory - Registering IdentifierGenerator strategy [increment] -> [org.hibernate.id.IncrementGenerator]
[DEBUG] 2022-03-23 20:52:18.138 [main] DefaultIdentifierGeneratorFactory - Registering IdentifierGenerator strategy [foreign] -> [org.hibernate.id.ForeignGenerator]
[DEBUG] 2022-03-23 20:52:18.138 [main] DefaultIdentifierGeneratorFactory - Registering IdentifierGenerator strategy [sequence-identity] -> [org.hibernate.id.SequenceIdentityGenerator]
[DEBUG] 2022-03-23 20:52:18.138 [main] DefaultIdentifierGeneratorFactory - Registering IdentifierGenerator strategy [enhanced-sequence] -> [org.hibernate.id.enhanced.SequenceStyleGenerator]
[DEBUG] 2022-03-23 20:52:18.139 [main] DefaultIdentifierGeneratorFactory - Registering IdentifierGenerator strategy [enhanced-table] -> [org.hibernate.id.enhanced.TableGenerator]
[INFO ] 2022-03-23 20:52:18.146 [main] C3P0ConnectionProvider - HHH010002: C3P0 using driver: com.mysql.cj.jdbc.Driver at URL: jdbc:mysql://localhost:3306/wdev
[INFO ] 2022-03-23 20:52:18.147 [main] C3P0ConnectionProvider - HHH10001001: Connection properties: {password=****, user=root}
[INFO ] 2022-03-23 20:52:18.148 [main] C3P0ConnectionProvider - HHH10001003: Autocommit mode: false
[INFO ] 2022-03-23 20:52:18.320 [main] C3P0ConnectionProvider - HHH10001007: JDBC isolation level: <unknown>
[WARN ] 2022-03-23 20:52:50.397 [main] JdbcEnvironmentInitiator - HHH000342: Could not obtain connection to query metadata : Connections could not be acquired from the underlying database!
[DEBUG] 2022-03-23 20:52:50.452 [main] IntegratorServiceImpl - Adding Integrator [org.hibernate.cfg.beanvalidation.BeanValidationIntegrator].
[DEBUG] 2022-03-23 20:52:50.452 [main] IntegratorServiceImpl - Adding Integrator [org.hibernate.secure.spi.JaccIntegrator].
[DEBUG] 2022-03-23 20:52:50.452 [main] IntegratorServiceImpl - Adding Integrator [org.hibernate.cache.internal.CollectionCacheInvalidator].
[DEBUG] 2022-03-23 20:52:50.469 [main] LocalXmlResourceResolver - Interpreting public/system identifier : [-//Hibernate/Hibernate Configuration DTD//EN] - [http://www.hibernate.org/dtd/hibernate-configuration-3.0.dtd]
[DEBUG] 2022-03-23 20:52:50.469 [main] LocalXmlResourceResolver - Recognized hibernate-configuration identifier; attempting to resolve on classpath under org/hibernate/
[DEBUG] 2022-03-23 20:52:50.472 [main] JaxbCfgProcessor - cfg.xml document did not define namespaces; wrapping in custom event reader to introduce namespace information
[DEBUG] 2022-03-23 20:52:50.511 [main] ServiceBinding - Overriding existing service binding [org.hibernate.secure.spi.JaccService]
[DEBUG] 2022-03-23 20:52:50.512 [main] RegionFactoryInitiator - Cannot default RegionFactory based on registered strategies as `[]` RegionFactory strategies were registered
[DEBUG] 2022-03-23 20:52:50.512 [main] RegionFactoryInitiator - Cache region factory : org.hibernate.cache.internal.NoCachingRegionFactory
[DEBUG] 2022-03-23 20:52:50.512 [main] BasicTypeRegistry - Adding type registration boolean -> org.hibernate.type.BooleanType@44bd4b0a
[DEBUG] 2022-03-23 20:52:50.513 [main] BasicTypeRegistry - Adding type registration boolean -> org.hibernate.type.BooleanType@44bd4b0a
[DEBUG] 2022-03-23 20:52:50.513 [main] BasicTypeRegistry - Adding type registration java.lang.Boolean -> org.hibernate.type.BooleanType@44bd4b0a
[DEBUG] 2022-03-23 20:52:50.513 [main] BasicTypeRegistry - Adding type registration numeric_boolean -> org.hibernate.type.NumericBooleanType@fcc6023
[DEBUG] 2022-03-23 20:52:50.513 [main] BasicTypeRegistry - Adding type registration true_false -> org.hibernate.type.TrueFalseType@472a11ae
[DEBUG] 2022-03-23 20:52:50.513 [main] BasicTypeRegistry - Adding type registration yes_no -> org.hibernate.type.YesNoType@51288417
[DEBUG] 2022-03-23 20:52:50.513 [main] BasicTypeRegistry - Adding type registration byte -> org.hibernate.type.ByteType@323f3c96
[DEBUG] 2022-03-23 20:52:50.513 [main] BasicTypeRegistry - Adding type registration byte -> org.hibernate.type.ByteType@323f3c96
[DEBUG] 2022-03-23 20:52:50.513 [main] BasicTypeRegistry - Adding type registration java.lang.Byte -> org.hibernate.type.ByteType@323f3c96
[DEBUG] 2022-03-23 20:52:50.513 [main] BasicTypeRegistry - Adding type registration character -> org.hibernate.type.CharacterType@644ded04
[DEBUG] 2022-03-23 20:52:50.513 [main] BasicTypeRegistry - Adding type registration char -> org.hibernate.type.CharacterType@644ded04
[DEBUG] 2022-03-23 20:52:50.513 [main] BasicTypeRegistry - Adding type registration java.lang.Character -> org.hibernate.type.CharacterType@644ded04
[DEBUG] 2022-03-23 20:52:50.513 [main] BasicTypeRegistry - Adding type registration short -> org.hibernate.type.ShortType@62e93c3a
[DEBUG] 2022-03-23 20:52:50.513 [main] BasicTypeRegistry - Adding type registration short -> org.hibernate.type.ShortType@62e93c3a
[DEBUG] 2022-03-23 20:52:50.513 [main] BasicTypeRegistry - Adding type registration java.lang.Short -> org.hibernate.type.ShortType@62e93c3a
[DEBUG] 2022-03-23 20:52:50.513 [main] BasicTypeRegistry - Adding type registration integer -> org.hibernate.type.IntegerType@5f038248
[DEBUG] 2022-03-23 20:52:50.513 [main] BasicTypeRegistry - Adding type registration int -> org.hibernate.type.IntegerType@5f038248
[DEBUG] 2022-03-23 20:52:50.513 [main] BasicTypeRegistry - Adding type registration java.lang.Integer -> org.hibernate.type.IntegerType@5f038248
[DEBUG] 2022-03-23 20:52:50.513 [main] BasicTypeRegistry - Adding type registration long -> org.hibernate.type.LongType@1deceb67
[DEBUG] 2022-03-23 20:52:50.514 [main] BasicTypeRegistry - Adding type registration long -> org.hibernate.type.LongType@1deceb67
[DEBUG] 2022-03-23 20:52:50.514 [main] BasicTypeRegistry - Adding type registration java.lang.Long -> org.hibernate.type.LongType@1deceb67
[DEBUG] 2022-03-23 20:52:50.514 [main] BasicTypeRegistry - Adding type registration float -> org.hibernate.type.FloatType@5d5c04f9
[DEBUG] 2022-03-23 20:52:50.514 [main] BasicTypeRegistry - Adding type registration float -> org.hibernate.type.FloatType@5d5c04f9
[DEBUG] 2022-03-23 20:52:50.514 [main] BasicTypeRegistry - Adding type registration java.lang.Float -> org.hibernate.type.FloatType@5d5c04f9
[DEBUG] 2022-03-23 20:52:50.514 [main] BasicTypeRegistry - Adding type registration double -> org.hibernate.type.DoubleType@6724cdec
[DEBUG] 2022-03-23 20:52:50.514 [main] BasicTypeRegistry - Adding type registration double -> org.hibernate.type.DoubleType@6724cdec
[DEBUG] 2022-03-23 20:52:50.514 [main] BasicTypeRegistry - Adding type registration java.lang.Double -> org.hibernate.type.DoubleType@6724cdec
[DEBUG] 2022-03-23 20:52:50.514 [main] BasicTypeRegistry - Adding type registration big_decimal -> org.hibernate.type.BigDecimalType@60783105
[DEBUG] 2022-03-23 20:52:50.514 [main] BasicTypeRegistry - Adding type registration java.math.BigDecimal -> org.hibernate.type.BigDecimalType@60783105
[DEBUG] 2022-03-23 20:52:50.515 [main] BasicTypeRegistry - Adding type registration big_integer -> org.hibernate.type.BigIntegerType@38bb9d7a
[DEBUG] 2022-03-23 20:52:50.515 [main] BasicTypeRegistry - Adding type registration java.math.BigInteger -> org.hibernate.type.BigIntegerType@38bb9d7a
[DEBUG] 2022-03-23 20:52:50.515 [main] BasicTypeRegistry - Adding type registration string -> org.hibernate.type.StringType@71904469
[DEBUG] 2022-03-23 20:52:50.515 [main] BasicTypeRegistry - Adding type registration java.lang.String -> org.hibernate.type.StringType@71904469
[DEBUG] 2022-03-23 20:52:50.515 [main] BasicTypeRegistry - Adding type registration nstring -> org.hibernate.type.StringNVarcharType@1907874b
[DEBUG] 2022-03-23 20:52:50.515 [main] BasicTypeRegistry - Adding type registration ncharacter -> org.hibernate.type.CharacterNCharType@2d9dff65
[DEBUG] 2022-03-23 20:52:50.515 [main] BasicTypeRegistry - Adding type registration url -> org.hibernate.type.UrlType@6eb17ec8
[DEBUG] 2022-03-23 20:52:50.515 [main] BasicTypeRegistry - Adding type registration java.net.URL -> org.hibernate.type.UrlType@6eb17ec8
[DEBUG] 2022-03-23 20:52:50.515 [main] BasicTypeRegistry - Adding type registration Duration -> org.hibernate.type.DurationType@4beaf6bd
[DEBUG] 2022-03-23 20:52:50.515 [main] BasicTypeRegistry - Adding type registration java.time.Duration -> org.hibernate.type.DurationType@4beaf6bd
[DEBUG] 2022-03-23 20:52:50.515 [main] BasicTypeRegistry - Adding type registration Instant -> org.hibernate.type.InstantType@6d1dcdff
[DEBUG] 2022-03-23 20:52:50.515 [main] BasicTypeRegistry - Adding type registration java.time.Instant -> org.hibernate.type.InstantType@6d1dcdff
[DEBUG] 2022-03-23 20:52:50.515 [main] BasicTypeRegistry - Adding type registration LocalDateTime -> org.hibernate.type.LocalDateTimeType@6403e24c
[DEBUG] 2022-03-23 20:52:50.515 [main] BasicTypeRegistry - Adding type registration java.time.LocalDateTime -> org.hibernate.type.LocalDateTimeType@6403e24c
[DEBUG] 2022-03-23 20:52:50.515 [main] BasicTypeRegistry - Adding type registration LocalDate -> org.hibernate.type.LocalDateType@227a47
[DEBUG] 2022-03-23 20:52:50.515 [main] BasicTypeRegistry - Adding type registration java.time.LocalDate -> org.hibernate.type.LocalDateType@227a47
[DEBUG] 2022-03-23 20:52:50.515 [main] BasicTypeRegistry - Adding type registration LocalTime -> org.hibernate.type.LocalTimeType@421056e5
[DEBUG] 2022-03-23 20:52:50.516 [main] BasicTypeRegistry - Adding type registration java.time.LocalTime -> org.hibernate.type.LocalTimeType@421056e5
[DEBUG] 2022-03-23 20:52:50.516 [main] BasicTypeRegistry - Adding type registration OffsetDateTime -> org.hibernate.type.OffsetDateTimeType@54e3658c
[DEBUG] 2022-03-23 20:52:50.516 [main] BasicTypeRegistry - Adding type registration java.time.OffsetDateTime -> org.hibernate.type.OffsetDateTimeType@54e3658c
[DEBUG] 2022-03-23 20:52:50.516 [main] BasicTypeRegistry - Adding type registration OffsetTime -> org.hibernate.type.OffsetTimeType@cdb2d95
[DEBUG] 2022-03-23 20:52:50.516 [main] BasicTypeRegistry - Adding type registration java.time.OffsetTime -> org.hibernate.type.OffsetTimeType@cdb2d95
[DEBUG] 2022-03-23 20:52:50.516 [main] BasicTypeRegistry - Adding type registration ZonedDateTime -> org.hibernate.type.ZonedDateTimeType@646c0a67
[DEBUG] 2022-03-23 20:52:50.516 [main] BasicTypeRegistry - Adding type registration java.time.ZonedDateTime -> org.hibernate.type.ZonedDateTimeType@646c0a67
[DEBUG] 2022-03-23 20:52:50.516 [main] BasicTypeRegistry - Adding type registration date -> org.hibernate.type.DateType@6dfa915a
[DEBUG] 2022-03-23 20:52:50.516 [main] BasicTypeRegistry - Adding type registration java.sql.Date -> org.hibernate.type.DateType@6dfa915a
[DEBUG] 2022-03-23 20:52:50.516 [main] BasicTypeRegistry - Adding type registration time -> org.hibernate.type.TimeType@15400fff
[DEBUG] 2022-03-23 20:52:50.516 [main] BasicTypeRegistry - Adding type registration java.sql.Time -> org.hibernate.type.TimeType@15400fff
[DEBUG] 2022-03-23 20:52:50.516 [main] BasicTypeRegistry - Adding type registration timestamp -> org.hibernate.type.TimestampType@2f1d0bbc
[DEBUG] 2022-03-23 20:52:50.516 [main] BasicTypeRegistry - Adding type registration java.sql.Timestamp -> org.hibernate.type.TimestampType@2f1d0bbc
[DEBUG] 2022-03-23 20:52:50.516 [main] BasicTypeRegistry - Adding type registration java.util.Date -> org.hibernate.type.TimestampType@2f1d0bbc
[DEBUG] 2022-03-23 20:52:50.516 [main] BasicTypeRegistry - Adding type registration dbtimestamp -> org.hibernate.type.DbTimestampType@4b200971
[DEBUG] 2022-03-23 20:52:50.516 [main] BasicTypeRegistry - Adding type registration calendar -> org.hibernate.type.CalendarType@4f0f7849
[DEBUG] 2022-03-23 20:52:50.517 [main] BasicTypeRegistry - Adding type registration java.util.Calendar -> org.hibernate.type.CalendarType@4f0f7849
[DEBUG] 2022-03-23 20:52:50.517 [main] BasicTypeRegistry - Adding type registration java.util.GregorianCalendar -> org.hibernate.type.CalendarType@4f0f7849
[DEBUG] 2022-03-23 20:52:50.517 [main] BasicTypeRegistry - Adding type registration calendar_date -> org.hibernate.type.CalendarDateType@3c87e6b7
[DEBUG] 2022-03-23 20:52:50.517 [main] BasicTypeRegistry - Adding type registration locale -> org.hibernate.type.LocaleType@6f94a5a5
[DEBUG] 2022-03-23 20:52:50.517 [main] BasicTypeRegistry - Adding type registration java.util.Locale -> org.hibernate.type.LocaleType@6f94a5a5
[DEBUG] 2022-03-23 20:52:50.517 [main] BasicTypeRegistry - Adding type registration currency -> org.hibernate.type.CurrencyType@58472096
[DEBUG] 2022-03-23 20:52:50.517 [main] BasicTypeRegistry - Adding type registration java.util.Currency -> org.hibernate.type.CurrencyType@58472096
[DEBUG] 2022-03-23 20:52:50.517 [main] BasicTypeRegistry - Adding type registration timezone -> org.hibernate.type.TimeZoneType@30b131b2
[DEBUG] 2022-03-23 20:52:50.517 [main] BasicTypeRegistry - Adding type registration java.util.TimeZone -> org.hibernate.type.TimeZoneType@30b131b2
[DEBUG] 2022-03-23 20:52:50.517 [main] BasicTypeRegistry - Adding type registration class -> org.hibernate.type.ClassType@467b684d
[DEBUG] 2022-03-23 20:52:50.517 [main] BasicTypeRegistry - Adding type registration java.lang.Class -> org.hibernate.type.ClassType@467b684d
[DEBUG] 2022-03-23 20:52:50.517 [main] BasicTypeRegistry - Adding type registration uuid-binary -> org.hibernate.type.UUIDBinaryType@65e21ce3
[DEBUG] 2022-03-23 20:52:50.517 [main] BasicTypeRegistry - Adding type registration java.util.UUID -> org.hibernate.type.UUIDBinaryType@65e21ce3
[DEBUG] 2022-03-23 20:52:50.517 [main] BasicTypeRegistry - Adding type registration uuid-char -> org.hibernate.type.UUIDCharType@5f0f9947
[DEBUG] 2022-03-23 20:52:50.517 [main] BasicTypeRegistry - Adding type registration binary -> org.hibernate.type.BinaryType@44536de4
[DEBUG] 2022-03-23 20:52:50.517 [main] BasicTypeRegistry - Adding type registration byte[] -> org.hibernate.type.BinaryType@44536de4
[DEBUG] 2022-03-23 20:52:50.517 [main] BasicTypeRegistry - Adding type registration [B -> org.hibernate.type.BinaryType@44536de4
[DEBUG] 2022-03-23 20:52:50.517 [main] BasicTypeRegistry - Adding type registration wrapper-binary -> org.hibernate.type.WrapperBinaryType@4d21c56e
[DEBUG] 2022-03-23 20:52:50.517 [main] BasicTypeRegistry - Adding type registration Byte[] -> org.hibernate.type.WrapperBinaryType@4d21c56e
[DEBUG] 2022-03-23 20:52:50.517 [main] BasicTypeRegistry - Adding type registration [Ljava.lang.Byte; -> org.hibernate.type.WrapperBinaryType@4d21c56e
[DEBUG] 2022-03-23 20:52:50.517 [main] BasicTypeRegistry - Adding type registration row_version -> org.hibernate.type.RowVersionType@4faa298
[DEBUG] 2022-03-23 20:52:50.517 [main] BasicTypeRegistry - Adding type registration image -> org.hibernate.type.ImageType@b52b755
[DEBUG] 2022-03-23 20:52:50.517 [main] BasicTypeRegistry - Adding type registration characters -> org.hibernate.type.CharArrayType@56da7487
[DEBUG] 2022-03-23 20:52:50.518 [main] BasicTypeRegistry - Adding type registration char[] -> org.hibernate.type.CharArrayType@56da7487
[DEBUG] 2022-03-23 20:52:50.519 [main] BasicTypeRegistry - Adding type registration [C -> org.hibernate.type.CharArrayType@56da7487
[DEBUG] 2022-03-23 20:52:50.519 [main] BasicTypeRegistry - Adding type registration wrapper-characters -> org.hibernate.type.CharacterArrayType@fc807c1
[DEBUG] 2022-03-23 20:52:50.520 [main] BasicTypeRegistry - Adding type registration [Ljava.lang.Character; -> org.hibernate.type.CharacterArrayType@fc807c1
[DEBUG] 2022-03-23 20:52:50.521 [main] BasicTypeRegistry - Adding type registration Character[] -> org.hibernate.type.CharacterArrayType@fc807c1
[DEBUG] 2022-03-23 20:52:50.521 [main] BasicTypeRegistry - Adding type registration text -> org.hibernate.type.TextType@12e0f1cb
[DEBUG] 2022-03-23 20:52:50.521 [main] BasicTypeRegistry - Adding type registration ntext -> org.hibernate.type.NTextType@7ecec90d
[DEBUG] 2022-03-23 20:52:50.521 [main] BasicTypeRegistry - Adding type registration blob -> org.hibernate.type.BlobType@36c2b646
[DEBUG] 2022-03-23 20:52:50.521 [main] BasicTypeRegistry - Adding type registration java.sql.Blob -> org.hibernate.type.BlobType@36c2b646
[DEBUG] 2022-03-23 20:52:50.521 [main] BasicTypeRegistry - Adding type registration materialized_blob -> org.hibernate.type.MaterializedBlobType@6540cf1d
[DEBUG] 2022-03-23 20:52:50.521 [main] BasicTypeRegistry - Adding type registration clob -> org.hibernate.type.ClobType@3cd9aa64
[DEBUG] 2022-03-23 20:52:50.521 [main] BasicTypeRegistry - Adding type registration java.sql.Clob -> org.hibernate.type.ClobType@3cd9aa64
[DEBUG] 2022-03-23 20:52:50.521 [main] BasicTypeRegistry - Adding type registration nclob -> org.hibernate.type.NClobType@378cfecf
[DEBUG] 2022-03-23 20:52:50.521 [main] BasicTypeRegistry - Adding type registration java.sql.NClob -> org.hibernate.type.NClobType@378cfecf
[DEBUG] 2022-03-23 20:52:50.521 [main] BasicTypeRegistry - Adding type registration materialized_clob -> org.hibernate.type.MaterializedClobType@1305c126
[DEBUG] 2022-03-23 20:52:50.521 [main] BasicTypeRegistry - Adding type registration materialized_nclob -> org.hibernate.type.MaterializedNClobType@4b97c4ad
[DEBUG] 2022-03-23 20:52:50.521 [main] BasicTypeRegistry - Adding type registration serializable -> org.hibernate.type.SerializableType@4e1a46fb
[DEBUG] 2022-03-23 20:52:50.521 [main] BasicTypeRegistry - Adding type registration object -> org.hibernate.type.ObjectType@7fb29ca9
[DEBUG] 2022-03-23 20:52:50.521 [main] BasicTypeRegistry - Adding type registration java.lang.Object -> org.hibernate.type.ObjectType@7fb29ca9
[DEBUG] 2022-03-23 20:52:50.521 [main] BasicTypeRegistry - Adding type registration imm_date -> org.hibernate.type.AdaptedImmutableType@3c854752
[DEBUG] 2022-03-23 20:52:50.522 [main] BasicTypeRegistry - Adding type registration imm_time -> org.hibernate.type.AdaptedImmutableType@3ddeaa5f
[DEBUG] 2022-03-23 20:52:50.522 [main] BasicTypeRegistry - Adding type registration imm_timestamp -> org.hibernate.type.AdaptedImmutableType@1a500561
[DEBUG] 2022-03-23 20:52:50.522 [main] BasicTypeRegistry - Adding type registration imm_dbtimestamp -> org.hibernate.type.AdaptedImmutableType@7f608e21
[DEBUG] 2022-03-23 20:52:50.522 [main] BasicTypeRegistry - Adding type registration imm_calendar -> org.hibernate.type.AdaptedImmutableType@6949e948
[DEBUG] 2022-03-23 20:52:50.522 [main] BasicTypeRegistry - Adding type registration imm_calendar_date -> org.hibernate.type.AdaptedImmutableType@210d2a6c
[DEBUG] 2022-03-23 20:52:50.522 [main] BasicTypeRegistry - Adding type registration imm_binary -> org.hibernate.type.AdaptedImmutableType@3bec5821
[DEBUG] 2022-03-23 20:52:50.522 [main] BasicTypeRegistry - Adding type registration imm_serializable -> org.hibernate.type.AdaptedImmutableType@4086d8fb
[DEBUG] 2022-03-23 20:52:50.526 [main] DefaultIdentifierGeneratorFactory - Registering IdentifierGenerator strategy [uuid2] -> [org.hibernate.id.UUIDGenerator]
[DEBUG] 2022-03-23 20:52:50.527 [main] DefaultIdentifierGeneratorFactory - Registering IdentifierGenerator strategy [guid] -> [org.hibernate.id.GUIDGenerator]
[DEBUG] 2022-03-23 20:52:50.527 [main] DefaultIdentifierGeneratorFactory - Registering IdentifierGenerator strategy [uuid] -> [org.hibernate.id.UUIDHexGenerator]
[DEBUG] 2022-03-23 20:52:50.527 [main] DefaultIdentifierGeneratorFactory - Registering IdentifierGenerator strategy [uuid.hex] -> [org.hibernate.id.UUIDHexGenerator]
[DEBUG] 2022-03-23 20:52:50.527 [main] DefaultIdentifierGeneratorFactory - Registering IdentifierGenerator strategy [assigned] -> [org.hibernate.id.Assigned]
[DEBUG] 2022-03-23 20:52:50.527 [main] DefaultIdentifierGeneratorFactory - Registering IdentifierGenerator strategy [identity] -> [org.hibernate.id.IdentityGenerator]
[DEBUG] 2022-03-23 20:52:50.527 [main] DefaultIdentifierGeneratorFactory - Registering IdentifierGenerator strategy [select] -> [org.hibernate.id.SelectGenerator]
[DEBUG] 2022-03-23 20:52:50.527 [main] DefaultIdentifierGeneratorFactory - Registering IdentifierGenerator strategy [sequence] -> [org.hibernate.id.enhanced.SequenceStyleGenerator]
[DEBUG] 2022-03-23 20:52:50.527 [main] DefaultIdentifierGeneratorFactory - Registering IdentifierGenerator strategy [seqhilo] -> [org.hibernate.id.SequenceHiLoGenerator]
[DEBUG] 2022-03-23 20:52:50.527 [main] DefaultIdentifierGeneratorFactory - Registering IdentifierGenerator strategy [increment] -> [org.hibernate.id.IncrementGenerator]
[DEBUG] 2022-03-23 20:52:50.527 [main] DefaultIdentifierGeneratorFactory - Registering IdentifierGenerator strategy [foreign] -> [org.hibernate.id.ForeignGenerator]
[DEBUG] 2022-03-23 20:52:50.527 [main] DefaultIdentifierGeneratorFactory - Registering IdentifierGenerator strategy [sequence-identity] -> [org.hibernate.id.SequenceIdentityGenerator]
[DEBUG] 2022-03-23 20:52:50.527 [main] DefaultIdentifierGeneratorFactory - Registering IdentifierGenerator strategy [enhanced-sequence] -> [org.hibernate.id.enhanced.SequenceStyleGenerator]
[DEBUG] 2022-03-23 20:52:50.527 [main] DefaultIdentifierGeneratorFactory - Registering IdentifierGenerator strategy [enhanced-table] -> [org.hibernate.id.enhanced.TableGenerator]
[INFO ] 2022-03-23 20:52:50.528 [main] C3P0ConnectionProvider - HHH010002: C3P0 using driver: com.mysql.cj.jdbc.Driver at URL: jdbc:mysql://localhost:3306/wdev
[INFO ] 2022-03-23 20:52:50.529 [main] C3P0ConnectionProvider - HHH10001001: Connection properties: {password=****, user=root}
[INFO ] 2022-03-23 20:52:50.529 [main] C3P0ConnectionProvider - HHH10001003: Autocommit mode: false
[INFO ] 2022-03-23 20:52:50.565 [main] C3P0ConnectionProvider - HHH10001007: JDBC isolation level: <unknown>
