[DEBUG] 2022-02-27 14:11:29.903 [main] IntegratorServiceImpl - Adding Integrator [org.hibernate.cfg.beanvalidation.BeanValidationIntegrator].
[DEBUG] 2022-02-27 14:11:29.906 [main] IntegratorServiceImpl - Adding Integrator [org.hibernate.secure.spi.JaccIntegrator].
[DEBUG] 2022-02-27 14:11:29.909 [main] IntegratorServiceImpl - Adding Integrator [org.hibernate.cache.internal.CollectionCacheInvalidator].
[INFO ] 2022-02-27 14:11:29.971 [main] Version - HHH000412: Hibernate Core {5.4.4.Final}
[DEBUG] 2022-02-27 14:11:29.975 [main] Environment - HHH000206: hibernate.properties not found
[DEBUG] 2022-02-27 14:11:30.127 [main] LocalXmlResourceResolver - Interpreting public/system identifier : [-//Hibernate/Hibernate Configuration DTD//EN] - [http://www.hibernate.org/dtd/hibernate-configuration-3.0.dtd]
[DEBUG] 2022-02-27 14:11:30.127 [main] LocalXmlResourceResolver - Recognized hibernate-configuration identifier; attempting to resolve on classpath under org/hibernate/
[DEBUG] 2022-02-27 14:11:30.135 [main] JaxbCfgProcessor - cfg.xml document did not define namespaces; wrapping in custom event reader to introduce namespace information
[DEBUG] 2022-02-27 14:11:30.363 [main] ServiceBinding - Overriding existing service binding [org.hibernate.secure.spi.JaccService]
[DEBUG] 2022-02-27 14:11:30.445 [main] RegionFactoryInitiator - Cannot default RegionFactory based on registered strategies as `[]` RegionFactory strategies were registered
[DEBUG] 2022-02-27 14:11:30.448 [main] RegionFactoryInitiator - Cache region factory : org.hibernate.cache.internal.NoCachingRegionFactory
[INFO ] 2022-02-27 14:11:30.467 [main] Version - HCANN000001: Hibernate Commons Annotations {5.1.0.Final}
[DEBUG] 2022-02-27 14:11:30.485 [main] BasicTypeRegistry - Adding type registration boolean -> org.hibernate.type.BooleanType@42373389
[DEBUG] 2022-02-27 14:11:30.485 [main] BasicTypeRegistry - Adding type registration boolean -> org.hibernate.type.BooleanType@42373389
[DEBUG] 2022-02-27 14:11:30.486 [main] BasicTypeRegistry - Adding type registration java.lang.Boolean -> org.hibernate.type.BooleanType@42373389
[DEBUG] 2022-02-27 14:11:30.486 [main] BasicTypeRegistry - Adding type registration numeric_boolean -> org.hibernate.type.NumericBooleanType@7c36db44
[DEBUG] 2022-02-27 14:11:30.486 [main] BasicTypeRegistry - Adding type registration true_false -> org.hibernate.type.TrueFalseType@42ea287
[DEBUG] 2022-02-27 14:11:30.486 [main] BasicTypeRegistry - Adding type registration yes_no -> org.hibernate.type.YesNoType@65a48602
[DEBUG] 2022-02-27 14:11:30.487 [main] BasicTypeRegistry - Adding type registration byte -> org.hibernate.type.ByteType@612e21b9
[DEBUG] 2022-02-27 14:11:30.487 [main] BasicTypeRegistry - Adding type registration byte -> org.hibernate.type.ByteType@612e21b9
[DEBUG] 2022-02-27 14:11:30.487 [main] BasicTypeRegistry - Adding type registration java.lang.Byte -> org.hibernate.type.ByteType@612e21b9
[DEBUG] 2022-02-27 14:11:30.487 [main] BasicTypeRegistry - Adding type registration character -> org.hibernate.type.CharacterType@1a865273
[DEBUG] 2022-02-27 14:11:30.488 [main] BasicTypeRegistry - Adding type registration char -> org.hibernate.type.CharacterType@1a865273
[DEBUG] 2022-02-27 14:11:30.488 [main] BasicTypeRegistry - Adding type registration java.lang.Character -> org.hibernate.type.CharacterType@1a865273
[DEBUG] 2022-02-27 14:11:30.489 [main] BasicTypeRegistry - Adding type registration short -> org.hibernate.type.ShortType@fcc6023
[DEBUG] 2022-02-27 14:11:30.489 [main] BasicTypeRegistry - Adding type registration short -> org.hibernate.type.ShortType@fcc6023
[DEBUG] 2022-02-27 14:11:30.489 [main] BasicTypeRegistry - Adding type registration java.lang.Short -> org.hibernate.type.ShortType@fcc6023
[DEBUG] 2022-02-27 14:11:30.489 [main] BasicTypeRegistry - Adding type registration integer -> org.hibernate.type.IntegerType@46185a1b
[DEBUG] 2022-02-27 14:11:30.489 [main] BasicTypeRegistry - Adding type registration int -> org.hibernate.type.IntegerType@46185a1b
[DEBUG] 2022-02-27 14:11:30.489 [main] BasicTypeRegistry - Adding type registration java.lang.Integer -> org.hibernate.type.IntegerType@46185a1b
[DEBUG] 2022-02-27 14:11:30.490 [main] BasicTypeRegistry - Adding type registration long -> org.hibernate.type.LongType@4ee5b2d9
[DEBUG] 2022-02-27 14:11:30.490 [main] BasicTypeRegistry - Adding type registration long -> org.hibernate.type.LongType@4ee5b2d9
[DEBUG] 2022-02-27 14:11:30.490 [main] BasicTypeRegistry - Adding type registration java.lang.Long -> org.hibernate.type.LongType@4ee5b2d9
[DEBUG] 2022-02-27 14:11:30.490 [main] BasicTypeRegistry - Adding type registration float -> org.hibernate.type.FloatType@290d10ef
[DEBUG] 2022-02-27 14:11:30.490 [main] BasicTypeRegistry - Adding type registration float -> org.hibernate.type.FloatType@290d10ef
[DEBUG] 2022-02-27 14:11:30.490 [main] BasicTypeRegistry - Adding type registration java.lang.Float -> org.hibernate.type.FloatType@290d10ef
[DEBUG] 2022-02-27 14:11:30.491 [main] BasicTypeRegistry - Adding type registration double -> org.hibernate.type.DoubleType@4110765e
[DEBUG] 2022-02-27 14:11:30.491 [main] BasicTypeRegistry - Adding type registration double -> org.hibernate.type.DoubleType@4110765e
[DEBUG] 2022-02-27 14:11:30.491 [main] BasicTypeRegistry - Adding type registration java.lang.Double -> org.hibernate.type.DoubleType@4110765e
[DEBUG] 2022-02-27 14:11:30.491 [main] BasicTypeRegistry - Adding type registration big_decimal -> org.hibernate.type.BigDecimalType@20cece0b
[DEBUG] 2022-02-27 14:11:30.492 [main] BasicTypeRegistry - Adding type registration java.math.BigDecimal -> org.hibernate.type.BigDecimalType@20cece0b
[DEBUG] 2022-02-27 14:11:30.492 [main] BasicTypeRegistry - Adding type registration big_integer -> org.hibernate.type.BigIntegerType@73c9e8e8
[DEBUG] 2022-02-27 14:11:30.492 [main] BasicTypeRegistry - Adding type registration java.math.BigInteger -> org.hibernate.type.BigIntegerType@73c9e8e8
[DEBUG] 2022-02-27 14:11:30.493 [main] BasicTypeRegistry - Adding type registration string -> org.hibernate.type.StringType@58ff8d79
[DEBUG] 2022-02-27 14:11:30.493 [main] BasicTypeRegistry - Adding type registration java.lang.String -> org.hibernate.type.StringType@58ff8d79
[DEBUG] 2022-02-27 14:11:30.494 [main] BasicTypeRegistry - Adding type registration nstring -> org.hibernate.type.StringNVarcharType@4b790d86
[DEBUG] 2022-02-27 14:11:30.494 [main] BasicTypeRegistry - Adding type registration ncharacter -> org.hibernate.type.CharacterNCharType@61cd1c71
[DEBUG] 2022-02-27 14:11:30.495 [main] BasicTypeRegistry - Adding type registration url -> org.hibernate.type.UrlType@4674d90
[DEBUG] 2022-02-27 14:11:30.495 [main] BasicTypeRegistry - Adding type registration java.net.URL -> org.hibernate.type.UrlType@4674d90
[DEBUG] 2022-02-27 14:11:30.496 [main] BasicTypeRegistry - Adding type registration Duration -> org.hibernate.type.DurationType@30364216
[DEBUG] 2022-02-27 14:11:30.496 [main] BasicTypeRegistry - Adding type registration java.time.Duration -> org.hibernate.type.DurationType@30364216
[DEBUG] 2022-02-27 14:11:30.502 [main] BasicTypeRegistry - Adding type registration Instant -> org.hibernate.type.InstantType@3d904e9c
[DEBUG] 2022-02-27 14:11:30.503 [main] BasicTypeRegistry - Adding type registration java.time.Instant -> org.hibernate.type.InstantType@3d904e9c
[DEBUG] 2022-02-27 14:11:30.504 [main] BasicTypeRegistry - Adding type registration LocalDateTime -> org.hibernate.type.LocalDateTimeType@7f353d99
[DEBUG] 2022-02-27 14:11:30.504 [main] BasicTypeRegistry - Adding type registration java.time.LocalDateTime -> org.hibernate.type.LocalDateTimeType@7f353d99
[DEBUG] 2022-02-27 14:11:30.505 [main] BasicTypeRegistry - Adding type registration LocalDate -> org.hibernate.type.LocalDateType@1229a2b7
[DEBUG] 2022-02-27 14:11:30.505 [main] BasicTypeRegistry - Adding type registration java.time.LocalDate -> org.hibernate.type.LocalDateType@1229a2b7
[DEBUG] 2022-02-27 14:11:30.506 [main] BasicTypeRegistry - Adding type registration LocalTime -> org.hibernate.type.LocalTimeType@31ee2fdb
[DEBUG] 2022-02-27 14:11:30.506 [main] BasicTypeRegistry - Adding type registration java.time.LocalTime -> org.hibernate.type.LocalTimeType@31ee2fdb
[DEBUG] 2022-02-27 14:11:30.506 [main] BasicTypeRegistry - Adding type registration OffsetDateTime -> org.hibernate.type.OffsetDateTimeType@558756be
[DEBUG] 2022-02-27 14:11:30.507 [main] BasicTypeRegistry - Adding type registration java.time.OffsetDateTime -> org.hibernate.type.OffsetDateTimeType@558756be
[DEBUG] 2022-02-27 14:11:30.507 [main] BasicTypeRegistry - Adding type registration OffsetTime -> org.hibernate.type.OffsetTimeType@43045f9f
[DEBUG] 2022-02-27 14:11:30.507 [main] BasicTypeRegistry - Adding type registration java.time.OffsetTime -> org.hibernate.type.OffsetTimeType@43045f9f
[DEBUG] 2022-02-27 14:11:30.509 [main] BasicTypeRegistry - Adding type registration ZonedDateTime -> org.hibernate.type.ZonedDateTimeType@26c47874
[DEBUG] 2022-02-27 14:11:30.509 [main] BasicTypeRegistry - Adding type registration java.time.ZonedDateTime -> org.hibernate.type.ZonedDateTimeType@26c47874
[DEBUG] 2022-02-27 14:11:30.510 [main] BasicTypeRegistry - Adding type registration date -> org.hibernate.type.DateType@352c44a8
[DEBUG] 2022-02-27 14:11:30.510 [main] BasicTypeRegistry - Adding type registration java.sql.Date -> org.hibernate.type.DateType@352c44a8
[DEBUG] 2022-02-27 14:11:30.511 [main] BasicTypeRegistry - Adding type registration time -> org.hibernate.type.TimeType@895416d
[DEBUG] 2022-02-27 14:11:30.511 [main] BasicTypeRegistry - Adding type registration java.sql.Time -> org.hibernate.type.TimeType@895416d
[DEBUG] 2022-02-27 14:11:30.511 [main] BasicTypeRegistry - Adding type registration timestamp -> org.hibernate.type.TimestampType@2eae4349
[DEBUG] 2022-02-27 14:11:30.511 [main] BasicTypeRegistry - Adding type registration java.sql.Timestamp -> org.hibernate.type.TimestampType@2eae4349
[DEBUG] 2022-02-27 14:11:30.511 [main] BasicTypeRegistry - Adding type registration java.util.Date -> org.hibernate.type.TimestampType@2eae4349
[DEBUG] 2022-02-27 14:11:30.512 [main] BasicTypeRegistry - Adding type registration dbtimestamp -> org.hibernate.type.DbTimestampType@3804a9a8
[DEBUG] 2022-02-27 14:11:30.513 [main] BasicTypeRegistry - Adding type registration calendar -> org.hibernate.type.CalendarType@55e42449
[DEBUG] 2022-02-27 14:11:30.513 [main] BasicTypeRegistry - Adding type registration java.util.Calendar -> org.hibernate.type.CalendarType@55e42449
[DEBUG] 2022-02-27 14:11:30.513 [main] BasicTypeRegistry - Adding type registration java.util.GregorianCalendar -> org.hibernate.type.CalendarType@55e42449
[DEBUG] 2022-02-27 14:11:30.513 [main] BasicTypeRegistry - Adding type registration calendar_date -> org.hibernate.type.CalendarDateType@3dffc764
[DEBUG] 2022-02-27 14:11:30.514 [main] BasicTypeRegistry - Adding type registration locale -> org.hibernate.type.LocaleType@1e7ab390
[DEBUG] 2022-02-27 14:11:30.514 [main] BasicTypeRegistry - Adding type registration java.util.Locale -> org.hibernate.type.LocaleType@1e7ab390
[DEBUG] 2022-02-27 14:11:30.515 [main] BasicTypeRegistry - Adding type registration currency -> org.hibernate.type.CurrencyType@5460b754
[DEBUG] 2022-02-27 14:11:30.515 [main] BasicTypeRegistry - Adding type registration java.util.Currency -> org.hibernate.type.CurrencyType@5460b754
[DEBUG] 2022-02-27 14:11:30.516 [main] BasicTypeRegistry - Adding type registration timezone -> org.hibernate.type.TimeZoneType@12fcc71f
[DEBUG] 2022-02-27 14:11:30.516 [main] BasicTypeRegistry - Adding type registration java.util.TimeZone -> org.hibernate.type.TimeZoneType@12fcc71f
[DEBUG] 2022-02-27 14:11:30.516 [main] BasicTypeRegistry - Adding type registration class -> org.hibernate.type.ClassType@79b84841
[DEBUG] 2022-02-27 14:11:30.516 [main] BasicTypeRegistry - Adding type registration java.lang.Class -> org.hibernate.type.ClassType@79b84841
[DEBUG] 2022-02-27 14:11:30.516 [main] BasicTypeRegistry - Adding type registration uuid-binary -> org.hibernate.type.UUIDBinaryType@25ad4f71
[DEBUG] 2022-02-27 14:11:30.517 [main] BasicTypeRegistry - Adding type registration java.util.UUID -> org.hibernate.type.UUIDBinaryType@25ad4f71
[DEBUG] 2022-02-27 14:11:30.517 [main] BasicTypeRegistry - Adding type registration uuid-char -> org.hibernate.type.UUIDCharType@a451491
[DEBUG] 2022-02-27 14:11:30.517 [main] BasicTypeRegistry - Adding type registration binary -> org.hibernate.type.BinaryType@337bbfdf
[DEBUG] 2022-02-27 14:11:30.517 [main] BasicTypeRegistry - Adding type registration byte[] -> org.hibernate.type.BinaryType@337bbfdf
[DEBUG] 2022-02-27 14:11:30.517 [main] BasicTypeRegistry - Adding type registration [B -> org.hibernate.type.BinaryType@337bbfdf
[DEBUG] 2022-02-27 14:11:30.518 [main] BasicTypeRegistry - Adding type registration wrapper-binary -> org.hibernate.type.WrapperBinaryType@5b5e7036
[DEBUG] 2022-02-27 14:11:30.518 [main] BasicTypeRegistry - Adding type registration Byte[] -> org.hibernate.type.WrapperBinaryType@5b5e7036
[DEBUG] 2022-02-27 14:11:30.518 [main] BasicTypeRegistry - Adding type registration [Ljava.lang.Byte; -> org.hibernate.type.WrapperBinaryType@5b5e7036
[DEBUG] 2022-02-27 14:11:30.519 [main] BasicTypeRegistry - Adding type registration row_version -> org.hibernate.type.RowVersionType@611a990b
[DEBUG] 2022-02-27 14:11:30.519 [main] BasicTypeRegistry - Adding type registration image -> org.hibernate.type.ImageType@65e21ce3
[DEBUG] 2022-02-27 14:11:30.519 [main] BasicTypeRegistry - Adding type registration characters -> org.hibernate.type.CharArrayType@5af8bb51
[DEBUG] 2022-02-27 14:11:30.519 [main] BasicTypeRegistry - Adding type registration char[] -> org.hibernate.type.CharArrayType@5af8bb51
[DEBUG] 2022-02-27 14:11:30.519 [main] BasicTypeRegistry - Adding type registration [C -> org.hibernate.type.CharArrayType@5af8bb51
[DEBUG] 2022-02-27 14:11:30.520 [main] BasicTypeRegistry - Adding type registration wrapper-characters -> org.hibernate.type.CharacterArrayType@4d95a72e
[DEBUG] 2022-02-27 14:11:30.520 [main] BasicTypeRegistry - Adding type registration [Ljava.lang.Character; -> org.hibernate.type.CharacterArrayType@4d95a72e
[DEBUG] 2022-02-27 14:11:30.520 [main] BasicTypeRegistry - Adding type registration Character[] -> org.hibernate.type.CharacterArrayType@4d95a72e
[DEBUG] 2022-02-27 14:11:30.520 [main] BasicTypeRegistry - Adding type registration text -> org.hibernate.type.TextType@36681447
[DEBUG] 2022-02-27 14:11:30.521 [main] BasicTypeRegistry - Adding type registration ntext -> org.hibernate.type.NTextType@712cfb63
[DEBUG] 2022-02-27 14:11:30.521 [main] BasicTypeRegistry - Adding type registration blob -> org.hibernate.type.BlobType@40e37b06
[DEBUG] 2022-02-27 14:11:30.521 [main] BasicTypeRegistry - Adding type registration java.sql.Blob -> org.hibernate.type.BlobType@40e37b06
[DEBUG] 2022-02-27 14:11:30.521 [main] BasicTypeRegistry - Adding type registration materialized_blob -> org.hibernate.type.MaterializedBlobType@70887727
[DEBUG] 2022-02-27 14:11:30.522 [main] BasicTypeRegistry - Adding type registration clob -> org.hibernate.type.ClobType@59cda16e
[DEBUG] 2022-02-27 14:11:30.522 [main] BasicTypeRegistry - Adding type registration java.sql.Clob -> org.hibernate.type.ClobType@59cda16e
[DEBUG] 2022-02-27 14:11:30.524 [main] BasicTypeRegistry - Adding type registration nclob -> org.hibernate.type.NClobType@118ffcfd
[DEBUG] 2022-02-27 14:11:30.525 [main] BasicTypeRegistry - Adding type registration java.sql.NClob -> org.hibernate.type.NClobType@118ffcfd
[DEBUG] 2022-02-27 14:11:30.525 [main] BasicTypeRegistry - Adding type registration materialized_clob -> org.hibernate.type.MaterializedClobType@dc4a691
[DEBUG] 2022-02-27 14:11:30.525 [main] BasicTypeRegistry - Adding type registration materialized_nclob -> org.hibernate.type.MaterializedNClobType@6b1dc20f
[DEBUG] 2022-02-27 14:11:30.526 [main] BasicTypeRegistry - Adding type registration serializable -> org.hibernate.type.SerializableType@4ce94d2f
[DEBUG] 2022-02-27 14:11:30.528 [main] BasicTypeRegistry - Adding type registration object -> org.hibernate.type.ObjectType@4b97c4ad
[DEBUG] 2022-02-27 14:11:30.528 [main] BasicTypeRegistry - Adding type registration java.lang.Object -> org.hibernate.type.ObjectType@4b97c4ad
[DEBUG] 2022-02-27 14:11:30.528 [main] BasicTypeRegistry - Adding type registration imm_date -> org.hibernate.type.AdaptedImmutableType@5634d0f4
[DEBUG] 2022-02-27 14:11:30.528 [main] BasicTypeRegistry - Adding type registration imm_time -> org.hibernate.type.AdaptedImmutableType@252a8aae
[DEBUG] 2022-02-27 14:11:30.528 [main] BasicTypeRegistry - Adding type registration imm_timestamp -> org.hibernate.type.AdaptedImmutableType@3d4e405e
[DEBUG] 2022-02-27 14:11:30.528 [main] BasicTypeRegistry - Adding type registration imm_dbtimestamp -> org.hibernate.type.AdaptedImmutableType@54e2fe
[DEBUG] 2022-02-27 14:11:30.528 [main] BasicTypeRegistry - Adding type registration imm_calendar -> org.hibernate.type.AdaptedImmutableType@70972170
[DEBUG] 2022-02-27 14:11:30.528 [main] BasicTypeRegistry - Adding type registration imm_calendar_date -> org.hibernate.type.AdaptedImmutableType@119aa36
[DEBUG] 2022-02-27 14:11:30.528 [main] BasicTypeRegistry - Adding type registration imm_binary -> org.hibernate.type.AdaptedImmutableType@4e1a46fb
[DEBUG] 2022-02-27 14:11:30.528 [main] BasicTypeRegistry - Adding type registration imm_serializable -> org.hibernate.type.AdaptedImmutableType@69fe0ed4
[DEBUG] 2022-02-27 14:11:30.595 [main] DefaultIdentifierGeneratorFactory - Registering IdentifierGenerator strategy [uuid2] -> [org.hibernate.id.UUIDGenerator]
[DEBUG] 2022-02-27 14:11:30.599 [main] DefaultIdentifierGeneratorFactory - Registering IdentifierGenerator strategy [guid] -> [org.hibernate.id.GUIDGenerator]
[DEBUG] 2022-02-27 14:11:30.600 [main] DefaultIdentifierGeneratorFactory - Registering IdentifierGenerator strategy [uuid] -> [org.hibernate.id.UUIDHexGenerator]
[DEBUG] 2022-02-27 14:11:30.600 [main] DefaultIdentifierGeneratorFactory - Registering IdentifierGenerator strategy [uuid.hex] -> [org.hibernate.id.UUIDHexGenerator]
[DEBUG] 2022-02-27 14:11:30.600 [main] DefaultIdentifierGeneratorFactory - Registering IdentifierGenerator strategy [assigned] -> [org.hibernate.id.Assigned]
[DEBUG] 2022-02-27 14:11:30.601 [main] DefaultIdentifierGeneratorFactory - Registering IdentifierGenerator strategy [identity] -> [org.hibernate.id.IdentityGenerator]
[DEBUG] 2022-02-27 14:11:30.601 [main] DefaultIdentifierGeneratorFactory - Registering IdentifierGenerator strategy [select] -> [org.hibernate.id.SelectGenerator]
[DEBUG] 2022-02-27 14:11:30.602 [main] DefaultIdentifierGeneratorFactory - Registering IdentifierGenerator strategy [sequence] -> [org.hibernate.id.enhanced.SequenceStyleGenerator]
[DEBUG] 2022-02-27 14:11:30.603 [main] DefaultIdentifierGeneratorFactory - Registering IdentifierGenerator strategy [seqhilo] -> [org.hibernate.id.SequenceHiLoGenerator]
[DEBUG] 2022-02-27 14:11:30.603 [main] DefaultIdentifierGeneratorFactory - Registering IdentifierGenerator strategy [increment] -> [org.hibernate.id.IncrementGenerator]
[DEBUG] 2022-02-27 14:11:30.603 [main] DefaultIdentifierGeneratorFactory - Registering IdentifierGenerator strategy [foreign] -> [org.hibernate.id.ForeignGenerator]
[DEBUG] 2022-02-27 14:11:30.603 [main] DefaultIdentifierGeneratorFactory - Registering IdentifierGenerator strategy [sequence-identity] -> [org.hibernate.id.SequenceIdentityGenerator]
[DEBUG] 2022-02-27 14:11:30.603 [main] DefaultIdentifierGeneratorFactory - Registering IdentifierGenerator strategy [enhanced-sequence] -> [org.hibernate.id.enhanced.SequenceStyleGenerator]
[DEBUG] 2022-02-27 14:11:30.604 [main] DefaultIdentifierGeneratorFactory - Registering IdentifierGenerator strategy [enhanced-table] -> [org.hibernate.id.enhanced.TableGenerator]
[INFO ] 2022-02-27 14:11:30.611 [main] C3P0ConnectionProvider - HHH010002: C3P0 using driver: com.mysql.cj.jdbc.Driver at URL: jdbc:mysql://localhost:3306/wdev
[INFO ] 2022-02-27 14:11:30.612 [main] C3P0ConnectionProvider - HHH10001001: Connection properties: {password=****, user=root}
[INFO ] 2022-02-27 14:11:30.612 [main] C3P0ConnectionProvider - HHH10001003: Autocommit mode: false
[INFO ] 2022-02-27 14:11:30.782 [main] C3P0ConnectionProvider - HHH10001007: JDBC isolation level: <unknown>
[DEBUG] 2022-02-27 14:11:31.005 [main] JdbcEnvironmentInitiator - Database ->
       name : MySQL
    version : 8.0.28
      major : 8
      minor : 0
[DEBUG] 2022-02-27 14:11:31.008 [main] JdbcEnvironmentInitiator - Driver ->
       name : MySQL Connector/J
    version : mysql-connector-java-8.0.16 (Revision: 34cbc6bc61f72836e26327537a432d6db7c77de6)
      major : 8
      minor : 0
[DEBUG] 2022-02-27 14:11:31.009 [main] JdbcEnvironmentInitiator - JDBC version : 4.2
[INFO ] 2022-02-27 14:11:31.022 [main] Dialect - HHH000400: Using dialect: org.hibernate.dialect.MySQL8Dialect
[DEBUG] 2022-02-27 14:11:31.057 [main] IdentifierHelperBuilder - JDBC driver metadata reported database stores quoted identifiers in more than one case
[DEBUG] 2022-02-27 14:11:31.081 [main] IdentifierHelperBuilder - IdentifierCaseStrategy for both quoted and unquoted identifiers was set to the same strategy [MIXED]; that will likely lead to problems in schema update and validation if using quoted identifiers
[DEBUG] 2022-02-27 14:11:31.119 [main] Namespace - Created database namespace [logicalName=Name{catalog=null, schema=null}, physicalName=Name{catalog=null, schema=null}]
[DEBUG] 2022-02-27 14:11:31.125 [main] TypeConfiguration$Scope - Scoping TypeConfiguration [org.hibernate.type.spi.TypeConfiguration@4364863] to MetadataBuildingContext [org.hibernate.boot.internal.MetadataBuildingContextRootImpl@3625a016]
[DEBUG] 2022-02-27 14:11:31.160 [main] AnnotationBinder - Binding entity from annotated class: com.palmerlarson.entity.User
[DEBUG] 2022-02-27 14:11:31.175 [main] Ejb3Column - Binding column: Ejb3DiscriminatorColumn{logicalColumnName'DTYPE', discriminatorTypeName='string'}
[DEBUG] 2022-02-27 14:11:31.178 [main] EntityBinder - Import with entity name User
[DEBUG] 2022-02-27 14:11:31.179 [main] EntityBinder - Bind entity com.palmerlarson.entity.User on table user
[DEBUG] 2022-02-27 14:11:31.208 [main] Ejb3Column - Binding column: Ejb3Column{table=org.hibernate.mapping.Table(user), mappingColumn=id, insertable=true, updatable=true, unique=false}
[DEBUG] 2022-02-27 14:11:31.210 [main] PropertyBinder - MetadataSourceProcessor property id with lazy=false
[DEBUG] 2022-02-27 14:11:31.211 [main] AbstractPropertyHolder - Attempting to locate auto-apply AttributeConverter for property [com.palmerlarson.entity.User:id]
[DEBUG] 2022-02-27 14:11:31.213 [main] SimpleValueBinder - building SimpleValue for id
[DEBUG] 2022-02-27 14:11:31.215 [main] PropertyBinder - Building property id
[DEBUG] 2022-02-27 14:11:31.217 [main] BinderHelper - #makeIdGenerator(org.hibernate.mapping.SimpleValue([org.hibernate.mapping.Column(id)]), id, org.hibernate.id.enhanced.SequenceStyleGenerator, native, ...)
[DEBUG] 2022-02-27 14:11:31.218 [main] Ejb3Column - Binding column: Ejb3Column{table=org.hibernate.mapping.Table(user), mappingColumn=first_name, insertable=true, updatable=true, unique=false}
[DEBUG] 2022-02-27 14:11:31.218 [main] PropertyBinder - MetadataSourceProcessor property first_name with lazy=false
[DEBUG] 2022-02-27 14:11:31.218 [main] AbstractPropertyHolder - Attempting to locate auto-apply AttributeConverter for property [com.palmerlarson.entity.User:first_name]
[DEBUG] 2022-02-27 14:11:31.218 [main] SimpleValueBinder - building SimpleValue for first_name
[DEBUG] 2022-02-27 14:11:31.218 [main] PropertyBinder - Building property first_name
[DEBUG] 2022-02-27 14:11:31.218 [main] Ejb3Column - Binding column: Ejb3Column{table=org.hibernate.mapping.Table(user), mappingColumn=gross_income, insertable=true, updatable=true, unique=false}
[DEBUG] 2022-02-27 14:11:31.219 [main] PropertyBinder - MetadataSourceProcessor property gross_income with lazy=false
[DEBUG] 2022-02-27 14:11:31.219 [main] AbstractPropertyHolder - Attempting to locate auto-apply AttributeConverter for property [com.palmerlarson.entity.User:gross_income]
[DEBUG] 2022-02-27 14:11:31.219 [main] SimpleValueBinder - building SimpleValue for gross_income
[DEBUG] 2022-02-27 14:11:31.219 [main] PropertyBinder - Building property gross_income
[DEBUG] 2022-02-27 14:11:31.219 [main] Ejb3Column - Binding column: Ejb3Column{table=org.hibernate.mapping.Table(user), mappingColumn=last_name, insertable=true, updatable=true, unique=false}
[DEBUG] 2022-02-27 14:11:31.219 [main] PropertyBinder - MetadataSourceProcessor property last_name with lazy=false
[DEBUG] 2022-02-27 14:11:31.219 [main] AbstractPropertyHolder - Attempting to locate auto-apply AttributeConverter for property [com.palmerlarson.entity.User:last_name]
[DEBUG] 2022-02-27 14:11:31.219 [main] SimpleValueBinder - building SimpleValue for last_name
[DEBUG] 2022-02-27 14:11:31.219 [main] PropertyBinder - Building property last_name
[DEBUG] 2022-02-27 14:11:31.219 [main] Ejb3Column - Binding column: Ejb3Column{table=org.hibernate.mapping.Table(user), mappingColumn=user_email, insertable=true, updatable=true, unique=false}
[DEBUG] 2022-02-27 14:11:31.219 [main] PropertyBinder - MetadataSourceProcessor property user_email with lazy=false
[DEBUG] 2022-02-27 14:11:31.220 [main] AbstractPropertyHolder - Attempting to locate auto-apply AttributeConverter for property [com.palmerlarson.entity.User:user_email]
[DEBUG] 2022-02-27 14:11:31.220 [main] SimpleValueBinder - building SimpleValue for user_email
[DEBUG] 2022-02-27 14:11:31.220 [main] PropertyBinder - Building property user_email
[DEBUG] 2022-02-27 14:11:31.224 [main] SimpleValueBinder - Starting fillSimpleValue for id
[DEBUG] 2022-02-27 14:11:31.225 [main] SimpleValueBinder - Starting fillSimpleValue for first_name
[DEBUG] 2022-02-27 14:11:31.226 [main] SimpleValueBinder - Starting fillSimpleValue for gross_income
[DEBUG] 2022-02-27 14:11:31.226 [main] SimpleValueBinder - Starting fillSimpleValue for last_name
[DEBUG] 2022-02-27 14:11:31.227 [main] SimpleValueBinder - Starting fillSimpleValue for user_email
[DEBUG] 2022-02-27 14:11:31.229 [main] PrimaryKey - Forcing column [id] to be non-null as it is part of the primary key for table [user]
[DEBUG] 2022-02-27 14:11:31.256 [main] SessionFactoryImpl - Building session factory
[DEBUG] 2022-02-27 14:11:31.257 [main] Settings - SessionFactory name : null
[DEBUG] 2022-02-27 14:11:31.258 [main] Settings - Automatic flush during beforeCompletion(): enabled
[DEBUG] 2022-02-27 14:11:31.258 [main] Settings - Automatic session close at end of transaction: disabled
[DEBUG] 2022-02-27 14:11:31.258 [main] Settings - Statistics: disabled
[DEBUG] 2022-02-27 14:11:31.258 [main] Settings - Deleted entity synthetic identifier rollback: disabled
[DEBUG] 2022-02-27 14:11:31.258 [main] Settings - Default entity-mode: pojo
[DEBUG] 2022-02-27 14:11:31.259 [main] Settings - Check Nullability in Core (should be disabled when Bean Validation is on): enabled
[DEBUG] 2022-02-27 14:11:31.259 [main] Settings - Allow initialization of lazy state outside session : disabled
[DEBUG] 2022-02-27 14:11:31.259 [main] Settings - Using BatchFetchStyle : LEGACY
[DEBUG] 2022-02-27 14:11:31.259 [main] Settings - Default batch fetch size: -1
[DEBUG] 2022-02-27 14:11:31.260 [main] Settings - Maximum outer join fetch depth: 2
[DEBUG] 2022-02-27 14:11:31.260 [main] Settings - Default null ordering: NONE
[DEBUG] 2022-02-27 14:11:31.260 [main] Settings - Order SQL updates by primary key: disabled
[DEBUG] 2022-02-27 14:11:31.260 [main] Settings - Order SQL inserts for batching: disabled
[DEBUG] 2022-02-27 14:11:31.260 [main] Settings - multi-tenancy strategy : NONE
[DEBUG] 2022-02-27 14:11:31.260 [main] Settings - JTA Track by Thread: enabled
[DEBUG] 2022-02-27 14:11:31.260 [main] Settings - Query language substitutions: {}
[DEBUG] 2022-02-27 14:11:31.260 [main] Settings - Named query checking : enabled
[DEBUG] 2022-02-27 14:11:31.260 [main] Settings - Second-level cache: disabled
[DEBUG] 2022-02-27 14:11:31.260 [main] Settings - Second-level query cache: disabled
[DEBUG] 2022-02-27 14:11:31.260 [main] Settings - Second-level query cache factory: null
[DEBUG] 2022-02-27 14:11:31.260 [main] Settings - Second-level cache region prefix: null
[DEBUG] 2022-02-27 14:11:31.260 [main] Settings - Optimize second-level cache for minimal puts: disabled
[DEBUG] 2022-02-27 14:11:31.260 [main] Settings - Structured second-level cache entries: disabled
[DEBUG] 2022-02-27 14:11:31.260 [main] Settings - Second-level cache direct-reference entries: disabled
[DEBUG] 2022-02-27 14:11:31.260 [main] Settings - Automatic eviction of collection cache: disabled
[DEBUG] 2022-02-27 14:11:31.260 [main] Settings - JDBC batch size: 15
[DEBUG] 2022-02-27 14:11:31.260 [main] Settings - JDBC batch updates for versioned data: enabled
[DEBUG] 2022-02-27 14:11:31.260 [main] Settings - Scrollable result sets: enabled
[DEBUG] 2022-02-27 14:11:31.260 [main] Settings - Wrap result sets: disabled
[DEBUG] 2022-02-27 14:11:31.261 [main] Settings - JDBC3 getGeneratedKeys(): enabled
[DEBUG] 2022-02-27 14:11:31.261 [main] Settings - JDBC result set fetch size: null
[DEBUG] 2022-02-27 14:11:31.261 [main] Settings - Connection release mode: AFTER_TRANSACTION
[DEBUG] 2022-02-27 14:11:31.261 [main] Settings - Generate SQL with comments: disabled
[DEBUG] 2022-02-27 14:11:31.261 [main] Settings - JPA compliance - query : 
[DEBUG] 2022-02-27 14:11:31.261 [main] Settings - JPA compliance - closed-handling : 
[DEBUG] 2022-02-27 14:11:31.261 [main] Settings - JPA compliance - lists : 
[DEBUG] 2022-02-27 14:11:31.261 [main] Settings - JPA compliance - transactions : 
[INFO ] 2022-02-27 14:11:31.297 [main] beans - HHH10005002: No explicit CDI BeanManager reference was passed to Hibernate, but CDI is available on the Hibernate ClassLoader.
[DEBUG] 2022-02-27 14:11:31.312 [main] SessionFactoryImpl - Session factory constructed with filter configurations : {}
[DEBUG] 2022-02-27 14:11:31.315 [main] SessionFactoryImpl - Instantiating session factory with properties: {gopherProxySet=false, awt.toolkit=sun.lwawt.macosx.LWCToolkit, java.specification.version=11, sun.cpu.isalist=, hibernate.c3p0.idle_test_period=3000, sun.jnu.encoding=UTF-8, hibernate.c3p0.min_size=5, java.class.path=/Applications/IntelliJ IDEA.app/Contents/lib/idea_rt.jar:/Applications/IntelliJ IDEA.app/Contents/plugins/junit/lib/junit5-rt.jar:/Applications/IntelliJ IDEA.app/Contents/plugins/junit/lib/junit-rt.jar:/Users/palmerlarson/IdeaProjects/IndieProject/target/test-classes:/Users/palmerlarson/IdeaProjects/IndieProject/target/classes:/Users/palmerlarson/.m2/repository/org/hibernate/hibernate-core/5.4.4.Final/hibernate-core-5.4.4.Final.jar:/Users/palmerlarson/.m2/repository/org/jboss/logging/jboss-logging/3.3.2.Final/jboss-logging-3.3.2.Final.jar:/Users/palmerlarson/.m2/repository/javax/persistence/javax.persistence-api/2.2/javax.persistence-api-2.2.jar:/Users/palmerlarson/.m2/repository/org/javassist/javassist/3.24.0-GA/javassist-3.24.0-GA.jar:/Users/palmerlarson/.m2/repository/net/bytebuddy/byte-buddy/1.9.11/byte-buddy-1.9.11.jar:/Users/palmerlarson/.m2/repository/antlr/antlr/2.7.7/antlr-2.7.7.jar:/Users/palmerlarson/.m2/repository/org/jboss/spec/javax/transaction/jboss-transaction-api_1.2_spec/1.1.1.Final/jboss-transaction-api_1.2_spec-1.1.1.Final.jar:/Users/palmerlarson/.m2/repository/org/jboss/jandex/2.0.5.Final/jandex-2.0.5.Final.jar:/Users/palmerlarson/.m2/repository/com/fasterxml/classmate/1.3.4/classmate-1.3.4.jar:/Users/palmerlarson/.m2/repository/javax/activation/javax.activation-api/1.2.0/javax.activation-api-1.2.0.jar:/Users/palmerlarson/.m2/repository/org/dom4j/dom4j/2.1.1/dom4j-2.1.1.jar:/Users/palmerlarson/.m2/repository/org/hibernate/common/hibernate-commons-annotations/5.1.0.Final/hibernate-commons-annotations-5.1.0.Final.jar:/Users/palmerlarson/.m2/repository/javax/xml/bind/jaxb-api/2.3.1/jaxb-api-2.3.1.jar:/Users/palmerlarson/.m2/repository/org/glassfish/jaxb/jaxb-runtime/2.3.1/jaxb-runtime-2.3.1.jar:/Users/palmerlarson/.m2/repository/org/glassfish/jaxb/txw2/2.3.1/txw2-2.3.1.jar:/Users/palmerlarson/.m2/repository/com/sun/istack/istack-commons-runtime/3.0.7/istack-commons-runtime-3.0.7.jar:/Users/palmerlarson/.m2/repository/org/jvnet/staxex/stax-ex/1.8/stax-ex-1.8.jar:/Users/palmerlarson/.m2/repository/com/sun/xml/fastinfoset/FastInfoset/1.2.15/FastInfoset-1.2.15.jar:/Users/palmerlarson/.m2/repository/org/hibernate/hibernate-c3p0/5.4.4.Final/hibernate-c3p0-5.4.4.Final.jar:/Users/palmerlarson/.m2/repository/com/mchange/c3p0/0.9.5.3/c3p0-0.9.5.3.jar:/Users/palmerlarson/.m2/repository/com/mchange/mchange-commons-java/0.2.15/mchange-commons-java-0.2.15.jar:/Users/palmerlarson/.m2/repository/org/apache/logging/log4j/log4j-api/2.10.0/log4j-api-2.10.0.jar:/Users/palmerlarson/.m2/repository/org/apache/logging/log4j/log4j-core/2.10.0/log4j-core-2.10.0.jar:/Users/palmerlarson/.m2/repository/javax/javaee-web-api/7.0/javaee-web-api-7.0.jar:/Users/palmerlarson/.m2/repository/org/junit/platform/junit-platform-runner/1.0.0/junit-platform-runner-1.0.0.jar:/Users/palmerlarson/.m2/repository/org/apiguardian/apiguardian-api/1.0.0/apiguardian-api-1.0.0.jar:/Users/palmerlarson/.m2/repository/org/junit/platform/junit-platform-launcher/1.0.0/junit-platform-launcher-1.0.0.jar:/Users/palmerlarson/.m2/repository/org/junit/platform/junit-platform-suite-api/1.0.0/junit-platform-suite-api-1.0.0.jar:/Users/palmerlarson/.m2/repository/org/junit/platform/junit-platform-commons/1.0.0/junit-platform-commons-1.0.0.jar:/Users/palmerlarson/.m2/repository/org/junit/vintage/junit-vintage-engine/4.12.0/junit-vintage-engine-4.12.0.jar:/Users/palmerlarson/.m2/repository/org/junit/platform/junit-platform-engine/1.0.0/junit-platform-engine-1.0.0.jar:/Users/palmerlarson/.m2/repository/org/opentest4j/opentest4j/1.0.0/opentest4j-1.0.0.jar:/Users/palmerlarson/.m2/repository/org/junit/jupiter/junit-jupiter-engine/5.0.0/junit-jupiter-engine-5.0.0.jar:/Users/palmerlarson/.m2/repository/org/junit/jupiter/junit-jupiter-api/5.0.0/junit-jupiter-api-5.0.0.jar:/Users/palmerlarson/.m2/repository/junit/junit/4.12/junit-4.12.jar:/Users/palmerlarson/.m2/repository/org/hamcrest/hamcrest-core/1.3/hamcrest-core-1.3.jar:/Users/palmerlarson/.m2/repository/jstl/jstl/1.2/jstl-1.2.jar:/Users/palmerlarson/.m2/repository/mysql/mysql-connector-java/8.0.16/mysql-connector-java-8.0.16.jar:/Users/palmerlarson/.m2/repository/com/google/protobuf/protobuf-java/3.6.1/protobuf-java-3.6.1.jar, java.vm.vendor=Oracle Corporation, sun.arch.data.model=64, idea.test.cyclic.buffer.size=1048576, java.vendor.url=https://openjdk.java.net/, user.timezone=America/Chicago, os.name=Mac OS X, java.vm.specification.version=11, sun.java.launcher=SUN_STANDARD, user.country=US, sun.boot.library.path=/Library/Java/JavaVirtualMachines/jdk-11.0.14.jdk/Contents/Home/lib, sun.java.command=com.intellij.rt.junit.JUnitStarter -ideVersion5 -junit5 com.palmerlarson.persistence.UserDaoTest,deleteSuccess, http.nonProxyHosts=local|*.local|169.254/16|*.169.254/16, jdk.debug=release, sun.cpu.endian=little, user.home=/Users/palmerlarson, hibernate.c3p0.max_statements=50, user.language=en, java.specification.vendor=Oracle Corporation, java.version.date=2022-01-18, java.home=/Library/Java/JavaVirtualMachines/jdk-11.0.14.jdk/Contents/Home, file.separator=/, java.vm.compressedOopsMode=Zero based, line.separator=
, hibernate.c3p0.timeout=300, java.specification.name=Java Platform API Specification, java.vm.specification.vendor=Oracle Corporation, java.awt.graphicsenv=sun.awt.CGraphicsEnvironment, connection.password=palmer1995, sun.management.compiler=HotSpot 64-Bit Tiered Compilers, ftp.nonProxyHosts=local|*.local|169.254/16|*.169.254/16, hibernate.c3p0.max_size=20, java.runtime.version=11.0.14+8-LTS-263, user.name=palmerlarson, path.separator=:, hibernate.connection.username=****, os.version=12.2.1, java.runtime.name=Java(TM) SE Runtime Environment, hibernate.connection.url=jdbc:mysql://localhost:3306/wdev, file.encoding=UTF-8, java.vm.name=Java HotSpot(TM) 64-Bit Server VM, java.vendor.version=18.9, hibernate.connection.driver_class=com.mysql.cj.jdbc.Driver, java.vendor.url.bug=https://bugreport.java.com/bugreport/, java.io.tmpdir=/var/folders/7_/hjc2wkns2zj3yl0np9mvr3cm0000gn/T/, java.version=11.0.14, user.dir=/Users/palmerlarson/IdeaProjects/IndieProject, os.arch=x86_64, connection.username=root, java.vm.specification.name=Java Virtual Machine Specification, java.awt.printerjob=sun.lwawt.macosx.CPrinterJob, hibernate.connection.password=****, sun.os.patch.level=unknown, connection.driver_class=com.mysql.cj.jdbc.Driver, hibernate.boot.CfgXmlAccessService.key=org.hibernate.boot.cfgxml.spi.LoadedConfig@1c8f6c66, java.library.path=/Users/palmerlarson/Library/Java/Extensions:/Library/Java/Extensions:/Network/Library/Java/Extensions:/System/Library/Java/Extensions:/usr/lib/java:., java.vendor=Oracle Corporation, java.vm.info=mixed mode, java.vm.version=11.0.14+8-LTS-263, hibernate.bytecode.use_reflection_optimizer=false, sun.io.unicode.encoding=UnicodeBig, connection.url=jdbc:mysql://localhost:3306/wdev, socksNonProxyHosts=local|*.local|169.254/16|*.169.254/16, java.class.version=55.0}
[DEBUG] 2022-02-27 14:11:31.329 [main] TypeSafeActivator - Unable to acquire Bean Validation ValidatorFactory, skipping activation
[DEBUG] 2022-02-27 14:11:31.329 [main] JaccIntegrator - Skipping JACC integration as it was not enabled
[DEBUG] 2022-02-27 14:11:31.330 [main] SessionFactoryImpl - Instantiated session factory
[DEBUG] 2022-02-27 14:11:31.331 [main] TypeConfiguration$Scope - Scoping TypeConfiguration [org.hibernate.type.spi.TypeConfiguration@4364863] to SessionFactoryImpl [org.hibernate.internal.SessionFactoryImpl@13803a94]
[DEBUG] 2022-02-27 14:11:31.360 [main] ClassLoaderAccessImpl - Not known whether passed class name [com.palmerlarson.entity.User] is safe
[DEBUG] 2022-02-27 14:11:31.360 [main] ClassLoaderAccessImpl - No temp ClassLoader provided; using live ClassLoader for loading potentially unsafe class : com.palmerlarson.entity.User
[DEBUG] 2022-02-27 14:11:31.371 [main] ClassLoaderAccessImpl - Not known whether passed class name [com.palmerlarson.entity.User] is safe
[DEBUG] 2022-02-27 14:11:31.371 [main] ClassLoaderAccessImpl - No temp ClassLoader provided; using live ClassLoader for loading potentially unsafe class : com.palmerlarson.entity.User
[DEBUG] 2022-02-27 14:11:31.548 [main] AbstractEntityPersister - Static SQL for entity: com.palmerlarson.entity.User
[DEBUG] 2022-02-27 14:11:31.549 [main] AbstractEntityPersister -  Version select: select id from user where id =?
[DEBUG] 2022-02-27 14:11:31.549 [main] AbstractEntityPersister -  Snapshot select: select user_.id, user_.first_name as first_na2_0_, user_.gross_income as gross_in3_0_, user_.last_name as last_nam4_0_, user_.user_email as user_ema5_0_ from user user_ where user_.id=?
[DEBUG] 2022-02-27 14:11:31.549 [main] AbstractEntityPersister -  Insert 0: insert into user (first_name, gross_income, last_name, user_email, id) values (?, ?, ?, ?, ?)
[DEBUG] 2022-02-27 14:11:31.549 [main] AbstractEntityPersister -  Update 0: update user set first_name=?, gross_income=?, last_name=?, user_email=? where id=?
[DEBUG] 2022-02-27 14:11:31.549 [main] AbstractEntityPersister -  Delete 0: delete from user where id=?
[DEBUG] 2022-02-27 14:11:31.549 [main] AbstractEntityPersister -  Identity insert: insert into user (first_name, gross_income, last_name, user_email) values (?, ?, ?, ?)
[DEBUG] 2022-02-27 14:11:31.566 [main] QuerySpacesImpl - Adding QuerySpace : uid = <gen:0> -> org.hibernate.loader.plan.build.internal.spaces.EntityQuerySpaceImpl@222acad]
[DEBUG] 2022-02-27 14:11:31.568 [main] MetamodelGraphWalker - Visiting attribute path : first_name
[DEBUG] 2022-02-27 14:11:31.568 [main] MetamodelGraphWalker - Visiting attribute path : gross_income
[DEBUG] 2022-02-27 14:11:31.568 [main] MetamodelGraphWalker - Visiting attribute path : last_name
[DEBUG] 2022-02-27 14:11:31.568 [main] MetamodelGraphWalker - Visiting attribute path : user_email
[DEBUG] 2022-02-27 14:11:31.569 [main] FetchStyleLoadPlanBuildingAssociationVisitationStrategy - Building LoadPlan...
[DEBUG] 2022-02-27 14:11:31.576 [main] LoadQueryJoinAndFetchProcessor - processing queryspace <gen:0>
[DEBUG] 2022-02-27 14:11:31.579 [main] LoadPlanTreePrinter - LoadPlan(entity=com.palmerlarson.entity.User)
    - Returns
       - EntityReturnImpl(entity=com.palmerlarson.entity.User, querySpaceUid=<gen:0>, path=com.palmerlarson.entity.User)
    - QuerySpaces
       - EntityQuerySpaceImpl(uid=<gen:0>, entity=com.palmerlarson.entity.User)
          - SQL table alias mapping - user0_
          - alias suffix - 0_
          - suffixed key columns - {id1_0_0_}

[DEBUG] 2022-02-27 14:11:31.581 [main] EntityLoader - Static select for entity com.palmerlarson.entity.User [NONE]: select user0_.id as id1_0_0_, user0_.first_name as first_na2_0_0_, user0_.gross_income as gross_in3_0_0_, user0_.last_name as last_nam4_0_0_, user0_.user_email as user_ema5_0_0_ from user user0_ where user0_.id=?
[DEBUG] 2022-02-27 14:11:31.582 [main] QuerySpacesImpl - Adding QuerySpace : uid = <gen:0> -> org.hibernate.loader.plan.build.internal.spaces.EntityQuerySpaceImpl@3360283]
[DEBUG] 2022-02-27 14:11:31.583 [main] MetamodelGraphWalker - Visiting attribute path : first_name
[DEBUG] 2022-02-27 14:11:31.584 [main] MetamodelGraphWalker - Visiting attribute path : gross_income
[DEBUG] 2022-02-27 14:11:31.585 [main] MetamodelGraphWalker - Visiting attribute path : last_name
[DEBUG] 2022-02-27 14:11:31.585 [main] MetamodelGraphWalker - Visiting attribute path : user_email
[DEBUG] 2022-02-27 14:11:31.586 [main] FetchStyleLoadPlanBuildingAssociationVisitationStrategy - Building LoadPlan...
[DEBUG] 2022-02-27 14:11:31.586 [main] LoadQueryJoinAndFetchProcessor - processing queryspace <gen:0>
[DEBUG] 2022-02-27 14:11:31.587 [main] LoadPlanTreePrinter - LoadPlan(entity=com.palmerlarson.entity.User)
    - Returns
       - EntityReturnImpl(entity=com.palmerlarson.entity.User, querySpaceUid=<gen:0>, path=com.palmerlarson.entity.User)
    - QuerySpaces
       - EntityQuerySpaceImpl(uid=<gen:0>, entity=com.palmerlarson.entity.User)
          - SQL table alias mapping - user0_
          - alias suffix - 0_
          - suffixed key columns - {id1_0_0_}

[DEBUG] 2022-02-27 14:11:31.587 [main] EntityLoader - Static select for entity com.palmerlarson.entity.User [READ]: select user0_.id as id1_0_0_, user0_.first_name as first_na2_0_0_, user0_.gross_income as gross_in3_0_0_, user0_.last_name as last_nam4_0_0_, user0_.user_email as user_ema5_0_0_ from user user0_ where user0_.id=?
[DEBUG] 2022-02-27 14:11:31.594 [main] Loader - Static select for action ACTION_MERGE on entity com.palmerlarson.entity.User: select user0_.id as id1_0_0_, user0_.first_name as first_na2_0_0_, user0_.gross_income as gross_in3_0_0_, user0_.last_name as last_nam4_0_0_, user0_.user_email as user_ema5_0_0_ from user user0_ where user0_.id=?
[DEBUG] 2022-02-27 14:11:31.594 [main] Loader - Static select for action ACTION_REFRESH on entity com.palmerlarson.entity.User: select user0_.id as id1_0_0_, user0_.first_name as first_na2_0_0_, user0_.gross_income as gross_in3_0_0_, user0_.last_name as last_nam4_0_0_, user0_.user_email as user_ema5_0_0_ from user user0_ where user0_.id=?
[DEBUG] 2022-02-27 14:11:31.614 [main] SchemaManagementToolCoordinator - No actions specified; doing nothing
[DEBUG] 2022-02-27 14:11:31.614 [main] JtaPlatformInitiator - No JtaPlatform was specified, checking resolver
[DEBUG] 2022-02-27 14:11:31.614 [main] JtaPlatformResolverInitiator - No JtaPlatformResolver was specified, using default [org.hibernate.engine.transaction.jta.platform.internal.StandardJtaPlatformResolver]
[DEBUG] 2022-02-27 14:11:31.620 [main] StandardJtaPlatformResolver - Could not resolve JtaPlatform, using default [org.hibernate.engine.transaction.jta.platform.internal.NoJtaPlatform]
[INFO ] 2022-02-27 14:11:31.621 [main] JtaPlatformInitiator - HHH000490: Using JtaPlatform implementation: [org.hibernate.engine.transaction.jta.platform.internal.NoJtaPlatform]
[DEBUG] 2022-02-27 14:11:31.621 [main] NamedQueryRepository - Checking 0 named HQL queries
[DEBUG] 2022-02-27 14:11:31.621 [main] NamedQueryRepository - Checking 0 named SQL queries
[DEBUG] 2022-02-27 14:11:31.624 [main] SessionFactoryRegistry - Initializing SessionFactoryRegistry : org.hibernate.internal.SessionFactoryRegistry@23b1aa9
[DEBUG] 2022-02-27 14:11:31.625 [main] SessionFactoryRegistry - Registering SessionFactory: 15999433-0c0e-4638-9278-7b0e4001f1ff (<unnamed>)
[DEBUG] 2022-02-27 14:11:31.625 [main] SessionFactoryRegistry - Not binding SessionFactory to JNDI, no JNDI name configured
[DEBUG] 2022-02-27 14:11:31.689 [main] StatisticsInitiator - Statistics initialized [enabled=false]
[DEBUG] 2022-02-27 14:11:31.702 [main] SQL - select user0_.id as id1_0_0_, user0_.first_name as first_na2_0_0_, user0_.gross_income as gross_in3_0_0_, user0_.last_name as last_nam4_0_0_, user0_.user_email as user_ema5_0_0_ from user user0_ where user0_.id=?
[DEBUG] 2022-02-27 14:11:31.723 [main] ResultSetProcessorImpl - Starting ResultSet row #0
[DEBUG] 2022-02-27 14:11:31.724 [main] EntityReferenceInitializerImpl - On call to EntityIdentifierReaderImpl#resolve, EntityKey was already known; should only happen on root returns with an optional identifier specified
[DEBUG] 2022-02-27 14:11:31.739 [main] TwoPhaseLoad - Resolving attributes for [com.palmerlarson.entity.User#1]
[DEBUG] 2022-02-27 14:11:31.740 [main] TwoPhaseLoad - Processing attribute `first_name` : value = Kathy
[DEBUG] 2022-02-27 14:11:31.740 [main] TwoPhaseLoad - Attribute (`first_name`)  - enhanced for lazy-loading? - false
[DEBUG] 2022-02-27 14:11:31.740 [main] TwoPhaseLoad - Processing attribute `gross_income` : value = 100000
[DEBUG] 2022-02-27 14:11:31.740 [main] TwoPhaseLoad - Attribute (`gross_income`)  - enhanced for lazy-loading? - false
[DEBUG] 2022-02-27 14:11:31.740 [main] TwoPhaseLoad - Processing attribute `last_name` : value = Sierra
[DEBUG] 2022-02-27 14:11:31.740 [main] TwoPhaseLoad - Attribute (`last_name`)  - enhanced for lazy-loading? - false
[DEBUG] 2022-02-27 14:11:31.740 [main] TwoPhaseLoad - Processing attribute `user_email` : value = kathy@gmail.com
[DEBUG] 2022-02-27 14:11:31.740 [main] TwoPhaseLoad - Attribute (`user_email`)  - enhanced for lazy-loading? - false
[DEBUG] 2022-02-27 14:11:31.742 [main] TwoPhaseLoad - Done materializing entity [com.palmerlarson.entity.User#1]
[DEBUG] 2022-02-27 14:11:31.742 [main] ResourceRegistryStandardImpl - HHH000387: ResultSet's statement was not registered
[DEBUG] 2022-02-27 14:11:31.742 [main] AbstractLoadPlanBasedEntityLoader - Done entity load : com.palmerlarson.entity.User#1
[DEBUG] 2022-02-27 14:11:31.742 [main] LogicalConnectionManagedImpl - Initiating JDBC connection release from afterTransaction
[DEBUG] 2022-02-27 14:11:31.747 [main] TransactionImpl - On TransactionImpl creation, JpaCompliance#isJpaTransactionComplianceEnabled == false
[DEBUG] 2022-02-27 14:11:31.747 [main] TransactionImpl - begin
[DEBUG] 2022-02-27 14:11:31.752 [main] TransactionImpl - committing
[DEBUG] 2022-02-27 14:11:31.753 [main] AbstractFlushingEventListener - Processing flush-time cascades
[DEBUG] 2022-02-27 14:11:31.753 [main] AbstractFlushingEventListener - Dirty checking collections
[DEBUG] 2022-02-27 14:11:31.753 [main] AbstractFlushingEventListener - Flushed: 0 insertions, 0 updates, 1 deletions to 1 objects
[DEBUG] 2022-02-27 14:11:31.754 [main] AbstractFlushingEventListener - Flushed: 0 (re)creations, 0 updates, 0 removals to 0 collections
[DEBUG] 2022-02-27 14:11:31.754 [main] EntityPrinter - Listing entities:
[DEBUG] 2022-02-27 14:11:31.754 [main] EntityPrinter - com.palmerlarson.entity.User{user_email=kathy@gmail.com, gross_income=100000, last_name=Sierra, id=1, first_name=Kathy}
[DEBUG] 2022-02-27 14:11:31.758 [main] SQL - delete from user where id=?
[DEBUG] 2022-02-27 14:11:31.762 [main] LogicalConnectionManagedImpl - Initiating JDBC connection release from afterTransaction
[DEBUG] 2022-02-27 14:11:31.763 [main] LogicalConnectionManagedImpl - Initiating JDBC connection release from afterTransaction
[DEBUG] 2022-02-27 14:11:31.764 [main] JdbcCoordinatorImpl - HHH000420: Closing un-released batch
[DEBUG] 2022-02-27 14:11:31.764 [main] SQL - select user0_.id as id1_0_0_, user0_.first_name as first_na2_0_0_, user0_.gross_income as gross_in3_0_0_, user0_.last_name as last_nam4_0_0_, user0_.user_email as user_ema5_0_0_ from user user0_ where user0_.id=?
[DEBUG] 2022-02-27 14:11:31.772 [main] ResourceRegistryStandardImpl - HHH000387: ResultSet's statement was not registered
[DEBUG] 2022-02-27 14:11:31.773 [main] AbstractLoadPlanBasedEntityLoader - Done entity load : com.palmerlarson.entity.User#1
[DEBUG] 2022-02-27 14:11:31.773 [main] LogicalConnectionManagedImpl - Initiating JDBC connection release from afterTransaction
