[DEBUG] 2022-02-27 14:09:55.074 [main] IntegratorServiceImpl - Adding Integrator [org.hibernate.cfg.beanvalidation.BeanValidationIntegrator].
[DEBUG] 2022-02-27 14:09:55.076 [main] IntegratorServiceImpl - Adding Integrator [org.hibernate.secure.spi.JaccIntegrator].
[DEBUG] 2022-02-27 14:09:55.079 [main] IntegratorServiceImpl - Adding Integrator [org.hibernate.cache.internal.CollectionCacheInvalidator].
[INFO ] 2022-02-27 14:09:55.150 [main] Version - HHH000412: Hibernate Core {5.4.4.Final}
[DEBUG] 2022-02-27 14:09:55.153 [main] Environment - HHH000206: hibernate.properties not found
[DEBUG] 2022-02-27 14:09:55.305 [main] LocalXmlResourceResolver - Interpreting public/system identifier : [-//Hibernate/Hibernate Configuration DTD//EN] - [http://www.hibernate.org/dtd/hibernate-configuration-3.0.dtd]
[DEBUG] 2022-02-27 14:09:55.305 [main] LocalXmlResourceResolver - Recognized hibernate-configuration identifier; attempting to resolve on classpath under org/hibernate/
[DEBUG] 2022-02-27 14:09:55.312 [main] JaxbCfgProcessor - cfg.xml document did not define namespaces; wrapping in custom event reader to introduce namespace information
[DEBUG] 2022-02-27 14:09:55.589 [main] ServiceBinding - Overriding existing service binding [org.hibernate.secure.spi.JaccService]
[DEBUG] 2022-02-27 14:09:55.630 [main] RegionFactoryInitiator - Cannot default RegionFactory based on registered strategies as `[]` RegionFactory strategies were registered
[DEBUG] 2022-02-27 14:09:55.631 [main] RegionFactoryInitiator - Cache region factory : org.hibernate.cache.internal.NoCachingRegionFactory
[INFO ] 2022-02-27 14:09:55.698 [main] Version - HCANN000001: Hibernate Commons Annotations {5.1.0.Final}
[DEBUG] 2022-02-27 14:09:55.730 [main] BasicTypeRegistry - Adding type registration boolean -> org.hibernate.type.BooleanType@7661b5a
[DEBUG] 2022-02-27 14:09:55.730 [main] BasicTypeRegistry - Adding type registration boolean -> org.hibernate.type.BooleanType@7661b5a
[DEBUG] 2022-02-27 14:09:55.730 [main] BasicTypeRegistry - Adding type registration java.lang.Boolean -> org.hibernate.type.BooleanType@7661b5a
[DEBUG] 2022-02-27 14:09:55.731 [main] BasicTypeRegistry - Adding type registration numeric_boolean -> org.hibernate.type.NumericBooleanType@4e08acf9
[DEBUG] 2022-02-27 14:09:55.731 [main] BasicTypeRegistry - Adding type registration true_false -> org.hibernate.type.TrueFalseType@14ef2482
[DEBUG] 2022-02-27 14:09:55.731 [main] BasicTypeRegistry - Adding type registration yes_no -> org.hibernate.type.YesNoType@5ec4ff02
[DEBUG] 2022-02-27 14:09:55.732 [main] BasicTypeRegistry - Adding type registration byte -> org.hibernate.type.ByteType@672b72ba
[DEBUG] 2022-02-27 14:09:55.732 [main] BasicTypeRegistry - Adding type registration byte -> org.hibernate.type.ByteType@672b72ba
[DEBUG] 2022-02-27 14:09:55.732 [main] BasicTypeRegistry - Adding type registration java.lang.Byte -> org.hibernate.type.ByteType@672b72ba
[DEBUG] 2022-02-27 14:09:55.733 [main] BasicTypeRegistry - Adding type registration character -> org.hibernate.type.CharacterType@44bd4b0a
[DEBUG] 2022-02-27 14:09:55.733 [main] BasicTypeRegistry - Adding type registration char -> org.hibernate.type.CharacterType@44bd4b0a
[DEBUG] 2022-02-27 14:09:55.733 [main] BasicTypeRegistry - Adding type registration java.lang.Character -> org.hibernate.type.CharacterType@44bd4b0a
[DEBUG] 2022-02-27 14:09:55.734 [main] BasicTypeRegistry - Adding type registration short -> org.hibernate.type.ShortType@2b8bb184
[DEBUG] 2022-02-27 14:09:55.734 [main] BasicTypeRegistry - Adding type registration short -> org.hibernate.type.ShortType@2b8bb184
[DEBUG] 2022-02-27 14:09:55.734 [main] BasicTypeRegistry - Adding type registration java.lang.Short -> org.hibernate.type.ShortType@2b8bb184
[DEBUG] 2022-02-27 14:09:55.735 [main] BasicTypeRegistry - Adding type registration integer -> org.hibernate.type.IntegerType@1e0895f5
[DEBUG] 2022-02-27 14:09:55.735 [main] BasicTypeRegistry - Adding type registration int -> org.hibernate.type.IntegerType@1e0895f5
[DEBUG] 2022-02-27 14:09:55.735 [main] BasicTypeRegistry - Adding type registration java.lang.Integer -> org.hibernate.type.IntegerType@1e0895f5
[DEBUG] 2022-02-27 14:09:55.736 [main] BasicTypeRegistry - Adding type registration long -> org.hibernate.type.LongType@6726cc69
[DEBUG] 2022-02-27 14:09:55.736 [main] BasicTypeRegistry - Adding type registration long -> org.hibernate.type.LongType@6726cc69
[DEBUG] 2022-02-27 14:09:55.736 [main] BasicTypeRegistry - Adding type registration java.lang.Long -> org.hibernate.type.LongType@6726cc69
[DEBUG] 2022-02-27 14:09:55.736 [main] BasicTypeRegistry - Adding type registration float -> org.hibernate.type.FloatType@5292ceca
[DEBUG] 2022-02-27 14:09:55.736 [main] BasicTypeRegistry - Adding type registration float -> org.hibernate.type.FloatType@5292ceca
[DEBUG] 2022-02-27 14:09:55.736 [main] BasicTypeRegistry - Adding type registration java.lang.Float -> org.hibernate.type.FloatType@5292ceca
[DEBUG] 2022-02-27 14:09:55.737 [main] BasicTypeRegistry - Adding type registration double -> org.hibernate.type.DoubleType@673919a7
[DEBUG] 2022-02-27 14:09:55.737 [main] BasicTypeRegistry - Adding type registration double -> org.hibernate.type.DoubleType@673919a7
[DEBUG] 2022-02-27 14:09:55.737 [main] BasicTypeRegistry - Adding type registration java.lang.Double -> org.hibernate.type.DoubleType@673919a7
[DEBUG] 2022-02-27 14:09:55.738 [main] BasicTypeRegistry - Adding type registration big_decimal -> org.hibernate.type.BigDecimalType@78e22d35
[DEBUG] 2022-02-27 14:09:55.738 [main] BasicTypeRegistry - Adding type registration java.math.BigDecimal -> org.hibernate.type.BigDecimalType@78e22d35
[DEBUG] 2022-02-27 14:09:55.739 [main] BasicTypeRegistry - Adding type registration big_integer -> org.hibernate.type.BigIntegerType@582a764a
[DEBUG] 2022-02-27 14:09:55.739 [main] BasicTypeRegistry - Adding type registration java.math.BigInteger -> org.hibernate.type.BigIntegerType@582a764a
[DEBUG] 2022-02-27 14:09:55.740 [main] BasicTypeRegistry - Adding type registration string -> org.hibernate.type.StringType@6f49d153
[DEBUG] 2022-02-27 14:09:55.740 [main] BasicTypeRegistry - Adding type registration java.lang.String -> org.hibernate.type.StringType@6f49d153
[DEBUG] 2022-02-27 14:09:55.740 [main] BasicTypeRegistry - Adding type registration nstring -> org.hibernate.type.StringNVarcharType@62db3891
[DEBUG] 2022-02-27 14:09:55.741 [main] BasicTypeRegistry - Adding type registration ncharacter -> org.hibernate.type.CharacterNCharType@52e04737
[DEBUG] 2022-02-27 14:09:55.741 [main] BasicTypeRegistry - Adding type registration url -> org.hibernate.type.UrlType@35d5ac51
[DEBUG] 2022-02-27 14:09:55.742 [main] BasicTypeRegistry - Adding type registration java.net.URL -> org.hibernate.type.UrlType@35d5ac51
[DEBUG] 2022-02-27 14:09:55.742 [main] BasicTypeRegistry - Adding type registration Duration -> org.hibernate.type.DurationType@78d6447a
[DEBUG] 2022-02-27 14:09:55.742 [main] BasicTypeRegistry - Adding type registration java.time.Duration -> org.hibernate.type.DurationType@78d6447a
[DEBUG] 2022-02-27 14:09:55.758 [main] BasicTypeRegistry - Adding type registration Instant -> org.hibernate.type.InstantType@1e58512c
[DEBUG] 2022-02-27 14:09:55.759 [main] BasicTypeRegistry - Adding type registration java.time.Instant -> org.hibernate.type.InstantType@1e58512c
[DEBUG] 2022-02-27 14:09:55.760 [main] BasicTypeRegistry - Adding type registration LocalDateTime -> org.hibernate.type.LocalDateTimeType@38d17d80
[DEBUG] 2022-02-27 14:09:55.761 [main] BasicTypeRegistry - Adding type registration java.time.LocalDateTime -> org.hibernate.type.LocalDateTimeType@38d17d80
[DEBUG] 2022-02-27 14:09:55.762 [main] BasicTypeRegistry - Adding type registration LocalDate -> org.hibernate.type.LocalDateType@4fc3c165
[DEBUG] 2022-02-27 14:09:55.762 [main] BasicTypeRegistry - Adding type registration java.time.LocalDate -> org.hibernate.type.LocalDateType@4fc3c165
[DEBUG] 2022-02-27 14:09:55.762 [main] BasicTypeRegistry - Adding type registration LocalTime -> org.hibernate.type.LocalTimeType@46c269e0
[DEBUG] 2022-02-27 14:09:55.762 [main] BasicTypeRegistry - Adding type registration java.time.LocalTime -> org.hibernate.type.LocalTimeType@46c269e0
[DEBUG] 2022-02-27 14:09:55.763 [main] BasicTypeRegistry - Adding type registration OffsetDateTime -> org.hibernate.type.OffsetDateTimeType@102ecc22
[DEBUG] 2022-02-27 14:09:55.764 [main] BasicTypeRegistry - Adding type registration java.time.OffsetDateTime -> org.hibernate.type.OffsetDateTimeType@102ecc22
[DEBUG] 2022-02-27 14:09:55.765 [main] BasicTypeRegistry - Adding type registration OffsetTime -> org.hibernate.type.OffsetTimeType@2f236de0
[DEBUG] 2022-02-27 14:09:55.765 [main] BasicTypeRegistry - Adding type registration java.time.OffsetTime -> org.hibernate.type.OffsetTimeType@2f236de0
[DEBUG] 2022-02-27 14:09:55.766 [main] BasicTypeRegistry - Adding type registration ZonedDateTime -> org.hibernate.type.ZonedDateTimeType@60bbacfc
[DEBUG] 2022-02-27 14:09:55.767 [main] BasicTypeRegistry - Adding type registration java.time.ZonedDateTime -> org.hibernate.type.ZonedDateTimeType@60bbacfc
[DEBUG] 2022-02-27 14:09:55.767 [main] BasicTypeRegistry - Adding type registration date -> org.hibernate.type.DateType@5b852b49
[DEBUG] 2022-02-27 14:09:55.767 [main] BasicTypeRegistry - Adding type registration java.sql.Date -> org.hibernate.type.DateType@5b852b49
[DEBUG] 2022-02-27 14:09:55.768 [main] BasicTypeRegistry - Adding type registration time -> org.hibernate.type.TimeType@6edcad64
[DEBUG] 2022-02-27 14:09:55.768 [main] BasicTypeRegistry - Adding type registration java.sql.Time -> org.hibernate.type.TimeType@6edcad64
[DEBUG] 2022-02-27 14:09:55.768 [main] BasicTypeRegistry - Adding type registration timestamp -> org.hibernate.type.TimestampType@646c0a67
[DEBUG] 2022-02-27 14:09:55.768 [main] BasicTypeRegistry - Adding type registration java.sql.Timestamp -> org.hibernate.type.TimestampType@646c0a67
[DEBUG] 2022-02-27 14:09:55.768 [main] BasicTypeRegistry - Adding type registration java.util.Date -> org.hibernate.type.TimestampType@646c0a67
[DEBUG] 2022-02-27 14:09:55.769 [main] BasicTypeRegistry - Adding type registration dbtimestamp -> org.hibernate.type.DbTimestampType@5bc28f40
[DEBUG] 2022-02-27 14:09:55.770 [main] BasicTypeRegistry - Adding type registration calendar -> org.hibernate.type.CalendarType@78054f54
[DEBUG] 2022-02-27 14:09:55.770 [main] BasicTypeRegistry - Adding type registration java.util.Calendar -> org.hibernate.type.CalendarType@78054f54
[DEBUG] 2022-02-27 14:09:55.770 [main] BasicTypeRegistry - Adding type registration java.util.GregorianCalendar -> org.hibernate.type.CalendarType@78054f54
[DEBUG] 2022-02-27 14:09:55.770 [main] BasicTypeRegistry - Adding type registration calendar_date -> org.hibernate.type.CalendarDateType@654c7d2d
[DEBUG] 2022-02-27 14:09:55.771 [main] BasicTypeRegistry - Adding type registration locale -> org.hibernate.type.LocaleType@277b8fa4
[DEBUG] 2022-02-27 14:09:55.771 [main] BasicTypeRegistry - Adding type registration java.util.Locale -> org.hibernate.type.LocaleType@277b8fa4
[DEBUG] 2022-02-27 14:09:55.772 [main] BasicTypeRegistry - Adding type registration currency -> org.hibernate.type.CurrencyType@4b200971
[DEBUG] 2022-02-27 14:09:55.773 [main] BasicTypeRegistry - Adding type registration java.util.Currency -> org.hibernate.type.CurrencyType@4b200971
[DEBUG] 2022-02-27 14:09:55.774 [main] BasicTypeRegistry - Adding type registration timezone -> org.hibernate.type.TimeZoneType@3bbf841e
[DEBUG] 2022-02-27 14:09:55.774 [main] BasicTypeRegistry - Adding type registration java.util.TimeZone -> org.hibernate.type.TimeZoneType@3bbf841e
[DEBUG] 2022-02-27 14:09:55.774 [main] BasicTypeRegistry - Adding type registration class -> org.hibernate.type.ClassType@77bbadc
[DEBUG] 2022-02-27 14:09:55.774 [main] BasicTypeRegistry - Adding type registration java.lang.Class -> org.hibernate.type.ClassType@77bbadc
[DEBUG] 2022-02-27 14:09:55.775 [main] BasicTypeRegistry - Adding type registration uuid-binary -> org.hibernate.type.UUIDBinaryType@455c1d8c
[DEBUG] 2022-02-27 14:09:55.775 [main] BasicTypeRegistry - Adding type registration java.util.UUID -> org.hibernate.type.UUIDBinaryType@455c1d8c
[DEBUG] 2022-02-27 14:09:55.775 [main] BasicTypeRegistry - Adding type registration uuid-char -> org.hibernate.type.UUIDCharType@7bc44ce8
[DEBUG] 2022-02-27 14:09:55.776 [main] BasicTypeRegistry - Adding type registration binary -> org.hibernate.type.BinaryType@5e5af8e1
[DEBUG] 2022-02-27 14:09:55.776 [main] BasicTypeRegistry - Adding type registration byte[] -> org.hibernate.type.BinaryType@5e5af8e1
[DEBUG] 2022-02-27 14:09:55.776 [main] BasicTypeRegistry - Adding type registration [B -> org.hibernate.type.BinaryType@5e5af8e1
[DEBUG] 2022-02-27 14:09:55.776 [main] BasicTypeRegistry - Adding type registration wrapper-binary -> org.hibernate.type.WrapperBinaryType@6e0c6a7a
[DEBUG] 2022-02-27 14:09:55.777 [main] BasicTypeRegistry - Adding type registration Byte[] -> org.hibernate.type.WrapperBinaryType@6e0c6a7a
[DEBUG] 2022-02-27 14:09:55.777 [main] BasicTypeRegistry - Adding type registration [Ljava.lang.Byte; -> org.hibernate.type.WrapperBinaryType@6e0c6a7a
[DEBUG] 2022-02-27 14:09:55.777 [main] BasicTypeRegistry - Adding type registration row_version -> org.hibernate.type.RowVersionType@50850539
[DEBUG] 2022-02-27 14:09:55.777 [main] BasicTypeRegistry - Adding type registration image -> org.hibernate.type.ImageType@2aff9dff
[DEBUG] 2022-02-27 14:09:55.778 [main] BasicTypeRegistry - Adding type registration characters -> org.hibernate.type.CharArrayType@54d8c20d
[DEBUG] 2022-02-27 14:09:55.778 [main] BasicTypeRegistry - Adding type registration char[] -> org.hibernate.type.CharArrayType@54d8c20d
[DEBUG] 2022-02-27 14:09:55.778 [main] BasicTypeRegistry - Adding type registration [C -> org.hibernate.type.CharArrayType@54d8c20d
[DEBUG] 2022-02-27 14:09:55.778 [main] BasicTypeRegistry - Adding type registration wrapper-characters -> org.hibernate.type.CharacterArrayType@5624657a
[DEBUG] 2022-02-27 14:09:55.779 [main] BasicTypeRegistry - Adding type registration [Ljava.lang.Character; -> org.hibernate.type.CharacterArrayType@5624657a
[DEBUG] 2022-02-27 14:09:55.779 [main] BasicTypeRegistry - Adding type registration Character[] -> org.hibernate.type.CharacterArrayType@5624657a
[DEBUG] 2022-02-27 14:09:55.779 [main] BasicTypeRegistry - Adding type registration text -> org.hibernate.type.TextType@7100dea
[DEBUG] 2022-02-27 14:09:55.780 [main] BasicTypeRegistry - Adding type registration ntext -> org.hibernate.type.NTextType@121bb45b
[DEBUG] 2022-02-27 14:09:55.780 [main] BasicTypeRegistry - Adding type registration blob -> org.hibernate.type.BlobType@2b680207
[DEBUG] 2022-02-27 14:09:55.780 [main] BasicTypeRegistry - Adding type registration java.sql.Blob -> org.hibernate.type.BlobType@2b680207
[DEBUG] 2022-02-27 14:09:55.781 [main] BasicTypeRegistry - Adding type registration materialized_blob -> org.hibernate.type.MaterializedBlobType@328d044f
[DEBUG] 2022-02-27 14:09:55.781 [main] BasicTypeRegistry - Adding type registration clob -> org.hibernate.type.ClobType@4a163575
[DEBUG] 2022-02-27 14:09:55.781 [main] BasicTypeRegistry - Adding type registration java.sql.Clob -> org.hibernate.type.ClobType@4a163575
[DEBUG] 2022-02-27 14:09:55.782 [main] BasicTypeRegistry - Adding type registration nclob -> org.hibernate.type.NClobType@6342d610
[DEBUG] 2022-02-27 14:09:55.783 [main] BasicTypeRegistry - Adding type registration java.sql.NClob -> org.hibernate.type.NClobType@6342d610
[DEBUG] 2022-02-27 14:09:55.784 [main] BasicTypeRegistry - Adding type registration materialized_clob -> org.hibernate.type.MaterializedClobType@434514d8
[DEBUG] 2022-02-27 14:09:55.784 [main] BasicTypeRegistry - Adding type registration materialized_nclob -> org.hibernate.type.MaterializedNClobType@ec8f4b9
[DEBUG] 2022-02-27 14:09:55.785 [main] BasicTypeRegistry - Adding type registration serializable -> org.hibernate.type.SerializableType@42b84286
[DEBUG] 2022-02-27 14:09:55.792 [main] BasicTypeRegistry - Adding type registration object -> org.hibernate.type.ObjectType@23f3da8b
[DEBUG] 2022-02-27 14:09:55.792 [main] BasicTypeRegistry - Adding type registration java.lang.Object -> org.hibernate.type.ObjectType@23f3da8b
[DEBUG] 2022-02-27 14:09:55.793 [main] BasicTypeRegistry - Adding type registration imm_date -> org.hibernate.type.AdaptedImmutableType@54e2fe
[DEBUG] 2022-02-27 14:09:55.793 [main] BasicTypeRegistry - Adding type registration imm_time -> org.hibernate.type.AdaptedImmutableType@70972170
[DEBUG] 2022-02-27 14:09:55.793 [main] BasicTypeRegistry - Adding type registration imm_timestamp -> org.hibernate.type.AdaptedImmutableType@119aa36
[DEBUG] 2022-02-27 14:09:55.793 [main] BasicTypeRegistry - Adding type registration imm_dbtimestamp -> org.hibernate.type.AdaptedImmutableType@4e1a46fb
[DEBUG] 2022-02-27 14:09:55.793 [main] BasicTypeRegistry - Adding type registration imm_calendar -> org.hibernate.type.AdaptedImmutableType@69fe0ed4
[DEBUG] 2022-02-27 14:09:55.793 [main] BasicTypeRegistry - Adding type registration imm_calendar_date -> org.hibernate.type.AdaptedImmutableType@20ab3e3a
[DEBUG] 2022-02-27 14:09:55.793 [main] BasicTypeRegistry - Adding type registration imm_binary -> org.hibernate.type.AdaptedImmutableType@6caf7803
[DEBUG] 2022-02-27 14:09:55.793 [main] BasicTypeRegistry - Adding type registration imm_serializable -> org.hibernate.type.AdaptedImmutableType@709ed6f3
[DEBUG] 2022-02-27 14:09:55.855 [main] DefaultIdentifierGeneratorFactory - Registering IdentifierGenerator strategy [uuid2] -> [org.hibernate.id.UUIDGenerator]
[DEBUG] 2022-02-27 14:09:55.860 [main] DefaultIdentifierGeneratorFactory - Registering IdentifierGenerator strategy [guid] -> [org.hibernate.id.GUIDGenerator]
[DEBUG] 2022-02-27 14:09:55.861 [main] DefaultIdentifierGeneratorFactory - Registering IdentifierGenerator strategy [uuid] -> [org.hibernate.id.UUIDHexGenerator]
[DEBUG] 2022-02-27 14:09:55.861 [main] DefaultIdentifierGeneratorFactory - Registering IdentifierGenerator strategy [uuid.hex] -> [org.hibernate.id.UUIDHexGenerator]
[DEBUG] 2022-02-27 14:09:55.861 [main] DefaultIdentifierGeneratorFactory - Registering IdentifierGenerator strategy [assigned] -> [org.hibernate.id.Assigned]
[DEBUG] 2022-02-27 14:09:55.862 [main] DefaultIdentifierGeneratorFactory - Registering IdentifierGenerator strategy [identity] -> [org.hibernate.id.IdentityGenerator]
[DEBUG] 2022-02-27 14:09:55.862 [main] DefaultIdentifierGeneratorFactory - Registering IdentifierGenerator strategy [select] -> [org.hibernate.id.SelectGenerator]
[DEBUG] 2022-02-27 14:09:55.864 [main] DefaultIdentifierGeneratorFactory - Registering IdentifierGenerator strategy [sequence] -> [org.hibernate.id.enhanced.SequenceStyleGenerator]
[DEBUG] 2022-02-27 14:09:55.865 [main] DefaultIdentifierGeneratorFactory - Registering IdentifierGenerator strategy [seqhilo] -> [org.hibernate.id.SequenceHiLoGenerator]
[DEBUG] 2022-02-27 14:09:55.865 [main] DefaultIdentifierGeneratorFactory - Registering IdentifierGenerator strategy [increment] -> [org.hibernate.id.IncrementGenerator]
[DEBUG] 2022-02-27 14:09:55.866 [main] DefaultIdentifierGeneratorFactory - Registering IdentifierGenerator strategy [foreign] -> [org.hibernate.id.ForeignGenerator]
[DEBUG] 2022-02-27 14:09:55.866 [main] DefaultIdentifierGeneratorFactory - Registering IdentifierGenerator strategy [sequence-identity] -> [org.hibernate.id.SequenceIdentityGenerator]
[DEBUG] 2022-02-27 14:09:55.866 [main] DefaultIdentifierGeneratorFactory - Registering IdentifierGenerator strategy [enhanced-sequence] -> [org.hibernate.id.enhanced.SequenceStyleGenerator]
[DEBUG] 2022-02-27 14:09:55.867 [main] DefaultIdentifierGeneratorFactory - Registering IdentifierGenerator strategy [enhanced-table] -> [org.hibernate.id.enhanced.TableGenerator]
[INFO ] 2022-02-27 14:09:55.876 [main] C3P0ConnectionProvider - HHH010002: C3P0 using driver: com.mysql.cj.jdbc.Driver at URL: jdbc:mysql://localhost:3306/wdev
[INFO ] 2022-02-27 14:09:55.876 [main] C3P0ConnectionProvider - HHH10001001: Connection properties: {password=****, user=root}
[INFO ] 2022-02-27 14:09:55.876 [main] C3P0ConnectionProvider - HHH10001003: Autocommit mode: false
[INFO ] 2022-02-27 14:09:56.070 [main] C3P0ConnectionProvider - HHH10001007: JDBC isolation level: <unknown>
[DEBUG] 2022-02-27 14:09:56.357 [main] JdbcEnvironmentInitiator - Database ->
       name : MySQL
    version : 8.0.28
      major : 8
      minor : 0
[DEBUG] 2022-02-27 14:09:56.360 [main] JdbcEnvironmentInitiator - Driver ->
       name : MySQL Connector/J
    version : mysql-connector-java-8.0.16 (Revision: 34cbc6bc61f72836e26327537a432d6db7c77de6)
      major : 8
      minor : 0
[DEBUG] 2022-02-27 14:09:56.360 [main] JdbcEnvironmentInitiator - JDBC version : 4.2
[INFO ] 2022-02-27 14:09:56.386 [main] Dialect - HHH000400: Using dialect: org.hibernate.dialect.MySQL8Dialect
[DEBUG] 2022-02-27 14:09:56.416 [main] IdentifierHelperBuilder - JDBC driver metadata reported database stores quoted identifiers in more than one case
[DEBUG] 2022-02-27 14:09:56.443 [main] IdentifierHelperBuilder - IdentifierCaseStrategy for both quoted and unquoted identifiers was set to the same strategy [MIXED]; that will likely lead to problems in schema update and validation if using quoted identifiers
[DEBUG] 2022-02-27 14:09:56.485 [main] Namespace - Created database namespace [logicalName=Name{catalog=null, schema=null}, physicalName=Name{catalog=null, schema=null}]
[DEBUG] 2022-02-27 14:09:56.491 [main] TypeConfiguration$Scope - Scoping TypeConfiguration [org.hibernate.type.spi.TypeConfiguration@609e57da] to MetadataBuildingContext [org.hibernate.boot.internal.MetadataBuildingContextRootImpl@56dd6efa]
[DEBUG] 2022-02-27 14:09:56.540 [main] AnnotationBinder - Binding entity from annotated class: com.palmerlarson.entity.User
[DEBUG] 2022-02-27 14:09:56.557 [main] Ejb3Column - Binding column: Ejb3DiscriminatorColumn{logicalColumnName'DTYPE', discriminatorTypeName='string'}
[DEBUG] 2022-02-27 14:09:56.561 [main] EntityBinder - Import with entity name User
[DEBUG] 2022-02-27 14:09:56.562 [main] EntityBinder - Bind entity com.palmerlarson.entity.User on table user
[DEBUG] 2022-02-27 14:09:56.594 [main] Ejb3Column - Binding column: Ejb3Column{table=org.hibernate.mapping.Table(user), mappingColumn=id, insertable=true, updatable=true, unique=false}
[DEBUG] 2022-02-27 14:09:56.596 [main] PropertyBinder - MetadataSourceProcessor property id with lazy=false
[DEBUG] 2022-02-27 14:09:56.598 [main] AbstractPropertyHolder - Attempting to locate auto-apply AttributeConverter for property [com.palmerlarson.entity.User:id]
[DEBUG] 2022-02-27 14:09:56.600 [main] SimpleValueBinder - building SimpleValue for id
[DEBUG] 2022-02-27 14:09:56.602 [main] PropertyBinder - Building property id
[DEBUG] 2022-02-27 14:09:56.605 [main] BinderHelper - #makeIdGenerator(org.hibernate.mapping.SimpleValue([org.hibernate.mapping.Column(id)]), id, org.hibernate.id.enhanced.SequenceStyleGenerator, native, ...)
[DEBUG] 2022-02-27 14:09:56.606 [main] Ejb3Column - Binding column: Ejb3Column{table=org.hibernate.mapping.Table(user), mappingColumn=first_name, insertable=true, updatable=true, unique=false}
[DEBUG] 2022-02-27 14:09:56.606 [main] PropertyBinder - MetadataSourceProcessor property first_name with lazy=false
[DEBUG] 2022-02-27 14:09:56.606 [main] AbstractPropertyHolder - Attempting to locate auto-apply AttributeConverter for property [com.palmerlarson.entity.User:first_name]
[DEBUG] 2022-02-27 14:09:56.606 [main] SimpleValueBinder - building SimpleValue for first_name
[DEBUG] 2022-02-27 14:09:56.606 [main] PropertyBinder - Building property first_name
[DEBUG] 2022-02-27 14:09:56.607 [main] Ejb3Column - Binding column: Ejb3Column{table=org.hibernate.mapping.Table(user), mappingColumn=gross_income, insertable=true, updatable=true, unique=false}
[DEBUG] 2022-02-27 14:09:56.607 [main] PropertyBinder - MetadataSourceProcessor property gross_income with lazy=false
[DEBUG] 2022-02-27 14:09:56.607 [main] AbstractPropertyHolder - Attempting to locate auto-apply AttributeConverter for property [com.palmerlarson.entity.User:gross_income]
[DEBUG] 2022-02-27 14:09:56.607 [main] SimpleValueBinder - building SimpleValue for gross_income
[DEBUG] 2022-02-27 14:09:56.607 [main] PropertyBinder - Building property gross_income
[DEBUG] 2022-02-27 14:09:56.607 [main] Ejb3Column - Binding column: Ejb3Column{table=org.hibernate.mapping.Table(user), mappingColumn=last_name, insertable=true, updatable=true, unique=false}
[DEBUG] 2022-02-27 14:09:56.608 [main] PropertyBinder - MetadataSourceProcessor property last_name with lazy=false
[DEBUG] 2022-02-27 14:09:56.608 [main] AbstractPropertyHolder - Attempting to locate auto-apply AttributeConverter for property [com.palmerlarson.entity.User:last_name]
[DEBUG] 2022-02-27 14:09:56.608 [main] SimpleValueBinder - building SimpleValue for last_name
[DEBUG] 2022-02-27 14:09:56.608 [main] PropertyBinder - Building property last_name
[DEBUG] 2022-02-27 14:09:56.608 [main] Ejb3Column - Binding column: Ejb3Column{table=org.hibernate.mapping.Table(user), mappingColumn=user_email, insertable=true, updatable=true, unique=false}
[DEBUG] 2022-02-27 14:09:56.608 [main] PropertyBinder - MetadataSourceProcessor property user_email with lazy=false
[DEBUG] 2022-02-27 14:09:56.608 [main] AbstractPropertyHolder - Attempting to locate auto-apply AttributeConverter for property [com.palmerlarson.entity.User:user_email]
[DEBUG] 2022-02-27 14:09:56.608 [main] SimpleValueBinder - building SimpleValue for user_email
[DEBUG] 2022-02-27 14:09:56.608 [main] PropertyBinder - Building property user_email
[DEBUG] 2022-02-27 14:09:56.612 [main] SimpleValueBinder - Starting fillSimpleValue for id
[DEBUG] 2022-02-27 14:09:56.614 [main] SimpleValueBinder - Starting fillSimpleValue for first_name
[DEBUG] 2022-02-27 14:09:56.615 [main] SimpleValueBinder - Starting fillSimpleValue for gross_income
[DEBUG] 2022-02-27 14:09:56.615 [main] SimpleValueBinder - Starting fillSimpleValue for last_name
[DEBUG] 2022-02-27 14:09:56.615 [main] SimpleValueBinder - Starting fillSimpleValue for user_email
[DEBUG] 2022-02-27 14:09:56.617 [main] PrimaryKey - Forcing column [id] to be non-null as it is part of the primary key for table [user]
[DEBUG] 2022-02-27 14:09:56.652 [main] SessionFactoryImpl - Building session factory
[DEBUG] 2022-02-27 14:09:56.653 [main] Settings - SessionFactory name : null
[DEBUG] 2022-02-27 14:09:56.654 [main] Settings - Automatic flush during beforeCompletion(): enabled
[DEBUG] 2022-02-27 14:09:56.654 [main] Settings - Automatic session close at end of transaction: disabled
[DEBUG] 2022-02-27 14:09:56.654 [main] Settings - Statistics: disabled
[DEBUG] 2022-02-27 14:09:56.654 [main] Settings - Deleted entity synthetic identifier rollback: disabled
[DEBUG] 2022-02-27 14:09:56.654 [main] Settings - Default entity-mode: pojo
[DEBUG] 2022-02-27 14:09:56.655 [main] Settings - Check Nullability in Core (should be disabled when Bean Validation is on): enabled
[DEBUG] 2022-02-27 14:09:56.655 [main] Settings - Allow initialization of lazy state outside session : disabled
[DEBUG] 2022-02-27 14:09:56.655 [main] Settings - Using BatchFetchStyle : LEGACY
[DEBUG] 2022-02-27 14:09:56.655 [main] Settings - Default batch fetch size: -1
[DEBUG] 2022-02-27 14:09:56.656 [main] Settings - Maximum outer join fetch depth: 2
[DEBUG] 2022-02-27 14:09:56.656 [main] Settings - Default null ordering: NONE
[DEBUG] 2022-02-27 14:09:56.656 [main] Settings - Order SQL updates by primary key: disabled
[DEBUG] 2022-02-27 14:09:56.656 [main] Settings - Order SQL inserts for batching: disabled
[DEBUG] 2022-02-27 14:09:56.656 [main] Settings - multi-tenancy strategy : NONE
[DEBUG] 2022-02-27 14:09:56.656 [main] Settings - JTA Track by Thread: enabled
[DEBUG] 2022-02-27 14:09:56.656 [main] Settings - Query language substitutions: {}
[DEBUG] 2022-02-27 14:09:56.657 [main] Settings - Named query checking : enabled
[DEBUG] 2022-02-27 14:09:56.657 [main] Settings - Second-level cache: disabled
[DEBUG] 2022-02-27 14:09:56.657 [main] Settings - Second-level query cache: disabled
[DEBUG] 2022-02-27 14:09:56.657 [main] Settings - Second-level query cache factory: null
[DEBUG] 2022-02-27 14:09:56.657 [main] Settings - Second-level cache region prefix: null
[DEBUG] 2022-02-27 14:09:56.657 [main] Settings - Optimize second-level cache for minimal puts: disabled
[DEBUG] 2022-02-27 14:09:56.657 [main] Settings - Structured second-level cache entries: disabled
[DEBUG] 2022-02-27 14:09:56.657 [main] Settings - Second-level cache direct-reference entries: disabled
[DEBUG] 2022-02-27 14:09:56.657 [main] Settings - Automatic eviction of collection cache: disabled
[DEBUG] 2022-02-27 14:09:56.657 [main] Settings - JDBC batch size: 15
[DEBUG] 2022-02-27 14:09:56.657 [main] Settings - JDBC batch updates for versioned data: enabled
[DEBUG] 2022-02-27 14:09:56.657 [main] Settings - Scrollable result sets: enabled
[DEBUG] 2022-02-27 14:09:56.657 [main] Settings - Wrap result sets: disabled
[DEBUG] 2022-02-27 14:09:56.657 [main] Settings - JDBC3 getGeneratedKeys(): enabled
[DEBUG] 2022-02-27 14:09:56.657 [main] Settings - JDBC result set fetch size: null
[DEBUG] 2022-02-27 14:09:56.658 [main] Settings - Connection release mode: AFTER_TRANSACTION
[DEBUG] 2022-02-27 14:09:56.658 [main] Settings - Generate SQL with comments: disabled
[DEBUG] 2022-02-27 14:09:56.658 [main] Settings - JPA compliance - query : 
[DEBUG] 2022-02-27 14:09:56.658 [main] Settings - JPA compliance - closed-handling : 
[DEBUG] 2022-02-27 14:09:56.658 [main] Settings - JPA compliance - lists : 
[DEBUG] 2022-02-27 14:09:56.658 [main] Settings - JPA compliance - transactions : 
[INFO ] 2022-02-27 14:09:56.702 [main] beans - HHH10005002: No explicit CDI BeanManager reference was passed to Hibernate, but CDI is available on the Hibernate ClassLoader.
[DEBUG] 2022-02-27 14:09:56.716 [main] SessionFactoryImpl - Session factory constructed with filter configurations : {}
[DEBUG] 2022-02-27 14:09:56.719 [main] SessionFactoryImpl - Instantiating session factory with properties: {gopherProxySet=false, awt.toolkit=sun.lwawt.macosx.LWCToolkit, java.specification.version=11, sun.cpu.isalist=, hibernate.c3p0.idle_test_period=3000, sun.jnu.encoding=UTF-8, hibernate.c3p0.min_size=5, java.class.path=/Applications/IntelliJ IDEA.app/Contents/lib/idea_rt.jar:/Applications/IntelliJ IDEA.app/Contents/plugins/junit/lib/junit5-rt.jar:/Applications/IntelliJ IDEA.app/Contents/plugins/junit/lib/junit-rt.jar:/Users/palmerlarson/IdeaProjects/IndieProject/target/test-classes:/Users/palmerlarson/IdeaProjects/IndieProject/target/classes:/Users/palmerlarson/.m2/repository/org/hibernate/hibernate-core/5.4.4.Final/hibernate-core-5.4.4.Final.jar:/Users/palmerlarson/.m2/repository/org/jboss/logging/jboss-logging/3.3.2.Final/jboss-logging-3.3.2.Final.jar:/Users/palmerlarson/.m2/repository/javax/persistence/javax.persistence-api/2.2/javax.persistence-api-2.2.jar:/Users/palmerlarson/.m2/repository/org/javassist/javassist/3.24.0-GA/javassist-3.24.0-GA.jar:/Users/palmerlarson/.m2/repository/net/bytebuddy/byte-buddy/1.9.11/byte-buddy-1.9.11.jar:/Users/palmerlarson/.m2/repository/antlr/antlr/2.7.7/antlr-2.7.7.jar:/Users/palmerlarson/.m2/repository/org/jboss/spec/javax/transaction/jboss-transaction-api_1.2_spec/1.1.1.Final/jboss-transaction-api_1.2_spec-1.1.1.Final.jar:/Users/palmerlarson/.m2/repository/org/jboss/jandex/2.0.5.Final/jandex-2.0.5.Final.jar:/Users/palmerlarson/.m2/repository/com/fasterxml/classmate/1.3.4/classmate-1.3.4.jar:/Users/palmerlarson/.m2/repository/javax/activation/javax.activation-api/1.2.0/javax.activation-api-1.2.0.jar:/Users/palmerlarson/.m2/repository/org/dom4j/dom4j/2.1.1/dom4j-2.1.1.jar:/Users/palmerlarson/.m2/repository/org/hibernate/common/hibernate-commons-annotations/5.1.0.Final/hibernate-commons-annotations-5.1.0.Final.jar:/Users/palmerlarson/.m2/repository/javax/xml/bind/jaxb-api/2.3.1/jaxb-api-2.3.1.jar:/Users/palmerlarson/.m2/repository/org/glassfish/jaxb/jaxb-runtime/2.3.1/jaxb-runtime-2.3.1.jar:/Users/palmerlarson/.m2/repository/org/glassfish/jaxb/txw2/2.3.1/txw2-2.3.1.jar:/Users/palmerlarson/.m2/repository/com/sun/istack/istack-commons-runtime/3.0.7/istack-commons-runtime-3.0.7.jar:/Users/palmerlarson/.m2/repository/org/jvnet/staxex/stax-ex/1.8/stax-ex-1.8.jar:/Users/palmerlarson/.m2/repository/com/sun/xml/fastinfoset/FastInfoset/1.2.15/FastInfoset-1.2.15.jar:/Users/palmerlarson/.m2/repository/org/hibernate/hibernate-c3p0/5.4.4.Final/hibernate-c3p0-5.4.4.Final.jar:/Users/palmerlarson/.m2/repository/com/mchange/c3p0/0.9.5.3/c3p0-0.9.5.3.jar:/Users/palmerlarson/.m2/repository/com/mchange/mchange-commons-java/0.2.15/mchange-commons-java-0.2.15.jar:/Users/palmerlarson/.m2/repository/org/apache/logging/log4j/log4j-api/2.10.0/log4j-api-2.10.0.jar:/Users/palmerlarson/.m2/repository/org/apache/logging/log4j/log4j-core/2.10.0/log4j-core-2.10.0.jar:/Users/palmerlarson/.m2/repository/javax/javaee-web-api/7.0/javaee-web-api-7.0.jar:/Users/palmerlarson/.m2/repository/org/junit/platform/junit-platform-runner/1.0.0/junit-platform-runner-1.0.0.jar:/Users/palmerlarson/.m2/repository/org/apiguardian/apiguardian-api/1.0.0/apiguardian-api-1.0.0.jar:/Users/palmerlarson/.m2/repository/org/junit/platform/junit-platform-launcher/1.0.0/junit-platform-launcher-1.0.0.jar:/Users/palmerlarson/.m2/repository/org/junit/platform/junit-platform-suite-api/1.0.0/junit-platform-suite-api-1.0.0.jar:/Users/palmerlarson/.m2/repository/org/junit/platform/junit-platform-commons/1.0.0/junit-platform-commons-1.0.0.jar:/Users/palmerlarson/.m2/repository/org/junit/vintage/junit-vintage-engine/4.12.0/junit-vintage-engine-4.12.0.jar:/Users/palmerlarson/.m2/repository/org/junit/platform/junit-platform-engine/1.0.0/junit-platform-engine-1.0.0.jar:/Users/palmerlarson/.m2/repository/org/opentest4j/opentest4j/1.0.0/opentest4j-1.0.0.jar:/Users/palmerlarson/.m2/repository/org/junit/jupiter/junit-jupiter-engine/5.0.0/junit-jupiter-engine-5.0.0.jar:/Users/palmerlarson/.m2/repository/org/junit/jupiter/junit-jupiter-api/5.0.0/junit-jupiter-api-5.0.0.jar:/Users/palmerlarson/.m2/repository/junit/junit/4.12/junit-4.12.jar:/Users/palmerlarson/.m2/repository/org/hamcrest/hamcrest-core/1.3/hamcrest-core-1.3.jar:/Users/palmerlarson/.m2/repository/jstl/jstl/1.2/jstl-1.2.jar:/Users/palmerlarson/.m2/repository/mysql/mysql-connector-java/8.0.16/mysql-connector-java-8.0.16.jar:/Users/palmerlarson/.m2/repository/com/google/protobuf/protobuf-java/3.6.1/protobuf-java-3.6.1.jar, java.vm.vendor=Oracle Corporation, sun.arch.data.model=64, idea.test.cyclic.buffer.size=1048576, java.vendor.url=https://openjdk.java.net/, user.timezone=America/Chicago, os.name=Mac OS X, java.vm.specification.version=11, sun.java.launcher=SUN_STANDARD, user.country=US, sun.boot.library.path=/Library/Java/JavaVirtualMachines/jdk-11.0.14.jdk/Contents/Home/lib, sun.java.command=com.intellij.rt.junit.JUnitStarter -ideVersion5 -junit5 com.palmerlarson.persistence.UserDaoTest,updateSuccess, http.nonProxyHosts=local|*.local|169.254/16|*.169.254/16, jdk.debug=release, sun.cpu.endian=little, user.home=/Users/palmerlarson, hibernate.c3p0.max_statements=50, user.language=en, java.specification.vendor=Oracle Corporation, java.version.date=2022-01-18, java.home=/Library/Java/JavaVirtualMachines/jdk-11.0.14.jdk/Contents/Home, file.separator=/, java.vm.compressedOopsMode=Zero based, line.separator=
, hibernate.c3p0.timeout=300, java.specification.name=Java Platform API Specification, java.vm.specification.vendor=Oracle Corporation, java.awt.graphicsenv=sun.awt.CGraphicsEnvironment, connection.password=palmer1995, sun.management.compiler=HotSpot 64-Bit Tiered Compilers, ftp.nonProxyHosts=local|*.local|169.254/16|*.169.254/16, hibernate.c3p0.max_size=20, java.runtime.version=11.0.14+8-LTS-263, user.name=palmerlarson, path.separator=:, hibernate.connection.username=****, os.version=12.2.1, java.runtime.name=Java(TM) SE Runtime Environment, hibernate.connection.url=jdbc:mysql://localhost:3306/wdev, file.encoding=UTF-8, java.vm.name=Java HotSpot(TM) 64-Bit Server VM, java.vendor.version=18.9, hibernate.connection.driver_class=com.mysql.cj.jdbc.Driver, java.vendor.url.bug=https://bugreport.java.com/bugreport/, java.io.tmpdir=/var/folders/7_/hjc2wkns2zj3yl0np9mvr3cm0000gn/T/, java.version=11.0.14, user.dir=/Users/palmerlarson/IdeaProjects/IndieProject, os.arch=x86_64, connection.username=root, java.vm.specification.name=Java Virtual Machine Specification, java.awt.printerjob=sun.lwawt.macosx.CPrinterJob, hibernate.connection.password=****, sun.os.patch.level=unknown, connection.driver_class=com.mysql.cj.jdbc.Driver, hibernate.boot.CfgXmlAccessService.key=org.hibernate.boot.cfgxml.spi.LoadedConfig@151732fb, java.library.path=/Users/palmerlarson/Library/Java/Extensions:/Library/Java/Extensions:/Network/Library/Java/Extensions:/System/Library/Java/Extensions:/usr/lib/java:., java.vendor=Oracle Corporation, java.vm.info=mixed mode, java.vm.version=11.0.14+8-LTS-263, hibernate.bytecode.use_reflection_optimizer=false, sun.io.unicode.encoding=UnicodeBig, connection.url=jdbc:mysql://localhost:3306/wdev, socksNonProxyHosts=local|*.local|169.254/16|*.169.254/16, java.class.version=55.0}
[DEBUG] 2022-02-27 14:09:56.738 [main] TypeSafeActivator - Unable to acquire Bean Validation ValidatorFactory, skipping activation
[DEBUG] 2022-02-27 14:09:56.739 [main] JaccIntegrator - Skipping JACC integration as it was not enabled
[DEBUG] 2022-02-27 14:09:56.741 [main] SessionFactoryImpl - Instantiated session factory
[DEBUG] 2022-02-27 14:09:56.741 [main] TypeConfiguration$Scope - Scoping TypeConfiguration [org.hibernate.type.spi.TypeConfiguration@609e57da] to SessionFactoryImpl [org.hibernate.internal.SessionFactoryImpl@3a7c678b]
[DEBUG] 2022-02-27 14:09:56.777 [main] ClassLoaderAccessImpl - Not known whether passed class name [com.palmerlarson.entity.User] is safe
[DEBUG] 2022-02-27 14:09:56.777 [main] ClassLoaderAccessImpl - No temp ClassLoader provided; using live ClassLoader for loading potentially unsafe class : com.palmerlarson.entity.User
[DEBUG] 2022-02-27 14:09:56.791 [main] ClassLoaderAccessImpl - Not known whether passed class name [com.palmerlarson.entity.User] is safe
[DEBUG] 2022-02-27 14:09:56.792 [main] ClassLoaderAccessImpl - No temp ClassLoader provided; using live ClassLoader for loading potentially unsafe class : com.palmerlarson.entity.User
[DEBUG] 2022-02-27 14:09:56.999 [main] AbstractEntityPersister - Static SQL for entity: com.palmerlarson.entity.User
[DEBUG] 2022-02-27 14:09:57.000 [main] AbstractEntityPersister -  Version select: select id from user where id =?
[DEBUG] 2022-02-27 14:09:57.000 [main] AbstractEntityPersister -  Snapshot select: select user_.id, user_.first_name as first_na2_0_, user_.gross_income as gross_in3_0_, user_.last_name as last_nam4_0_, user_.user_email as user_ema5_0_ from user user_ where user_.id=?
[DEBUG] 2022-02-27 14:09:57.000 [main] AbstractEntityPersister -  Insert 0: insert into user (first_name, gross_income, last_name, user_email, id) values (?, ?, ?, ?, ?)
[DEBUG] 2022-02-27 14:09:57.000 [main] AbstractEntityPersister -  Update 0: update user set first_name=?, gross_income=?, last_name=?, user_email=? where id=?
[DEBUG] 2022-02-27 14:09:57.000 [main] AbstractEntityPersister -  Delete 0: delete from user where id=?
[DEBUG] 2022-02-27 14:09:57.000 [main] AbstractEntityPersister -  Identity insert: insert into user (first_name, gross_income, last_name, user_email) values (?, ?, ?, ?)
[DEBUG] 2022-02-27 14:09:57.018 [main] QuerySpacesImpl - Adding QuerySpace : uid = <gen:0> -> org.hibernate.loader.plan.build.internal.spaces.EntityQuerySpaceImpl@149aa7b2]
[DEBUG] 2022-02-27 14:09:57.019 [main] MetamodelGraphWalker - Visiting attribute path : first_name
[DEBUG] 2022-02-27 14:09:57.020 [main] MetamodelGraphWalker - Visiting attribute path : gross_income
[DEBUG] 2022-02-27 14:09:57.020 [main] MetamodelGraphWalker - Visiting attribute path : last_name
[DEBUG] 2022-02-27 14:09:57.020 [main] MetamodelGraphWalker - Visiting attribute path : user_email
[DEBUG] 2022-02-27 14:09:57.020 [main] FetchStyleLoadPlanBuildingAssociationVisitationStrategy - Building LoadPlan...
[DEBUG] 2022-02-27 14:09:57.027 [main] LoadQueryJoinAndFetchProcessor - processing queryspace <gen:0>
[DEBUG] 2022-02-27 14:09:57.030 [main] LoadPlanTreePrinter - LoadPlan(entity=com.palmerlarson.entity.User)
    - Returns
       - EntityReturnImpl(entity=com.palmerlarson.entity.User, querySpaceUid=<gen:0>, path=com.palmerlarson.entity.User)
    - QuerySpaces
       - EntityQuerySpaceImpl(uid=<gen:0>, entity=com.palmerlarson.entity.User)
          - SQL table alias mapping - user0_
          - alias suffix - 0_
          - suffixed key columns - {id1_0_0_}

[DEBUG] 2022-02-27 14:09:57.032 [main] EntityLoader - Static select for entity com.palmerlarson.entity.User [NONE]: select user0_.id as id1_0_0_, user0_.first_name as first_na2_0_0_, user0_.gross_income as gross_in3_0_0_, user0_.last_name as last_nam4_0_0_, user0_.user_email as user_ema5_0_0_ from user user0_ where user0_.id=?
[DEBUG] 2022-02-27 14:09:57.033 [main] QuerySpacesImpl - Adding QuerySpace : uid = <gen:0> -> org.hibernate.loader.plan.build.internal.spaces.EntityQuerySpaceImpl@9a9aa68]
[DEBUG] 2022-02-27 14:09:57.034 [main] MetamodelGraphWalker - Visiting attribute path : first_name
[DEBUG] 2022-02-27 14:09:57.035 [main] MetamodelGraphWalker - Visiting attribute path : gross_income
[DEBUG] 2022-02-27 14:09:57.036 [main] MetamodelGraphWalker - Visiting attribute path : last_name
[DEBUG] 2022-02-27 14:09:57.036 [main] MetamodelGraphWalker - Visiting attribute path : user_email
[DEBUG] 2022-02-27 14:09:57.037 [main] FetchStyleLoadPlanBuildingAssociationVisitationStrategy - Building LoadPlan...
[DEBUG] 2022-02-27 14:09:57.037 [main] LoadQueryJoinAndFetchProcessor - processing queryspace <gen:0>
[DEBUG] 2022-02-27 14:09:57.038 [main] LoadPlanTreePrinter - LoadPlan(entity=com.palmerlarson.entity.User)
    - Returns
       - EntityReturnImpl(entity=com.palmerlarson.entity.User, querySpaceUid=<gen:0>, path=com.palmerlarson.entity.User)
    - QuerySpaces
       - EntityQuerySpaceImpl(uid=<gen:0>, entity=com.palmerlarson.entity.User)
          - SQL table alias mapping - user0_
          - alias suffix - 0_
          - suffixed key columns - {id1_0_0_}

[DEBUG] 2022-02-27 14:09:57.038 [main] EntityLoader - Static select for entity com.palmerlarson.entity.User [READ]: select user0_.id as id1_0_0_, user0_.first_name as first_na2_0_0_, user0_.gross_income as gross_in3_0_0_, user0_.last_name as last_nam4_0_0_, user0_.user_email as user_ema5_0_0_ from user user0_ where user0_.id=?
[DEBUG] 2022-02-27 14:09:57.047 [main] Loader - Static select for action ACTION_MERGE on entity com.palmerlarson.entity.User: select user0_.id as id1_0_0_, user0_.first_name as first_na2_0_0_, user0_.gross_income as gross_in3_0_0_, user0_.last_name as last_nam4_0_0_, user0_.user_email as user_ema5_0_0_ from user user0_ where user0_.id=?
[DEBUG] 2022-02-27 14:09:57.047 [main] Loader - Static select for action ACTION_REFRESH on entity com.palmerlarson.entity.User: select user0_.id as id1_0_0_, user0_.first_name as first_na2_0_0_, user0_.gross_income as gross_in3_0_0_, user0_.last_name as last_nam4_0_0_, user0_.user_email as user_ema5_0_0_ from user user0_ where user0_.id=?
[DEBUG] 2022-02-27 14:09:57.066 [main] SchemaManagementToolCoordinator - No actions specified; doing nothing
[DEBUG] 2022-02-27 14:09:57.067 [main] JtaPlatformInitiator - No JtaPlatform was specified, checking resolver
[DEBUG] 2022-02-27 14:09:57.067 [main] JtaPlatformResolverInitiator - No JtaPlatformResolver was specified, using default [org.hibernate.engine.transaction.jta.platform.internal.StandardJtaPlatformResolver]
[DEBUG] 2022-02-27 14:09:57.074 [main] StandardJtaPlatformResolver - Could not resolve JtaPlatform, using default [org.hibernate.engine.transaction.jta.platform.internal.NoJtaPlatform]
[INFO ] 2022-02-27 14:09:57.074 [main] JtaPlatformInitiator - HHH000490: Using JtaPlatform implementation: [org.hibernate.engine.transaction.jta.platform.internal.NoJtaPlatform]
[DEBUG] 2022-02-27 14:09:57.075 [main] NamedQueryRepository - Checking 0 named HQL queries
[DEBUG] 2022-02-27 14:09:57.075 [main] NamedQueryRepository - Checking 0 named SQL queries
[DEBUG] 2022-02-27 14:09:57.078 [main] SessionFactoryRegistry - Initializing SessionFactoryRegistry : org.hibernate.internal.SessionFactoryRegistry@267ff4df
[DEBUG] 2022-02-27 14:09:57.079 [main] SessionFactoryRegistry - Registering SessionFactory: a35b43b2-979b-4241-bb7c-9f1803ff14c0 (<unnamed>)
[DEBUG] 2022-02-27 14:09:57.079 [main] SessionFactoryRegistry - Not binding SessionFactory to JNDI, no JNDI name configured
[DEBUG] 2022-02-27 14:09:57.144 [main] StatisticsInitiator - Statistics initialized [enabled=false]
[DEBUG] 2022-02-27 14:09:57.158 [main] SQL - select user0_.id as id1_0_0_, user0_.first_name as first_na2_0_0_, user0_.gross_income as gross_in3_0_0_, user0_.last_name as last_nam4_0_0_, user0_.user_email as user_ema5_0_0_ from user user0_ where user0_.id=?
[DEBUG] 2022-02-27 14:09:57.176 [main] ResultSetProcessorImpl - Starting ResultSet row #0
[DEBUG] 2022-02-27 14:09:57.177 [main] EntityReferenceInitializerImpl - On call to EntityIdentifierReaderImpl#resolve, EntityKey was already known; should only happen on root returns with an optional identifier specified
[DEBUG] 2022-02-27 14:09:57.191 [main] TwoPhaseLoad - Resolving attributes for [com.palmerlarson.entity.User#1]
[DEBUG] 2022-02-27 14:09:57.191 [main] TwoPhaseLoad - Processing attribute `first_name` : value = Kathy
[DEBUG] 2022-02-27 14:09:57.192 [main] TwoPhaseLoad - Attribute (`first_name`)  - enhanced for lazy-loading? - false
[DEBUG] 2022-02-27 14:09:57.192 [main] TwoPhaseLoad - Processing attribute `gross_income` : value = 100000
[DEBUG] 2022-02-27 14:09:57.192 [main] TwoPhaseLoad - Attribute (`gross_income`)  - enhanced for lazy-loading? - false
[DEBUG] 2022-02-27 14:09:57.192 [main] TwoPhaseLoad - Processing attribute `last_name` : value = Sierra
[DEBUG] 2022-02-27 14:09:57.192 [main] TwoPhaseLoad - Attribute (`last_name`)  - enhanced for lazy-loading? - false
[DEBUG] 2022-02-27 14:09:57.192 [main] TwoPhaseLoad - Processing attribute `user_email` : value = kathy@gmail.com
[DEBUG] 2022-02-27 14:09:57.192 [main] TwoPhaseLoad - Attribute (`user_email`)  - enhanced for lazy-loading? - false
[DEBUG] 2022-02-27 14:09:57.193 [main] TwoPhaseLoad - Done materializing entity [com.palmerlarson.entity.User#1]
[DEBUG] 2022-02-27 14:09:57.196 [main] ResourceRegistryStandardImpl - HHH000387: ResultSet's statement was not registered
[DEBUG] 2022-02-27 14:09:57.197 [main] AbstractLoadPlanBasedEntityLoader - Done entity load : com.palmerlarson.entity.User#1
[DEBUG] 2022-02-27 14:09:57.197 [main] LogicalConnectionManagedImpl - Initiating JDBC connection release from afterTransaction
[DEBUG] 2022-02-27 14:09:57.203 [main] TransactionImpl - On TransactionImpl creation, JpaCompliance#isJpaTransactionComplianceEnabled == false
[DEBUG] 2022-02-27 14:09:57.203 [main] TransactionImpl - begin
[DEBUG] 2022-02-27 14:09:57.208 [main] TransactionImpl - committing
[DEBUG] 2022-02-27 14:09:57.209 [main] AbstractFlushingEventListener - Processing flush-time cascades
[DEBUG] 2022-02-27 14:09:57.209 [main] AbstractFlushingEventListener - Dirty checking collections
[DEBUG] 2022-02-27 14:09:57.212 [main] AbstractFlushingEventListener - Flushed: 0 insertions, 1 updates, 0 deletions to 1 objects
[DEBUG] 2022-02-27 14:09:57.212 [main] AbstractFlushingEventListener - Flushed: 0 (re)creations, 0 updates, 0 removals to 0 collections
[DEBUG] 2022-02-27 14:09:57.213 [main] EntityPrinter - Listing entities:
[DEBUG] 2022-02-27 14:09:57.213 [main] EntityPrinter - com.palmerlarson.entity.User{user_email=kathy@gmail.com, gross_income=100000, last_name=Bob, id=1, first_name=Billy}
[DEBUG] 2022-02-27 14:09:57.215 [main] SQL - update user set first_name=?, gross_income=?, last_name=?, user_email=? where id=?
[DEBUG] 2022-02-27 14:09:57.220 [main] LogicalConnectionManagedImpl - Initiating JDBC connection release from afterTransaction
[DEBUG] 2022-02-27 14:09:57.221 [main] LogicalConnectionManagedImpl - Initiating JDBC connection release from afterTransaction
[DEBUG] 2022-02-27 14:09:57.221 [main] SQL - select user0_.id as id1_0_0_, user0_.first_name as first_na2_0_0_, user0_.gross_income as gross_in3_0_0_, user0_.last_name as last_nam4_0_0_, user0_.user_email as user_ema5_0_0_ from user user0_ where user0_.id=?
[DEBUG] 2022-02-27 14:09:57.223 [main] ResultSetProcessorImpl - Starting ResultSet row #0
[DEBUG] 2022-02-27 14:09:57.223 [main] EntityReferenceInitializerImpl - On call to EntityIdentifierReaderImpl#resolve, EntityKey was already known; should only happen on root returns with an optional identifier specified
[DEBUG] 2022-02-27 14:09:57.224 [main] TwoPhaseLoad - Resolving attributes for [com.palmerlarson.entity.User#1]
[DEBUG] 2022-02-27 14:09:57.224 [main] TwoPhaseLoad - Processing attribute `first_name` : value = Billy
[DEBUG] 2022-02-27 14:09:57.225 [main] TwoPhaseLoad - Attribute (`first_name`)  - enhanced for lazy-loading? - false
[DEBUG] 2022-02-27 14:09:57.225 [main] TwoPhaseLoad - Processing attribute `gross_income` : value = 100000
[DEBUG] 2022-02-27 14:09:57.225 [main] TwoPhaseLoad - Attribute (`gross_income`)  - enhanced for lazy-loading? - false
[DEBUG] 2022-02-27 14:09:57.225 [main] TwoPhaseLoad - Processing attribute `last_name` : value = Bob
[DEBUG] 2022-02-27 14:09:57.225 [main] TwoPhaseLoad - Attribute (`last_name`)  - enhanced for lazy-loading? - false
[DEBUG] 2022-02-27 14:09:57.225 [main] TwoPhaseLoad - Processing attribute `user_email` : value = kathy@gmail.com
[DEBUG] 2022-02-27 14:09:57.225 [main] TwoPhaseLoad - Attribute (`user_email`)  - enhanced for lazy-loading? - false
[DEBUG] 2022-02-27 14:09:57.225 [main] TwoPhaseLoad - Done materializing entity [com.palmerlarson.entity.User#1]
[DEBUG] 2022-02-27 14:09:57.225 [main] ResourceRegistryStandardImpl - HHH000387: ResultSet's statement was not registered
[DEBUG] 2022-02-27 14:09:57.225 [main] AbstractLoadPlanBasedEntityLoader - Done entity load : com.palmerlarson.entity.User#1
[DEBUG] 2022-02-27 14:09:57.225 [main] LogicalConnectionManagedImpl - Initiating JDBC connection release from afterTransaction
