[DEBUG] 2022-04-02 11:58:25.885 [http-nio-8080-exec-6] IntegratorServiceImpl - Adding Integrator [org.hibernate.cfg.beanvalidation.BeanValidationIntegrator].
[DEBUG] 2022-04-02 11:58:25.899 [http-nio-8080-exec-6] IntegratorServiceImpl - Adding Integrator [org.hibernate.secure.spi.JaccIntegrator].
[DEBUG] 2022-04-02 11:58:25.904 [http-nio-8080-exec-6] IntegratorServiceImpl - Adding Integrator [org.hibernate.cache.internal.CollectionCacheInvalidator].
[INFO ] 2022-04-02 11:58:25.982 [http-nio-8080-exec-6] Version - HHH000412: Hibernate Core {5.4.4.Final}
[DEBUG] 2022-04-02 11:58:25.983 [http-nio-8080-exec-6] Environment - HHH000206: hibernate.properties not found
[DEBUG] 2022-04-02 11:58:26.116 [http-nio-8080-exec-6] LocalXmlResourceResolver - Interpreting public/system identifier : [-//Hibernate/Hibernate Configuration DTD//EN] - [http://www.hibernate.org/dtd/hibernate-configuration-3.0.dtd]
[DEBUG] 2022-04-02 11:58:26.117 [http-nio-8080-exec-6] LocalXmlResourceResolver - Recognized hibernate-configuration identifier; attempting to resolve on classpath under org/hibernate/
[DEBUG] 2022-04-02 11:58:26.124 [http-nio-8080-exec-6] JaxbCfgProcessor - cfg.xml document did not define namespaces; wrapping in custom event reader to introduce namespace information
[DEBUG] 2022-04-02 11:58:26.408 [http-nio-8080-exec-6] ServiceBinding - Overriding existing service binding [org.hibernate.secure.spi.JaccService]
[DEBUG] 2022-04-02 11:58:26.433 [http-nio-8080-exec-6] RegionFactoryInitiator - Cannot default RegionFactory based on registered strategies as `[]` RegionFactory strategies were registered
[DEBUG] 2022-04-02 11:58:26.434 [http-nio-8080-exec-6] RegionFactoryInitiator - Cache region factory : org.hibernate.cache.internal.NoCachingRegionFactory
[INFO ] 2022-04-02 11:58:26.458 [http-nio-8080-exec-6] Version - HCANN000001: Hibernate Commons Annotations {5.1.0.Final}
[DEBUG] 2022-04-02 11:58:26.496 [http-nio-8080-exec-6] BasicTypeRegistry - Adding type registration boolean -> org.hibernate.type.BooleanType@216a54c5
[DEBUG] 2022-04-02 11:58:26.496 [http-nio-8080-exec-6] BasicTypeRegistry - Adding type registration boolean -> org.hibernate.type.BooleanType@216a54c5
[DEBUG] 2022-04-02 11:58:26.496 [http-nio-8080-exec-6] BasicTypeRegistry - Adding type registration java.lang.Boolean -> org.hibernate.type.BooleanType@216a54c5
[DEBUG] 2022-04-02 11:58:26.497 [http-nio-8080-exec-6] BasicTypeRegistry - Adding type registration numeric_boolean -> org.hibernate.type.NumericBooleanType@6033fba0
[DEBUG] 2022-04-02 11:58:26.497 [http-nio-8080-exec-6] BasicTypeRegistry - Adding type registration true_false -> org.hibernate.type.TrueFalseType@43496403
[DEBUG] 2022-04-02 11:58:26.498 [http-nio-8080-exec-6] BasicTypeRegistry - Adding type registration yes_no -> org.hibernate.type.YesNoType@29c1e2c1
[DEBUG] 2022-04-02 11:58:26.499 [http-nio-8080-exec-6] BasicTypeRegistry - Adding type registration byte -> org.hibernate.type.ByteType@263b7812
[DEBUG] 2022-04-02 11:58:26.499 [http-nio-8080-exec-6] BasicTypeRegistry - Adding type registration byte -> org.hibernate.type.ByteType@263b7812
[DEBUG] 2022-04-02 11:58:26.499 [http-nio-8080-exec-6] BasicTypeRegistry - Adding type registration java.lang.Byte -> org.hibernate.type.ByteType@263b7812
[DEBUG] 2022-04-02 11:58:26.502 [http-nio-8080-exec-6] BasicTypeRegistry - Adding type registration character -> org.hibernate.type.CharacterType@1cd10a75
[DEBUG] 2022-04-02 11:58:26.502 [http-nio-8080-exec-6] BasicTypeRegistry - Adding type registration char -> org.hibernate.type.CharacterType@1cd10a75
[DEBUG] 2022-04-02 11:58:26.502 [http-nio-8080-exec-6] BasicTypeRegistry - Adding type registration java.lang.Character -> org.hibernate.type.CharacterType@1cd10a75
[DEBUG] 2022-04-02 11:58:26.503 [http-nio-8080-exec-6] BasicTypeRegistry - Adding type registration short -> org.hibernate.type.ShortType@44b0a933
[DEBUG] 2022-04-02 11:58:26.504 [http-nio-8080-exec-6] BasicTypeRegistry - Adding type registration short -> org.hibernate.type.ShortType@44b0a933
[DEBUG] 2022-04-02 11:58:26.504 [http-nio-8080-exec-6] BasicTypeRegistry - Adding type registration java.lang.Short -> org.hibernate.type.ShortType@44b0a933
[DEBUG] 2022-04-02 11:58:26.505 [http-nio-8080-exec-6] BasicTypeRegistry - Adding type registration integer -> org.hibernate.type.IntegerType@70eccae7
[DEBUG] 2022-04-02 11:58:26.505 [http-nio-8080-exec-6] BasicTypeRegistry - Adding type registration int -> org.hibernate.type.IntegerType@70eccae7
[DEBUG] 2022-04-02 11:58:26.505 [http-nio-8080-exec-6] BasicTypeRegistry - Adding type registration java.lang.Integer -> org.hibernate.type.IntegerType@70eccae7
[DEBUG] 2022-04-02 11:58:26.505 [http-nio-8080-exec-6] BasicTypeRegistry - Adding type registration long -> org.hibernate.type.LongType@1ae141e9
[DEBUG] 2022-04-02 11:58:26.506 [http-nio-8080-exec-6] BasicTypeRegistry - Adding type registration long -> org.hibernate.type.LongType@1ae141e9
[DEBUG] 2022-04-02 11:58:26.506 [http-nio-8080-exec-6] BasicTypeRegistry - Adding type registration java.lang.Long -> org.hibernate.type.LongType@1ae141e9
[DEBUG] 2022-04-02 11:58:26.506 [http-nio-8080-exec-6] BasicTypeRegistry - Adding type registration float -> org.hibernate.type.FloatType@4fa4e980
[DEBUG] 2022-04-02 11:58:26.506 [http-nio-8080-exec-6] BasicTypeRegistry - Adding type registration float -> org.hibernate.type.FloatType@4fa4e980
[DEBUG] 2022-04-02 11:58:26.506 [http-nio-8080-exec-6] BasicTypeRegistry - Adding type registration java.lang.Float -> org.hibernate.type.FloatType@4fa4e980
[DEBUG] 2022-04-02 11:58:26.507 [http-nio-8080-exec-6] BasicTypeRegistry - Adding type registration double -> org.hibernate.type.DoubleType@2347d6ce
[DEBUG] 2022-04-02 11:58:26.507 [http-nio-8080-exec-6] BasicTypeRegistry - Adding type registration double -> org.hibernate.type.DoubleType@2347d6ce
[DEBUG] 2022-04-02 11:58:26.507 [http-nio-8080-exec-6] BasicTypeRegistry - Adding type registration java.lang.Double -> org.hibernate.type.DoubleType@2347d6ce
[DEBUG] 2022-04-02 11:58:26.508 [http-nio-8080-exec-6] BasicTypeRegistry - Adding type registration big_decimal -> org.hibernate.type.BigDecimalType@249b490
[DEBUG] 2022-04-02 11:58:26.508 [http-nio-8080-exec-6] BasicTypeRegistry - Adding type registration java.math.BigDecimal -> org.hibernate.type.BigDecimalType@249b490
[DEBUG] 2022-04-02 11:58:26.509 [http-nio-8080-exec-6] BasicTypeRegistry - Adding type registration big_integer -> org.hibernate.type.BigIntegerType@2d1d27b8
[DEBUG] 2022-04-02 11:58:26.509 [http-nio-8080-exec-6] BasicTypeRegistry - Adding type registration java.math.BigInteger -> org.hibernate.type.BigIntegerType@2d1d27b8
[DEBUG] 2022-04-02 11:58:26.510 [http-nio-8080-exec-6] BasicTypeRegistry - Adding type registration string -> org.hibernate.type.StringType@4a92a4d9
[DEBUG] 2022-04-02 11:58:26.510 [http-nio-8080-exec-6] BasicTypeRegistry - Adding type registration java.lang.String -> org.hibernate.type.StringType@4a92a4d9
[DEBUG] 2022-04-02 11:58:26.510 [http-nio-8080-exec-6] BasicTypeRegistry - Adding type registration nstring -> org.hibernate.type.StringNVarcharType@40f55483
[DEBUG] 2022-04-02 11:58:26.510 [http-nio-8080-exec-6] BasicTypeRegistry - Adding type registration ncharacter -> org.hibernate.type.CharacterNCharType@b717106
[DEBUG] 2022-04-02 11:58:26.511 [http-nio-8080-exec-6] BasicTypeRegistry - Adding type registration url -> org.hibernate.type.UrlType@3c0294aa
[DEBUG] 2022-04-02 11:58:26.511 [http-nio-8080-exec-6] BasicTypeRegistry - Adding type registration java.net.URL -> org.hibernate.type.UrlType@3c0294aa
[DEBUG] 2022-04-02 11:58:26.512 [http-nio-8080-exec-6] BasicTypeRegistry - Adding type registration Duration -> org.hibernate.type.DurationType@6064a3d3
[DEBUG] 2022-04-02 11:58:26.512 [http-nio-8080-exec-6] BasicTypeRegistry - Adding type registration java.time.Duration -> org.hibernate.type.DurationType@6064a3d3
[DEBUG] 2022-04-02 11:58:26.520 [http-nio-8080-exec-6] BasicTypeRegistry - Adding type registration Instant -> org.hibernate.type.InstantType@5d4241a6
[DEBUG] 2022-04-02 11:58:26.520 [http-nio-8080-exec-6] BasicTypeRegistry - Adding type registration java.time.Instant -> org.hibernate.type.InstantType@5d4241a6
[DEBUG] 2022-04-02 11:58:26.521 [http-nio-8080-exec-6] BasicTypeRegistry - Adding type registration LocalDateTime -> org.hibernate.type.LocalDateTimeType@4984c871
[DEBUG] 2022-04-02 11:58:26.521 [http-nio-8080-exec-6] BasicTypeRegistry - Adding type registration java.time.LocalDateTime -> org.hibernate.type.LocalDateTimeType@4984c871
[DEBUG] 2022-04-02 11:58:26.522 [http-nio-8080-exec-6] BasicTypeRegistry - Adding type registration LocalDate -> org.hibernate.type.LocalDateType@3962920f
[DEBUG] 2022-04-02 11:58:26.522 [http-nio-8080-exec-6] BasicTypeRegistry - Adding type registration java.time.LocalDate -> org.hibernate.type.LocalDateType@3962920f
[DEBUG] 2022-04-02 11:58:26.523 [http-nio-8080-exec-6] BasicTypeRegistry - Adding type registration LocalTime -> org.hibernate.type.LocalTimeType@57258dd5
[DEBUG] 2022-04-02 11:58:26.523 [http-nio-8080-exec-6] BasicTypeRegistry - Adding type registration java.time.LocalTime -> org.hibernate.type.LocalTimeType@57258dd5
[DEBUG] 2022-04-02 11:58:26.524 [http-nio-8080-exec-6] BasicTypeRegistry - Adding type registration OffsetDateTime -> org.hibernate.type.OffsetDateTimeType@48e3c616
[DEBUG] 2022-04-02 11:58:26.524 [http-nio-8080-exec-6] BasicTypeRegistry - Adding type registration java.time.OffsetDateTime -> org.hibernate.type.OffsetDateTimeType@48e3c616
[DEBUG] 2022-04-02 11:58:26.525 [http-nio-8080-exec-6] BasicTypeRegistry - Adding type registration OffsetTime -> org.hibernate.type.OffsetTimeType@352490e2
[DEBUG] 2022-04-02 11:58:26.526 [http-nio-8080-exec-6] BasicTypeRegistry - Adding type registration java.time.OffsetTime -> org.hibernate.type.OffsetTimeType@352490e2
[DEBUG] 2022-04-02 11:58:26.527 [http-nio-8080-exec-6] BasicTypeRegistry - Adding type registration ZonedDateTime -> org.hibernate.type.ZonedDateTimeType@1c122b37
[DEBUG] 2022-04-02 11:58:26.527 [http-nio-8080-exec-6] BasicTypeRegistry - Adding type registration java.time.ZonedDateTime -> org.hibernate.type.ZonedDateTimeType@1c122b37
[DEBUG] 2022-04-02 11:58:26.530 [http-nio-8080-exec-6] BasicTypeRegistry - Adding type registration date -> org.hibernate.type.DateType@1873b405
[DEBUG] 2022-04-02 11:58:26.531 [http-nio-8080-exec-6] BasicTypeRegistry - Adding type registration java.sql.Date -> org.hibernate.type.DateType@1873b405
[DEBUG] 2022-04-02 11:58:26.532 [http-nio-8080-exec-6] BasicTypeRegistry - Adding type registration time -> org.hibernate.type.TimeType@152decb9
[DEBUG] 2022-04-02 11:58:26.532 [http-nio-8080-exec-6] BasicTypeRegistry - Adding type registration java.sql.Time -> org.hibernate.type.TimeType@152decb9
[DEBUG] 2022-04-02 11:58:26.533 [http-nio-8080-exec-6] BasicTypeRegistry - Adding type registration timestamp -> org.hibernate.type.TimestampType@48944a85
[DEBUG] 2022-04-02 11:58:26.533 [http-nio-8080-exec-6] BasicTypeRegistry - Adding type registration java.sql.Timestamp -> org.hibernate.type.TimestampType@48944a85
[DEBUG] 2022-04-02 11:58:26.533 [http-nio-8080-exec-6] BasicTypeRegistry - Adding type registration java.util.Date -> org.hibernate.type.TimestampType@48944a85
[DEBUG] 2022-04-02 11:58:26.535 [http-nio-8080-exec-6] BasicTypeRegistry - Adding type registration dbtimestamp -> org.hibernate.type.DbTimestampType@376e496f
[DEBUG] 2022-04-02 11:58:26.536 [http-nio-8080-exec-6] BasicTypeRegistry - Adding type registration calendar -> org.hibernate.type.CalendarType@28aa4ca8
[DEBUG] 2022-04-02 11:58:26.536 [http-nio-8080-exec-6] BasicTypeRegistry - Adding type registration java.util.Calendar -> org.hibernate.type.CalendarType@28aa4ca8
[DEBUG] 2022-04-02 11:58:26.536 [http-nio-8080-exec-6] BasicTypeRegistry - Adding type registration java.util.GregorianCalendar -> org.hibernate.type.CalendarType@28aa4ca8
[DEBUG] 2022-04-02 11:58:26.536 [http-nio-8080-exec-6] BasicTypeRegistry - Adding type registration calendar_date -> org.hibernate.type.CalendarDateType@13aa7ccc
[DEBUG] 2022-04-02 11:58:26.537 [http-nio-8080-exec-6] BasicTypeRegistry - Adding type registration locale -> org.hibernate.type.LocaleType@c0400f
[DEBUG] 2022-04-02 11:58:26.537 [http-nio-8080-exec-6] BasicTypeRegistry - Adding type registration java.util.Locale -> org.hibernate.type.LocaleType@c0400f
[DEBUG] 2022-04-02 11:58:26.538 [http-nio-8080-exec-6] BasicTypeRegistry - Adding type registration currency -> org.hibernate.type.CurrencyType@220f3bd1
[DEBUG] 2022-04-02 11:58:26.538 [http-nio-8080-exec-6] BasicTypeRegistry - Adding type registration java.util.Currency -> org.hibernate.type.CurrencyType@220f3bd1
[DEBUG] 2022-04-02 11:58:26.539 [http-nio-8080-exec-6] BasicTypeRegistry - Adding type registration timezone -> org.hibernate.type.TimeZoneType@70a97d09
[DEBUG] 2022-04-02 11:58:26.539 [http-nio-8080-exec-6] BasicTypeRegistry - Adding type registration java.util.TimeZone -> org.hibernate.type.TimeZoneType@70a97d09
[DEBUG] 2022-04-02 11:58:26.539 [http-nio-8080-exec-6] BasicTypeRegistry - Adding type registration class -> org.hibernate.type.ClassType@62034651
[DEBUG] 2022-04-02 11:58:26.539 [http-nio-8080-exec-6] BasicTypeRegistry - Adding type registration java.lang.Class -> org.hibernate.type.ClassType@62034651
[DEBUG] 2022-04-02 11:58:26.540 [http-nio-8080-exec-6] BasicTypeRegistry - Adding type registration uuid-binary -> org.hibernate.type.UUIDBinaryType@3b789ed3
[DEBUG] 2022-04-02 11:58:26.540 [http-nio-8080-exec-6] BasicTypeRegistry - Adding type registration java.util.UUID -> org.hibernate.type.UUIDBinaryType@3b789ed3
[DEBUG] 2022-04-02 11:58:26.540 [http-nio-8080-exec-6] BasicTypeRegistry - Adding type registration uuid-char -> org.hibernate.type.UUIDCharType@5ebb47e5
[DEBUG] 2022-04-02 11:58:26.542 [http-nio-8080-exec-6] BasicTypeRegistry - Adding type registration binary -> org.hibernate.type.BinaryType@3de3ad56
[DEBUG] 2022-04-02 11:58:26.542 [http-nio-8080-exec-6] BasicTypeRegistry - Adding type registration byte[] -> org.hibernate.type.BinaryType@3de3ad56
[DEBUG] 2022-04-02 11:58:26.542 [http-nio-8080-exec-6] BasicTypeRegistry - Adding type registration [B -> org.hibernate.type.BinaryType@3de3ad56
[DEBUG] 2022-04-02 11:58:26.543 [http-nio-8080-exec-6] BasicTypeRegistry - Adding type registration wrapper-binary -> org.hibernate.type.WrapperBinaryType@67352522
[DEBUG] 2022-04-02 11:58:26.544 [http-nio-8080-exec-6] BasicTypeRegistry - Adding type registration Byte[] -> org.hibernate.type.WrapperBinaryType@67352522
[DEBUG] 2022-04-02 11:58:26.544 [http-nio-8080-exec-6] BasicTypeRegistry - Adding type registration [Ljava.lang.Byte; -> org.hibernate.type.WrapperBinaryType@67352522
[DEBUG] 2022-04-02 11:58:26.545 [http-nio-8080-exec-6] BasicTypeRegistry - Adding type registration row_version -> org.hibernate.type.RowVersionType@62402e31
[DEBUG] 2022-04-02 11:58:26.545 [http-nio-8080-exec-6] BasicTypeRegistry - Adding type registration image -> org.hibernate.type.ImageType@328151d3
[DEBUG] 2022-04-02 11:58:26.546 [http-nio-8080-exec-6] BasicTypeRegistry - Adding type registration characters -> org.hibernate.type.CharArrayType@6c4b5d22
[DEBUG] 2022-04-02 11:58:26.546 [http-nio-8080-exec-6] BasicTypeRegistry - Adding type registration char[] -> org.hibernate.type.CharArrayType@6c4b5d22
[DEBUG] 2022-04-02 11:58:26.546 [http-nio-8080-exec-6] BasicTypeRegistry - Adding type registration [C -> org.hibernate.type.CharArrayType@6c4b5d22
[DEBUG] 2022-04-02 11:58:26.547 [http-nio-8080-exec-6] BasicTypeRegistry - Adding type registration wrapper-characters -> org.hibernate.type.CharacterArrayType@3255d7d3
[DEBUG] 2022-04-02 11:58:26.547 [http-nio-8080-exec-6] BasicTypeRegistry - Adding type registration [Ljava.lang.Character; -> org.hibernate.type.CharacterArrayType@3255d7d3
[DEBUG] 2022-04-02 11:58:26.547 [http-nio-8080-exec-6] BasicTypeRegistry - Adding type registration Character[] -> org.hibernate.type.CharacterArrayType@3255d7d3
[DEBUG] 2022-04-02 11:58:26.547 [http-nio-8080-exec-6] BasicTypeRegistry - Adding type registration text -> org.hibernate.type.TextType@5cb82beb
[DEBUG] 2022-04-02 11:58:26.547 [http-nio-8080-exec-6] BasicTypeRegistry - Adding type registration ntext -> org.hibernate.type.NTextType@7f57be40
[DEBUG] 2022-04-02 11:58:26.549 [http-nio-8080-exec-6] BasicTypeRegistry - Adding type registration blob -> org.hibernate.type.BlobType@2957eee4
[DEBUG] 2022-04-02 11:58:26.549 [http-nio-8080-exec-6] BasicTypeRegistry - Adding type registration java.sql.Blob -> org.hibernate.type.BlobType@2957eee4
[DEBUG] 2022-04-02 11:58:26.550 [http-nio-8080-exec-6] BasicTypeRegistry - Adding type registration materialized_blob -> org.hibernate.type.MaterializedBlobType@6e6503fe
[DEBUG] 2022-04-02 11:58:26.551 [http-nio-8080-exec-6] BasicTypeRegistry - Adding type registration clob -> org.hibernate.type.ClobType@6197f29e
[DEBUG] 2022-04-02 11:58:26.551 [http-nio-8080-exec-6] BasicTypeRegistry - Adding type registration java.sql.Clob -> org.hibernate.type.ClobType@6197f29e
[DEBUG] 2022-04-02 11:58:26.552 [http-nio-8080-exec-6] BasicTypeRegistry - Adding type registration nclob -> org.hibernate.type.NClobType@fc39992
[DEBUG] 2022-04-02 11:58:26.552 [http-nio-8080-exec-6] BasicTypeRegistry - Adding type registration java.sql.NClob -> org.hibernate.type.NClobType@fc39992
[DEBUG] 2022-04-02 11:58:26.552 [http-nio-8080-exec-6] BasicTypeRegistry - Adding type registration materialized_clob -> org.hibernate.type.MaterializedClobType@d3786a6
[DEBUG] 2022-04-02 11:58:26.553 [http-nio-8080-exec-6] BasicTypeRegistry - Adding type registration materialized_nclob -> org.hibernate.type.MaterializedNClobType@49eaa7d8
[DEBUG] 2022-04-02 11:58:26.554 [http-nio-8080-exec-6] BasicTypeRegistry - Adding type registration serializable -> org.hibernate.type.SerializableType@10fa7a01
[DEBUG] 2022-04-02 11:58:26.557 [http-nio-8080-exec-6] BasicTypeRegistry - Adding type registration object -> org.hibernate.type.ObjectType@77709dcf
[DEBUG] 2022-04-02 11:58:26.557 [http-nio-8080-exec-6] BasicTypeRegistry - Adding type registration java.lang.Object -> org.hibernate.type.ObjectType@77709dcf
[DEBUG] 2022-04-02 11:58:26.558 [http-nio-8080-exec-6] BasicTypeRegistry - Adding type registration imm_date -> org.hibernate.type.AdaptedImmutableType@65fa5969
[DEBUG] 2022-04-02 11:58:26.558 [http-nio-8080-exec-6] BasicTypeRegistry - Adding type registration imm_time -> org.hibernate.type.AdaptedImmutableType@57653b89
[DEBUG] 2022-04-02 11:58:26.558 [http-nio-8080-exec-6] BasicTypeRegistry - Adding type registration imm_timestamp -> org.hibernate.type.AdaptedImmutableType@4b7aeadc
[DEBUG] 2022-04-02 11:58:26.558 [http-nio-8080-exec-6] BasicTypeRegistry - Adding type registration imm_dbtimestamp -> org.hibernate.type.AdaptedImmutableType@64c6580a
[DEBUG] 2022-04-02 11:58:26.558 [http-nio-8080-exec-6] BasicTypeRegistry - Adding type registration imm_calendar -> org.hibernate.type.AdaptedImmutableType@53c064ea
[DEBUG] 2022-04-02 11:58:26.558 [http-nio-8080-exec-6] BasicTypeRegistry - Adding type registration imm_calendar_date -> org.hibernate.type.AdaptedImmutableType@2d87b468
[DEBUG] 2022-04-02 11:58:26.558 [http-nio-8080-exec-6] BasicTypeRegistry - Adding type registration imm_binary -> org.hibernate.type.AdaptedImmutableType@31b7970e
[DEBUG] 2022-04-02 11:58:26.558 [http-nio-8080-exec-6] BasicTypeRegistry - Adding type registration imm_serializable -> org.hibernate.type.AdaptedImmutableType@67679f3a
[DEBUG] 2022-04-02 11:58:26.587 [http-nio-8080-exec-6] DefaultIdentifierGeneratorFactory - Registering IdentifierGenerator strategy [uuid2] -> [org.hibernate.id.UUIDGenerator]
[DEBUG] 2022-04-02 11:58:26.590 [http-nio-8080-exec-6] DefaultIdentifierGeneratorFactory - Registering IdentifierGenerator strategy [guid] -> [org.hibernate.id.GUIDGenerator]
[DEBUG] 2022-04-02 11:58:26.591 [http-nio-8080-exec-6] DefaultIdentifierGeneratorFactory - Registering IdentifierGenerator strategy [uuid] -> [org.hibernate.id.UUIDHexGenerator]
[DEBUG] 2022-04-02 11:58:26.591 [http-nio-8080-exec-6] DefaultIdentifierGeneratorFactory - Registering IdentifierGenerator strategy [uuid.hex] -> [org.hibernate.id.UUIDHexGenerator]
[DEBUG] 2022-04-02 11:58:26.591 [http-nio-8080-exec-6] DefaultIdentifierGeneratorFactory - Registering IdentifierGenerator strategy [assigned] -> [org.hibernate.id.Assigned]
[DEBUG] 2022-04-02 11:58:26.592 [http-nio-8080-exec-6] DefaultIdentifierGeneratorFactory - Registering IdentifierGenerator strategy [identity] -> [org.hibernate.id.IdentityGenerator]
[DEBUG] 2022-04-02 11:58:26.593 [http-nio-8080-exec-6] DefaultIdentifierGeneratorFactory - Registering IdentifierGenerator strategy [select] -> [org.hibernate.id.SelectGenerator]
[DEBUG] 2022-04-02 11:58:26.594 [http-nio-8080-exec-6] DefaultIdentifierGeneratorFactory - Registering IdentifierGenerator strategy [sequence] -> [org.hibernate.id.enhanced.SequenceStyleGenerator]
[DEBUG] 2022-04-02 11:58:26.594 [http-nio-8080-exec-6] DefaultIdentifierGeneratorFactory - Registering IdentifierGenerator strategy [seqhilo] -> [org.hibernate.id.SequenceHiLoGenerator]
[DEBUG] 2022-04-02 11:58:26.595 [http-nio-8080-exec-6] DefaultIdentifierGeneratorFactory - Registering IdentifierGenerator strategy [increment] -> [org.hibernate.id.IncrementGenerator]
[DEBUG] 2022-04-02 11:58:26.595 [http-nio-8080-exec-6] DefaultIdentifierGeneratorFactory - Registering IdentifierGenerator strategy [foreign] -> [org.hibernate.id.ForeignGenerator]
[DEBUG] 2022-04-02 11:58:26.595 [http-nio-8080-exec-6] DefaultIdentifierGeneratorFactory - Registering IdentifierGenerator strategy [sequence-identity] -> [org.hibernate.id.SequenceIdentityGenerator]
[DEBUG] 2022-04-02 11:58:26.596 [http-nio-8080-exec-6] DefaultIdentifierGeneratorFactory - Registering IdentifierGenerator strategy [enhanced-sequence] -> [org.hibernate.id.enhanced.SequenceStyleGenerator]
[DEBUG] 2022-04-02 11:58:26.597 [http-nio-8080-exec-6] DefaultIdentifierGeneratorFactory - Registering IdentifierGenerator strategy [enhanced-table] -> [org.hibernate.id.enhanced.TableGenerator]
[INFO ] 2022-04-02 11:58:26.603 [http-nio-8080-exec-6] C3P0ConnectionProvider - HHH010002: C3P0 using driver: com.mysql.cj.jdbc.Driver at URL: jdbc:mysql://localhost:3306/wdev?serverTimezone=UTC
[INFO ] 2022-04-02 11:58:26.603 [http-nio-8080-exec-6] C3P0ConnectionProvider - HHH10001001: Connection properties: {password=****, user=root}
[INFO ] 2022-04-02 11:58:26.603 [http-nio-8080-exec-6] C3P0ConnectionProvider - HHH10001003: Autocommit mode: false
[INFO ] 2022-04-02 11:58:26.774 [http-nio-8080-exec-6] C3P0ConnectionProvider - HHH10001007: JDBC isolation level: <unknown>
[DEBUG] 2022-04-02 11:58:27.434 [http-nio-8080-exec-6] JdbcEnvironmentInitiator - Database ->
       name : MySQL
    version : 8.0.28
      major : 8
      minor : 0
[DEBUG] 2022-04-02 11:58:27.438 [http-nio-8080-exec-6] JdbcEnvironmentInitiator - Driver ->
       name : MySQL Connector/J
    version : mysql-connector-java-8.0.28 (Revision: 7ff2161da3899f379fb3171b6538b191b1c5c7e2)
      major : 8
      minor : 0
[DEBUG] 2022-04-02 11:58:27.439 [http-nio-8080-exec-6] JdbcEnvironmentInitiator - JDBC version : 4.2
[INFO ] 2022-04-02 11:58:27.477 [http-nio-8080-exec-6] Dialect - HHH000400: Using dialect: org.hibernate.dialect.MySQL8Dialect
[DEBUG] 2022-04-02 11:58:27.536 [http-nio-8080-exec-6] IdentifierHelperBuilder - JDBC driver metadata reported database stores quoted identifiers in more than one case
[DEBUG] 2022-04-02 11:58:27.582 [http-nio-8080-exec-6] IdentifierHelperBuilder - IdentifierCaseStrategy for both quoted and unquoted identifiers was set to the same strategy [MIXED]; that will likely lead to problems in schema update and validation if using quoted identifiers
[DEBUG] 2022-04-02 11:58:27.623 [http-nio-8080-exec-6] Namespace - Created database namespace [logicalName=Name{catalog=null, schema=null}, physicalName=Name{catalog=null, schema=null}]
[DEBUG] 2022-04-02 11:58:27.629 [http-nio-8080-exec-6] TypeConfiguration$Scope - Scoping TypeConfiguration [org.hibernate.type.spi.TypeConfiguration@4886bfa] to MetadataBuildingContext [org.hibernate.boot.internal.MetadataBuildingContextRootImpl@461f82a0]
[DEBUG] 2022-04-02 11:58:27.688 [http-nio-8080-exec-6] AnnotationBinder - Binding entity from annotated class: com.palmerlarson.entity.User
[DEBUG] 2022-04-02 11:58:27.707 [http-nio-8080-exec-6] Ejb3Column - Binding column: Ejb3DiscriminatorColumn{logicalColumnName'DTYPE', discriminatorTypeName='string'}
[DEBUG] 2022-04-02 11:58:27.712 [http-nio-8080-exec-6] EntityBinder - Import with entity name User
[DEBUG] 2022-04-02 11:58:27.714 [http-nio-8080-exec-6] EntityBinder - Bind entity com.palmerlarson.entity.User on table user
[DEBUG] 2022-04-02 11:58:27.748 [http-nio-8080-exec-6] Ejb3Column - Binding column: Ejb3Column{table=org.hibernate.mapping.Table(user), mappingColumn=id, insertable=true, updatable=true, unique=false}
[DEBUG] 2022-04-02 11:58:27.750 [http-nio-8080-exec-6] PropertyBinder - MetadataSourceProcessor property id with lazy=false
[DEBUG] 2022-04-02 11:58:27.751 [http-nio-8080-exec-6] AbstractPropertyHolder - Attempting to locate auto-apply AttributeConverter for property [com.palmerlarson.entity.User:id]
[DEBUG] 2022-04-02 11:58:27.753 [http-nio-8080-exec-6] SimpleValueBinder - building SimpleValue for id
[DEBUG] 2022-04-02 11:58:27.755 [http-nio-8080-exec-6] PropertyBinder - Building property id
[DEBUG] 2022-04-02 11:58:27.758 [http-nio-8080-exec-6] BinderHelper - #makeIdGenerator(org.hibernate.mapping.SimpleValue([org.hibernate.mapping.Column(id)]), id, org.hibernate.id.enhanced.SequenceStyleGenerator, native, ...)
[DEBUG] 2022-04-02 11:58:27.760 [http-nio-8080-exec-6] Ejb3Column - Binding column: Ejb3Column{table=org.hibernate.mapping.Table(user), mappingColumn=first_name, insertable=true, updatable=true, unique=false}
[DEBUG] 2022-04-02 11:58:27.760 [http-nio-8080-exec-6] PropertyBinder - MetadataSourceProcessor property first_name with lazy=false
[DEBUG] 2022-04-02 11:58:27.760 [http-nio-8080-exec-6] AbstractPropertyHolder - Attempting to locate auto-apply AttributeConverter for property [com.palmerlarson.entity.User:first_name]
[DEBUG] 2022-04-02 11:58:27.760 [http-nio-8080-exec-6] SimpleValueBinder - building SimpleValue for first_name
[DEBUG] 2022-04-02 11:58:27.760 [http-nio-8080-exec-6] PropertyBinder - Building property first_name
[DEBUG] 2022-04-02 11:58:27.760 [http-nio-8080-exec-6] Ejb3Column - Binding column: Ejb3Column{table=org.hibernate.mapping.Table(user), mappingColumn=gross_income, insertable=true, updatable=true, unique=false}
[DEBUG] 2022-04-02 11:58:27.760 [http-nio-8080-exec-6] PropertyBinder - MetadataSourceProcessor property gross_income with lazy=false
[DEBUG] 2022-04-02 11:58:27.760 [http-nio-8080-exec-6] AbstractPropertyHolder - Attempting to locate auto-apply AttributeConverter for property [com.palmerlarson.entity.User:gross_income]
[DEBUG] 2022-04-02 11:58:27.760 [http-nio-8080-exec-6] SimpleValueBinder - building SimpleValue for gross_income
[DEBUG] 2022-04-02 11:58:27.760 [http-nio-8080-exec-6] PropertyBinder - Building property gross_income
[DEBUG] 2022-04-02 11:58:27.760 [http-nio-8080-exec-6] Ejb3Column - Binding column: Ejb3Column{table=org.hibernate.mapping.Table(user), mappingColumn=last_name, insertable=true, updatable=true, unique=false}
[DEBUG] 2022-04-02 11:58:27.760 [http-nio-8080-exec-6] PropertyBinder - MetadataSourceProcessor property last_name with lazy=false
[DEBUG] 2022-04-02 11:58:27.760 [http-nio-8080-exec-6] AbstractPropertyHolder - Attempting to locate auto-apply AttributeConverter for property [com.palmerlarson.entity.User:last_name]
[DEBUG] 2022-04-02 11:58:27.760 [http-nio-8080-exec-6] SimpleValueBinder - building SimpleValue for last_name
[DEBUG] 2022-04-02 11:58:27.761 [http-nio-8080-exec-6] PropertyBinder - Building property last_name
[DEBUG] 2022-04-02 11:58:27.761 [http-nio-8080-exec-6] Ejb3Column - Binding column: Ejb3Column{table=org.hibernate.mapping.Table(user), mappingColumn=user_email, insertable=true, updatable=true, unique=false}
[DEBUG] 2022-04-02 11:58:27.761 [http-nio-8080-exec-6] PropertyBinder - MetadataSourceProcessor property user_email with lazy=false
[DEBUG] 2022-04-02 11:58:27.761 [http-nio-8080-exec-6] AbstractPropertyHolder - Attempting to locate auto-apply AttributeConverter for property [com.palmerlarson.entity.User:user_email]
[DEBUG] 2022-04-02 11:58:27.761 [http-nio-8080-exec-6] SimpleValueBinder - building SimpleValue for user_email
[DEBUG] 2022-04-02 11:58:27.761 [http-nio-8080-exec-6] PropertyBinder - Building property user_email
[DEBUG] 2022-04-02 11:58:27.765 [http-nio-8080-exec-6] SimpleValueBinder - Starting fillSimpleValue for id
[DEBUG] 2022-04-02 11:58:27.766 [http-nio-8080-exec-6] SimpleValueBinder - Starting fillSimpleValue for first_name
[DEBUG] 2022-04-02 11:58:27.767 [http-nio-8080-exec-6] SimpleValueBinder - Starting fillSimpleValue for gross_income
[DEBUG] 2022-04-02 11:58:27.767 [http-nio-8080-exec-6] SimpleValueBinder - Starting fillSimpleValue for last_name
[DEBUG] 2022-04-02 11:58:27.767 [http-nio-8080-exec-6] SimpleValueBinder - Starting fillSimpleValue for user_email
[DEBUG] 2022-04-02 11:58:27.768 [http-nio-8080-exec-6] PrimaryKey - Forcing column [id] to be non-null as it is part of the primary key for table [user]
[DEBUG] 2022-04-02 11:58:27.800 [http-nio-8080-exec-6] SessionFactoryImpl - Building session factory
[DEBUG] 2022-04-02 11:58:27.801 [http-nio-8080-exec-6] Settings - SessionFactory name : null
[DEBUG] 2022-04-02 11:58:27.802 [http-nio-8080-exec-6] Settings - Automatic flush during beforeCompletion(): enabled
[DEBUG] 2022-04-02 11:58:27.802 [http-nio-8080-exec-6] Settings - Automatic session close at end of transaction: disabled
[DEBUG] 2022-04-02 11:58:27.802 [http-nio-8080-exec-6] Settings - Statistics: disabled
[DEBUG] 2022-04-02 11:58:27.802 [http-nio-8080-exec-6] Settings - Deleted entity synthetic identifier rollback: disabled
[DEBUG] 2022-04-02 11:58:27.802 [http-nio-8080-exec-6] Settings - Default entity-mode: pojo
[DEBUG] 2022-04-02 11:58:27.802 [http-nio-8080-exec-6] Settings - Check Nullability in Core (should be disabled when Bean Validation is on): enabled
[DEBUG] 2022-04-02 11:58:27.802 [http-nio-8080-exec-6] Settings - Allow initialization of lazy state outside session : disabled
[DEBUG] 2022-04-02 11:58:27.802 [http-nio-8080-exec-6] Settings - Using BatchFetchStyle : LEGACY
[DEBUG] 2022-04-02 11:58:27.802 [http-nio-8080-exec-6] Settings - Default batch fetch size: -1
[DEBUG] 2022-04-02 11:58:27.802 [http-nio-8080-exec-6] Settings - Maximum outer join fetch depth: 2
[DEBUG] 2022-04-02 11:58:27.803 [http-nio-8080-exec-6] Settings - Default null ordering: NONE
[DEBUG] 2022-04-02 11:58:27.803 [http-nio-8080-exec-6] Settings - Order SQL updates by primary key: disabled
[DEBUG] 2022-04-02 11:58:27.803 [http-nio-8080-exec-6] Settings - Order SQL inserts for batching: disabled
[DEBUG] 2022-04-02 11:58:27.803 [http-nio-8080-exec-6] Settings - multi-tenancy strategy : NONE
[DEBUG] 2022-04-02 11:58:27.803 [http-nio-8080-exec-6] Settings - JTA Track by Thread: enabled
[DEBUG] 2022-04-02 11:58:27.803 [http-nio-8080-exec-6] Settings - Query language substitutions: {}
[DEBUG] 2022-04-02 11:58:27.803 [http-nio-8080-exec-6] Settings - Named query checking : enabled
[DEBUG] 2022-04-02 11:58:27.803 [http-nio-8080-exec-6] Settings - Second-level cache: disabled
[DEBUG] 2022-04-02 11:58:27.803 [http-nio-8080-exec-6] Settings - Second-level query cache: disabled
[DEBUG] 2022-04-02 11:58:27.803 [http-nio-8080-exec-6] Settings - Second-level query cache factory: null
[DEBUG] 2022-04-02 11:58:27.803 [http-nio-8080-exec-6] Settings - Second-level cache region prefix: null
[DEBUG] 2022-04-02 11:58:27.803 [http-nio-8080-exec-6] Settings - Optimize second-level cache for minimal puts: disabled
[DEBUG] 2022-04-02 11:58:27.803 [http-nio-8080-exec-6] Settings - Structured second-level cache entries: disabled
[DEBUG] 2022-04-02 11:58:27.803 [http-nio-8080-exec-6] Settings - Second-level cache direct-reference entries: disabled
[DEBUG] 2022-04-02 11:58:27.803 [http-nio-8080-exec-6] Settings - Automatic eviction of collection cache: disabled
[DEBUG] 2022-04-02 11:58:27.803 [http-nio-8080-exec-6] Settings - JDBC batch size: 15
[DEBUG] 2022-04-02 11:58:27.803 [http-nio-8080-exec-6] Settings - JDBC batch updates for versioned data: enabled
[DEBUG] 2022-04-02 11:58:27.803 [http-nio-8080-exec-6] Settings - Scrollable result sets: enabled
[DEBUG] 2022-04-02 11:58:27.803 [http-nio-8080-exec-6] Settings - Wrap result sets: disabled
[DEBUG] 2022-04-02 11:58:27.803 [http-nio-8080-exec-6] Settings - JDBC3 getGeneratedKeys(): enabled
[DEBUG] 2022-04-02 11:58:27.803 [http-nio-8080-exec-6] Settings - JDBC result set fetch size: null
[DEBUG] 2022-04-02 11:58:27.803 [http-nio-8080-exec-6] Settings - Connection release mode: AFTER_TRANSACTION
[DEBUG] 2022-04-02 11:58:27.803 [http-nio-8080-exec-6] Settings - Generate SQL with comments: disabled
[DEBUG] 2022-04-02 11:58:27.803 [http-nio-8080-exec-6] Settings - JPA compliance - query : 
[DEBUG] 2022-04-02 11:58:27.803 [http-nio-8080-exec-6] Settings - JPA compliance - closed-handling : 
[DEBUG] 2022-04-02 11:58:27.803 [http-nio-8080-exec-6] Settings - JPA compliance - lists : 
[DEBUG] 2022-04-02 11:58:27.804 [http-nio-8080-exec-6] Settings - JPA compliance - transactions : 
[INFO ] 2022-04-02 11:58:27.862 [http-nio-8080-exec-6] beans - HHH10005002: No explicit CDI BeanManager reference was passed to Hibernate, but CDI is available on the Hibernate ClassLoader.
[DEBUG] 2022-04-02 11:58:27.880 [http-nio-8080-exec-6] SessionFactoryImpl - Session factory constructed with filter configurations : {}
[DEBUG] 2022-04-02 11:58:27.880 [http-nio-8080-exec-6] SessionFactoryImpl - Instantiating session factory with properties: {awt.toolkit=sun.lwawt.macosx.LWCToolkit, java.specification.version=11, sun.cpu.isalist=, hibernate.c3p0.idle_test_period=3000, sun.jnu.encoding=UTF-8, hibernate.c3p0.min_size=5, sun.arch.data.model=64, java.vendor.url=https://openjdk.java.net/, catalina.useNaming=true, sun.boot.library.path=/Library/Java/JavaVirtualMachines/jdk-11.0.14.jdk/Contents/Home/lib, com.sun.management.jmxremote.ssl=false, sun.java.command=org.apache.catalina.startup.Bootstrap start, jdk.debug=release, java.specification.vendor=Oracle Corporation, java.naming.factory.url.pkgs=org.apache.naming, java.version.date=2022-01-18, java.home=/Library/Java/JavaVirtualMachines/jdk-11.0.14.jdk/Contents/Home, ignore.endorsed.dirs=, file.separator=/, java.vm.compressedOopsMode=Zero based, line.separator=
, hibernate.c3p0.timeout=300, java.specification.name=Java Platform API Specification, java.vm.specification.vendor=Oracle Corporation, com.sun.management.jmxremote.password.file=/Users/palmerlarson/Library/Caches/JetBrains/IntelliJIdea2021.3/tomcat/54adfaba-4143-4fd0-89ea-4e1c570d360d/jmxremote.password, package.definition=sun.,java.,org.apache.catalina.,org.apache.coyote.,org.apache.jasper.,org.apache.naming.,org.apache.tomcat., jdk.tls.ephemeralDHKeySize=2048, java.util.logging.config.file=/Users/palmerlarson/Library/Caches/JetBrains/IntelliJIdea2021.3/tomcat/54adfaba-4143-4fd0-89ea-4e1c570d360d/conf/logging.properties, java.protocol.handler.pkgs=org.apache.catalina.webresources, connection.password=palmer1995, sun.management.compiler=HotSpot 64-Bit Tiered Compilers, java.runtime.version=11.0.14+8-LTS-263, user.name=palmerlarson, file.encoding=UTF-8, java.vendor.version=18.9, org.apache.catalina.security.SecurityListener.UMASK=0027, hibernate.connection.driver_class=com.mysql.cj.jdbc.Driver, java.io.tmpdir=/Users/palmerlarson/Spring 2022/Ent Java/Tomcat/temp, tomcat.util.scan.StandardJarScanFilter.jarsToScan=log4j-taglib*.jar,log4j-web*.jar,log4javascript*.jar,slf4j-taglib*.jar, com.sun.management.jmxremote.port=1099, java.version=11.0.14, tomcat.util.scan.StandardJarScanFilter.jarsToSkip=annotations-api.jar,ant-junit*.jar,ant-launcher.jar,ant.jar,asm-*.jar,aspectj*.jar,bootstrap.jar,catalina-ant.jar,catalina-ha.jar,catalina-jmx-remote.jar,catalina-storeconfig.jar,catalina-tribes.jar,catalina-ws.jar,catalina.jar,cglib-*.jar,cobertura-*.jar,commons-beanutils*.jar,commons-codec*.jar,commons-collections*.jar,commons-daemon.jar,commons-dbcp*.jar,commons-digester*.jar,commons-fileupload*.jar,commons-httpclient*.jar,commons-io*.jar,commons-lang*.jar,commons-logging*.jar,commons-math*.jar,commons-pool*.jar,derby-*.jar,dom4j-*.jar,easymock-*.jar,ecj-*.jar,el-api.jar,geronimo-spec-jaxrpc*.jar,h2*.jar,hamcrest-*.jar,hibernate*.jar,httpclient*.jar,icu4j-*.jar,jasper-el.jar,jasper.jar,jaspic-api.jar,jaxb-*.jar,jaxen-*.jar,jdom-*.jar,jetty-*.jar,jmx-tools.jar,jmx.jar,jsp-api.jar,jstl.jar,jta*.jar,junit-*.jar,junit.jar,log4j*.jar,mail*.jar,objenesis-*.jar,oraclepki.jar,oro-*.jar,servlet-api-*.jar,servlet-api.jar,slf4j*.jar,taglibs-standard-spec-*.jar,tagsoup-*.jar,tomcat-api.jar,tomcat-coyote.jar,tomcat-dbcp.jar,tomcat-i18n-*.jar,tomcat-jdbc.jar,tomcat-jni.jar,tomcat-juli-adapters.jar,tomcat-juli.jar,tomcat-util-scan.jar,tomcat-util.jar,tomcat-websocket.jar,tools.jar,websocket-api.jar,wsdl4j*.jar,xercesImpl.jar,xml-apis.jar,xmlParserAPIs-*.jar,xmlParserAPIs.jar,xom-*.jar, connection.username=root, java.vm.specification.name=Java Virtual Machine Specification, java.awt.printerjob=sun.lwawt.macosx.CPrinterJob, sun.os.patch.level=unknown, connection.driver_class=com.mysql.cj.jdbc.Driver, java.library.path=/Users/palmerlarson/Library/Java/Extensions:/Library/Java/Extensions:/Network/Library/Java/Extensions:/System/Library/Java/Extensions:/usr/lib/java:., java.vendor=Oracle Corporation, java.rmi.server.randomIDs=true, sun.io.unicode.encoding=UnicodeBig, tomcat.util.buf.StringCache.byte.enabled=true, socksNonProxyHosts=local|*.local|169.254/16|*.169.254/16, gopherProxySet=false, java.class.path=/Users/palmerlarson/Spring 2022/Ent Java/Tomcat/bin/bootstrap.jar:/Users/palmerlarson/Spring 2022/Ent Java/Tomcat/bin/tomcat-juli.jar, java.vm.vendor=Oracle Corporation, user.timezone=America/Chicago, os.name=Mac OS X, java.vm.specification.version=11, sun.java.launcher=SUN_STANDARD, user.country=US, http.nonProxyHosts=local|*.local|169.254/16|*.169.254/16, com.sun.management.jmxremote=, sun.cpu.endian=little, user.home=/Users/palmerlarson, hibernate.c3p0.max_statements=50, user.language=en, java.awt.graphicsenv=sun.awt.CGraphicsEnvironment, package.access=sun.,org.apache.catalina.,org.apache.coyote.,org.apache.jasper.,org.apache.tomcat., server.loader=, com.sun.management.jmxremote.access.file=/Users/palmerlarson/Library/Caches/JetBrains/IntelliJIdea2021.3/tomcat/54adfaba-4143-4fd0-89ea-4e1c570d360d/jmxremote.access, ftp.nonProxyHosts=local|*.local|169.254/16|*.169.254/16, hibernate.c3p0.max_size=20, java.naming.factory.initial=org.apache.naming.java.javaURLContextFactory, path.separator=:, common.loader="/Users/palmerlarson/Spring 2022/Ent Java/Tomcat/lib","/Users/palmerlarson/Spring 2022/Ent Java/Tomcat/lib/*.jar","/Users/palmerlarson/Spring 2022/Ent Java/Tomcat/lib","/Users/palmerlarson/Spring 2022/Ent Java/Tomcat/lib/*.jar", hibernate.connection.username=****, os.version=12.3.1, java.runtime.name=Java(TM) SE Runtime Environment, hibernate.connection.url=jdbc:mysql://localhost:3306/wdev?serverTimezone=UTC, java.vm.name=Java HotSpot(TM) 64-Bit Server VM, java.vendor.url.bug=https://bugreport.java.com/bugreport/, catalina.home=/Users/palmerlarson/Spring 2022/Ent Java/Tomcat, user.dir=/Users/palmerlarson/Spring 2022/Ent Java/Tomcat/bin, os.arch=x86_64, hibernate.connection.password=****, catalina.base=/Users/palmerlarson/Library/Caches/JetBrains/IntelliJIdea2021.3/tomcat/54adfaba-4143-4fd0-89ea-4e1c570d360d, shared.loader=, hibernate.boot.CfgXmlAccessService.key=org.hibernate.boot.cfgxml.spi.LoadedConfig@1628898f, java.util.logging.manager=org.apache.juli.ClassLoaderLogManager, java.vm.info=mixed mode, java.vm.version=11.0.14+8-LTS-263, hibernate.bytecode.use_reflection_optimizer=false, java.rmi.server.hostname=127.0.0.1, connection.url=jdbc:mysql://localhost:3306/wdev?serverTimezone=UTC, java.class.version=55.0}
[DEBUG] 2022-04-02 11:58:27.901 [http-nio-8080-exec-6] TypeSafeActivator - Unable to acquire Bean Validation ValidatorFactory, skipping activation
[DEBUG] 2022-04-02 11:58:27.901 [http-nio-8080-exec-6] JaccIntegrator - Skipping JACC integration as it was not enabled
[DEBUG] 2022-04-02 11:58:27.903 [http-nio-8080-exec-6] SessionFactoryImpl - Instantiated session factory
[DEBUG] 2022-04-02 11:58:27.903 [http-nio-8080-exec-6] TypeConfiguration$Scope - Scoping TypeConfiguration [org.hibernate.type.spi.TypeConfiguration@4886bfa] to SessionFactoryImpl [org.hibernate.internal.SessionFactoryImpl@a7c6b26]
[DEBUG] 2022-04-02 11:58:28.001 [http-nio-8080-exec-6] ClassLoaderAccessImpl - Not known whether passed class name [com.palmerlarson.entity.User] is safe
[DEBUG] 2022-04-02 11:58:28.004 [http-nio-8080-exec-6] ClassLoaderAccessImpl - No temp ClassLoader provided; using live ClassLoader for loading potentially unsafe class : com.palmerlarson.entity.User
[DEBUG] 2022-04-02 11:58:28.029 [http-nio-8080-exec-6] ClassLoaderAccessImpl - Not known whether passed class name [com.palmerlarson.entity.User] is safe
[DEBUG] 2022-04-02 11:58:28.029 [http-nio-8080-exec-6] ClassLoaderAccessImpl - No temp ClassLoader provided; using live ClassLoader for loading potentially unsafe class : com.palmerlarson.entity.User
[DEBUG] 2022-04-02 11:58:28.244 [http-nio-8080-exec-6] AbstractEntityPersister - Static SQL for entity: com.palmerlarson.entity.User
[DEBUG] 2022-04-02 11:58:28.244 [http-nio-8080-exec-6] AbstractEntityPersister -  Version select: select id from user where id =?
[DEBUG] 2022-04-02 11:58:28.244 [http-nio-8080-exec-6] AbstractEntityPersister -  Snapshot select: select user_.id, user_.first_name as first_na2_0_, user_.gross_income as gross_in3_0_, user_.last_name as last_nam4_0_, user_.user_email as user_ema5_0_ from user user_ where user_.id=?
[DEBUG] 2022-04-02 11:58:28.244 [http-nio-8080-exec-6] AbstractEntityPersister -  Insert 0: insert into user (first_name, gross_income, last_name, user_email, id) values (?, ?, ?, ?, ?)
[DEBUG] 2022-04-02 11:58:28.244 [http-nio-8080-exec-6] AbstractEntityPersister -  Update 0: update user set first_name=?, gross_income=?, last_name=?, user_email=? where id=?
[DEBUG] 2022-04-02 11:58:28.244 [http-nio-8080-exec-6] AbstractEntityPersister -  Delete 0: delete from user where id=?
[DEBUG] 2022-04-02 11:58:28.244 [http-nio-8080-exec-6] AbstractEntityPersister -  Identity insert: insert into user (first_name, gross_income, last_name, user_email) values (?, ?, ?, ?)
[DEBUG] 2022-04-02 11:58:28.267 [http-nio-8080-exec-6] QuerySpacesImpl - Adding QuerySpace : uid = <gen:0> -> org.hibernate.loader.plan.build.internal.spaces.EntityQuerySpaceImpl@316bf4d8]
[DEBUG] 2022-04-02 11:58:28.269 [http-nio-8080-exec-6] MetamodelGraphWalker - Visiting attribute path : first_name
[DEBUG] 2022-04-02 11:58:28.269 [http-nio-8080-exec-6] MetamodelGraphWalker - Visiting attribute path : gross_income
[DEBUG] 2022-04-02 11:58:28.269 [http-nio-8080-exec-6] MetamodelGraphWalker - Visiting attribute path : last_name
[DEBUG] 2022-04-02 11:58:28.269 [http-nio-8080-exec-6] MetamodelGraphWalker - Visiting attribute path : user_email
[DEBUG] 2022-04-02 11:58:28.269 [http-nio-8080-exec-6] FetchStyleLoadPlanBuildingAssociationVisitationStrategy - Building LoadPlan...
[DEBUG] 2022-04-02 11:58:28.281 [http-nio-8080-exec-6] LoadQueryJoinAndFetchProcessor - processing queryspace <gen:0>
[DEBUG] 2022-04-02 11:58:28.286 [http-nio-8080-exec-6] LoadPlanTreePrinter - LoadPlan(entity=com.palmerlarson.entity.User)
    - Returns
       - EntityReturnImpl(entity=com.palmerlarson.entity.User, querySpaceUid=<gen:0>, path=com.palmerlarson.entity.User)
    - QuerySpaces
       - EntityQuerySpaceImpl(uid=<gen:0>, entity=com.palmerlarson.entity.User)
          - SQL table alias mapping - user0_
          - alias suffix - 0_
          - suffixed key columns - {id1_0_0_}

[DEBUG] 2022-04-02 11:58:28.288 [http-nio-8080-exec-6] EntityLoader - Static select for entity com.palmerlarson.entity.User [NONE]: select user0_.id as id1_0_0_, user0_.first_name as first_na2_0_0_, user0_.gross_income as gross_in3_0_0_, user0_.last_name as last_nam4_0_0_, user0_.user_email as user_ema5_0_0_ from user user0_ where user0_.id=?
[DEBUG] 2022-04-02 11:58:28.289 [http-nio-8080-exec-6] QuerySpacesImpl - Adding QuerySpace : uid = <gen:0> -> org.hibernate.loader.plan.build.internal.spaces.EntityQuerySpaceImpl@4c5a552a]
[DEBUG] 2022-04-02 11:58:28.289 [http-nio-8080-exec-6] MetamodelGraphWalker - Visiting attribute path : first_name
[DEBUG] 2022-04-02 11:58:28.290 [http-nio-8080-exec-6] MetamodelGraphWalker - Visiting attribute path : gross_income
[DEBUG] 2022-04-02 11:58:28.291 [http-nio-8080-exec-6] MetamodelGraphWalker - Visiting attribute path : last_name
[DEBUG] 2022-04-02 11:58:28.291 [http-nio-8080-exec-6] MetamodelGraphWalker - Visiting attribute path : user_email
[DEBUG] 2022-04-02 11:58:28.292 [http-nio-8080-exec-6] FetchStyleLoadPlanBuildingAssociationVisitationStrategy - Building LoadPlan...
[DEBUG] 2022-04-02 11:58:28.292 [http-nio-8080-exec-6] LoadQueryJoinAndFetchProcessor - processing queryspace <gen:0>
[DEBUG] 2022-04-02 11:58:28.292 [http-nio-8080-exec-6] LoadPlanTreePrinter - LoadPlan(entity=com.palmerlarson.entity.User)
    - Returns
       - EntityReturnImpl(entity=com.palmerlarson.entity.User, querySpaceUid=<gen:0>, path=com.palmerlarson.entity.User)
    - QuerySpaces
       - EntityQuerySpaceImpl(uid=<gen:0>, entity=com.palmerlarson.entity.User)
          - SQL table alias mapping - user0_
          - alias suffix - 0_
          - suffixed key columns - {id1_0_0_}

[DEBUG] 2022-04-02 11:58:28.292 [http-nio-8080-exec-6] EntityLoader - Static select for entity com.palmerlarson.entity.User [READ]: select user0_.id as id1_0_0_, user0_.first_name as first_na2_0_0_, user0_.gross_income as gross_in3_0_0_, user0_.last_name as last_nam4_0_0_, user0_.user_email as user_ema5_0_0_ from user user0_ where user0_.id=?
[DEBUG] 2022-04-02 11:58:28.304 [http-nio-8080-exec-6] Loader - Static select for action ACTION_MERGE on entity com.palmerlarson.entity.User: select user0_.id as id1_0_0_, user0_.first_name as first_na2_0_0_, user0_.gross_income as gross_in3_0_0_, user0_.last_name as last_nam4_0_0_, user0_.user_email as user_ema5_0_0_ from user user0_ where user0_.id=?
[DEBUG] 2022-04-02 11:58:28.304 [http-nio-8080-exec-6] Loader - Static select for action ACTION_REFRESH on entity com.palmerlarson.entity.User: select user0_.id as id1_0_0_, user0_.first_name as first_na2_0_0_, user0_.gross_income as gross_in3_0_0_, user0_.last_name as last_nam4_0_0_, user0_.user_email as user_ema5_0_0_ from user user0_ where user0_.id=?
[DEBUG] 2022-04-02 11:58:28.332 [http-nio-8080-exec-6] SchemaManagementToolCoordinator - No actions specified; doing nothing
[DEBUG] 2022-04-02 11:58:28.332 [http-nio-8080-exec-6] JtaPlatformInitiator - No JtaPlatform was specified, checking resolver
[DEBUG] 2022-04-02 11:58:28.334 [http-nio-8080-exec-6] JtaPlatformResolverInitiator - No JtaPlatformResolver was specified, using default [org.hibernate.engine.transaction.jta.platform.internal.StandardJtaPlatformResolver]
[DEBUG] 2022-04-02 11:58:28.342 [http-nio-8080-exec-6] StandardJtaPlatformResolver - Could not resolve JtaPlatform, using default [org.hibernate.engine.transaction.jta.platform.internal.NoJtaPlatform]
[INFO ] 2022-04-02 11:58:28.343 [http-nio-8080-exec-6] JtaPlatformInitiator - HHH000490: Using JtaPlatform implementation: [org.hibernate.engine.transaction.jta.platform.internal.NoJtaPlatform]
[DEBUG] 2022-04-02 11:58:28.344 [http-nio-8080-exec-6] NamedQueryRepository - Checking 0 named HQL queries
[DEBUG] 2022-04-02 11:58:28.344 [http-nio-8080-exec-6] NamedQueryRepository - Checking 0 named SQL queries
[DEBUG] 2022-04-02 11:58:28.347 [http-nio-8080-exec-6] SessionFactoryRegistry - Initializing SessionFactoryRegistry : org.hibernate.internal.SessionFactoryRegistry@6187c90c
[DEBUG] 2022-04-02 11:58:28.348 [http-nio-8080-exec-6] SessionFactoryRegistry - Registering SessionFactory: 6c92bbc2-6b59-4f9b-9403-fad62f87e3ba (<unnamed>)
[DEBUG] 2022-04-02 11:58:28.348 [http-nio-8080-exec-6] SessionFactoryRegistry - Not binding SessionFactory to JNDI, no JNDI name configured
[DEBUG] 2022-04-02 11:58:28.412 [http-nio-8080-exec-6] StatisticsInitiator - Statistics initialized [enabled=false]
[DEBUG] 2022-04-02 11:58:28.422 [http-nio-8080-exec-6] TransactionImpl - On TransactionImpl creation, JpaCompliance#isJpaTransactionComplianceEnabled == false
[DEBUG] 2022-04-02 11:58:28.422 [http-nio-8080-exec-6] TransactionImpl - begin
[DEBUG] 2022-04-02 11:58:28.436 [http-nio-8080-exec-6] ActionQueue - Executing identity-insert immediately
[DEBUG] 2022-04-02 11:58:28.440 [http-nio-8080-exec-6] SQL - insert into user (first_name, gross_income, last_name, user_email) values (?, ?, ?, ?)
[DEBUG] 2022-04-02 11:58:28.472 [http-nio-8080-exec-6] SqlExceptionHelper - could not execute statement [n/a]
java.sql.SQLIntegrityConstraintViolationException: Duplicate entry 'test' for key 'user.user_user_email_uindex'
	at com.mysql.cj.jdbc.exceptions.SQLError.createSQLException(SQLError.java:117) ~[mysql-connector-java-8.0.28.jar:8.0.28]
	at com.mysql.cj.jdbc.exceptions.SQLExceptionsMapping.translateException(SQLExceptionsMapping.java:122) ~[mysql-connector-java-8.0.28.jar:8.0.28]
	at com.mysql.cj.jdbc.ClientPreparedStatement.executeInternal(ClientPreparedStatement.java:953) ~[mysql-connector-java-8.0.28.jar:8.0.28]
	at com.mysql.cj.jdbc.ClientPreparedStatement.executeUpdateInternal(ClientPreparedStatement.java:1098) ~[mysql-connector-java-8.0.28.jar:8.0.28]
	at com.mysql.cj.jdbc.ClientPreparedStatement.executeUpdateInternal(ClientPreparedStatement.java:1046) ~[mysql-connector-java-8.0.28.jar:8.0.28]
	at com.mysql.cj.jdbc.ClientPreparedStatement.executeLargeUpdate(ClientPreparedStatement.java:1371) ~[mysql-connector-java-8.0.28.jar:8.0.28]
	at com.mysql.cj.jdbc.ClientPreparedStatement.executeUpdate(ClientPreparedStatement.java:1031) ~[mysql-connector-java-8.0.28.jar:8.0.28]
	at com.mchange.v2.c3p0.impl.NewProxyPreparedStatement.executeUpdate(NewProxyPreparedStatement.java:410) ~[c3p0-0.9.5.3.jar:0.9.5.3]
	at org.hibernate.engine.jdbc.internal.ResultSetReturnImpl.executeUpdate(ResultSetReturnImpl.java:175) [hibernate-core-5.4.4.Final.jar:5.4.4.Final]
	at org.hibernate.dialect.identity.GetGeneratedKeysDelegate.executeAndExtract(GetGeneratedKeysDelegate.java:57) [hibernate-core-5.4.4.Final.jar:5.4.4.Final]
	at org.hibernate.id.insert.AbstractReturningDelegate.performInsert(AbstractReturningDelegate.java:43) [hibernate-core-5.4.4.Final.jar:5.4.4.Final]
	at org.hibernate.persister.entity.AbstractEntityPersister.insert(AbstractEntityPersister.java:3112) [hibernate-core-5.4.4.Final.jar:5.4.4.Final]
	at org.hibernate.persister.entity.AbstractEntityPersister.insert(AbstractEntityPersister.java:3705) [hibernate-core-5.4.4.Final.jar:5.4.4.Final]
	at org.hibernate.action.internal.EntityIdentityInsertAction.execute(EntityIdentityInsertAction.java:84) [hibernate-core-5.4.4.Final.jar:5.4.4.Final]
	at org.hibernate.engine.spi.ActionQueue.execute(ActionQueue.java:645) [hibernate-core-5.4.4.Final.jar:5.4.4.Final]
	at org.hibernate.engine.spi.ActionQueue.addResolvedEntityInsertAction(ActionQueue.java:282) [hibernate-core-5.4.4.Final.jar:5.4.4.Final]
	at org.hibernate.engine.spi.ActionQueue.addInsertAction(ActionQueue.java:263) [hibernate-core-5.4.4.Final.jar:5.4.4.Final]
	at org.hibernate.engine.spi.ActionQueue.addAction(ActionQueue.java:317) [hibernate-core-5.4.4.Final.jar:5.4.4.Final]
	at org.hibernate.event.internal.AbstractSaveEventListener.addInsertAction(AbstractSaveEventListener.java:335) [hibernate-core-5.4.4.Final.jar:5.4.4.Final]
	at org.hibernate.event.internal.AbstractSaveEventListener.performSaveOrReplicate(AbstractSaveEventListener.java:292) [hibernate-core-5.4.4.Final.jar:5.4.4.Final]
	at org.hibernate.event.internal.AbstractSaveEventListener.performSave(AbstractSaveEventListener.java:198) [hibernate-core-5.4.4.Final.jar:5.4.4.Final]
	at org.hibernate.event.internal.AbstractSaveEventListener.saveWithGeneratedId(AbstractSaveEventListener.java:128) [hibernate-core-5.4.4.Final.jar:5.4.4.Final]
	at org.hibernate.event.internal.DefaultSaveOrUpdateEventListener.saveWithGeneratedOrRequestedId(DefaultSaveOrUpdateEventListener.java:193) [hibernate-core-5.4.4.Final.jar:5.4.4.Final]
	at org.hibernate.event.internal.DefaultSaveEventListener.saveWithGeneratedOrRequestedId(DefaultSaveEventListener.java:38) [hibernate-core-5.4.4.Final.jar:5.4.4.Final]
	at org.hibernate.event.internal.DefaultSaveOrUpdateEventListener.entityIsTransient(DefaultSaveOrUpdateEventListener.java:178) [hibernate-core-5.4.4.Final.jar:5.4.4.Final]
	at org.hibernate.event.internal.DefaultSaveEventListener.performSaveOrUpdate(DefaultSaveEventListener.java:32) [hibernate-core-5.4.4.Final.jar:5.4.4.Final]
	at org.hibernate.event.internal.DefaultSaveOrUpdateEventListener.onSaveOrUpdate(DefaultSaveOrUpdateEventListener.java:75) [hibernate-core-5.4.4.Final.jar:5.4.4.Final]
	at org.hibernate.internal.SessionImpl.fireSave(SessionImpl.java:697) [hibernate-core-5.4.4.Final.jar:5.4.4.Final]
	at org.hibernate.internal.SessionImpl.save(SessionImpl.java:689) [hibernate-core-5.4.4.Final.jar:5.4.4.Final]
	at org.hibernate.internal.SessionImpl.save(SessionImpl.java:684) [hibernate-core-5.4.4.Final.jar:5.4.4.Final]
	at com.palmerlarson.persistence.UserDao.insert(UserDao.java:76) [classes/:?]
	at com.palmerlarson.controller.InfoPage.addToDatabase(InfoPage.java:51) [classes/:?]
	at com.palmerlarson.controller.InfoPage.doPost(InfoPage.java:40) [classes/:?]
	at javax.servlet.http.HttpServlet.service(HttpServlet.java:681) [servlet-api.jar:?]
	at javax.servlet.http.HttpServlet.service(HttpServlet.java:764) [servlet-api.jar:?]
	at org.apache.catalina.core.ApplicationFilterChain.internalDoFilter(ApplicationFilterChain.java:231) [catalina.jar:8.5.73]
	at org.apache.catalina.core.ApplicationFilterChain.doFilter(ApplicationFilterChain.java:166) [catalina.jar:8.5.73]
	at org.apache.tomcat.websocket.server.WsFilter.doFilter(WsFilter.java:52) [tomcat-websocket.jar:8.5.73]
	at org.apache.catalina.core.ApplicationFilterChain.internalDoFilter(ApplicationFilterChain.java:193) [catalina.jar:8.5.73]
	at org.apache.catalina.core.ApplicationFilterChain.doFilter(ApplicationFilterChain.java:166) [catalina.jar:8.5.73]
	at org.apache.catalina.core.StandardWrapperValve.invoke(StandardWrapperValve.java:196) [catalina.jar:8.5.73]
	at org.apache.catalina.core.StandardContextValve.invoke(StandardContextValve.java:97) [catalina.jar:8.5.73]
	at org.apache.catalina.authenticator.AuthenticatorBase.invoke(AuthenticatorBase.java:542) [catalina.jar:8.5.73]
	at org.apache.catalina.core.StandardHostValve.invoke(StandardHostValve.java:135) [catalina.jar:8.5.73]
	at org.apache.catalina.valves.ErrorReportValve.invoke(ErrorReportValve.java:81) [catalina.jar:8.5.73]
	at org.apache.catalina.valves.AbstractAccessLogValve.invoke(AbstractAccessLogValve.java:698) [catalina.jar:8.5.73]
	at org.apache.catalina.core.StandardEngineValve.invoke(StandardEngineValve.java:78) [catalina.jar:8.5.73]
	at org.apache.catalina.connector.CoyoteAdapter.service(CoyoteAdapter.java:364) [catalina.jar:8.5.73]
	at org.apache.coyote.http11.Http11Processor.service(Http11Processor.java:624) [tomcat-coyote.jar:8.5.73]
	at org.apache.coyote.AbstractProcessorLight.process(AbstractProcessorLight.java:65) [tomcat-coyote.jar:8.5.73]
	at org.apache.coyote.AbstractProtocol$ConnectionHandler.process(AbstractProtocol.java:831) [tomcat-coyote.jar:8.5.73]
	at org.apache.tomcat.util.net.NioEndpoint$SocketProcessor.doRun(NioEndpoint.java:1673) [tomcat-coyote.jar:8.5.73]
	at org.apache.tomcat.util.net.SocketProcessorBase.run(SocketProcessorBase.java:49) [tomcat-coyote.jar:8.5.73]
	at org.apache.tomcat.util.threads.ThreadPoolExecutor.runWorker(ThreadPoolExecutor.java:1191) [tomcat-util.jar:8.5.73]
	at org.apache.tomcat.util.threads.ThreadPoolExecutor$Worker.run(ThreadPoolExecutor.java:659) [tomcat-util.jar:8.5.73]
	at org.apache.tomcat.util.threads.TaskThread$WrappingRunnable.run(TaskThread.java:61) [tomcat-util.jar:8.5.73]
	at java.lang.Thread.run(Thread.java:834) [?:?]
[WARN ] 2022-04-02 11:58:28.481 [http-nio-8080-exec-6] SqlExceptionHelper - SQL Error: 1062, SQLState: 23000
[ERROR] 2022-04-02 11:58:28.481 [http-nio-8080-exec-6] SqlExceptionHelper - Duplicate entry 'test' for key 'user.user_user_email_uindex'
